2013-12-16 16:31:54,554 [6] INFO  CalcmenuAPI.Global_asax - CalcmenuAPI was started
2013-12-16 16:46:15,593 [34] INFO  CalcmenuAPI.Global_asax - CalcmenuAPI was started
2013-12-16 16:48:53,450 [16] INFO  CalcmenuAPI.Global_asax - CalcmenuAPI was started
2013-12-16 16:49:08,303 [17] ERROR CalcmenuAPI.Global_asax - File does not exist.
2013-12-16 16:49:08,305 [17] ERROR CalcmenuAPI.Global_asax -    at System.Web.StaticFileHandler.GetFileInfo(String virtualPathWithPathInfo, String physicalPath, HttpResponse response)
   at System.Web.StaticFileHandler.ProcessRequestInternal(HttpContext context, String overrideVirtualPath)
   at System.Web.DefaultHttpHandler.BeginProcessRequest(HttpContext context, AsyncCallback callback, Object state)
   at System.Web.HttpApplication.CallHandlerExecutionStep.System.Web.HttpApplication.IExecutionStep.Execute()
   at System.Web.HttpApplication.ExecuteStep(IExecutionStep step, Boolean& completedSynchronously)
2013-12-16 18:28:38,276 [4] INFO  CalcmenuAPI.Global_asax - CalcmenuAPI was started
2013-12-16 18:31:43,025 [14] INFO  CalcmenuAPI.Global_asax - CalcmenuAPI was started
2013-12-16 18:35:17,040 [10] ERROR CalcmenuAPI.Global_asax - File does not exist.
2013-12-16 18:35:17,042 [10] ERROR CalcmenuAPI.Global_asax -    at System.Web.StaticFileHandler.GetFileInfo(String virtualPathWithPathInfo, String physicalPath, HttpResponse response)
   at System.Web.StaticFileHandler.ProcessRequestInternal(HttpContext context, String overrideVirtualPath)
   at System.Web.DefaultHttpHandler.BeginProcessRequest(HttpContext context, AsyncCallback callback, Object state)
   at System.Web.HttpApplication.CallHandlerExecutionStep.System.Web.HttpApplication.IExecutionStep.Execute()
   at System.Web.HttpApplication.ExecuteStep(IExecutionStep step, Boolean& completedSynchronously)
2013-12-16 18:50:46,425 [54] INFO  CalcmenuAPI.Global_asax - CalcmenuAPI was started
2013-12-16 18:56:22,490 [10] INFO  CalcmenuAPI.Global_asax - CalcmenuAPI was started
2013-12-16 18:56:52,823 [10] INFO  CalcmenuAPI.Global_asax - CalcmenuAPI was started
2013-12-16 18:57:15,514 [10] INFO  CalcmenuAPI.Global_asax - CalcmenuAPI was started
2013-12-16 18:57:59,729 [7] INFO  CalcmenuAPI.Global_asax - CalcmenuAPI was started
2013-12-16 18:59:32,822 [32] INFO  CalcmenuAPI.Global_asax - CalcmenuAPI was started
2013-12-16 19:00:42,533 [44] INFO  CalcmenuAPI.Global_asax - CalcmenuAPI was started
2013-12-16 19:02:09,702 [44] INFO  CalcmenuAPI.Global_asax - CalcmenuAPI was started
2013-12-16 19:02:27,584 [44] INFO  CalcmenuAPI.Global_asax - CalcmenuAPI was started
2013-12-16 19:03:55,427 [44] INFO  CalcmenuAPI.Global_asax - CalcmenuAPI was started
2013-12-16 19:05:26,133 [10] INFO  CalcmenuAPI.Global_asax - CalcmenuAPI was started
2013-12-16 19:10:55,482 [32] ERROR CalcmenuAPI.Global_asax - File does not exist.
2013-12-16 19:10:55,483 [32] ERROR CalcmenuAPI.Global_asax -    at System.Web.StaticFileHandler.GetFileInfo(String virtualPathWithPathInfo, String physicalPath, HttpResponse response)
   at System.Web.StaticFileHandler.ProcessRequestInternal(HttpContext context, String overrideVirtualPath)
   at System.Web.DefaultHttpHandler.BeginProcessRequest(HttpContext context, AsyncCallback callback, Object state)
   at System.Web.HttpApplication.CallHandlerExecutionStep.System.Web.HttpApplication.IExecutionStep.Execute()
   at System.Web.HttpApplication.ExecuteStep(IExecutionStep step, Boolean& completedSynchronously)
2013-12-16 19:14:09,991 [42] INFO  CalcmenuAPI.Global_asax - CalcmenuAPI was started
2013-12-16 19:18:47,759 [44] INFO  CalcmenuAPI.Global_asax - CalcmenuAPI was started
