2014-11-13 17:13:14,827 [5] INFO  CalcmenuAPI.Global_asax - CalcmenuAPI was started
2014-11-13 17:13:14,952 [5] ERROR CalcmenuAPI.Global_asax - File does not exist.
2014-11-13 17:13:14,967 [5] ERROR CalcmenuAPI.Global_asax -    at System.Web.StaticFileHandler.GetFileInfo(String virtualPathWithPathInfo, String physicalPath, HttpResponse response)
   at System.Web.StaticFileHandler.ProcessRequestInternal(HttpContext context, String overrideVirtualPath)
   at System.Web.DefaultHttpHandler.BeginProcessRequest(HttpContext context, AsyncCallback callback, Object state)
   at System.Web.HttpApplication.CallHandlerExecutionStep.System.Web.HttpApplication.IExecutionStep.Execute()
   at System.Web.HttpApplication.ExecuteStep(IExecutionStep step, Boolean& completedSynchronously)
2014-11-13 17:13:15,089 [8] ERROR CalcmenuAPI.Global_asax - File does not exist.
2014-11-13 17:13:15,089 [8] ERROR CalcmenuAPI.Global_asax -    at System.Web.StaticFileHandler.GetFileInfo(String virtualPathWithPathInfo, String physicalPath, HttpResponse response)
   at System.Web.StaticFileHandler.ProcessRequestInternal(HttpContext context, String overrideVirtualPath)
   at System.Web.DefaultHttpHandler.BeginProcessRequest(HttpContext context, AsyncCallback callback, Object state)
   at System.Web.HttpApplication.CallHandlerExecutionStep.System.Web.HttpApplication.IExecutionStep.Execute()
   at System.Web.HttpApplication.ExecuteStep(IExecutionStep step, Boolean& completedSynchronously)
2014-11-13 17:18:22,266 [18] ERROR CalcmenuAPI.Global_asax - A potentially dangerous Request.Path value was detected from the client (&).
2014-11-13 17:18:22,268 [18] ERROR CalcmenuAPI.Global_asax -    at System.Web.HttpRequest.ValidateInputIfRequiredByConfig()
   at System.Web.HttpApplication.ValidateRequestExecutionStep.System.Web.HttpApplication.IExecutionStep.Execute()
   at System.Web.HttpApplication.ExecuteStep(IExecutionStep step, Boolean& completedSynchronously)
2014-11-13 17:18:31,332 [20] ERROR CalcmenuAPI.Global_asax - A potentially dangerous Request.Path value was detected from the client (&).
2014-11-13 17:18:31,332 [20] ERROR CalcmenuAPI.Global_asax -    at System.Web.HttpRequest.ValidateInputIfRequiredByConfig()
   at System.Web.HttpApplication.ValidateRequestExecutionStep.System.Web.HttpApplication.IExecutionStep.Execute()
   at System.Web.HttpApplication.ExecuteStep(IExecutionStep step, Boolean& completedSynchronously)
2014-11-13 17:19:50,047 [21] INFO  CalcmenuAPI.Global_asax - CalcmenuAPI was started
2014-11-13 17:19:50,081 [21] ERROR CalcmenuAPI.Global_asax - File does not exist.
2014-11-13 17:19:50,083 [21] ERROR CalcmenuAPI.Global_asax -    at System.Web.StaticFileHandler.GetFileInfo(String virtualPathWithPathInfo, String physicalPath, HttpResponse response)
   at System.Web.StaticFileHandler.ProcessRequestInternal(HttpContext context, String overrideVirtualPath)
   at System.Web.DefaultHttpHandler.BeginProcessRequest(HttpContext context, AsyncCallback callback, Object state)
   at System.Web.HttpApplication.CallHandlerExecutionStep.System.Web.HttpApplication.IExecutionStep.Execute()
   at System.Web.HttpApplication.ExecuteStep(IExecutionStep step, Boolean& completedSynchronously)
2014-11-13 17:27:25,416 [19] INFO  CalcmenuAPI.Global_asax - CalcmenuAPI was started
2014-11-13 17:27:25,458 [19] ERROR CalcmenuAPI.Global_asax - File does not exist.
2014-11-13 17:27:25,460 [19] ERROR CalcmenuAPI.Global_asax -    at System.Web.StaticFileHandler.GetFileInfo(String virtualPathWithPathInfo, String physicalPath, HttpResponse response)
   at System.Web.StaticFileHandler.ProcessRequestInternal(HttpContext context, String overrideVirtualPath)
   at System.Web.DefaultHttpHandler.BeginProcessRequest(HttpContext context, AsyncCallback callback, Object state)
   at System.Web.HttpApplication.CallHandlerExecutionStep.System.Web.HttpApplication.IExecutionStep.Execute()
   at System.Web.HttpApplication.ExecuteStep(IExecutionStep step, Boolean& completedSynchronously)
2014-11-13 17:28:05,364 [19] INFO  CalcmenuAPI.Global_asax - CalcmenuAPI was started
2014-11-13 17:28:05,415 [19] ERROR CalcmenuAPI.Global_asax - File does not exist.
2014-11-13 17:28:05,418 [19] ERROR CalcmenuAPI.Global_asax -    at System.Web.StaticFileHandler.GetFileInfo(String virtualPathWithPathInfo, String physicalPath, HttpResponse response)
   at System.Web.StaticFileHandler.ProcessRequestInternal(HttpContext context, String overrideVirtualPath)
   at System.Web.DefaultHttpHandler.BeginProcessRequest(HttpContext context, AsyncCallback callback, Object state)
   at System.Web.HttpApplication.CallHandlerExecutionStep.System.Web.HttpApplication.IExecutionStep.Execute()
   at System.Web.HttpApplication.ExecuteStep(IExecutionStep step, Boolean& completedSynchronously)
2014-11-13 17:29:17,727 [25] INFO  CalcmenuAPI.Global_asax - CalcmenuAPI was started
2014-11-13 17:29:17,757 [25] ERROR CalcmenuAPI.Global_asax - File does not exist.
2014-11-13 17:29:17,767 [25] ERROR CalcmenuAPI.Global_asax -    at System.Web.StaticFileHandler.GetFileInfo(String virtualPathWithPathInfo, String physicalPath, HttpResponse response)
   at System.Web.StaticFileHandler.ProcessRequestInternal(HttpContext context, String overrideVirtualPath)
   at System.Web.DefaultHttpHandler.BeginProcessRequest(HttpContext context, AsyncCallback callback, Object state)
   at System.Web.HttpApplication.CallHandlerExecutionStep.System.Web.HttpApplication.IExecutionStep.Execute()
   at System.Web.HttpApplication.ExecuteStep(IExecutionStep step, Boolean& completedSynchronously)
2014-11-13 17:29:31,009 [25] INFO  CalcmenuAPI.Global_asax - CalcmenuAPI was started
2014-11-13 17:29:31,042 [25] ERROR CalcmenuAPI.Global_asax - File does not exist.
2014-11-13 17:29:31,044 [25] ERROR CalcmenuAPI.Global_asax -    at System.Web.StaticFileHandler.GetFileInfo(String virtualPathWithPathInfo, String physicalPath, HttpResponse response)
   at System.Web.StaticFileHandler.ProcessRequestInternal(HttpContext context, String overrideVirtualPath)
   at System.Web.DefaultHttpHandler.BeginProcessRequest(HttpContext context, AsyncCallback callback, Object state)
   at System.Web.HttpApplication.CallHandlerExecutionStep.System.Web.HttpApplication.IExecutionStep.Execute()
   at System.Web.HttpApplication.ExecuteStep(IExecutionStep step, Boolean& completedSynchronously)
2014-11-13 17:29:33,647 [17] ERROR CalcmenuAPI.Global_asax - File does not exist.
2014-11-13 17:29:33,647 [17] ERROR CalcmenuAPI.Global_asax -    at System.Web.StaticFileHandler.GetFileInfo(String virtualPathWithPathInfo, String physicalPath, HttpResponse response)
   at System.Web.StaticFileHandler.ProcessRequestInternal(HttpContext context, String overrideVirtualPath)
   at System.Web.DefaultHttpHandler.BeginProcessRequest(HttpContext context, AsyncCallback callback, Object state)
   at System.Web.HttpApplication.CallHandlerExecutionStep.System.Web.HttpApplication.IExecutionStep.Execute()
   at System.Web.HttpApplication.ExecuteStep(IExecutionStep step, Boolean& completedSynchronously)
2014-11-13 17:30:25,090 [25] INFO  CalcmenuAPI.Global_asax - CalcmenuAPI was started
2014-11-13 17:30:25,131 [25] ERROR CalcmenuAPI.Global_asax - File does not exist.
2014-11-13 17:30:25,131 [17] ERROR CalcmenuAPI.Global_asax - File does not exist.
2014-11-13 17:30:25,135 [17] ERROR CalcmenuAPI.Global_asax -    at System.Web.StaticFileHandler.GetFileInfo(String virtualPathWithPathInfo, String physicalPath, HttpResponse response)
   at System.Web.StaticFileHandler.ProcessRequestInternal(HttpContext context, String overrideVirtualPath)
   at System.Web.DefaultHttpHandler.BeginProcessRequest(HttpContext context, AsyncCallback callback, Object state)
   at System.Web.HttpApplication.CallHandlerExecutionStep.System.Web.HttpApplication.IExecutionStep.Execute()
   at System.Web.HttpApplication.ExecuteStep(IExecutionStep step, Boolean& completedSynchronously)
2014-11-13 17:30:25,133 [25] ERROR CalcmenuAPI.Global_asax -    at System.Web.StaticFileHandler.GetFileInfo(String virtualPathWithPathInfo, String physicalPath, HttpResponse response)
   at System.Web.StaticFileHandler.ProcessRequestInternal(HttpContext context, String overrideVirtualPath)
   at System.Web.DefaultHttpHandler.BeginProcessRequest(HttpContext context, AsyncCallback callback, Object state)
   at System.Web.HttpApplication.CallHandlerExecutionStep.System.Web.HttpApplication.IExecutionStep.Execute()
   at System.Web.HttpApplication.ExecuteStep(IExecutionStep step, Boolean& completedSynchronously)
2014-11-13 17:31:10,035 [19] INFO  CalcmenuAPI.Global_asax - CalcmenuAPI was started
2014-11-13 17:31:10,082 [25] ERROR CalcmenuAPI.Global_asax - File does not exist.
2014-11-13 17:31:10,085 [25] ERROR CalcmenuAPI.Global_asax -    at System.Web.StaticFileHandler.GetFileInfo(String virtualPathWithPathInfo, String physicalPath, HttpResponse response)
   at System.Web.StaticFileHandler.ProcessRequestInternal(HttpContext context, String overrideVirtualPath)
   at System.Web.DefaultHttpHandler.BeginProcessRequest(HttpContext context, AsyncCallback callback, Object state)
   at System.Web.HttpApplication.CallHandlerExecutionStep.System.Web.HttpApplication.IExecutionStep.Execute()
   at System.Web.HttpApplication.ExecuteStep(IExecutionStep step, Boolean& completedSynchronously)
2014-11-13 17:32:12,584 [17] INFO  CalcmenuAPI.Global_asax - CalcmenuAPI was started
2014-11-13 17:32:12,618 [17] ERROR CalcmenuAPI.Global_asax - File does not exist.
2014-11-13 17:32:12,621 [17] ERROR CalcmenuAPI.Global_asax -    at System.Web.StaticFileHandler.GetFileInfo(String virtualPathWithPathInfo, String physicalPath, HttpResponse response)
   at System.Web.StaticFileHandler.ProcessRequestInternal(HttpContext context, String overrideVirtualPath)
   at System.Web.DefaultHttpHandler.BeginProcessRequest(HttpContext context, AsyncCallback callback, Object state)
   at System.Web.HttpApplication.CallHandlerExecutionStep.System.Web.HttpApplication.IExecutionStep.Execute()
   at System.Web.HttpApplication.ExecuteStep(IExecutionStep step, Boolean& completedSynchronously)
2014-11-13 17:32:14,493 [23] ERROR CalcmenuAPI.Global_asax - File does not exist.
2014-11-13 17:32:14,495 [23] ERROR CalcmenuAPI.Global_asax -    at System.Web.StaticFileHandler.GetFileInfo(String virtualPathWithPathInfo, String physicalPath, HttpResponse response)
   at System.Web.StaticFileHandler.ProcessRequestInternal(HttpContext context, String overrideVirtualPath)
   at System.Web.DefaultHttpHandler.BeginProcessRequest(HttpContext context, AsyncCallback callback, Object state)
   at System.Web.HttpApplication.CallHandlerExecutionStep.System.Web.HttpApplication.IExecutionStep.Execute()
   at System.Web.HttpApplication.ExecuteStep(IExecutionStep step, Boolean& completedSynchronously)
2014-11-13 17:32:33,556 [17] INFO  CalcmenuAPI.Global_asax - CalcmenuAPI was started
2014-11-13 17:32:33,595 [17] ERROR CalcmenuAPI.Global_asax - File does not exist.
2014-11-13 17:32:33,598 [17] ERROR CalcmenuAPI.Global_asax -    at System.Web.StaticFileHandler.GetFileInfo(String virtualPathWithPathInfo, String physicalPath, HttpResponse response)
   at System.Web.StaticFileHandler.ProcessRequestInternal(HttpContext context, String overrideVirtualPath)
   at System.Web.DefaultHttpHandler.BeginProcessRequest(HttpContext context, AsyncCallback callback, Object state)
   at System.Web.HttpApplication.CallHandlerExecutionStep.System.Web.HttpApplication.IExecutionStep.Execute()
   at System.Web.HttpApplication.ExecuteStep(IExecutionStep step, Boolean& completedSynchronously)
2014-11-13 17:32:34,850 [23] ERROR CalcmenuAPI.Global_asax - File does not exist.
2014-11-13 17:32:34,850 [23] ERROR CalcmenuAPI.Global_asax -    at System.Web.StaticFileHandler.GetFileInfo(String virtualPathWithPathInfo, String physicalPath, HttpResponse response)
   at System.Web.StaticFileHandler.ProcessRequestInternal(HttpContext context, String overrideVirtualPath)
   at System.Web.DefaultHttpHandler.BeginProcessRequest(HttpContext context, AsyncCallback callback, Object state)
   at System.Web.HttpApplication.CallHandlerExecutionStep.System.Web.HttpApplication.IExecutionStep.Execute()
   at System.Web.HttpApplication.ExecuteStep(IExecutionStep step, Boolean& completedSynchronously)
2014-11-13 17:32:37,387 [19] ERROR CalcmenuAPI.Global_asax - File does not exist.
2014-11-13 17:32:37,387 [19] ERROR CalcmenuAPI.Global_asax -    at System.Web.StaticFileHandler.GetFileInfo(String virtualPathWithPathInfo, String physicalPath, HttpResponse response)
   at System.Web.StaticFileHandler.ProcessRequestInternal(HttpContext context, String overrideVirtualPath)
   at System.Web.DefaultHttpHandler.BeginProcessRequest(HttpContext context, AsyncCallback callback, Object state)
   at System.Web.HttpApplication.CallHandlerExecutionStep.System.Web.HttpApplication.IExecutionStep.Execute()
   at System.Web.HttpApplication.ExecuteStep(IExecutionStep step, Boolean& completedSynchronously)
2014-11-13 17:32:53,749 [20] ERROR CalcmenuAPI.Global_asax - File does not exist.
2014-11-13 17:32:53,749 [20] ERROR CalcmenuAPI.Global_asax -    at System.Web.StaticFileHandler.GetFileInfo(String virtualPathWithPathInfo, String physicalPath, HttpResponse response)
   at System.Web.StaticFileHandler.ProcessRequestInternal(HttpContext context, String overrideVirtualPath)
   at System.Web.DefaultHttpHandler.BeginProcessRequest(HttpContext context, AsyncCallback callback, Object state)
   at System.Web.HttpApplication.CallHandlerExecutionStep.System.Web.HttpApplication.IExecutionStep.Execute()
   at System.Web.HttpApplication.ExecuteStep(IExecutionStep step, Boolean& completedSynchronously)
2014-11-13 17:32:55,560 [5] ERROR CalcmenuAPI.Global_asax - File does not exist.
2014-11-13 17:32:55,560 [5] ERROR CalcmenuAPI.Global_asax -    at System.Web.StaticFileHandler.GetFileInfo(String virtualPathWithPathInfo, String physicalPath, HttpResponse response)
   at System.Web.StaticFileHandler.ProcessRequestInternal(HttpContext context, String overrideVirtualPath)
   at System.Web.DefaultHttpHandler.BeginProcessRequest(HttpContext context, AsyncCallback callback, Object state)
   at System.Web.HttpApplication.CallHandlerExecutionStep.System.Web.HttpApplication.IExecutionStep.Execute()
   at System.Web.HttpApplication.ExecuteStep(IExecutionStep step, Boolean& completedSynchronously)
2014-11-13 17:33:04,876 [23] ERROR CalcmenuAPI.Global_asax - A potentially dangerous Request.Path value was detected from the client (&).
2014-11-13 17:33:04,879 [23] ERROR CalcmenuAPI.Global_asax -    at System.Web.HttpRequest.ValidateInputIfRequiredByConfig()
   at System.Web.HttpApplication.ValidateRequestExecutionStep.System.Web.HttpApplication.IExecutionStep.Execute()
   at System.Web.HttpApplication.ExecuteStep(IExecutionStep step, Boolean& completedSynchronously)
2014-11-13 17:33:25,287 [19] ERROR CalcmenuAPI.Global_asax - File does not exist.
2014-11-13 17:33:25,289 [19] ERROR CalcmenuAPI.Global_asax -    at System.Web.StaticFileHandler.GetFileInfo(String virtualPathWithPathInfo, String physicalPath, HttpResponse response)
   at System.Web.StaticFileHandler.ProcessRequestInternal(HttpContext context, String overrideVirtualPath)
   at System.Web.DefaultHttpHandler.BeginProcessRequest(HttpContext context, AsyncCallback callback, Object state)
   at System.Web.HttpApplication.CallHandlerExecutionStep.System.Web.HttpApplication.IExecutionStep.Execute()
   at System.Web.HttpApplication.ExecuteStep(IExecutionStep step, Boolean& completedSynchronously)
2014-11-13 17:41:55,589 [6] INFO  CalcmenuAPI.Global_asax - CalcmenuAPI was started
2014-11-13 17:41:55,633 [6] ERROR CalcmenuAPI.Global_asax - File does not exist.
2014-11-13 17:41:55,636 [6] ERROR CalcmenuAPI.Global_asax -    at System.Web.StaticFileHandler.GetFileInfo(String virtualPathWithPathInfo, String physicalPath, HttpResponse response)
   at System.Web.StaticFileHandler.ProcessRequestInternal(HttpContext context, String overrideVirtualPath)
   at System.Web.DefaultHttpHandler.BeginProcessRequest(HttpContext context, AsyncCallback callback, Object state)
   at System.Web.HttpApplication.CallHandlerExecutionStep.System.Web.HttpApplication.IExecutionStep.Execute()
   at System.Web.HttpApplication.ExecuteStep(IExecutionStep step, Boolean& completedSynchronously)
2014-11-13 17:42:26,704 [11] ERROR CalcmenuAPI.Global_asax - Illegal characters in path.
2014-11-13 17:42:26,718 [11] ERROR CalcmenuAPI.Global_asax -    at System.IO.Path.CheckInvalidPathChars(String path, Boolean checkAdditional)
   at System.IO.Path.Combine(String path1, String path2)
   at System.Web.Configuration.UserMapPath.GetPhysicalPathForPath(String path, VirtualDirectoryMapping mapping)
   at System.Web.Configuration.UserMapPath.GetPathConfigFilename(String siteID, VirtualPath path, String& directory, String& baseName)
   at System.Web.Configuration.UserMapPath.MapPath(String siteID, String path)
   at System.Web.Hosting.HostingEnvironment.MapPathActual(VirtualPath virtualPath, Boolean permitNull)
   at System.Web.Hosting.HostingEnvironment.MapPathInternal(VirtualPath virtualPath, Boolean permitNull)
   at System.Web.CachedPathData.GetPhysicalPath(VirtualPath virtualPath)
   at System.Web.CachedPathData.GetConfigPathData(String configPath)
   at System.Web.CachedPathData.GetVirtualPathData(VirtualPath virtualPath, Boolean permitPathsOutsideApp)
   at System.Web.HttpContext.GetFilePathData()
   at System.Web.HttpContext.GetConfigurationPathData()
   at System.Web.Configuration.RuntimeConfig.GetConfig(HttpContext context)
   at System.Web.HttpContext.get_ImpersonationToken()
   at System.Web.ClientImpersonationContext.Start(HttpContext context, Boolean throwOnError)
   at System.Web.ThreadContext.SetImpersonationContext()
   at System.Web.ThreadContext.AssociateWithCurrentThread(Boolean setImpersonationContext)
   at System.Web.HttpApplication.OnThreadEnterPrivate(Boolean setImpersonationContext)
   at System.Web.HttpApplication.ApplicationStepManager.ResumeSteps(Exception error)
2014-11-13 17:45:36,060 [22] INFO  CalcmenuAPI.Global_asax - CalcmenuAPI was started
2014-11-13 17:45:36,096 [22] ERROR CalcmenuAPI.Global_asax - File does not exist.
2014-11-13 17:45:36,099 [22] ERROR CalcmenuAPI.Global_asax -    at System.Web.StaticFileHandler.GetFileInfo(String virtualPathWithPathInfo, String physicalPath, HttpResponse response)
   at System.Web.StaticFileHandler.ProcessRequestInternal(HttpContext context, String overrideVirtualPath)
   at System.Web.DefaultHttpHandler.BeginProcessRequest(HttpContext context, AsyncCallback callback, Object state)
   at System.Web.HttpApplication.CallHandlerExecutionStep.System.Web.HttpApplication.IExecutionStep.Execute()
   at System.Web.HttpApplication.ExecuteStep(IExecutionStep step, Boolean& completedSynchronously)
