2014-07-09 13:43:19,585 [5] INFO  CalcmenuAPI.Global_asax - CalcmenuAPI was started
2014-07-09 13:43:19,654 [5] ERROR CalcmenuAPI.Global_asax - File does not exist.
2014-07-09 13:43:19,656 [5] ERROR CalcmenuAPI.Global_asax -    at System.Web.StaticFileHandler.GetFileInfo(String virtualPathWithPathInfo, String physicalPath, HttpResponse response)
   at System.Web.StaticFileHandler.ProcessRequestInternal(HttpContext context, String overrideVirtualPath)
   at System.Web.DefaultHttpHandler.BeginProcessRequest(HttpContext context, AsyncCallback callback, Object state)
   at System.Web.HttpApplication.CallHandlerExecutionStep.System.Web.HttpApplication.IExecutionStep.Execute()
   at System.Web.HttpApplication.ExecuteStep(IExecutionStep step, Boolean& completedSynchronously)
2014-07-09 13:43:19,724 [6] ERROR CalcmenuAPI.Global_asax - File does not exist.
2014-07-09 13:43:19,725 [6] ERROR CalcmenuAPI.Global_asax -    at System.Web.StaticFileHandler.GetFileInfo(String virtualPathWithPathInfo, String physicalPath, HttpResponse response)
   at System.Web.StaticFileHandler.ProcessRequestInternal(HttpContext context, String overrideVirtualPath)
   at System.Web.DefaultHttpHandler.BeginProcessRequest(HttpContext context, AsyncCallback callback, Object state)
   at System.Web.HttpApplication.CallHandlerExecutionStep.System.Web.HttpApplication.IExecutionStep.Execute()
   at System.Web.HttpApplication.ExecuteStep(IExecutionStep step, Boolean& completedSynchronously)
2014-07-09 13:43:35,324 [15] ERROR CalcmenuAPI.Global_asax - File does not exist.
2014-07-09 13:43:35,326 [15] ERROR CalcmenuAPI.Global_asax -    at System.Web.StaticFileHandler.GetFileInfo(String virtualPathWithPathInfo, String physicalPath, HttpResponse response)
   at System.Web.StaticFileHandler.ProcessRequestInternal(HttpContext context, String overrideVirtualPath)
   at System.Web.DefaultHttpHandler.BeginProcessRequest(HttpContext context, AsyncCallback callback, Object state)
   at System.Web.HttpApplication.CallHandlerExecutionStep.System.Web.HttpApplication.IExecutionStep.Execute()
   at System.Web.HttpApplication.ExecuteStep(IExecutionStep step, Boolean& completedSynchronously)
2014-07-09 14:37:09,111 [16] ERROR CalcmenuAPI.CalcmenuAPI.RecipeController - GetRecipe: Unexpected error occured
System.IndexOutOfRangeException: Added
   at System.Data.ProviderBase.FieldNameLookup.GetOrdinal(String fieldName)
   at System.Data.SqlClient.SqlDataReader.GetOrdinal(String name)
   at System.Data.SqlClient.SqlDataReader.get_Item(String name)
   at CalcmenuAPI.CalcmenuAPI.RecipeController.GetRecipe(Int32 codeliste, Int32 codesite, Int32 codetrans, Int32 codesetprice, Int32 codenutrientset) in D:\Data\Projects\ASPNET\MVC\CalcmenuAPI\Controllers\RecipeController.vb:line 411
2014-07-09 14:49:01,465 [11] INFO  CalcmenuAPI.Global_asax - CalcmenuAPI was started
