2014-07-30 17:10:14,662 [4] INFO  CalcmenuAPI.Global_asax - CalcmenuAPI was started
2014-07-30 17:10:14,766 [4] ERROR CalcmenuAPI.Global_asax - File does not exist.
2014-07-30 17:10:14,768 [4] ERROR CalcmenuAPI.Global_asax -    at System.Web.StaticFileHandler.GetFileInfo(String virtualPathWithPathInfo, String physicalPath, HttpResponse response)
   at System.Web.StaticFileHandler.ProcessRequestInternal(HttpContext context, String overrideVirtualPath)
   at System.Web.DefaultHttpHandler.BeginProcessRequest(HttpContext context, AsyncCallback callback, Object state)
   at System.Web.HttpApplication.CallHandlerExecutionStep.System.Web.HttpApplication.IExecutionStep.Execute()
   at System.Web.HttpApplication.ExecuteStep(IExecutionStep step, Boolean& completedSynchronously)
2014-07-30 17:10:14,833 [6] ERROR CalcmenuAPI.Global_asax - File does not exist.
2014-07-30 17:10:14,836 [6] ERROR CalcmenuAPI.Global_asax -    at System.Web.StaticFileHandler.GetFileInfo(String virtualPathWithPathInfo, String physicalPath, HttpResponse response)
   at System.Web.StaticFileHandler.ProcessRequestInternal(HttpContext context, String overrideVirtualPath)
   at System.Web.DefaultHttpHandler.BeginProcessRequest(HttpContext context, AsyncCallback callback, Object state)
   at System.Web.HttpApplication.CallHandlerExecutionStep.System.Web.HttpApplication.IExecutionStep.Execute()
   at System.Web.HttpApplication.ExecuteStep(IExecutionStep step, Boolean& completedSynchronously)
2014-07-30 17:10:24,204 [15] ERROR CalcmenuAPI.Global_asax - File does not exist.
2014-07-30 17:10:24,206 [15] ERROR CalcmenuAPI.Global_asax -    at System.Web.StaticFileHandler.GetFileInfo(String virtualPathWithPathInfo, String physicalPath, HttpResponse response)
   at System.Web.StaticFileHandler.ProcessRequestInternal(HttpContext context, String overrideVirtualPath)
   at System.Web.DefaultHttpHandler.BeginProcessRequest(HttpContext context, AsyncCallback callback, Object state)
   at System.Web.HttpApplication.CallHandlerExecutionStep.System.Web.HttpApplication.IExecutionStep.Execute()
   at System.Web.HttpApplication.ExecuteStep(IExecutionStep step, Boolean& completedSynchronously)
2014-07-30 17:12:51,940 [6] ERROR CalcmenuAPI.CalcmenuAPI.AllergenController - GetIngredientAllergen: Unexpected error occured
System.Data.SqlClient.SqlException (0x80131904): Procedure or function 'API_GET_ListeAllergen' expects parameter '@CodeSite', which was not supplied.
   at System.Data.SqlClient.SqlConnection.OnError(SqlException exception, Boolean breakConnection, Action`1 wrapCloseInAction)
   at System.Data.SqlClient.SqlInternalConnection.OnError(SqlException exception, Boolean breakConnection, Action`1 wrapCloseInAction)
   at System.Data.SqlClient.TdsParser.ThrowExceptionAndWarning(TdsParserStateObject stateObj, Boolean callerHasConnectionLock, Boolean asyncClose)
   at System.Data.SqlClient.TdsParser.TryRun(RunBehavior runBehavior, SqlCommand cmdHandler, SqlDataReader dataStream, BulkCopySimpleResultSet bulkCopyHandler, TdsParserStateObject stateObj, Boolean& dataReady)
   at System.Data.SqlClient.SqlDataReader.TryConsumeMetaData()
   at System.Data.SqlClient.SqlDataReader.get_MetaData()
   at System.Data.SqlClient.SqlCommand.FinishExecuteReader(SqlDataReader ds, RunBehavior runBehavior, String resetOptionsString)
   at System.Data.SqlClient.SqlCommand.RunExecuteReaderTds(CommandBehavior cmdBehavior, RunBehavior runBehavior, Boolean returnStream, Boolean async, Int32 timeout, Task& task, Boolean asyncWrite, SqlDataReader ds)
   at System.Data.SqlClient.SqlCommand.RunExecuteReader(CommandBehavior cmdBehavior, RunBehavior runBehavior, Boolean returnStream, String method, TaskCompletionSource`1 completion, Int32 timeout, Task& task, Boolean asyncWrite)
   at System.Data.SqlClient.SqlCommand.RunExecuteReader(CommandBehavior cmdBehavior, RunBehavior runBehavior, Boolean returnStream, String method)
   at System.Data.SqlClient.SqlCommand.ExecuteReader(CommandBehavior behavior, String method)
   at System.Data.SqlClient.SqlCommand.ExecuteDbDataReader(CommandBehavior behavior)
   at System.Data.Common.DbCommand.System.Data.IDbCommand.ExecuteReader(CommandBehavior behavior)
   at System.Data.Common.DbDataAdapter.FillInternal(DataSet dataset, DataTable[] datatables, Int32 startRecord, Int32 maxRecords, String srcTable, IDbCommand command, CommandBehavior behavior)
   at System.Data.Common.DbDataAdapter.Fill(DataSet dataSet, Int32 startRecord, Int32 maxRecords, String srcTable, IDbCommand command, CommandBehavior behavior)
   at System.Data.Common.DbDataAdapter.Fill(DataSet dataSet)
   at CalcmenuAPI.CalcmenuAPI.AllergenController.GetIngredientAllergen(Int32 CodeListe) in D:\Data\Projects\ASPNET\MVC\CalcmenuAPI\Controllers\AllergenController.vb:line 134
ClientConnectionId:50ab33cc-237a-4d5f-aff1-ee8a392e3719
2014-07-30 17:57:50,240 [16] INFO  CalcmenuAPI.Global_asax - CalcmenuAPI was started
2014-07-30 17:57:50,387 [16] WARN  CalcmenuAPI.CalcmenuAPI.AllergenController - GetIngredientAllergen: Missing or invalid parameters
System.ArgumentException: Column 'Code' does not belong to table Table.
   at System.Data.DataRow.GetDataColumn(String columnName)
   at System.Data.DataRow.get_Item(String columnName)
   at CalcmenuAPI.CalcmenuAPI.AllergenController._Closure$__2._Lambda$__4(DataRow p) in D:\Data\Projects\ASPNET\MVC\CalcmenuAPI\Controllers\AllergenController.vb:line 148
   at System.Linq.Enumerable.WhereSelectEnumerableIterator`2.MoveNext()
   at System.Collections.Generic.List`1..ctor(IEnumerable`1 collection)
   at CalcmenuAPI.CalcmenuAPI.AllergenController.GetIngredientAllergen(Int32 CodeListe, Int32 CodeTrans, Int32 CodeSite) in D:\Data\Projects\ASPNET\MVC\CalcmenuAPI\Controllers\AllergenController.vb:line 147
2014-07-30 17:58:46,761 [7] ERROR CalcmenuAPI.Global_asax - File does not exist.
2014-07-30 17:58:46,763 [7] ERROR CalcmenuAPI.Global_asax -    at System.Web.StaticFileHandler.GetFileInfo(String virtualPathWithPathInfo, String physicalPath, HttpResponse response)
   at System.Web.StaticFileHandler.ProcessRequestInternal(HttpContext context, String overrideVirtualPath)
   at System.Web.DefaultHttpHandler.BeginProcessRequest(HttpContext context, AsyncCallback callback, Object state)
   at System.Web.HttpApplication.CallHandlerExecutionStep.System.Web.HttpApplication.IExecutionStep.Execute()
   at System.Web.HttpApplication.ExecuteStep(IExecutionStep step, Boolean& completedSynchronously)
2014-07-30 18:00:14,465 [16] ERROR CalcmenuAPI.CalcmenuAPI.AllergenController - GetIngredientAllergen: Unexpected error occured
System.Runtime.InteropServices.COMException (0x80070006): The handle is invalid. (Exception from HRESULT: 0x80070006 (E_HANDLE))
   at System.Runtime.InteropServices.Marshal.ThrowExceptionForHRInternal(Int32 errorCode, IntPtr errorInfo)
   at System.Runtime.InteropServices.Marshal.ThrowExceptionForHR(Int32 errorCode)
   at System.Data.ProviderBase.DbConnectionPool.TryGetConnection(DbConnection owningObject, UInt32 waitForMultipleObjectsTimeout, Boolean allowCreate, Boolean onlyOneCheckConnection, DbConnectionOptions userOptions, DbConnectionInternal& connection)
   at System.Data.ProviderBase.DbConnectionPool.TryGetConnection(DbConnection owningObject, TaskCompletionSource`1 retry, DbConnectionOptions userOptions, DbConnectionInternal& connection)
   at System.Data.ProviderBase.DbConnectionFactory.TryGetConnection(DbConnection owningConnection, TaskCompletionSource`1 retry, DbConnectionOptions userOptions, DbConnectionInternal oldConnection, DbConnectionInternal& connection)
   at System.Data.ProviderBase.DbConnectionInternal.TryOpenConnectionInternal(DbConnection outerConnection, DbConnectionFactory connectionFactory, TaskCompletionSource`1 retry, DbConnectionOptions userOptions)
   at System.Data.ProviderBase.DbConnectionClosed.TryOpenConnection(DbConnection outerConnection, DbConnectionFactory connectionFactory, TaskCompletionSource`1 retry, DbConnectionOptions userOptions)
   at System.Data.SqlClient.SqlConnection.TryOpenInner(TaskCompletionSource`1 retry)
   at System.Data.SqlClient.SqlConnection.TryOpen(TaskCompletionSource`1 retry)
   at System.Data.SqlClient.SqlConnection.Open()
   at CalcmenuAPI.CalcmenuAPI.AllergenController.GetIngredientAllergen(Int32 CodeListe, Int32 CodeTrans, Int32 CodeSite) in D:\Data\Projects\ASPNET\MVC\CalcmenuAPI\Controllers\AllergenController.vb:line 134
2014-07-30 18:01:48,191 [15] WARN  CalcmenuAPI.CalcmenuAPI.AllergenController - GetIngredientAllergen: Missing or invalid parameters
System.ArgumentException: Column 'Code' does not belong to table Table.
   at System.Data.DataRow.GetDataColumn(String columnName)
   at System.Data.DataRow.get_Item(String columnName)
   at CalcmenuAPI.CalcmenuAPI.AllergenController._Closure$__2._Lambda$__4(DataRow p) in D:\Data\Projects\ASPNET\MVC\CalcmenuAPI\Controllers\AllergenController.vb:line 148
   at System.Linq.Enumerable.WhereSelectEnumerableIterator`2.MoveNext()
   at System.Collections.Generic.List`1..ctor(IEnumerable`1 collection)
   at CalcmenuAPI.CalcmenuAPI.AllergenController.GetIngredientAllergen(Int32 CodeListe, Int32 CodeTrans, Int32 CodeSite) in D:\Data\Projects\ASPNET\MVC\CalcmenuAPI\Controllers\AllergenController.vb:line 147
2014-07-30 18:02:12,263 [7] INFO  CalcmenuAPI.Global_asax - CalcmenuAPI was started
2014-07-30 18:02:12,307 [7] ERROR CalcmenuAPI.Global_asax - File does not exist.
2014-07-30 18:02:12,309 [7] ERROR CalcmenuAPI.Global_asax -    at System.Web.StaticFileHandler.GetFileInfo(String virtualPathWithPathInfo, String physicalPath, HttpResponse response)
   at System.Web.StaticFileHandler.ProcessRequestInternal(HttpContext context, String overrideVirtualPath)
   at System.Web.DefaultHttpHandler.BeginProcessRequest(HttpContext context, AsyncCallback callback, Object state)
   at System.Web.HttpApplication.CallHandlerExecutionStep.System.Web.HttpApplication.IExecutionStep.Execute()
   at System.Web.HttpApplication.ExecuteStep(IExecutionStep step, Boolean& completedSynchronously)
2014-07-30 18:03:13,722 [14] INFO  CalcmenuAPI.Global_asax - CalcmenuAPI was started
