2014-10-29 19:18:00,529 [5] INFO  CalcmenuAPI.Global_asax - CalcmenuAPI was started
2014-10-29 19:18:00,742 [5] ERROR CalcmenuAPI.Global_asax - File does not exist.
2014-10-29 19:18:00,749 [5] ERROR CalcmenuAPI.Global_asax -    at System.Web.StaticFileHandler.GetFileInfo(String virtualPathWithPathInfo, String physicalPath, HttpResponse response)
   at System.Web.StaticFileHandler.ProcessRequestInternal(HttpContext context, String overrideVirtualPath)
   at System.Web.DefaultHttpHandler.BeginProcessRequest(HttpContext context, AsyncCallback callback, Object state)
   at System.Web.HttpApplication.CallHandlerExecutionStep.System.Web.HttpApplication.IExecutionStep.Execute()
   at System.Web.HttpApplication.ExecuteStep(IExecutionStep step, Boolean& completedSynchronously)
2014-10-29 19:18:00,815 [7] ERROR CalcmenuAPI.Global_asax - File does not exist.
2014-10-29 19:18:00,817 [7] ERROR CalcmenuAPI.Global_asax -    at System.Web.StaticFileHandler.GetFileInfo(String virtualPathWithPathInfo, String physicalPath, HttpResponse response)
   at System.Web.StaticFileHandler.ProcessRequestInternal(HttpContext context, String overrideVirtualPath)
   at System.Web.DefaultHttpHandler.BeginProcessRequest(HttpContext context, AsyncCallback callback, Object state)
   at System.Web.HttpApplication.CallHandlerExecutionStep.System.Web.HttpApplication.IExecutionStep.Execute()
   at System.Web.HttpApplication.ExecuteStep(IExecutionStep step, Boolean& completedSynchronously)
2014-10-29 19:33:41,887 [13] INFO  CalcmenuAPI.Global_asax - CalcmenuAPI was started
2014-10-29 19:33:41,918 [13] ERROR CalcmenuAPI.Global_asax - File does not exist.
2014-10-29 19:33:41,920 [13] ERROR CalcmenuAPI.Global_asax -    at System.Web.StaticFileHandler.GetFileInfo(String virtualPathWithPathInfo, String physicalPath, HttpResponse response)
   at System.Web.StaticFileHandler.ProcessRequestInternal(HttpContext context, String overrideVirtualPath)
   at System.Web.DefaultHttpHandler.BeginProcessRequest(HttpContext context, AsyncCallback callback, Object state)
   at System.Web.HttpApplication.CallHandlerExecutionStep.System.Web.HttpApplication.IExecutionStep.Execute()
   at System.Web.HttpApplication.ExecuteStep(IExecutionStep step, Boolean& completedSynchronously)
2014-10-29 19:33:41,949 [12] ERROR CalcmenuAPI.Global_asax - File does not exist.
2014-10-29 19:33:41,952 [12] ERROR CalcmenuAPI.Global_asax -    at System.Web.StaticFileHandler.GetFileInfo(String virtualPathWithPathInfo, String physicalPath, HttpResponse response)
   at System.Web.StaticFileHandler.ProcessRequestInternal(HttpContext context, String overrideVirtualPath)
   at System.Web.DefaultHttpHandler.BeginProcessRequest(HttpContext context, AsyncCallback callback, Object state)
   at System.Web.HttpApplication.CallHandlerExecutionStep.System.Web.HttpApplication.IExecutionStep.Execute()
   at System.Web.HttpApplication.ExecuteStep(IExecutionStep step, Boolean& completedSynchronously)
2014-10-29 19:42:18,769 [5] INFO  CalcmenuAPI.Global_asax - CalcmenuAPI was started
2014-10-29 19:43:06,456 [5] ERROR CalcmenuAPI.CalcmenuAPI.CookbookController - GetCookbook: Unexpected error occured
System.InvalidOperationException: Sequence contains no elements
   at System.Linq.Enumerable.Single[TSource](IEnumerable`1 source)
   at CalcmenuAPI.CalcmenuAPI.CookbookController.GetParent(Int32 _parentcode, List`1 _keywords) in D:\Data\Projects\ASPNET\MVC\CalcmenuAPI\Controllers\CookbookController.vb:line 998
   at CalcmenuAPI.CalcmenuAPI.CookbookController.GetCookbook(Int32 codesite, Int32 codeuser, Int32 codeproperty, String name) in D:\Data\Projects\ASPNET\MVC\CalcmenuAPI\Controllers\CookbookController.vb:line 630
2014-10-29 19:45:39,456 [8] ERROR CalcmenuAPI.CalcmenuAPI.CookbookController - GetCookbook: Unexpected error occured
System.Data.SqlClient.SqlException (0x80131904): A connection was successfully established with the server, but then an error occurred during the pre-login handshake. (provider: SSL Provider, error: 0 - The wait operation timed out.) ---> System.ComponentModel.Win32Exception (0x80004005): The wait operation timed out
   at System.Data.SqlClient.SqlInternalConnection.OnError(SqlException exception, Boolean breakConnection, Action`1 wrapCloseInAction)
   at System.Data.SqlClient.TdsParser.ThrowExceptionAndWarning(TdsParserStateObject stateObj, Boolean callerHasConnectionLock, Boolean asyncClose)
   at System.Data.SqlClient.TdsParser.ConsumePreLoginHandshake(Boolean encrypt, Boolean trustServerCert, Boolean integratedSecurity, Boolean& marsCapable)
   at System.Data.SqlClient.TdsParser.Connect(ServerInfo serverInfo, SqlInternalConnectionTds connHandler, Boolean ignoreSniOpenTimeout, Int64 timerExpire, Boolean encrypt, Boolean trustServerCert, Boolean integratedSecurity, Boolean withFailover)
   at System.Data.SqlClient.SqlInternalConnectionTds.AttemptOneLogin(ServerInfo serverInfo, String newPassword, SecureString newSecurePassword, Boolean ignoreSniOpenTimeout, TimeoutTimer timeout, Boolean withFailover)
   at System.Data.SqlClient.SqlInternalConnectionTds.LoginNoFailover(ServerInfo serverInfo, String newPassword, SecureString newSecurePassword, Boolean redirectedUserInstance, SqlConnectionString connectionOptions, SqlCredential credential, TimeoutTimer timeout)
   at System.Data.SqlClient.SqlInternalConnectionTds.OpenLoginEnlist(TimeoutTimer timeout, SqlConnectionString connectionOptions, SqlCredential credential, String newPassword, SecureString newSecurePassword, Boolean redirectedUserInstance)
   at System.Data.SqlClient.SqlInternalConnectionTds..ctor(DbConnectionPoolIdentity identity, SqlConnectionString connectionOptions, SqlCredential credential, Object providerInfo, String newPassword, SecureString newSecurePassword, Boolean redirectedUserInstance, SqlConnectionString userConnectionOptions, SessionData reconnectSessionData)
   at System.Data.SqlClient.SqlConnectionFactory.CreateConnection(DbConnectionOptions options, DbConnectionPoolKey poolKey, Object poolGroupProviderInfo, DbConnectionPool pool, DbConnection owningConnection, DbConnectionOptions userOptions)
   at System.Data.ProviderBase.DbConnectionFactory.CreatePooledConnection(DbConnectionPool pool, DbConnection owningObject, DbConnectionOptions options, DbConnectionPoolKey poolKey, DbConnectionOptions userOptions)
   at System.Data.ProviderBase.DbConnectionPool.CreateObject(DbConnection owningObject, DbConnectionOptions userOptions, DbConnectionInternal oldConnection)
   at System.Data.ProviderBase.DbConnectionPool.UserCreateRequest(DbConnection owningObject, DbConnectionOptions userOptions, DbConnectionInternal oldConnection)
   at System.Data.ProviderBase.DbConnectionPool.TryGetConnection(DbConnection owningObject, UInt32 waitForMultipleObjectsTimeout, Boolean allowCreate, Boolean onlyOneCheckConnection, DbConnectionOptions userOptions, DbConnectionInternal& connection)
   at System.Data.ProviderBase.DbConnectionPool.TryGetConnection(DbConnection owningObject, TaskCompletionSource`1 retry, DbConnectionOptions userOptions, DbConnectionInternal& connection)
   at System.Data.ProviderBase.DbConnectionFactory.TryGetConnection(DbConnection owningConnection, TaskCompletionSource`1 retry, DbConnectionOptions userOptions, DbConnectionInternal oldConnection, DbConnectionInternal& connection)
   at System.Data.ProviderBase.DbConnectionInternal.TryOpenConnectionInternal(DbConnection outerConnection, DbConnectionFactory connectionFactory, TaskCompletionSource`1 retry, DbConnectionOptions userOptions)
   at System.Data.ProviderBase.DbConnectionClosed.TryOpenConnection(DbConnection outerConnection, DbConnectionFactory connectionFactory, TaskCompletionSource`1 retry, DbConnectionOptions userOptions)
   at System.Data.SqlClient.SqlConnection.TryOpenInner(TaskCompletionSource`1 retry)
   at System.Data.SqlClient.SqlConnection.TryOpen(TaskCompletionSource`1 retry)
   at System.Data.SqlClient.SqlConnection.Open()
   at CalcmenuAPI.CalcmenuAPI.CookbookController.GetCookbook(Int32 codesite, Int32 codeuser, Int32 codeproperty, String name) in D:\Data\Projects\ASPNET\MVC\CalcmenuAPI\Controllers\CookbookController.vb:line 556
ClientConnectionId:f114f4ed-1fb6-4351-b0cf-580bf5ab9de6
2014-10-29 19:45:40,214 [5] ERROR CalcmenuAPI.CalcmenuAPI.CookbookController - GetCookbook: Unexpected error occured
System.InvalidOperationException: Sequence contains no elements
   at System.Linq.Enumerable.Single[TSource](IEnumerable`1 source)
   at CalcmenuAPI.CalcmenuAPI.CookbookController.GetParent(Int32 _parentcode, List`1 _keywords) in D:\Data\Projects\ASPNET\MVC\CalcmenuAPI\Controllers\CookbookController.vb:line 998
   at CalcmenuAPI.CalcmenuAPI.CookbookController.GetCookbook(Int32 codesite, Int32 codeuser, Int32 codeproperty, String name) in D:\Data\Projects\ASPNET\MVC\CalcmenuAPI\Controllers\CookbookController.vb:line 630
2014-10-29 19:45:41,167 [18] ERROR CalcmenuAPI.CalcmenuAPI.CookbookController - GetCookbook: Unexpected error occured
System.InvalidOperationException: Sequence contains no elements
   at System.Linq.Enumerable.Single[TSource](IEnumerable`1 source)
   at CalcmenuAPI.CalcmenuAPI.CookbookController.GetParent(Int32 _parentcode, List`1 _keywords) in D:\Data\Projects\ASPNET\MVC\CalcmenuAPI\Controllers\CookbookController.vb:line 998
   at CalcmenuAPI.CalcmenuAPI.CookbookController.GetCookbook(Int32 codesite, Int32 codeuser, Int32 codeproperty, String name) in D:\Data\Projects\ASPNET\MVC\CalcmenuAPI\Controllers\CookbookController.vb:line 630
2014-10-29 19:46:32,861 [16] ERROR CalcmenuAPI.CalcmenuAPI.CookbookController - GetCookbook: Unexpected error occured
System.InvalidOperationException: Sequence contains no elements
   at System.Linq.Enumerable.Single[TSource](IEnumerable`1 source)
   at CalcmenuAPI.CalcmenuAPI.CookbookController.GetParent(Int32 _parentcode, List`1 _keywords) in D:\Data\Projects\ASPNET\MVC\CalcmenuAPI\Controllers\CookbookController.vb:line 998
   at CalcmenuAPI.CalcmenuAPI.CookbookController.GetCookbook(Int32 codesite, Int32 codeuser, Int32 codeproperty, String name) in D:\Data\Projects\ASPNET\MVC\CalcmenuAPI\Controllers\CookbookController.vb:line 630
2014-10-29 19:51:09,396 [18] INFO  CalcmenuAPI.Global_asax - CalcmenuAPI was started
2014-10-29 19:51:09,440 [18] ERROR CalcmenuAPI.Global_asax - File does not exist.
2014-10-29 19:51:09,443 [18] ERROR CalcmenuAPI.Global_asax -    at System.Web.StaticFileHandler.GetFileInfo(String virtualPathWithPathInfo, String physicalPath, HttpResponse response)
   at System.Web.StaticFileHandler.ProcessRequestInternal(HttpContext context, String overrideVirtualPath)
   at System.Web.DefaultHttpHandler.BeginProcessRequest(HttpContext context, AsyncCallback callback, Object state)
   at System.Web.HttpApplication.CallHandlerExecutionStep.System.Web.HttpApplication.IExecutionStep.Execute()
   at System.Web.HttpApplication.ExecuteStep(IExecutionStep step, Boolean& completedSynchronously)
