2014-08-12 11:05:04,378 [11] INFO  CalcmenuAPI.Global_asax - CalcmenuAPI was started
2014-08-12 11:06:32,778 [7] INFO  CalcmenuAPI.Global_asax - CalcmenuAPI was started
2014-08-12 15:47:46,159 [7] ERROR CalcmenuAPI.CalcmenuAPI.MerchandiseController - GetMerchandise: Unexpected error occured
System.IndexOutOfRangeException: Date
   at System.Data.ProviderBase.FieldNameLookup.GetOrdinal(String fieldName)
   at System.Data.SqlClient.SqlDataReader.GetOrdinal(String name)
   at System.Data.SqlClient.SqlDataReader.get_Item(String name)
   at CalcmenuAPI.CalcmenuAPI.MerchandiseController.GetMerchandise(Int32 codeliste, Int32 codesite, Int32 codetrans, Int32 codesetprice, Int32 codenutrientset) in C:\Data\Project\CalcmenuAPI\Controllers\MerchandiseController.vb:line 128
2014-08-12 15:47:46,507 [18] ERROR CalcmenuAPI.Global_asax - Object '/c043d268_52f3_4355_825c_37754f953fc3/fdavevnp12tvdjfwxb9cuhjo_22.rem' has been disconnected or does not exist at the server.
2014-08-12 15:47:46,509 [18] ERROR CalcmenuAPI.Global_asax -    at System.Web.Http.WebHost.HttpControllerHandler.EndProcessRequest(IAsyncResult result)
   at System.Web.Http.WebHost.HttpControllerHandler.System.Web.IHttpAsyncHandler.EndProcessRequest(IAsyncResult result)
   at System.Web.HttpApplication.CallHandlerExecutionStep.OnAsyncHandlerCompletion(IAsyncResult ar)
2014-08-12 15:48:15,459 [11] INFO  CalcmenuAPI.Global_asax - CalcmenuAPI was started
2014-08-12 15:48:15,718 [11] ERROR CalcmenuAPI.Global_asax - File does not exist.
2014-08-12 15:48:15,720 [11] ERROR CalcmenuAPI.Global_asax -    at System.Web.StaticFileHandler.GetFileInfo(String virtualPathWithPathInfo, String physicalPath, HttpResponse response)
   at System.Web.StaticFileHandler.ProcessRequestInternal(HttpContext context, String overrideVirtualPath)
   at System.Web.DefaultHttpHandler.BeginProcessRequest(HttpContext context, AsyncCallback callback, Object state)
   at System.Web.HttpApplication.CallHandlerExecutionStep.System.Web.HttpApplication.IExecutionStep.Execute()
   at System.Web.HttpApplication.ExecuteStep(IExecutionStep step, Boolean& completedSynchronously)
2014-08-12 17:10:30,561 [86] INFO  CalcmenuAPI.Global_asax - CalcmenuAPI was started
2014-08-12 17:10:30,593 [86] ERROR CalcmenuAPI.Global_asax - File does not exist.
2014-08-12 17:10:30,595 [86] ERROR CalcmenuAPI.Global_asax -    at System.Web.StaticFileHandler.GetFileInfo(String virtualPathWithPathInfo, String physicalPath, HttpResponse response)
   at System.Web.StaticFileHandler.ProcessRequestInternal(HttpContext context, String overrideVirtualPath)
   at System.Web.DefaultHttpHandler.BeginProcessRequest(HttpContext context, AsyncCallback callback, Object state)
   at System.Web.HttpApplication.CallHandlerExecutionStep.System.Web.HttpApplication.IExecutionStep.Execute()
   at System.Web.HttpApplication.ExecuteStep(IExecutionStep step, Boolean& completedSynchronously)
2014-08-12 17:11:28,817 [73] ERROR CalcmenuAPI.CalcmenuAPI.MerchandiseController - GetMerchandise: Unexpected error occured
System.IndexOutOfRangeException: Date
   at System.Data.ProviderBase.FieldNameLookup.GetOrdinal(String fieldName)
   at System.Data.SqlClient.SqlDataReader.GetOrdinal(String name)
   at System.Data.SqlClient.SqlDataReader.get_Item(String name)
   at CalcmenuAPI.CalcmenuAPI.MerchandiseController.GetMerchandise(Int32 codeliste, Int32 codesite, Int32 codetrans, Int32 codesetprice, Int32 codenutrientset) in C:\Data\Project\CalcmenuAPI\Controllers\MerchandiseController.vb:line 128
2014-08-12 17:12:03,408 [41] ERROR CalcmenuAPI.CalcmenuAPI.MerchandiseController - GetMerchandise: Unexpected error occured
System.IndexOutOfRangeException: Date
   at System.Data.ProviderBase.FieldNameLookup.GetOrdinal(String fieldName)
   at System.Data.SqlClient.SqlDataReader.GetOrdinal(String name)
   at System.Data.SqlClient.SqlDataReader.get_Item(String name)
   at CalcmenuAPI.CalcmenuAPI.MerchandiseController.GetMerchandise(Int32 codeliste, Int32 codesite, Int32 codetrans, Int32 codesetprice, Int32 codenutrientset) in C:\Data\Project\CalcmenuAPI\Controllers\MerchandiseController.vb:line 128
2014-08-12 17:35:24,413 [75] ERROR CalcmenuAPI.Global_asax - File does not exist.
2014-08-12 17:35:24,415 [75] ERROR CalcmenuAPI.Global_asax -    at System.Web.StaticFileHandler.GetFileInfo(String virtualPathWithPathInfo, String physicalPath, HttpResponse response)
   at System.Web.StaticFileHandler.ProcessRequestInternal(HttpContext context, String overrideVirtualPath)
   at System.Web.DefaultHttpHandler.BeginProcessRequest(HttpContext context, AsyncCallback callback, Object state)
   at System.Web.HttpApplication.CallHandlerExecutionStep.System.Web.HttpApplication.IExecutionStep.Execute()
   at System.Web.HttpApplication.ExecuteStep(IExecutionStep step, Boolean& completedSynchronously)
2014-08-12 17:41:19,220 [10] INFO  CalcmenuAPI.Global_asax - CalcmenuAPI was started
2014-08-12 17:41:19,266 [10] ERROR CalcmenuAPI.Global_asax - File does not exist.
2014-08-12 17:41:19,269 [10] ERROR CalcmenuAPI.Global_asax -    at System.Web.StaticFileHandler.GetFileInfo(String virtualPathWithPathInfo, String physicalPath, HttpResponse response)
   at System.Web.StaticFileHandler.ProcessRequestInternal(HttpContext context, String overrideVirtualPath)
   at System.Web.DefaultHttpHandler.BeginProcessRequest(HttpContext context, AsyncCallback callback, Object state)
   at System.Web.HttpApplication.CallHandlerExecutionStep.System.Web.HttpApplication.IExecutionStep.Execute()
   at System.Web.HttpApplication.ExecuteStep(IExecutionStep step, Boolean& completedSynchronously)
2014-08-12 17:41:59,933 [10] INFO  CalcmenuAPI.CalcmenuAPI.MerchandiseController - Calling SaveMerchandise:null
2014-08-12 17:51:42,993 [10] WARN  CalcmenuAPI.CalcmenuAPI.MerchandiseController - SaveMerchandise: Missing or invalid parameters
System.ArgumentNullException: Value cannot be null.
Parameter name: recipe data is empty
   at CalcmenuAPI.CalcmenuAPI.MerchandiseController.SaveMerchandise(MerchandiseData data) in C:\Data\Project\CalcmenuAPI\Controllers\MerchandiseController.vb:line 434
