2014-06-27 11:32:00,060 [6] INFO  CalcmenuAPI.Global_asax - CalcmenuAPI was started
2014-06-27 11:32:00,138 [6] ERROR CalcmenuAPI.Global_asax - File does not exist.
2014-06-27 11:32:00,141 [6] ERROR CalcmenuAPI.Global_asax -    at System.Web.StaticFileHandler.GetFileInfo(String virtualPathWithPathInfo, String physicalPath, HttpResponse response)
   at System.Web.StaticFileHandler.ProcessRequestInternal(HttpContext context, String overrideVirtualPath)
   at System.Web.DefaultHttpHandler.BeginProcessRequest(HttpContext context, AsyncCallback callback, Object state)
   at System.Web.HttpApplication.CallHandlerExecutionStep.System.Web.HttpApplication.IExecutionStep.Execute()
   at System.Web.HttpApplication.ExecuteStep(IExecutionStep step, Boolean& completedSynchronously)
2014-06-27 11:32:08,936 [4] ERROR CalcmenuAPI.Global_asax - File does not exist.
2014-06-27 11:32:08,937 [4] ERROR CalcmenuAPI.Global_asax -    at System.Web.StaticFileHandler.GetFileInfo(String virtualPathWithPathInfo, String physicalPath, HttpResponse response)
   at System.Web.StaticFileHandler.ProcessRequestInternal(HttpContext context, String overrideVirtualPath)
   at System.Web.DefaultHttpHandler.BeginProcessRequest(HttpContext context, AsyncCallback callback, Object state)
   at System.Web.HttpApplication.CallHandlerExecutionStep.System.Web.HttpApplication.IExecutionStep.Execute()
   at System.Web.HttpApplication.ExecuteStep(IExecutionStep step, Boolean& completedSynchronously)
2014-06-27 11:32:14,438 [13] ERROR CalcmenuAPI.Global_asax - File does not exist.
2014-06-27 11:32:14,440 [13] ERROR CalcmenuAPI.Global_asax -    at System.Web.StaticFileHandler.GetFileInfo(String virtualPathWithPathInfo, String physicalPath, HttpResponse response)
   at System.Web.StaticFileHandler.ProcessRequestInternal(HttpContext context, String overrideVirtualPath)
   at System.Web.DefaultHttpHandler.BeginProcessRequest(HttpContext context, AsyncCallback callback, Object state)
   at System.Web.HttpApplication.CallHandlerExecutionStep.System.Web.HttpApplication.IExecutionStep.Execute()
   at System.Web.HttpApplication.ExecuteStep(IExecutionStep step, Boolean& completedSynchronously)
2014-06-27 11:32:16,382 [14] ERROR CalcmenuAPI.Global_asax - File does not exist.
2014-06-27 11:32:16,383 [14] ERROR CalcmenuAPI.Global_asax -    at System.Web.StaticFileHandler.GetFileInfo(String virtualPathWithPathInfo, String physicalPath, HttpResponse response)
   at System.Web.StaticFileHandler.ProcessRequestInternal(HttpContext context, String overrideVirtualPath)
   at System.Web.DefaultHttpHandler.BeginProcessRequest(HttpContext context, AsyncCallback callback, Object state)
   at System.Web.HttpApplication.CallHandlerExecutionStep.System.Web.HttpApplication.IExecutionStep.Execute()
   at System.Web.HttpApplication.ExecuteStep(IExecutionStep step, Boolean& completedSynchronously)
2014-06-27 13:22:14,709 [55] ERROR CalcmenuAPI.Global_asax - File does not exist.
2014-06-27 13:22:14,712 [55] ERROR CalcmenuAPI.Global_asax -    at System.Web.StaticFileHandler.GetFileInfo(String virtualPathWithPathInfo, String physicalPath, HttpResponse response)
   at System.Web.StaticFileHandler.ProcessRequestInternal(HttpContext context, String overrideVirtualPath)
   at System.Web.DefaultHttpHandler.BeginProcessRequest(HttpContext context, AsyncCallback callback, Object state)
   at System.Web.HttpApplication.CallHandlerExecutionStep.System.Web.HttpApplication.IExecutionStep.Execute()
   at System.Web.HttpApplication.ExecuteStep(IExecutionStep step, Boolean& completedSynchronously)
2014-06-27 13:23:32,100 [53] ERROR CalcmenuAPI.CalcmenuAPI.AliasController - SearchAlias: Unexpected error occured
System.IndexOutOfRangeException: Cannot find table 0.
   at System.Data.DataTableCollection.get_Item(Int32 index)
   at CalcmenuAPI.CalcmenuAPI.AliasController.SearchAlias(Int32 codetrans) in C:\Data\Project\CalcmenuAPI\Controllers\AliasController.vb:line 198
2014-06-27 13:23:39,154 [49] ERROR CalcmenuAPI.CalcmenuAPI.AliasController - SearchAlias: Unexpected error occured
System.IndexOutOfRangeException: Cannot find table 0.
   at System.Data.DataTableCollection.get_Item(Int32 index)
   at CalcmenuAPI.CalcmenuAPI.AliasController.SearchAlias(Int32 codetrans) in C:\Data\Project\CalcmenuAPI\Controllers\AliasController.vb:line 198
2014-06-27 13:23:57,698 [48] ERROR CalcmenuAPI.CalcmenuAPI.AliasController - SearchAlias: Unexpected error occured
System.IndexOutOfRangeException: Cannot find table 0.
   at System.Data.DataTableCollection.get_Item(Int32 index)
   at CalcmenuAPI.CalcmenuAPI.AliasController.SearchAlias(Int32 codetrans) in C:\Data\Project\CalcmenuAPI\Controllers\AliasController.vb:line 198
2014-06-27 13:24:09,753 [53] INFO  CalcmenuAPI.Global_asax - CalcmenuAPI was started
2014-06-27 13:40:36,921 [41] INFO  CalcmenuAPI.Global_asax - CalcmenuAPI was started
2014-06-27 13:40:37,146 [41] ERROR CalcmenuAPI.Global_asax - File does not exist.
2014-06-27 13:40:37,148 [41] ERROR CalcmenuAPI.Global_asax -    at System.Web.StaticFileHandler.GetFileInfo(String virtualPathWithPathInfo, String physicalPath, HttpResponse response)
   at System.Web.StaticFileHandler.ProcessRequestInternal(HttpContext context, String overrideVirtualPath)
   at System.Web.DefaultHttpHandler.BeginProcessRequest(HttpContext context, AsyncCallback callback, Object state)
   at System.Web.HttpApplication.CallHandlerExecutionStep.System.Web.HttpApplication.IExecutionStep.Execute()
   at System.Web.HttpApplication.ExecuteStep(IExecutionStep step, Boolean& completedSynchronously)
2014-06-27 13:41:35,844 [4] INFO  CalcmenuAPI.Global_asax - CalcmenuAPI was started
2014-06-27 13:41:35,877 [4] ERROR CalcmenuAPI.Global_asax - File does not exist.
2014-06-27 13:41:35,879 [4] ERROR CalcmenuAPI.Global_asax -    at System.Web.StaticFileHandler.GetFileInfo(String virtualPathWithPathInfo, String physicalPath, HttpResponse response)
   at System.Web.StaticFileHandler.ProcessRequestInternal(HttpContext context, String overrideVirtualPath)
   at System.Web.DefaultHttpHandler.BeginProcessRequest(HttpContext context, AsyncCallback callback, Object state)
   at System.Web.HttpApplication.CallHandlerExecutionStep.System.Web.HttpApplication.IExecutionStep.Execute()
   at System.Web.HttpApplication.ExecuteStep(IExecutionStep step, Boolean& completedSynchronously)
2014-06-27 13:42:15,241 [4] INFO  CalcmenuAPI.Global_asax - CalcmenuAPI was started
2014-06-27 13:42:15,274 [4] ERROR CalcmenuAPI.Global_asax - File does not exist.
2014-06-27 13:42:15,276 [4] ERROR CalcmenuAPI.Global_asax -    at System.Web.StaticFileHandler.GetFileInfo(String virtualPathWithPathInfo, String physicalPath, HttpResponse response)
   at System.Web.StaticFileHandler.ProcessRequestInternal(HttpContext context, String overrideVirtualPath)
   at System.Web.DefaultHttpHandler.BeginProcessRequest(HttpContext context, AsyncCallback callback, Object state)
   at System.Web.HttpApplication.CallHandlerExecutionStep.System.Web.HttpApplication.IExecutionStep.Execute()
   at System.Web.HttpApplication.ExecuteStep(IExecutionStep step, Boolean& completedSynchronously)
2014-06-27 13:42:35,148 [33] INFO  CalcmenuAPI.Global_asax - CalcmenuAPI was started
2014-06-27 13:42:35,181 [33] ERROR CalcmenuAPI.Global_asax - File does not exist.
2014-06-27 13:42:35,184 [33] ERROR CalcmenuAPI.Global_asax -    at System.Web.StaticFileHandler.GetFileInfo(String virtualPathWithPathInfo, String physicalPath, HttpResponse response)
   at System.Web.StaticFileHandler.ProcessRequestInternal(HttpContext context, String overrideVirtualPath)
   at System.Web.DefaultHttpHandler.BeginProcessRequest(HttpContext context, AsyncCallback callback, Object state)
   at System.Web.HttpApplication.CallHandlerExecutionStep.System.Web.HttpApplication.IExecutionStep.Execute()
   at System.Web.HttpApplication.ExecuteStep(IExecutionStep step, Boolean& completedSynchronously)
