2014-04-07 11:44:42,691 [5] INFO  CalcmenuAPI.Global_asax - CalcmenuAPI was started
2014-04-07 11:44:43,138 [5] ERROR CalcmenuAPI.Global_asax - File does not exist.
2014-04-07 11:44:43,173 [5] ERROR CalcmenuAPI.Global_asax -    at System.Web.StaticFileHandler.GetFileInfo(String virtualPathWithPathInfo, String physicalPath, HttpResponse response)
   at System.Web.StaticFileHandler.ProcessRequestInternal(HttpContext context, String overrideVirtualPath)
   at System.Web.DefaultHttpHandler.BeginProcessRequest(HttpContext context, AsyncCallback callback, Object state)
   at System.Web.HttpApplication.CallHandlerExecutionStep.System.Web.HttpApplication.IExecutionStep.Execute()
   at System.Web.HttpApplication.ExecuteStep(IExecutionStep step, Boolean& completedSynchronously)
2014-04-07 11:52:42,893 [20] INFO  CalcmenuAPI.Common - Calling GetIngredients(codesite;codetrans;codesetprice;name;skip;take;searchtype;category;sharetype;namefilter;isfulltext)(1;1;1;butter;0;10;0;-1;0)
2014-04-07 11:53:03,606 [20] ERROR CalcmenuAPI.CalcmenuAPI.IngredientController - GetIngredients: Unexpected error occured
System.Data.SqlClient.SqlException (0x80131904): Procedure or function API_GET_Ingredients has too many arguments specified.
   at System.Data.SqlClient.SqlConnection.OnError(SqlException exception, Boolean breakConnection, Action`1 wrapCloseInAction)
   at System.Data.SqlClient.SqlInternalConnection.OnError(SqlException exception, Boolean breakConnection, Action`1 wrapCloseInAction)
   at System.Data.SqlClient.TdsParser.ThrowExceptionAndWarning(TdsParserStateObject stateObj, Boolean callerHasConnectionLock, Boolean asyncClose)
   at System.Data.SqlClient.TdsParser.TryRun(RunBehavior runBehavior, SqlCommand cmdHandler, SqlDataReader dataStream, BulkCopySimpleResultSet bulkCopyHandler, TdsParserStateObject stateObj, Boolean& dataReady)
   at System.Data.SqlClient.SqlDataReader.TryConsumeMetaData()
   at System.Data.SqlClient.SqlDataReader.get_MetaData()
   at System.Data.SqlClient.SqlCommand.FinishExecuteReader(SqlDataReader ds, RunBehavior runBehavior, String resetOptionsString)
   at System.Data.SqlClient.SqlCommand.RunExecuteReaderTds(CommandBehavior cmdBehavior, RunBehavior runBehavior, Boolean returnStream, Boolean async, Int32 timeout, Task& task, Boolean asyncWrite, SqlDataReader ds)
   at System.Data.SqlClient.SqlCommand.RunExecuteReader(CommandBehavior cmdBehavior, RunBehavior runBehavior, Boolean returnStream, String method, TaskCompletionSource`1 completion, Int32 timeout, Task& task, Boolean asyncWrite)
   at System.Data.SqlClient.SqlCommand.RunExecuteReader(CommandBehavior cmdBehavior, RunBehavior runBehavior, Boolean returnStream, String method)
   at System.Data.SqlClient.SqlCommand.ExecuteReader(CommandBehavior behavior, String method)
   at System.Data.SqlClient.SqlCommand.ExecuteReader()
   at CalcmenuAPI.CalcmenuAPI.IngredientController.GetIngredients(Int32 codesite, Int32 codetrans, Int32 codesetprice, String name, Int32 skip, Int32 take, Int32 searchtype, Int32 category, Int32 sharetype, Int32 namefilter, Int32 isfulltext) in C:\Data\Project\CalcmenuAPI\Controllers\IngredientController.vb:line 84
ClientConnectionId:bdfeafff-43ec-4142-bc65-507d9e1f0a33
2014-04-07 11:53:10,373 [24] INFO  CalcmenuAPI.Common - Calling GetIngredients(codesite;codetrans;codesetprice;name;skip;take;searchtype;category;sharetype;namefilter;isfulltext)(1;1;1;butter;0;10;0;-1;0)
2014-04-07 17:22:30,165 [6] INFO  CalcmenuAPI.Global_asax - CalcmenuAPI was started
2014-04-07 17:22:30,266 [6] ERROR CalcmenuAPI.Global_asax - File does not exist.
2014-04-07 17:22:30,291 [6] ERROR CalcmenuAPI.Global_asax -    at System.Web.StaticFileHandler.GetFileInfo(String virtualPathWithPathInfo, String physicalPath, HttpResponse response)
   at System.Web.StaticFileHandler.ProcessRequestInternal(HttpContext context, String overrideVirtualPath)
   at System.Web.DefaultHttpHandler.BeginProcessRequest(HttpContext context, AsyncCallback callback, Object state)
   at System.Web.HttpApplication.CallHandlerExecutionStep.System.Web.HttpApplication.IExecutionStep.Execute()
   at System.Web.HttpApplication.ExecuteStep(IExecutionStep step, Boolean& completedSynchronously)
2014-04-07 17:23:23,577 [11] INFO  CalcmenuAPI.Common - Calling GetIngredients(codesite;codetrans;codesetprice;name;skip;take;searchtype;category;sharetype;namefilter;isfulltext;sortby)(1;1;1;;0;10;0;-1;0;2;0;1)
2014-04-07 17:28:38,032 [6] INFO  CalcmenuAPI.Common - Calling GetIngredients(codesite;codetrans;codesetprice;name;skip;take;searchtype;category;sharetype;namefilter;isfulltext;sortby)(1;1;1;;0;10;0;-1;0;2;0;1)
2014-04-07 17:29:07,688 [6] ERROR CalcmenuAPI.CalcmenuAPI.IngredientController - GetIngredients: Unexpected error occured
System.Data.SqlClient.SqlException (0x80131904): Procedure or function API_GET_Ingredients has too many arguments specified.
   at System.Data.SqlClient.SqlConnection.OnError(SqlException exception, Boolean breakConnection, Action`1 wrapCloseInAction)
   at System.Data.SqlClient.SqlInternalConnection.OnError(SqlException exception, Boolean breakConnection, Action`1 wrapCloseInAction)
   at System.Data.SqlClient.TdsParser.ThrowExceptionAndWarning(TdsParserStateObject stateObj, Boolean callerHasConnectionLock, Boolean asyncClose)
   at System.Data.SqlClient.TdsParser.TryRun(RunBehavior runBehavior, SqlCommand cmdHandler, SqlDataReader dataStream, BulkCopySimpleResultSet bulkCopyHandler, TdsParserStateObject stateObj, Boolean& dataReady)
   at System.Data.SqlClient.SqlDataReader.TryConsumeMetaData()
   at System.Data.SqlClient.SqlDataReader.get_MetaData()
   at System.Data.SqlClient.SqlCommand.FinishExecuteReader(SqlDataReader ds, RunBehavior runBehavior, String resetOptionsString)
   at System.Data.SqlClient.SqlCommand.RunExecuteReaderTds(CommandBehavior cmdBehavior, RunBehavior runBehavior, Boolean returnStream, Boolean async, Int32 timeout, Task& task, Boolean asyncWrite, SqlDataReader ds)
   at System.Data.SqlClient.SqlCommand.RunExecuteReader(CommandBehavior cmdBehavior, RunBehavior runBehavior, Boolean returnStream, String method, TaskCompletionSource`1 completion, Int32 timeout, Task& task, Boolean asyncWrite)
   at System.Data.SqlClient.SqlCommand.RunExecuteReader(CommandBehavior cmdBehavior, RunBehavior runBehavior, Boolean returnStream, String method)
   at System.Data.SqlClient.SqlCommand.ExecuteReader(CommandBehavior behavior, String method)
   at System.Data.SqlClient.SqlCommand.ExecuteReader()
   at CalcmenuAPI.CalcmenuAPI.IngredientController.GetIngredients(Int32 codesite, Int32 codetrans, Int32 codesetprice, String name, Int32 skip, Int32 take, Int32 searchtype, Int32 category, Int32 sharetype, Int32 namefilter, Int32 isfulltext, Int32 sortby) in C:\Data\Project\CalcmenuAPI\Controllers\IngredientController.vb:line 83
ClientConnectionId:27061287-7305-4bfd-82b0-22d7e8da033e
2014-04-07 17:29:07,688 [11] ERROR CalcmenuAPI.CalcmenuAPI.IngredientController - GetIngredients: Unexpected error occured
System.Data.SqlClient.SqlException (0x80131904): Procedure or function API_GET_Ingredients has too many arguments specified.
   at System.Data.SqlClient.SqlConnection.OnError(SqlException exception, Boolean breakConnection, Action`1 wrapCloseInAction)
   at System.Data.SqlClient.SqlInternalConnection.OnError(SqlException exception, Boolean breakConnection, Action`1 wrapCloseInAction)
   at System.Data.SqlClient.TdsParser.ThrowExceptionAndWarning(TdsParserStateObject stateObj, Boolean callerHasConnectionLock, Boolean asyncClose)
   at System.Data.SqlClient.TdsParser.TryRun(RunBehavior runBehavior, SqlCommand cmdHandler, SqlDataReader dataStream, BulkCopySimpleResultSet bulkCopyHandler, TdsParserStateObject stateObj, Boolean& dataReady)
   at System.Data.SqlClient.SqlDataReader.TryConsumeMetaData()
   at System.Data.SqlClient.SqlDataReader.get_MetaData()
   at System.Data.SqlClient.SqlCommand.FinishExecuteReader(SqlDataReader ds, RunBehavior runBehavior, String resetOptionsString)
   at System.Data.SqlClient.SqlCommand.RunExecuteReaderTds(CommandBehavior cmdBehavior, RunBehavior runBehavior, Boolean returnStream, Boolean async, Int32 timeout, Task& task, Boolean asyncWrite, SqlDataReader ds)
   at System.Data.SqlClient.SqlCommand.RunExecuteReader(CommandBehavior cmdBehavior, RunBehavior runBehavior, Boolean returnStream, String method, TaskCompletionSource`1 completion, Int32 timeout, Task& task, Boolean asyncWrite)
   at System.Data.SqlClient.SqlCommand.RunExecuteReader(CommandBehavior cmdBehavior, RunBehavior runBehavior, Boolean returnStream, String method)
   at System.Data.SqlClient.SqlCommand.ExecuteReader(CommandBehavior behavior, String method)
   at System.Data.SqlClient.SqlCommand.ExecuteReader()
   at CalcmenuAPI.CalcmenuAPI.IngredientController.GetIngredients(Int32 codesite, Int32 codetrans, Int32 codesetprice, String name, Int32 skip, Int32 take, Int32 searchtype, Int32 category, Int32 sharetype, Int32 namefilter, Int32 isfulltext, Int32 sortby) in C:\Data\Project\CalcmenuAPI\Controllers\IngredientController.vb:line 83
ClientConnectionId:8720fa1c-e843-4294-ba59-696fd329e0ce
2014-04-07 17:29:11,222 [15] ERROR CalcmenuAPI.Global_asax - Object '/1d1b6b63_9fc9_462a_b8ca_a298c2deea02/ix2aqhy_j12b43zz0a6yevcn_12.rem' has been disconnected or does not exist at the server.
2014-04-07 17:29:11,224 [15] ERROR CalcmenuAPI.Global_asax -    at System.Web.Http.WebHost.HttpControllerHandler.EndProcessRequest(IAsyncResult result)
   at System.Web.Http.WebHost.HttpControllerHandler.System.Web.IHttpAsyncHandler.EndProcessRequest(IAsyncResult result)
   at System.Web.HttpApplication.CallHandlerExecutionStep.OnAsyncHandlerCompletion(IAsyncResult ar)
2014-04-07 17:29:15,902 [17] INFO  CalcmenuAPI.Common - Calling GetIngredients(codesite;codetrans;codesetprice;name;skip;take;searchtype;category;sharetype;namefilter;isfulltext;sortby)(1;1;1;;0;10;0;-1;0;2;0;1)
2014-04-07 17:30:05,976 [17] ERROR CalcmenuAPI.CalcmenuAPI.IngredientController - GetIngredients: Unexpected error occured
System.Data.SqlClient.SqlException (0x80131904): Procedure or function API_GET_Ingredients has too many arguments specified.
   at System.Data.SqlClient.SqlConnection.OnError(SqlException exception, Boolean breakConnection, Action`1 wrapCloseInAction)
   at System.Data.SqlClient.SqlInternalConnection.OnError(SqlException exception, Boolean breakConnection, Action`1 wrapCloseInAction)
   at System.Data.SqlClient.TdsParser.ThrowExceptionAndWarning(TdsParserStateObject stateObj, Boolean callerHasConnectionLock, Boolean asyncClose)
   at System.Data.SqlClient.TdsParser.TryRun(RunBehavior runBehavior, SqlCommand cmdHandler, SqlDataReader dataStream, BulkCopySimpleResultSet bulkCopyHandler, TdsParserStateObject stateObj, Boolean& dataReady)
   at System.Data.SqlClient.SqlDataReader.TryConsumeMetaData()
   at System.Data.SqlClient.SqlDataReader.get_MetaData()
   at System.Data.SqlClient.SqlCommand.FinishExecuteReader(SqlDataReader ds, RunBehavior runBehavior, String resetOptionsString)
   at System.Data.SqlClient.SqlCommand.RunExecuteReaderTds(CommandBehavior cmdBehavior, RunBehavior runBehavior, Boolean returnStream, Boolean async, Int32 timeout, Task& task, Boolean asyncWrite, SqlDataReader ds)
   at System.Data.SqlClient.SqlCommand.RunExecuteReader(CommandBehavior cmdBehavior, RunBehavior runBehavior, Boolean returnStream, String method, TaskCompletionSource`1 completion, Int32 timeout, Task& task, Boolean asyncWrite)
   at System.Data.SqlClient.SqlCommand.RunExecuteReader(CommandBehavior cmdBehavior, RunBehavior runBehavior, Boolean returnStream, String method)
   at System.Data.SqlClient.SqlCommand.ExecuteReader(CommandBehavior behavior, String method)
   at System.Data.SqlClient.SqlCommand.ExecuteReader()
   at CalcmenuAPI.CalcmenuAPI.IngredientController.GetIngredients(Int32 codesite, Int32 codetrans, Int32 codesetprice, String name, Int32 skip, Int32 take, Int32 searchtype, Int32 category, Int32 sharetype, Int32 namefilter, Int32 isfulltext, Int32 sortby) in C:\Data\Project\CalcmenuAPI\Controllers\IngredientController.vb:line 83
ClientConnectionId:8720fa1c-e843-4294-ba59-696fd329e0ce
2014-04-07 17:30:24,179 [6] INFO  CalcmenuAPI.Common - Calling GetIngredients(codesite;codetrans;codesetprice;name;skip;take;searchtype;category;sharetype;namefilter;isfulltext;sortby)(1;1;1;;0;10;0;-1;0;2;0;1)
2014-04-07 17:35:34,854 [6] ERROR CalcmenuAPI.CalcmenuAPI.IngredientController - GetIngredients: Unexpected error occured
System.Data.SqlClient.SqlException (0x80131904): Procedure or function API_GET_Ingredients has too many arguments specified.
   at System.Data.SqlClient.SqlConnection.OnError(SqlException exception, Boolean breakConnection, Action`1 wrapCloseInAction)
   at System.Data.SqlClient.SqlInternalConnection.OnError(SqlException exception, Boolean breakConnection, Action`1 wrapCloseInAction)
   at System.Data.SqlClient.TdsParser.ThrowExceptionAndWarning(TdsParserStateObject stateObj, Boolean callerHasConnectionLock, Boolean asyncClose)
   at System.Data.SqlClient.TdsParser.TryRun(RunBehavior runBehavior, SqlCommand cmdHandler, SqlDataReader dataStream, BulkCopySimpleResultSet bulkCopyHandler, TdsParserStateObject stateObj, Boolean& dataReady)
   at System.Data.SqlClient.SqlDataReader.TryConsumeMetaData()
   at System.Data.SqlClient.SqlDataReader.get_MetaData()
   at System.Data.SqlClient.SqlCommand.FinishExecuteReader(SqlDataReader ds, RunBehavior runBehavior, String resetOptionsString)
   at System.Data.SqlClient.SqlCommand.RunExecuteReaderTds(CommandBehavior cmdBehavior, RunBehavior runBehavior, Boolean returnStream, Boolean async, Int32 timeout, Task& task, Boolean asyncWrite, SqlDataReader ds)
   at System.Data.SqlClient.SqlCommand.RunExecuteReader(CommandBehavior cmdBehavior, RunBehavior runBehavior, Boolean returnStream, String method, TaskCompletionSource`1 completion, Int32 timeout, Task& task, Boolean asyncWrite)
   at System.Data.SqlClient.SqlCommand.RunExecuteReader(CommandBehavior cmdBehavior, RunBehavior runBehavior, Boolean returnStream, String method)
   at System.Data.SqlClient.SqlCommand.ExecuteReader(CommandBehavior behavior, String method)
   at System.Data.SqlClient.SqlCommand.ExecuteReader()
   at CalcmenuAPI.CalcmenuAPI.IngredientController.GetIngredients(Int32 codesite, Int32 codetrans, Int32 codesetprice, String name, Int32 skip, Int32 take, Int32 searchtype, Int32 category, Int32 sharetype, Int32 namefilter, Int32 isfulltext, Int32 sortby) in C:\Data\Project\CalcmenuAPI\Controllers\IngredientController.vb:line 83
ClientConnectionId:8720fa1c-e843-4294-ba59-696fd329e0ce
2014-04-07 17:35:36,169 [17] ERROR CalcmenuAPI.Global_asax - Object '/1d1b6b63_9fc9_462a_b8ca_a298c2deea02/nrncmigvam5wleqt78+2xs7f_21.rem' has been disconnected or does not exist at the server.
2014-04-07 17:35:36,171 [17] ERROR CalcmenuAPI.Global_asax -    at System.Web.Http.WebHost.HttpControllerHandler.EndProcessRequest(IAsyncResult result)
   at System.Web.Http.WebHost.HttpControllerHandler.System.Web.IHttpAsyncHandler.EndProcessRequest(IAsyncResult result)
   at System.Web.HttpApplication.CallHandlerExecutionStep.OnAsyncHandlerCompletion(IAsyncResult ar)
2014-04-07 17:35:40,656 [17] INFO  CalcmenuAPI.Common - Calling GetIngredients(codesite;codetrans;codesetprice;name;skip;take;searchtype;category;sharetype;namefilter;isfulltext;sortby)(1;1;1;;0;10;0;-1;0;2;0;1)
2014-04-07 17:35:44,807 [17] ERROR CalcmenuAPI.CalcmenuAPI.IngredientController - GetIngredients: Unexpected error occured
System.Data.SqlClient.SqlException (0x80131904): Procedure or function API_GET_Ingredients has too many arguments specified.
   at System.Data.SqlClient.SqlConnection.OnError(SqlException exception, Boolean breakConnection, Action`1 wrapCloseInAction)
   at System.Data.SqlClient.SqlInternalConnection.OnError(SqlException exception, Boolean breakConnection, Action`1 wrapCloseInAction)
   at System.Data.SqlClient.TdsParser.ThrowExceptionAndWarning(TdsParserStateObject stateObj, Boolean callerHasConnectionLock, Boolean asyncClose)
   at System.Data.SqlClient.TdsParser.TryRun(RunBehavior runBehavior, SqlCommand cmdHandler, SqlDataReader dataStream, BulkCopySimpleResultSet bulkCopyHandler, TdsParserStateObject stateObj, Boolean& dataReady)
   at System.Data.SqlClient.SqlDataReader.TryConsumeMetaData()
   at System.Data.SqlClient.SqlDataReader.get_MetaData()
   at System.Data.SqlClient.SqlCommand.FinishExecuteReader(SqlDataReader ds, RunBehavior runBehavior, String resetOptionsString)
   at System.Data.SqlClient.SqlCommand.RunExecuteReaderTds(CommandBehavior cmdBehavior, RunBehavior runBehavior, Boolean returnStream, Boolean async, Int32 timeout, Task& task, Boolean asyncWrite, SqlDataReader ds)
   at System.Data.SqlClient.SqlCommand.RunExecuteReader(CommandBehavior cmdBehavior, RunBehavior runBehavior, Boolean returnStream, String method, TaskCompletionSource`1 completion, Int32 timeout, Task& task, Boolean asyncWrite)
   at System.Data.SqlClient.SqlCommand.RunExecuteReader(CommandBehavior cmdBehavior, RunBehavior runBehavior, Boolean returnStream, String method)
   at System.Data.SqlClient.SqlCommand.ExecuteReader(CommandBehavior behavior, String method)
   at System.Data.SqlClient.SqlCommand.ExecuteReader()
   at CalcmenuAPI.CalcmenuAPI.IngredientController.GetIngredients(Int32 codesite, Int32 codetrans, Int32 codesetprice, String name, Int32 skip, Int32 take, Int32 searchtype, Int32 category, Int32 sharetype, Int32 namefilter, Int32 isfulltext, Int32 sortby) in C:\Data\Project\CalcmenuAPI\Controllers\IngredientController.vb:line 83
ClientConnectionId:8720fa1c-e843-4294-ba59-696fd329e0ce
2014-04-07 17:36:18,427 [20] INFO  CalcmenuAPI.Common - Calling GetIngredients(codesite;codetrans;codesetprice;name;skip;take;searchtype;category;sharetype;namefilter;isfulltext;sortby)(1;1;1;;0;10;0;-1;0;2;0;1)
