2014-07-31 14:52:06,418 [6] INFO  CalcmenuAPI.Global_asax - CalcmenuAPI was started
2014-07-31 14:52:06,556 [6] ERROR CalcmenuAPI.Global_asax - File does not exist.
2014-07-31 14:52:06,576 [6] ERROR CalcmenuAPI.Global_asax -    at System.Web.StaticFileHandler.GetFileInfo(String virtualPathWithPathInfo, String physicalPath, HttpResponse response)
   at System.Web.StaticFileHandler.ProcessRequestInternal(HttpContext context, String overrideVirtualPath)
   at System.Web.DefaultHttpHandler.BeginProcessRequest(HttpContext context, AsyncCallback callback, Object state)
   at System.Web.HttpApplication.CallHandlerExecutionStep.System.Web.HttpApplication.IExecutionStep.Execute()
   at System.Web.HttpApplication.ExecuteStep(IExecutionStep step, Boolean& completedSynchronously)
2014-07-31 14:53:40,774 [7] WARN  CalcmenuAPI.CalcmenuAPI.AliasController - SearchAliasByName: Missing or invalid parameters
System.ArgumentException: Column 'Code' does not belong to table Table.
   at Microsoft.VisualBasic.CompilerServices.Symbols.Container.InvokeMethod(Method TargetProcedure, Object[] Arguments, Boolean[] CopyBack, BindingFlags Flags)
   at Microsoft.VisualBasic.CompilerServices.NewLateBinding.CallMethod(Container BaseReference, String MethodName, Object[] Arguments, String[] ArgumentNames, Type[] TypeArguments, Boolean[] CopyBack, BindingFlags InvocationFlags, Boolean ReportErrors, ResolutionFailure& Failure)
   at Microsoft.VisualBasic.CompilerServices.NewLateBinding.InternalLateIndexGet(Object Instance, Object[] Arguments, String[] ArgumentNames, Boolean ReportErrors, ResolutionFailure& Failure, Boolean[] CopyBack)
   at Microsoft.VisualBasic.CompilerServices.NewLateBinding.ObjectLateInvokeDefault(Object Instance, Object[] Arguments, String[] ArgumentNames, Boolean ReportErrors, Boolean[] CopyBack)
   at Microsoft.VisualBasic.CompilerServices.NewLateBinding.LateIndexGet(Object Instance, Object[] Arguments, String[] ArgumentNames)
   at CalcmenuAPI.CalcmenuAPI.AliasController.SearchAliasByName(Int32 codetrans, String name) in C:\Data\Project\CalcmenuAPI\Controllers\AliasController.vb:line 240
2014-07-31 14:53:50,424 [6] INFO  CalcmenuAPI.Global_asax - CalcmenuAPI was started
2014-07-31 14:53:50,456 [6] ERROR CalcmenuAPI.Global_asax - File does not exist.
2014-07-31 14:53:50,458 [6] ERROR CalcmenuAPI.Global_asax -    at System.Web.StaticFileHandler.GetFileInfo(String virtualPathWithPathInfo, String physicalPath, HttpResponse response)
   at System.Web.StaticFileHandler.ProcessRequestInternal(HttpContext context, String overrideVirtualPath)
   at System.Web.DefaultHttpHandler.BeginProcessRequest(HttpContext context, AsyncCallback callback, Object state)
   at System.Web.HttpApplication.CallHandlerExecutionStep.System.Web.HttpApplication.IExecutionStep.Execute()
   at System.Web.HttpApplication.ExecuteStep(IExecutionStep step, Boolean& completedSynchronously)
2014-07-31 14:54:07,672 [8] WARN  CalcmenuAPI.CalcmenuAPI.AliasController - SearchAliasByName: Missing or invalid parameters
System.ArgumentException: Column 'Id' does not belong to table Table.
   at Microsoft.VisualBasic.CompilerServices.Symbols.Container.InvokeMethod(Method TargetProcedure, Object[] Arguments, Boolean[] CopyBack, BindingFlags Flags)
   at Microsoft.VisualBasic.CompilerServices.NewLateBinding.CallMethod(Container BaseReference, String MethodName, Object[] Arguments, String[] ArgumentNames, Type[] TypeArguments, Boolean[] CopyBack, BindingFlags InvocationFlags, Boolean ReportErrors, ResolutionFailure& Failure)
   at Microsoft.VisualBasic.CompilerServices.NewLateBinding.InternalLateIndexGet(Object Instance, Object[] Arguments, String[] ArgumentNames, Boolean ReportErrors, ResolutionFailure& Failure, Boolean[] CopyBack)
   at Microsoft.VisualBasic.CompilerServices.NewLateBinding.ObjectLateInvokeDefault(Object Instance, Object[] Arguments, String[] ArgumentNames, Boolean ReportErrors, Boolean[] CopyBack)
   at Microsoft.VisualBasic.CompilerServices.NewLateBinding.LateIndexGet(Object Instance, Object[] Arguments, String[] ArgumentNames)
   at CalcmenuAPI.CalcmenuAPI.AliasController.SearchAliasByName(Int32 codetrans, String name) in C:\Data\Project\CalcmenuAPI\Controllers\AliasController.vb:line 240
