2014-01-24 18:28:04,609 [6] INFO  CalcmenuAPI.Global_asax - CalcmenuAPI was started
2014-01-24 18:39:18,034 [15] INFO  CalcmenuAPI.Global_asax - CalcmenuAPI was started
2014-01-24 18:40:28,232 [19] INFO  CalcmenuAPI.CalcmenuAPI.RecipeController - Calling CheckOut:{"CodeListe":150,"CodeUser":74}
2014-01-24 18:40:28,253 [27] INFO  CalcmenuAPI.CalcmenuAPI.BreadcrumbsController - Calling UpdateBreadcrumbs:{"CodeUser":74,"ListeItemType":8,"CodeListe":150,"Tab":0,"Save":1}
2014-01-24 18:40:29,023 [13] ERROR CalcmenuAPI.Global_asax - File does not exist.
2014-01-24 18:40:29,025 [13] ERROR CalcmenuAPI.Global_asax -    at System.Web.StaticFileHandler.GetFileInfo(String virtualPathWithPathInfo, String physicalPath, HttpResponse response)
   at System.Web.StaticFileHandler.ProcessRequestInternal(HttpContext context, String overrideVirtualPath)
   at System.Web.DefaultHttpHandler.BeginProcessRequest(HttpContext context, AsyncCallback callback, Object state)
   at System.Web.HttpApplication.CallHandlerExecutionStep.System.Web.HttpApplication.IExecutionStep.Execute()
   at System.Web.HttpApplication.ExecuteStep(IExecutionStep step, Boolean& completedSynchronously)
2014-01-24 18:41:24,605 [12] INFO  CalcmenuAPI.CalcmenuAPI.RecipeController - Calling CheckOut:{"CodeListe":150,"CodeUser":74}
2014-01-24 18:41:24,606 [10] INFO  CalcmenuAPI.CalcmenuAPI.BreadcrumbsController - Calling UpdateBreadcrumbs:{"CodeUser":74,"ListeItemType":8,"CodeListe":150,"Tab":0,"Save":1}
2014-01-24 18:41:25,065 [14] ERROR CalcmenuAPI.Global_asax - File does not exist.
2014-01-24 18:41:25,067 [14] ERROR CalcmenuAPI.Global_asax -    at System.Web.StaticFileHandler.GetFileInfo(String virtualPathWithPathInfo, String physicalPath, HttpResponse response)
   at System.Web.StaticFileHandler.ProcessRequestInternal(HttpContext context, String overrideVirtualPath)
   at System.Web.DefaultHttpHandler.BeginProcessRequest(HttpContext context, AsyncCallback callback, Object state)
   at System.Web.HttpApplication.CallHandlerExecutionStep.System.Web.HttpApplication.IExecutionStep.Execute()
   at System.Web.HttpApplication.ExecuteStep(IExecutionStep step, Boolean& completedSynchronously)
2014-01-24 18:43:19,421 [15] INFO  CalcmenuAPI.Global_asax - CalcmenuAPI was started
2014-01-24 18:48:55,618 [16] INFO  CalcmenuAPI.Global_asax - CalcmenuAPI was started
2014-01-24 18:48:58,213 [26] INFO  CalcmenuAPI.CalcmenuAPI.RecipeController - Calling CheckOut:{"CodeListe":150,"CodeUser":74}
2014-01-24 18:48:58,215 [32] INFO  CalcmenuAPI.CalcmenuAPI.BreadcrumbsController - Calling UpdateBreadcrumbs:{"CodeUser":74,"ListeItemType":8,"CodeListe":150,"Tab":0,"Save":1}
2014-01-24 18:48:58,770 [16] ERROR CalcmenuAPI.Global_asax - File does not exist.
2014-01-24 18:48:58,772 [16] ERROR CalcmenuAPI.Global_asax -    at System.Web.StaticFileHandler.GetFileInfo(String virtualPathWithPathInfo, String physicalPath, HttpResponse response)
   at System.Web.StaticFileHandler.ProcessRequestInternal(HttpContext context, String overrideVirtualPath)
   at System.Web.DefaultHttpHandler.BeginProcessRequest(HttpContext context, AsyncCallback callback, Object state)
   at System.Web.HttpApplication.CallHandlerExecutionStep.System.Web.HttpApplication.IExecutionStep.Execute()
   at System.Web.HttpApplication.ExecuteStep(IExecutionStep step, Boolean& completedSynchronously)
2014-01-24 18:49:21,215 [5] INFO  CalcmenuAPI.CalcmenuAPI.RecipeController - Calling CheckOut:{"CodeListe":150,"CodeUser":74}
2014-01-24 18:49:21,216 [36] INFO  CalcmenuAPI.CalcmenuAPI.BreadcrumbsController - Calling UpdateBreadcrumbs:{"CodeUser":74,"ListeItemType":8,"CodeListe":150,"Tab":0,"Save":1}
2014-01-24 18:49:21,686 [29] ERROR CalcmenuAPI.Global_asax - File does not exist.
2014-01-24 18:49:21,687 [29] ERROR CalcmenuAPI.Global_asax -    at System.Web.StaticFileHandler.GetFileInfo(String virtualPathWithPathInfo, String physicalPath, HttpResponse response)
   at System.Web.StaticFileHandler.ProcessRequestInternal(HttpContext context, String overrideVirtualPath)
   at System.Web.DefaultHttpHandler.BeginProcessRequest(HttpContext context, AsyncCallback callback, Object state)
   at System.Web.HttpApplication.CallHandlerExecutionStep.System.Web.HttpApplication.IExecutionStep.Execute()
   at System.Web.HttpApplication.ExecuteStep(IExecutionStep step, Boolean& completedSynchronously)
2014-01-24 18:49:40,073 [21] INFO  CalcmenuAPI.CalcmenuAPI.RecipeController - Calling CheckOut:{"CodeListe":150,"CodeUser":74}
2014-01-24 18:49:40,074 [23] INFO  CalcmenuAPI.CalcmenuAPI.BreadcrumbsController - Calling UpdateBreadcrumbs:{"CodeUser":74,"ListeItemType":8,"CodeListe":150,"Tab":0,"Save":1}
2014-01-24 18:49:40,557 [29] ERROR CalcmenuAPI.Global_asax - File does not exist.
2014-01-24 18:49:40,559 [29] ERROR CalcmenuAPI.Global_asax -    at System.Web.StaticFileHandler.GetFileInfo(String virtualPathWithPathInfo, String physicalPath, HttpResponse response)
   at System.Web.StaticFileHandler.ProcessRequestInternal(HttpContext context, String overrideVirtualPath)
   at System.Web.DefaultHttpHandler.BeginProcessRequest(HttpContext context, AsyncCallback callback, Object state)
   at System.Web.HttpApplication.CallHandlerExecutionStep.System.Web.HttpApplication.IExecutionStep.Execute()
   at System.Web.HttpApplication.ExecuteStep(IExecutionStep step, Boolean& completedSynchronously)
