2015-05-12 12:56:15,446 [5] INFO  CalcmenuAPI.Global_asax - CalcmenuAPI was started
2015-05-12 12:56:15,590 [5] ERROR CalcmenuAPI.Global_asax - File does not exist.
2015-05-12 12:56:15,597 [5] ERROR CalcmenuAPI.Global_asax -    at System.Web.StaticFileHandler.GetFileInfo(String virtualPathWithPathInfo, String physicalPath, HttpResponse response)
   at System.Web.StaticFileHandler.ProcessRequestInternal(HttpContext context, String overrideVirtualPath)
   at System.Web.DefaultHttpHandler.BeginProcessRequest(HttpContext context, AsyncCallback callback, Object state)
   at System.Web.HttpApplication.CallHandlerExecutionStep.System.Web.HttpApplication.IExecutionStep.Execute()
   at System.Web.HttpApplication.ExecuteStep(IExecutionStep step, Boolean& completedSynchronously)
2015-05-12 12:56:15,683 [6] ERROR CalcmenuAPI.Global_asax - File does not exist.
2015-05-12 12:56:15,704 [6] ERROR CalcmenuAPI.Global_asax -    at System.Web.StaticFileHandler.GetFileInfo(String virtualPathWithPathInfo, String physicalPath, HttpResponse response)
   at System.Web.StaticFileHandler.ProcessRequestInternal(HttpContext context, String overrideVirtualPath)
   at System.Web.DefaultHttpHandler.BeginProcessRequest(HttpContext context, AsyncCallback callback, Object state)
   at System.Web.HttpApplication.CallHandlerExecutionStep.System.Web.HttpApplication.IExecutionStep.Execute()
   at System.Web.HttpApplication.ExecuteStep(IExecutionStep step, Boolean& completedSynchronously)
2015-05-12 13:02:50,556 [14] ERROR CalcmenuAPI.CalcmenuAPI.RecipeController - GetRecipe: Unexpected error occured
System.IndexOutOfRangeException: HitCounter
   at System.Data.ProviderBase.FieldNameLookup.GetOrdinal(String fieldName)
   at System.Data.SqlClient.SqlDataReader.GetOrdinal(String name)
   at System.Data.SqlClient.SqlDataReader.get_Item(String name)
   at CalcmenuAPI.CalcmenuAPI.RecipeController.GetRecipe(Int32 codeliste, Int32 codesite, Int32 codetrans, Int32 codesetprice, Int32 codenutrientset, Int32 codeuser, Int32 rolelevel) in D:\Data\Projects\ASPNET\MVC\CalcmenuAPI\Controllers\RecipeController.vb:line 340
2015-05-12 14:06:11,902 [5] INFO  CalcmenuAPI.Global_asax - CalcmenuAPI was started
2015-05-12 14:06:11,919 [5] ERROR CalcmenuAPI.Global_asax - File does not exist.
2015-05-12 14:06:11,921 [5] ERROR CalcmenuAPI.Global_asax -    at System.Web.StaticFileHandler.GetFileInfo(String virtualPathWithPathInfo, String physicalPath, HttpResponse response)
   at System.Web.StaticFileHandler.ProcessRequestInternal(HttpContext context, String overrideVirtualPath)
   at System.Web.DefaultHttpHandler.BeginProcessRequest(HttpContext context, AsyncCallback callback, Object state)
   at System.Web.HttpApplication.CallHandlerExecutionStep.System.Web.HttpApplication.IExecutionStep.Execute()
   at System.Web.HttpApplication.ExecuteStep(IExecutionStep step, Boolean& completedSynchronously)
