2015-09-18 18:45:00,851 [5] INFO  CalcmenuAPI.Global_asax - CalcmenuAPI was started
2015-09-18 18:45:01,166 [5] ERROR CalcmenuAPI.Global_asax - File does not exist.
2015-09-18 18:45:01,182 [5] ERROR CalcmenuAPI.Global_asax -    at System.Web.StaticFileHandler.GetFileInfo(String virtualPathWithPathInfo, String physicalPath, HttpResponse response)
   at System.Web.StaticFileHandler.ProcessRequestInternal(HttpContext context, String overrideVirtualPath)
   at System.Web.DefaultHttpHandler.BeginProcessRequest(HttpContext context, AsyncCallback callback, Object state)
   at System.Web.HttpApplication.CallHandlerExecutionStep.System.Web.HttpApplication.IExecutionStep.Execute()
   at System.Web.HttpApplication.ExecuteStep(IExecutionStep step, Boolean& completedSynchronously)
2015-09-18 18:46:41,947 [6] ERROR CalcmenuAPI.CalcmenuAPI.RecipeController - GetRecipeLabelComposition: Unexpected error occured
System.Data.SqlClient.SqlException (0x80131904): A network-related or instance-specific error occurred while establishing a connection to SQL Server. The server was not found or was not accessible. Verify that the instance name is correct and that SQL Server is configured to allow remote connections. (provider: Named Pipes Provider, error: 40 - Could not open a connection to SQL Server) ---> System.ComponentModel.Win32Exception (0x80004005): The network path was not found
   at System.Data.SqlClient.SqlInternalConnection.OnError(SqlException exception, Boolean breakConnection, Action`1 wrapCloseInAction)
   at System.Data.SqlClient.TdsParser.ThrowExceptionAndWarning(TdsParserStateObject stateObj, Boolean callerHasConnectionLock, Boolean asyncClose)
   at System.Data.SqlClient.TdsParser.Connect(ServerInfo serverInfo, SqlInternalConnectionTds connHandler, Boolean ignoreSniOpenTimeout, Int64 timerExpire, Boolean encrypt, Boolean trustServerCert, Boolean integratedSecurity, Boolean withFailover)
   at System.Data.SqlClient.SqlInternalConnectionTds.AttemptOneLogin(ServerInfo serverInfo, String newPassword, SecureString newSecurePassword, Boolean ignoreSniOpenTimeout, TimeoutTimer timeout, Boolean withFailover)
   at System.Data.SqlClient.SqlInternalConnectionTds.LoginNoFailover(ServerInfo serverInfo, String newPassword, SecureString newSecurePassword, Boolean redirectedUserInstance, SqlConnectionString connectionOptions, SqlCredential credential, TimeoutTimer timeout)
   at System.Data.SqlClient.SqlInternalConnectionTds.OpenLoginEnlist(TimeoutTimer timeout, SqlConnectionString connectionOptions, SqlCredential credential, String newPassword, SecureString newSecurePassword, Boolean redirectedUserInstance)
   at System.Data.SqlClient.SqlInternalConnectionTds..ctor(DbConnectionPoolIdentity identity, SqlConnectionString connectionOptions, SqlCredential credential, Object providerInfo, String newPassword, SecureString newSecurePassword, Boolean redirectedUserInstance, SqlConnectionString userConnectionOptions, SessionData reconnectSessionData)
   at System.Data.SqlClient.SqlConnectionFactory.CreateConnection(DbConnectionOptions options, DbConnectionPoolKey poolKey, Object poolGroupProviderInfo, DbConnectionPool pool, DbConnection owningConnection, DbConnectionOptions userOptions)
   at System.Data.ProviderBase.DbConnectionFactory.CreatePooledConnection(DbConnectionPool pool, DbConnection owningObject, DbConnectionOptions options, DbConnectionPoolKey poolKey, DbConnectionOptions userOptions)
   at System.Data.ProviderBase.DbConnectionPool.CreateObject(DbConnection owningObject, DbConnectionOptions userOptions, DbConnectionInternal oldConnection)
   at System.Data.ProviderBase.DbConnectionPool.UserCreateRequest(DbConnection owningObject, DbConnectionOptions userOptions, DbConnectionInternal oldConnection)
   at System.Data.ProviderBase.DbConnectionPool.TryGetConnection(DbConnection owningObject, UInt32 waitForMultipleObjectsTimeout, Boolean allowCreate, Boolean onlyOneCheckConnection, DbConnectionOptions userOptions, DbConnectionInternal& connection)
   at System.Data.ProviderBase.DbConnectionPool.TryGetConnection(DbConnection owningObject, TaskCompletionSource`1 retry, DbConnectionOptions userOptions, DbConnectionInternal& connection)
   at System.Data.ProviderBase.DbConnectionFactory.TryGetConnection(DbConnection owningConnection, TaskCompletionSource`1 retry, DbConnectionOptions userOptions, DbConnectionInternal oldConnection, DbConnectionInternal& connection)
   at System.Data.ProviderBase.DbConnectionInternal.TryOpenConnectionInternal(DbConnection outerConnection, DbConnectionFactory connectionFactory, TaskCompletionSource`1 retry, DbConnectionOptions userOptions)
   at System.Data.ProviderBase.DbConnectionClosed.TryOpenConnection(DbConnection outerConnection, DbConnectionFactory connectionFactory, TaskCompletionSource`1 retry, DbConnectionOptions userOptions)
   at System.Data.SqlClient.SqlConnection.TryOpenInner(TaskCompletionSource`1 retry)
   at System.Data.SqlClient.SqlConnection.TryOpen(TaskCompletionSource`1 retry)
   at System.Data.SqlClient.SqlConnection.Open()
   at CalcmenuAPI.CalcmenuAPI.RecipeController.GetRecipeLabelComposition(Int32 codeliste) in D:\Data\Projects\ASPNET\MVC\CalcmenuAPI\Controllers\RecipeController.vb:line 3937
ClientConnectionId:00000000-0000-0000-0000-000000000000
2015-09-18 18:46:42,092 [18] ERROR CalcmenuAPI.Global_asax - File does not exist.
2015-09-18 18:46:42,096 [18] ERROR CalcmenuAPI.Global_asax -    at System.Web.StaticFileHandler.GetFileInfo(String virtualPathWithPathInfo, String physicalPath, HttpResponse response)
   at System.Web.StaticFileHandler.ProcessRequestInternal(HttpContext context, String overrideVirtualPath)
   at System.Web.DefaultHttpHandler.BeginProcessRequest(HttpContext context, AsyncCallback callback, Object state)
   at System.Web.HttpApplication.CallHandlerExecutionStep.System.Web.HttpApplication.IExecutionStep.Execute()
   at System.Web.HttpApplication.ExecuteStep(IExecutionStep step, Boolean& completedSynchronously)
2015-09-18 18:47:10,125 [5] INFO  CalcmenuAPI.Global_asax - CalcmenuAPI was started
2015-09-18 18:47:10,162 [5] ERROR CalcmenuAPI.Global_asax - File does not exist.
2015-09-18 18:47:10,165 [5] ERROR CalcmenuAPI.Global_asax -    at System.Web.StaticFileHandler.GetFileInfo(String virtualPathWithPathInfo, String physicalPath, HttpResponse response)
   at System.Web.StaticFileHandler.ProcessRequestInternal(HttpContext context, String overrideVirtualPath)
   at System.Web.DefaultHttpHandler.BeginProcessRequest(HttpContext context, AsyncCallback callback, Object state)
   at System.Web.HttpApplication.CallHandlerExecutionStep.System.Web.HttpApplication.IExecutionStep.Execute()
   at System.Web.HttpApplication.ExecuteStep(IExecutionStep step, Boolean& completedSynchronously)
2015-09-18 18:54:12,037 [18] WARN  CalcmenuAPI.CalcmenuAPI.RecipeController - GetRecipeLabelComposition: Missing or invalid parameters
System.ArgumentException: Column 'CodeTrans' does not belong to table Table.
   at Microsoft.VisualBasic.CompilerServices.Symbols.Container.InvokeMethod(Method TargetProcedure, Object[] Arguments, Boolean[] CopyBack, BindingFlags Flags)
   at Microsoft.VisualBasic.CompilerServices.NewLateBinding.CallMethod(Container BaseReference, String MethodName, Object[] Arguments, String[] ArgumentNames, Type[] TypeArguments, Boolean[] CopyBack, BindingFlags InvocationFlags, Boolean ReportErrors, ResolutionFailure& Failure)
   at Microsoft.VisualBasic.CompilerServices.NewLateBinding.InternalLateIndexGet(Object Instance, Object[] Arguments, String[] ArgumentNames, Boolean ReportErrors, ResolutionFailure& Failure, Boolean[] CopyBack)
   at Microsoft.VisualBasic.CompilerServices.NewLateBinding.ObjectLateInvokeDefault(Object Instance, Object[] Arguments, String[] ArgumentNames, Boolean ReportErrors, Boolean[] CopyBack)
   at Microsoft.VisualBasic.CompilerServices.NewLateBinding.LateIndexGet(Object Instance, Object[] Arguments, String[] ArgumentNames)
   at CalcmenuAPI.CalcmenuAPI.RecipeController.GetRecipeLabelComposition(Int32 codeliste) in D:\Data\Projects\ASPNET\MVC\CalcmenuAPI\Controllers\RecipeController.vb:line 3964
2015-09-18 18:55:42,617 [18] INFO  CalcmenuAPI.Global_asax - CalcmenuAPI was started
