2015-06-02 11:50:43,479 [5] INFO  CalcmenuAPI.Global_asax - CalcmenuAPI was started
2015-06-02 11:50:43,687 [5] ERROR CalcmenuAPI.Global_asax - File does not exist.
2015-06-02 11:50:43,689 [5] ERROR CalcmenuAPI.Global_asax -    at System.Web.StaticFileHandler.GetFileInfo(String virtualPathWithPathInfo, String physicalPath, HttpResponse response)
   at System.Web.StaticFileHandler.ProcessRequestInternal(HttpContext context, String overrideVirtualPath)
   at System.Web.DefaultHttpHandler.BeginProcessRequest(HttpContext context, AsyncCallback callback, Object state)
   at System.Web.HttpApplication.CallHandlerExecutionStep.System.Web.HttpApplication.IExecutionStep.Execute()
   at System.Web.HttpApplication.ExecuteStep(IExecutionStep step, Boolean& completedSynchronously)
2015-06-02 11:50:43,799 [6] ERROR CalcmenuAPI.Global_asax - File does not exist.
2015-06-02 11:50:43,803 [6] ERROR CalcmenuAPI.Global_asax -    at System.Web.StaticFileHandler.GetFileInfo(String virtualPathWithPathInfo, String physicalPath, HttpResponse response)
   at System.Web.StaticFileHandler.ProcessRequestInternal(HttpContext context, String overrideVirtualPath)
   at System.Web.DefaultHttpHandler.BeginProcessRequest(HttpContext context, AsyncCallback callback, Object state)
   at System.Web.HttpApplication.CallHandlerExecutionStep.System.Web.HttpApplication.IExecutionStep.Execute()
   at System.Web.HttpApplication.ExecuteStep(IExecutionStep step, Boolean& completedSynchronously)
2015-06-02 13:52:15,972 [5] ERROR CalcmenuAPI.Global_asax - File does not exist.
2015-06-02 13:52:15,978 [5] ERROR CalcmenuAPI.Global_asax -    at System.Web.StaticFileHandler.GetFileInfo(String virtualPathWithPathInfo, String physicalPath, HttpResponse response)
   at System.Web.StaticFileHandler.ProcessRequestInternal(HttpContext context, String overrideVirtualPath)
   at System.Web.DefaultHttpHandler.BeginProcessRequest(HttpContext context, AsyncCallback callback, Object state)
   at System.Web.HttpApplication.CallHandlerExecutionStep.System.Web.HttpApplication.IExecutionStep.Execute()
   at System.Web.HttpApplication.ExecuteStep(IExecutionStep step, Boolean& completedSynchronously)
2015-06-02 13:57:09,263 [13] INFO  CalcmenuAPI.Global_asax - CalcmenuAPI was started
2015-06-02 13:57:09,610 [13] WARN  CalcmenuAPI.CalcmenuAPI.BrandController - GetBrandBySite: Missing or invalid parameters
System.ArgumentException: Column 'ParentName' does not belong to table Table.
   at Microsoft.VisualBasic.CompilerServices.Symbols.Container.InvokeMethod(Method TargetProcedure, Object[] Arguments, Boolean[] CopyBack, BindingFlags Flags)
   at Microsoft.VisualBasic.CompilerServices.NewLateBinding.CallMethod(Container BaseReference, String MethodName, Object[] Arguments, String[] ArgumentNames, Type[] TypeArguments, Boolean[] CopyBack, BindingFlags InvocationFlags, Boolean ReportErrors, ResolutionFailure& Failure)
   at Microsoft.VisualBasic.CompilerServices.NewLateBinding.InternalLateIndexGet(Object Instance, Object[] Arguments, String[] ArgumentNames, Boolean ReportErrors, ResolutionFailure& Failure, Boolean[] CopyBack)
   at Microsoft.VisualBasic.CompilerServices.NewLateBinding.ObjectLateInvokeDefault(Object Instance, Object[] Arguments, String[] ArgumentNames, Boolean ReportErrors, Boolean[] CopyBack)
   at Microsoft.VisualBasic.CompilerServices.NewLateBinding.LateIndexGet(Object Instance, Object[] Arguments, String[] ArgumentNames)
   at CalcmenuAPI.CalcmenuAPI.BrandController.GetBrandBySite(Int32 codesite, Int32 codetrans, String name, Boolean activeonly, Boolean tree) in D:\Data\Projects\ASPNET\MVC\CalcmenuAPI\Controllers\BrandController.vb:line 101
2015-06-02 13:57:25,453 [13] INFO  CalcmenuAPI.Global_asax - CalcmenuAPI was started
2015-06-02 13:57:25,529 [13] ERROR CalcmenuAPI.Global_asax - File does not exist.
2015-06-02 13:57:25,537 [13] ERROR CalcmenuAPI.Global_asax -    at System.Web.StaticFileHandler.GetFileInfo(String virtualPathWithPathInfo, String physicalPath, HttpResponse response)
   at System.Web.StaticFileHandler.ProcessRequestInternal(HttpContext context, String overrideVirtualPath)
   at System.Web.DefaultHttpHandler.BeginProcessRequest(HttpContext context, AsyncCallback callback, Object state)
   at System.Web.HttpApplication.CallHandlerExecutionStep.System.Web.HttpApplication.IExecutionStep.Execute()
   at System.Web.HttpApplication.ExecuteStep(IExecutionStep step, Boolean& completedSynchronously)
2015-06-02 15:24:04,372 [19] WARN  CalcmenuAPI.CalcmenuAPI.BrandController - GetBrandBySite: Missing or invalid parameters
System.ArgumentException: Column 'ParentName' does not belong to table Table.
   at Microsoft.VisualBasic.CompilerServices.Symbols.Container.InvokeMethod(Method TargetProcedure, Object[] Arguments, Boolean[] CopyBack, BindingFlags Flags)
   at Microsoft.VisualBasic.CompilerServices.NewLateBinding.CallMethod(Container BaseReference, String MethodName, Object[] Arguments, String[] ArgumentNames, Type[] TypeArguments, Boolean[] CopyBack, BindingFlags InvocationFlags, Boolean ReportErrors, ResolutionFailure& Failure)
   at Microsoft.VisualBasic.CompilerServices.NewLateBinding.InternalLateIndexGet(Object Instance, Object[] Arguments, String[] ArgumentNames, Boolean ReportErrors, ResolutionFailure& Failure, Boolean[] CopyBack)
   at Microsoft.VisualBasic.CompilerServices.NewLateBinding.ObjectLateInvokeDefault(Object Instance, Object[] Arguments, String[] ArgumentNames, Boolean ReportErrors, Boolean[] CopyBack)
   at Microsoft.VisualBasic.CompilerServices.NewLateBinding.LateIndexGet(Object Instance, Object[] Arguments, String[] ArgumentNames)
   at CalcmenuAPI.CalcmenuAPI.BrandController.GetBrandBySite(Int32 codesite, Int32 codetrans, String name, Boolean activeonly, Boolean tree) in D:\Data\Projects\ASPNET\MVC\CalcmenuAPI\Controllers\BrandController.vb:line 101
