2016-01-14 19:08:45,312 [6] INFO  CalcmenuAPI.Global_asax - CalcmenuAPI was started
2016-01-14 19:08:45,450 [6] ERROR CalcmenuAPI.Global_asax - File does not exist.
2016-01-14 19:08:45,463 [6] ERROR CalcmenuAPI.Global_asax -    at System.Web.StaticFileHandler.GetFileInfo(String virtualPathWithPathInfo, String physicalPath, HttpResponse response)
   at System.Web.StaticFileHandler.ProcessRequestInternal(HttpContext context, String overrideVirtualPath)
   at System.Web.DefaultHttpHandler.BeginProcessRequest(HttpContext context, AsyncCallback callback, Object state)
   at System.Web.HttpApplication.CallHandlerExecutionStep.System.Web.HttpApplication.IExecutionStep.Execute()
   at System.Web.HttpApplication.ExecuteStep(IExecutionStep step, Boolean& completedSynchronously)
2016-01-14 19:10:54,206 [7] INFO  CalcmenuAPI.Global_asax - CalcmenuAPI was started
2016-01-14 19:10:55,438 [7] INFO  CalcmenuAPI.CalcmenuAPI.RecipeController - Calling SaveRecipe:{"Info":{"CodeListe":0,"CodeSetPrice":0,"Type":0,"CodeCategory":0,"CodeSource":0,"Yield":0.0,"CodeYieldUnit":0,"Percent":0,"Yield2":0.0,"CodeYieldUnit2":0,"SrQty":0.0,"SrUnitCode":0,"CodeTrans":0,"CodeSite":0,"CodeUser":0,"CodeCreatedBy":0,"CodeModifiedBy":0,"DefaultPicture":0,"Rating":0,"Difficulty":0,"Budget":0,"QuickAndEasy":0,"CodeRecipeState":0,"CodeNutrientSet":0,"PackagingMethodCode":0,"CertificationCode":0,"InformationCode":0,"TemperatureCode":0,"IsGlobal":false,"WithDeclaration":false,"PriceSmallPortion":"0","PriceLargePortion":"0"},"hasApprover":false,"NextRoleLevelApprover":0,"NutrientSetCode":0}
2016-01-14 19:12:10,188 [7] ERROR CalcmenuAPI.CalcmenuAPI.RecipeController - SaveRecipe: Unexpected error occured
System.Data.SqlClient.SqlException (0x80131904): Procedure or function 'sp_EgswListeUpdate' expects parameter '@nvcName', which was not supplied.
   at System.Data.SqlClient.SqlConnection.OnError(SqlException exception, Boolean breakConnection, Action`1 wrapCloseInAction)
   at System.Data.SqlClient.SqlInternalConnection.OnError(SqlException exception, Boolean breakConnection, Action`1 wrapCloseInAction)
   at System.Data.SqlClient.TdsParser.ThrowExceptionAndWarning(TdsParserStateObject stateObj, Boolean callerHasConnectionLock, Boolean asyncClose)
   at System.Data.SqlClient.TdsParser.TryRun(RunBehavior runBehavior, SqlCommand cmdHandler, SqlDataReader dataStream, BulkCopySimpleResultSet bulkCopyHandler, TdsParserStateObject stateObj, Boolean& dataReady)
   at System.Data.SqlClient.SqlCommand.FinishExecuteReader(SqlDataReader ds, RunBehavior runBehavior, String resetOptionsString)
   at System.Data.SqlClient.SqlCommand.RunExecuteReaderTds(CommandBehavior cmdBehavior, RunBehavior runBehavior, Boolean returnStream, Boolean async, Int32 timeout, Task& task, Boolean asyncWrite, SqlDataReader ds)
   at System.Data.SqlClient.SqlCommand.RunExecuteReader(CommandBehavior cmdBehavior, RunBehavior runBehavior, Boolean returnStream, String method, TaskCompletionSource`1 completion, Int32 timeout, Task& task, Boolean asyncWrite)
   at System.Data.SqlClient.SqlCommand.InternalExecuteNonQuery(TaskCompletionSource`1 completion, String methodName, Boolean sendToPipe, Int32 timeout, Boolean asyncWrite)
   at System.Data.SqlClient.SqlCommand.ExecuteNonQuery()
   at CalcmenuAPI.CalcmenuAPI.RecipeController.SaveRecipe(RecipeData data) in D:\Data\Projects\ASPNET\MVC\CalcmenuAPI\Controllers\RecipeController.vb:line 736
ClientConnectionId:99a6d6ee-5718-469d-9640-5af665c99adb
Error Number:201,State:4,Class:16
2016-01-14 19:12:42,853 [16] INFO  CalcmenuAPI.CalcmenuAPI.RecipeController - Calling SaveRecipe:{"Info":{"CodeListe":0,"CodeSetPrice":0,"Type":0,"CodeCategory":0,"CodeSource":0,"Yield":0.0,"CodeYieldUnit":0,"Percent":0,"Yield2":0.0,"CodeYieldUnit2":0,"SrQty":0.0,"SrUnitCode":0,"CodeTrans":0,"CodeSite":0,"CodeUser":0,"CodeCreatedBy":0,"CodeModifiedBy":0,"DefaultPicture":0,"Rating":0,"Difficulty":0,"Budget":0,"QuickAndEasy":0,"CodeRecipeState":0,"CodeNutrientSet":0,"PackagingMethodCode":0,"CertificationCode":0,"InformationCode":0,"TemperatureCode":0,"IsGlobal":false,"WithDeclaration":false,"PriceSmallPortion":"0","PriceLargePortion":"0"},"hasApprover":false,"NextRoleLevelApprover":0,"NutrientSetCode":0}
2016-01-14 19:12:52,043 [16] ERROR CalcmenuAPI.CalcmenuAPI.RecipeController - SaveRecipe: Unexpected error occured
System.Data.SqlClient.SqlException (0x80131904): Procedure or function 'sp_EgswListeUpdate' expects parameter '@nvcName', which was not supplied.
   at System.Data.SqlClient.SqlConnection.OnError(SqlException exception, Boolean breakConnection, Action`1 wrapCloseInAction)
   at System.Data.SqlClient.SqlInternalConnection.OnError(SqlException exception, Boolean breakConnection, Action`1 wrapCloseInAction)
   at System.Data.SqlClient.TdsParser.ThrowExceptionAndWarning(TdsParserStateObject stateObj, Boolean callerHasConnectionLock, Boolean asyncClose)
   at System.Data.SqlClient.TdsParser.TryRun(RunBehavior runBehavior, SqlCommand cmdHandler, SqlDataReader dataStream, BulkCopySimpleResultSet bulkCopyHandler, TdsParserStateObject stateObj, Boolean& dataReady)
   at System.Data.SqlClient.SqlCommand.FinishExecuteReader(SqlDataReader ds, RunBehavior runBehavior, String resetOptionsString)
   at System.Data.SqlClient.SqlCommand.RunExecuteReaderTds(CommandBehavior cmdBehavior, RunBehavior runBehavior, Boolean returnStream, Boolean async, Int32 timeout, Task& task, Boolean asyncWrite, SqlDataReader ds)
   at System.Data.SqlClient.SqlCommand.RunExecuteReader(CommandBehavior cmdBehavior, RunBehavior runBehavior, Boolean returnStream, String method, TaskCompletionSource`1 completion, Int32 timeout, Task& task, Boolean asyncWrite)
   at System.Data.SqlClient.SqlCommand.InternalExecuteNonQuery(TaskCompletionSource`1 completion, String methodName, Boolean sendToPipe, Int32 timeout, Boolean asyncWrite)
   at System.Data.SqlClient.SqlCommand.ExecuteNonQuery()
   at CalcmenuAPI.CalcmenuAPI.RecipeController.SaveRecipe(RecipeData data) in D:\Data\Projects\ASPNET\MVC\CalcmenuAPI\Controllers\RecipeController.vb:line 736
ClientConnectionId:99a6d6ee-5718-469d-9640-5af665c99adb
Error Number:201,State:4,Class:16
2016-01-14 19:13:01,190 [16] INFO  CalcmenuAPI.CalcmenuAPI.RecipeController - Calling SaveRecipe:{"Info":{"CodeListe":0,"CodeSetPrice":0,"Type":0,"CodeCategory":0,"CodeSource":0,"Yield":0.0,"CodeYieldUnit":0,"Percent":0,"Yield2":0.0,"CodeYieldUnit2":0,"SrQty":0.0,"SrUnitCode":0,"CodeTrans":0,"CodeSite":0,"CodeUser":0,"CodeCreatedBy":0,"CodeModifiedBy":0,"DefaultPicture":0,"Rating":0,"Difficulty":0,"Budget":0,"QuickAndEasy":0,"CodeRecipeState":0,"CodeNutrientSet":0,"PackagingMethodCode":0,"CertificationCode":0,"InformationCode":0,"TemperatureCode":0,"IsGlobal":false,"WithDeclaration":false,"PriceSmallPortion":"0","PriceLargePortion":"0"},"hasApprover":false,"NextRoleLevelApprover":0,"NutrientSetCode":0}
2016-01-14 19:13:59,381 [16] ERROR CalcmenuAPI.CalcmenuAPI.RecipeController - SaveRecipe: Unexpected error occured
System.Data.SqlClient.SqlException (0x80131904): Procedure or function 'sp_EgswListeUpdate' expects parameter '@nvcName', which was not supplied.
   at System.Data.SqlClient.SqlConnection.OnError(SqlException exception, Boolean breakConnection, Action`1 wrapCloseInAction)
   at System.Data.SqlClient.SqlInternalConnection.OnError(SqlException exception, Boolean breakConnection, Action`1 wrapCloseInAction)
   at System.Data.SqlClient.TdsParser.ThrowExceptionAndWarning(TdsParserStateObject stateObj, Boolean callerHasConnectionLock, Boolean asyncClose)
   at System.Data.SqlClient.TdsParser.TryRun(RunBehavior runBehavior, SqlCommand cmdHandler, SqlDataReader dataStream, BulkCopySimpleResultSet bulkCopyHandler, TdsParserStateObject stateObj, Boolean& dataReady)
   at System.Data.SqlClient.SqlCommand.FinishExecuteReader(SqlDataReader ds, RunBehavior runBehavior, String resetOptionsString)
   at System.Data.SqlClient.SqlCommand.RunExecuteReaderTds(CommandBehavior cmdBehavior, RunBehavior runBehavior, Boolean returnStream, Boolean async, Int32 timeout, Task& task, Boolean asyncWrite, SqlDataReader ds)
   at System.Data.SqlClient.SqlCommand.RunExecuteReader(CommandBehavior cmdBehavior, RunBehavior runBehavior, Boolean returnStream, String method, TaskCompletionSource`1 completion, Int32 timeout, Task& task, Boolean asyncWrite)
   at System.Data.SqlClient.SqlCommand.InternalExecuteNonQuery(TaskCompletionSource`1 completion, String methodName, Boolean sendToPipe, Int32 timeout, Boolean asyncWrite)
   at System.Data.SqlClient.SqlCommand.ExecuteNonQuery()
   at CalcmenuAPI.CalcmenuAPI.RecipeController.SaveRecipe(RecipeData data) in D:\Data\Projects\ASPNET\MVC\CalcmenuAPI\Controllers\RecipeController.vb:line 736
ClientConnectionId:99a6d6ee-5718-469d-9640-5af665c99adb
Error Number:201,State:4,Class:16
2016-01-14 19:14:58,764 [11] INFO  CalcmenuAPI.CalcmenuAPI.RecipeController - Calling SaveRecipe:{"Info":{"CodeListe":0,"CodeSetPrice":0,"Type":0,"CodeCategory":0,"CodeSource":0,"Yield":0.0,"CodeYieldUnit":0,"Percent":0,"Yield2":0.0,"CodeYieldUnit2":0,"SrQty":0.0,"SrUnitCode":0,"CodeTrans":0,"CodeSite":0,"CodeUser":0,"CodeCreatedBy":0,"CodeModifiedBy":0,"DefaultPicture":0,"Rating":0,"Difficulty":0,"Budget":0,"QuickAndEasy":0,"CodeRecipeState":0,"CodeNutrientSet":0,"PackagingMethodCode":0,"CertificationCode":0,"InformationCode":0,"TemperatureCode":0,"IsGlobal":false,"WithDeclaration":false,"PriceSmallPortion":"0","PriceLargePortion":"0"},"hasApprover":false,"NextRoleLevelApprover":0,"NutrientSetCode":0}
2016-01-14 19:15:08,843 [11] ERROR CalcmenuAPI.CalcmenuAPI.RecipeController - SaveRecipe: Unexpected error occured
System.Data.SqlClient.SqlException (0x80131904): Procedure or function 'sp_EgswListeUpdate' expects parameter '@nvcName', which was not supplied.
   at System.Data.SqlClient.SqlConnection.OnError(SqlException exception, Boolean breakConnection, Action`1 wrapCloseInAction)
   at System.Data.SqlClient.SqlInternalConnection.OnError(SqlException exception, Boolean breakConnection, Action`1 wrapCloseInAction)
   at System.Data.SqlClient.TdsParser.ThrowExceptionAndWarning(TdsParserStateObject stateObj, Boolean callerHasConnectionLock, Boolean asyncClose)
   at System.Data.SqlClient.TdsParser.TryRun(RunBehavior runBehavior, SqlCommand cmdHandler, SqlDataReader dataStream, BulkCopySimpleResultSet bulkCopyHandler, TdsParserStateObject stateObj, Boolean& dataReady)
   at System.Data.SqlClient.SqlCommand.FinishExecuteReader(SqlDataReader ds, RunBehavior runBehavior, String resetOptionsString)
   at System.Data.SqlClient.SqlCommand.RunExecuteReaderTds(CommandBehavior cmdBehavior, RunBehavior runBehavior, Boolean returnStream, Boolean async, Int32 timeout, Task& task, Boolean asyncWrite, SqlDataReader ds)
   at System.Data.SqlClient.SqlCommand.RunExecuteReader(CommandBehavior cmdBehavior, RunBehavior runBehavior, Boolean returnStream, String method, TaskCompletionSource`1 completion, Int32 timeout, Task& task, Boolean asyncWrite)
   at System.Data.SqlClient.SqlCommand.InternalExecuteNonQuery(TaskCompletionSource`1 completion, String methodName, Boolean sendToPipe, Int32 timeout, Boolean asyncWrite)
   at System.Data.SqlClient.SqlCommand.ExecuteNonQuery()
   at CalcmenuAPI.CalcmenuAPI.RecipeController.SaveRecipe(RecipeData data) in D:\Data\Projects\ASPNET\MVC\CalcmenuAPI\Controllers\RecipeController.vb:line 736
ClientConnectionId:99a6d6ee-5718-469d-9640-5af665c99adb
Error Number:201,State:4,Class:16
2016-01-14 19:15:50,780 [24] INFO  CalcmenuAPI.CalcmenuAPI.RecipeController - Calling SaveRecipe:{"Info":{"CodeListe":0,"CodeSetPrice":0,"Type":0,"CodeCategory":0,"CodeSource":0,"Yield":0.0,"CodeYieldUnit":0,"Percent":0,"Yield2":0.0,"CodeYieldUnit2":0,"SrQty":0.0,"SrUnitCode":0,"CodeTrans":0,"CodeSite":0,"CodeUser":0,"CodeCreatedBy":0,"CodeModifiedBy":0,"DefaultPicture":0,"Rating":0,"Difficulty":0,"Budget":0,"QuickAndEasy":0,"CodeRecipeState":0,"CodeNutrientSet":0,"PackagingMethodCode":0,"CertificationCode":0,"InformationCode":0,"TemperatureCode":0,"IsGlobal":false,"WithDeclaration":false,"PriceSmallPortion":"0","PriceLargePortion":"0"},"hasApprover":false,"NextRoleLevelApprover":0,"NutrientSetCode":0}
2016-01-14 19:16:20,012 [24] ERROR CalcmenuAPI.CalcmenuAPI.RecipeController - SaveRecipe: Unexpected error occured
System.Data.SqlClient.SqlException (0x80131904): Procedure or function 'sp_EgswListeUpdate' expects parameter '@nvcName', which was not supplied.
   at System.Data.SqlClient.SqlConnection.OnError(SqlException exception, Boolean breakConnection, Action`1 wrapCloseInAction)
   at System.Data.SqlClient.SqlInternalConnection.OnError(SqlException exception, Boolean breakConnection, Action`1 wrapCloseInAction)
   at System.Data.SqlClient.TdsParser.ThrowExceptionAndWarning(TdsParserStateObject stateObj, Boolean callerHasConnectionLock, Boolean asyncClose)
   at System.Data.SqlClient.TdsParser.TryRun(RunBehavior runBehavior, SqlCommand cmdHandler, SqlDataReader dataStream, BulkCopySimpleResultSet bulkCopyHandler, TdsParserStateObject stateObj, Boolean& dataReady)
   at System.Data.SqlClient.SqlCommand.FinishExecuteReader(SqlDataReader ds, RunBehavior runBehavior, String resetOptionsString)
   at System.Data.SqlClient.SqlCommand.RunExecuteReaderTds(CommandBehavior cmdBehavior, RunBehavior runBehavior, Boolean returnStream, Boolean async, Int32 timeout, Task& task, Boolean asyncWrite, SqlDataReader ds)
   at System.Data.SqlClient.SqlCommand.RunExecuteReader(CommandBehavior cmdBehavior, RunBehavior runBehavior, Boolean returnStream, String method, TaskCompletionSource`1 completion, Int32 timeout, Task& task, Boolean asyncWrite)
   at System.Data.SqlClient.SqlCommand.InternalExecuteNonQuery(TaskCompletionSource`1 completion, String methodName, Boolean sendToPipe, Int32 timeout, Boolean asyncWrite)
   at System.Data.SqlClient.SqlCommand.ExecuteNonQuery()
   at CalcmenuAPI.CalcmenuAPI.RecipeController.SaveRecipe(RecipeData data) in D:\Data\Projects\ASPNET\MVC\CalcmenuAPI\Controllers\RecipeController.vb:line 736
ClientConnectionId:99a6d6ee-5718-469d-9640-5af665c99adb
Error Number:201,State:4,Class:16
