2016-01-15 10:01:01,342 [289] INFO  CalcmenuAPI.CalcmenuAPI.RecipeController - Calling SaveRecipe:{"Info":{"CodeListe":0,"CodeSetPrice":0,"Type":0,"CodeCategory":0,"CodeSource":0,"Yield":0.0,"CodeYieldUnit":0,"Percent":0,"Yield2":0.0,"CodeYieldUnit2":0,"SrQty":0.0,"SrUnitCode":0,"CodeTrans":0,"CodeSite":0,"CodeUser":0,"CodeCreatedBy":0,"CodeModifiedBy":0,"DefaultPicture":0,"Rating":0,"Difficulty":0,"Budget":0,"QuickAndEasy":0,"CodeRecipeState":0,"CodeNutrientSet":0,"PackagingMethodCode":0,"CertificationCode":0,"InformationCode":0,"TemperatureCode":0,"IsGlobal":false,"WithDeclaration":false,"PriceSmallPortion":"0","PriceLargePortion":"0"},"hasApprover":false,"NextRoleLevelApprover":0,"NutrientSetCode":0}
2016-01-15 10:08:20,496 [289] ERROR CalcmenuAPI.CalcmenuAPI.RecipeController - SaveRecipe: Unexpected error occured
System.Data.SqlClient.SqlException (0x80131904): Procedure or function 'sp_EgswListeUpdate' expects parameter '@nvcName', which was not supplied.
   at System.Data.SqlClient.SqlConnection.OnError(SqlException exception, Boolean breakConnection, Action`1 wrapCloseInAction)
   at System.Data.SqlClient.SqlInternalConnection.OnError(SqlException exception, Boolean breakConnection, Action`1 wrapCloseInAction)
   at System.Data.SqlClient.TdsParser.ThrowExceptionAndWarning(TdsParserStateObject stateObj, Boolean callerHasConnectionLock, Boolean asyncClose)
   at System.Data.SqlClient.TdsParser.TryRun(RunBehavior runBehavior, SqlCommand cmdHandler, SqlDataReader dataStream, BulkCopySimpleResultSet bulkCopyHandler, TdsParserStateObject stateObj, Boolean& dataReady)
   at System.Data.SqlClient.SqlCommand.FinishExecuteReader(SqlDataReader ds, RunBehavior runBehavior, String resetOptionsString)
   at System.Data.SqlClient.SqlCommand.RunExecuteReaderTds(CommandBehavior cmdBehavior, RunBehavior runBehavior, Boolean returnStream, Boolean async, Int32 timeout, Task& task, Boolean asyncWrite, SqlDataReader ds)
   at System.Data.SqlClient.SqlCommand.RunExecuteReader(CommandBehavior cmdBehavior, RunBehavior runBehavior, Boolean returnStream, String method, TaskCompletionSource`1 completion, Int32 timeout, Task& task, Boolean asyncWrite)
   at System.Data.SqlClient.SqlCommand.InternalExecuteNonQuery(TaskCompletionSource`1 completion, String methodName, Boolean sendToPipe, Int32 timeout, Boolean asyncWrite)
   at System.Data.SqlClient.SqlCommand.ExecuteNonQuery()
   at CalcmenuAPI.CalcmenuAPI.RecipeController.SaveRecipe(RecipeData data) in D:\Data\Projects\ASPNET\MVC\CalcmenuAPI\Controllers\RecipeController.vb:line 736
ClientConnectionId:0b90f094-6f1b-4957-90e0-e3f1bce2dd8d
Error Number:201,State:4,Class:16
2016-01-15 10:09:34,305 [291] INFO  CalcmenuAPI.Global_asax - CalcmenuAPI was started
2016-01-15 10:09:34,468 [291] ERROR CalcmenuAPI.Global_asax - File does not exist.
2016-01-15 10:09:34,469 [291] ERROR CalcmenuAPI.Global_asax -    at System.Web.StaticFileHandler.GetFileInfo(String virtualPathWithPathInfo, String physicalPath, HttpResponse response)
   at System.Web.StaticFileHandler.ProcessRequestInternal(HttpContext context, String overrideVirtualPath)
   at System.Web.DefaultHttpHandler.BeginProcessRequest(HttpContext context, AsyncCallback callback, Object state)
   at System.Web.HttpApplication.CallHandlerExecutionStep.System.Web.HttpApplication.IExecutionStep.Execute()
   at System.Web.HttpApplication.ExecuteStep(IExecutionStep step, Boolean& completedSynchronously)
2016-01-15 10:10:11,451 [6] INFO  CalcmenuAPI.Global_asax - CalcmenuAPI was started
2016-01-15 10:10:11,990 [6] ERROR CalcmenuAPI.Global_asax - File does not exist.
2016-01-15 10:10:12,011 [6] ERROR CalcmenuAPI.Global_asax -    at System.Web.StaticFileHandler.GetFileInfo(String virtualPathWithPathInfo, String physicalPath, HttpResponse response)
   at System.Web.StaticFileHandler.ProcessRequestInternal(HttpContext context, String overrideVirtualPath)
   at System.Web.DefaultHttpHandler.BeginProcessRequest(HttpContext context, AsyncCallback callback, Object state)
   at System.Web.HttpApplication.CallHandlerExecutionStep.System.Web.HttpApplication.IExecutionStep.Execute()
   at System.Web.HttpApplication.ExecuteStep(IExecutionStep step, Boolean& completedSynchronously)
2016-01-15 10:10:16,583 [6] INFO  CalcmenuAPI.CalcmenuAPI.RecipeController - Calling SaveRecipe:{"Info":{"CodeListe":0,"Type":0,"CodeCategory":0,"CodeSource":0,"Yield":0.0,"CodeYieldUnit":0,"Percent":0,"Yield2":0.0,"CodeYieldUnit2":0,"SrQty":0.0,"SrUnitCode":0,"CodeTrans":0,"CodeSite":0,"CodeUser":0,"CodeCreatedBy":0,"CodeModifiedBy":0,"DefaultPicture":0,"Rating":0,"Difficulty":0,"Budget":0,"QuickAndEasy":0,"CodeRecipeState":0,"CodeNutrientSet":0,"PackagingMethodCode":0,"CertificationCode":0,"InformationCode":0,"TemperatureCode":0,"IsGlobal":false,"WithDeclaration":false,"PriceSmallPortion":"0","PriceLargePortion":"0"},"hasApprover":false,"NextRoleLevelApprover":0,"NutrientSetCode":0}
2016-01-15 10:17:43,777 [6] ERROR CalcmenuAPI.CalcmenuAPI.RecipeController - SaveRecipe: Unexpected error occured
System.Data.SqlClient.SqlException (0x80131904): Procedure or function 'sp_EgswListeUpdate' expects parameter '@nvcName', which was not supplied.
   at System.Data.SqlClient.SqlConnection.OnError(SqlException exception, Boolean breakConnection, Action`1 wrapCloseInAction)
   at System.Data.SqlClient.SqlInternalConnection.OnError(SqlException exception, Boolean breakConnection, Action`1 wrapCloseInAction)
   at System.Data.SqlClient.TdsParser.ThrowExceptionAndWarning(TdsParserStateObject stateObj, Boolean callerHasConnectionLock, Boolean asyncClose)
   at System.Data.SqlClient.TdsParser.TryRun(RunBehavior runBehavior, SqlCommand cmdHandler, SqlDataReader dataStream, BulkCopySimpleResultSet bulkCopyHandler, TdsParserStateObject stateObj, Boolean& dataReady)
   at System.Data.SqlClient.SqlCommand.FinishExecuteReader(SqlDataReader ds, RunBehavior runBehavior, String resetOptionsString)
   at System.Data.SqlClient.SqlCommand.RunExecuteReaderTds(CommandBehavior cmdBehavior, RunBehavior runBehavior, Boolean returnStream, Boolean async, Int32 timeout, Task& task, Boolean asyncWrite, SqlDataReader ds)
   at System.Data.SqlClient.SqlCommand.RunExecuteReader(CommandBehavior cmdBehavior, RunBehavior runBehavior, Boolean returnStream, String method, TaskCompletionSource`1 completion, Int32 timeout, Task& task, Boolean asyncWrite)
   at System.Data.SqlClient.SqlCommand.InternalExecuteNonQuery(TaskCompletionSource`1 completion, String methodName, Boolean sendToPipe, Int32 timeout, Boolean asyncWrite)
   at System.Data.SqlClient.SqlCommand.ExecuteNonQuery()
   at CalcmenuAPI.CalcmenuAPI.RecipeController.SaveRecipe(RecipeData data) in D:\Data\Projects\ASPNET\MVC\CalcmenuAPI\Controllers\RecipeController.vb:line 735
ClientConnectionId:9c7993f0-d1a2-44ac-a915-0fb018071700
Error Number:201,State:4,Class:16
2016-01-15 10:38:59,646 [31] ERROR CalcmenuAPI.Global_asax - File does not exist.
2016-01-15 10:38:59,646 [31] ERROR CalcmenuAPI.Global_asax -    at System.Web.StaticFileHandler.GetFileInfo(String virtualPathWithPathInfo, String physicalPath, HttpResponse response)
   at System.Web.StaticFileHandler.ProcessRequestInternal(HttpContext context, String overrideVirtualPath)
   at System.Web.DefaultHttpHandler.BeginProcessRequest(HttpContext context, AsyncCallback callback, Object state)
   at System.Web.HttpApplication.CallHandlerExecutionStep.System.Web.HttpApplication.IExecutionStep.Execute()
   at System.Web.HttpApplication.ExecuteStep(IExecutionStep step, Boolean& completedSynchronously)
2016-01-15 10:40:26,778 [35] ERROR CalcmenuAPI.Global_asax - File does not exist.
2016-01-15 10:40:26,786 [35] ERROR CalcmenuAPI.Global_asax -    at System.Web.StaticFileHandler.GetFileInfo(String virtualPathWithPathInfo, String physicalPath, HttpResponse response)
   at System.Web.StaticFileHandler.ProcessRequestInternal(HttpContext context, String overrideVirtualPath)
   at System.Web.DefaultHttpHandler.BeginProcessRequest(HttpContext context, AsyncCallback callback, Object state)
   at System.Web.HttpApplication.CallHandlerExecutionStep.System.Web.HttpApplication.IExecutionStep.Execute()
   at System.Web.HttpApplication.ExecuteStep(IExecutionStep step, Boolean& completedSynchronously)
2016-01-15 10:40:47,095 [6] INFO  CalcmenuAPI.Global_asax - CalcmenuAPI was started
2016-01-15 10:40:47,245 [6] ERROR CalcmenuAPI.Global_asax - File does not exist.
2016-01-15 10:40:47,246 [6] ERROR CalcmenuAPI.Global_asax -    at System.Web.StaticFileHandler.GetFileInfo(String virtualPathWithPathInfo, String physicalPath, HttpResponse response)
   at System.Web.StaticFileHandler.ProcessRequestInternal(HttpContext context, String overrideVirtualPath)
   at System.Web.DefaultHttpHandler.BeginProcessRequest(HttpContext context, AsyncCallback callback, Object state)
   at System.Web.HttpApplication.CallHandlerExecutionStep.System.Web.HttpApplication.IExecutionStep.Execute()
   at System.Web.HttpApplication.ExecuteStep(IExecutionStep step, Boolean& completedSynchronously)
2016-01-15 10:43:22,506 [18] ERROR CalcmenuAPI.CalcmenuAPI.KeywordController - GetKeywordByName2: Unexpected error occured
System.Data.SqlClient.SqlException (0x80131904): Procedure or function 'API_GET_Keywords' expects parameter '@CodeListe', which was not supplied.
   at System.Data.SqlClient.SqlConnection.OnError(SqlException exception, Boolean breakConnection, Action`1 wrapCloseInAction)
   at System.Data.SqlClient.SqlInternalConnection.OnError(SqlException exception, Boolean breakConnection, Action`1 wrapCloseInAction)
   at System.Data.SqlClient.TdsParser.ThrowExceptionAndWarning(TdsParserStateObject stateObj, Boolean callerHasConnectionLock, Boolean asyncClose)
   at System.Data.SqlClient.TdsParser.TryRun(RunBehavior runBehavior, SqlCommand cmdHandler, SqlDataReader dataStream, BulkCopySimpleResultSet bulkCopyHandler, TdsParserStateObject stateObj, Boolean& dataReady)
   at System.Data.SqlClient.SqlDataReader.TryConsumeMetaData()
   at System.Data.SqlClient.SqlDataReader.get_MetaData()
   at System.Data.SqlClient.SqlCommand.FinishExecuteReader(SqlDataReader ds, RunBehavior runBehavior, String resetOptionsString)
   at System.Data.SqlClient.SqlCommand.RunExecuteReaderTds(CommandBehavior cmdBehavior, RunBehavior runBehavior, Boolean returnStream, Boolean async, Int32 timeout, Task& task, Boolean asyncWrite, SqlDataReader ds)
   at System.Data.SqlClient.SqlCommand.RunExecuteReader(CommandBehavior cmdBehavior, RunBehavior runBehavior, Boolean returnStream, String method, TaskCompletionSource`1 completion, Int32 timeout, Task& task, Boolean asyncWrite)
   at System.Data.SqlClient.SqlCommand.RunExecuteReader(CommandBehavior cmdBehavior, RunBehavior runBehavior, Boolean returnStream, String method)
   at System.Data.SqlClient.SqlCommand.ExecuteReader(CommandBehavior behavior, String method)
   at System.Data.SqlClient.SqlCommand.ExecuteDbDataReader(CommandBehavior behavior)
   at System.Data.Common.DbCommand.System.Data.IDbCommand.ExecuteReader(CommandBehavior behavior)
   at System.Data.Common.DbDataAdapter.FillInternal(DataSet dataset, DataTable[] datatables, Int32 startRecord, Int32 maxRecords, String srcTable, IDbCommand command, CommandBehavior behavior)
   at System.Data.Common.DbDataAdapter.Fill(DataSet dataSet, Int32 startRecord, Int32 maxRecords, String srcTable, IDbCommand command, CommandBehavior behavior)
   at System.Data.Common.DbDataAdapter.Fill(DataSet dataSet)
   at CalcmenuAPI.CalcmenuAPI.KeywordController.GetKeywordByName2(ConfigurationcSearch data) in D:\Data\Projects\ASPNET\MVC\CalcmenuAPI\Controllers\KeywordController.vb:line 207
ClientConnectionId:f9b54cac-b089-4d8e-a27e-2c009ed5e420
Error Number:201,State:4,Class:16
