2024-07-08 14:43:43,683 [5] INFO  CalcmenuAPI.Global_asax - CalcmenuAPI was started
2024-07-08 14:43:43,855 [5] ERROR CalcmenuAPI.Global_asax - File does not exist.
2024-07-08 14:43:43,857 [5] ERROR CalcmenuAPI.Global_asax -    at System.Web.StaticFileHandler.GetFileInfo(String virtualPathWithPathInfo, String physicalPath, HttpResponse response)
   at System.Web.StaticFileHandler.ProcessRequestInternal(HttpContext context, String overrideVirtualPath)
   at System.Web.DefaultHttpHandler.BeginProcessRequest(HttpContext context, AsyncCallback callback, Object state)
   at System.Web.HttpApplication.CallHandlerExecutionStep.System.Web.HttpApplication.IExecutionStep.Execute()
   at System.Web.HttpApplication.ExecuteStepImpl(IExecutionStep step)
   at System.Web.HttpApplication.ExecuteStep(IExecutionStep step, Boolean& completedSynchronously)
2024-07-08 14:43:43,858 [5] INFO  CalcmenuAPI.Global_asax - File does not exist.
2024-07-08 14:43:43,858 [5] INFO  CalcmenuAPI.Global_asax -    at System.Web.StaticFileHandler.GetFileInfo(String virtualPathWithPathInfo, String physicalPath, HttpResponse response)
   at System.Web.StaticFileHandler.ProcessRequestInternal(HttpContext context, String overrideVirtualPath)
   at System.Web.DefaultHttpHandler.BeginProcessRequest(HttpContext context, AsyncCallback callback, Object state)
   at System.Web.HttpApplication.CallHandlerExecutionStep.System.Web.HttpApplication.IExecutionStep.Execute()
   at System.Web.HttpApplication.ExecuteStepImpl(IExecutionStep step)
   at System.Web.HttpApplication.ExecuteStep(IExecutionStep step, Boolean& completedSynchronously)
2024-07-08 14:43:43,992 [7] ERROR CalcmenuAPI.Global_asax - File does not exist.
2024-07-08 14:43:43,992 [7] ERROR CalcmenuAPI.Global_asax -    at System.Web.StaticFileHandler.GetFileInfo(String virtualPathWithPathInfo, String physicalPath, HttpResponse response)
   at System.Web.StaticFileHandler.ProcessRequestInternal(HttpContext context, String overrideVirtualPath)
   at System.Web.DefaultHttpHandler.BeginProcessRequest(HttpContext context, AsyncCallback callback, Object state)
   at System.Web.HttpApplication.CallHandlerExecutionStep.System.Web.HttpApplication.IExecutionStep.Execute()
   at System.Web.HttpApplication.ExecuteStepImpl(IExecutionStep step)
   at System.Web.HttpApplication.ExecuteStep(IExecutionStep step, Boolean& completedSynchronously)
2024-07-08 14:43:43,993 [7] INFO  CalcmenuAPI.Global_asax - File does not exist.
2024-07-08 14:43:43,993 [7] INFO  CalcmenuAPI.Global_asax -    at System.Web.StaticFileHandler.GetFileInfo(String virtualPathWithPathInfo, String physicalPath, HttpResponse response)
   at System.Web.StaticFileHandler.ProcessRequestInternal(HttpContext context, String overrideVirtualPath)
   at System.Web.DefaultHttpHandler.BeginProcessRequest(HttpContext context, AsyncCallback callback, Object state)
   at System.Web.HttpApplication.CallHandlerExecutionStep.System.Web.HttpApplication.IExecutionStep.Execute()
   at System.Web.HttpApplication.ExecuteStepImpl(IExecutionStep step)
   at System.Web.HttpApplication.ExecuteStep(IExecutionStep step, Boolean& completedSynchronously)
2024-07-08 14:46:44,235 [7] INFO  CalcmenuAPI.CalcmenuAPI.PrinterController - standardPrinting started
2024-07-08 14:47:13,281 [7] INFO  EgsReport.clsReport - CreateReport_Test
2024-07-08 14:47:25,224 [7] INFO  CalcmenuAPI.CalcmenuAPI.PrinterController - Cannot find table 1.
2024-07-08 14:47:31,964 [7] INFO  CalcmenuAPI.CalcmenuAPI.PrinterController - standardPrinting started
2024-07-08 14:48:54,827 [7] INFO  EgsReport.clsReport - CreateReport_Test
2024-07-08 14:48:55,557 [7] INFO  CalcmenuAPI.CalcmenuAPI.PrinterController - Cannot find table 1.
2024-07-08 14:49:08,491 [7] INFO  CalcmenuAPI.CalcmenuAPI.PrinterController - standardPrinting started
2024-07-08 14:49:28,869 [7] INFO  EgsReport.clsReport - CreateReport_Test
2024-07-08 14:49:28,874 [7] INFO  EgsReport.clsReport - 1
2024-07-08 14:49:29,144 [7] INFO  EgsReport.clsReport - 2
2024-07-08 14:49:46,324 [7] INFO  CalcmenuAPI.CalcmenuAPI.PrinterController - FolderPath: C:\inetpub\wwwroot\calcmenuapi_v48_coop\temp\\Export_133648949688699387.pdf
2024-07-08 14:49:46,325 [7] INFO  CalcmenuAPI.CalcmenuAPI.PrinterController - FolderURL: http://localhost/calcmenuapi_v48_coop/temp//Export_133648949688699387.pdf
2024-07-08 15:17:12,422 [25] ERROR CalcmenuAPI.Global_asax - File does not exist.
2024-07-08 15:17:12,423 [25] ERROR CalcmenuAPI.Global_asax -    at System.Web.StaticFileHandler.GetFileInfo(String virtualPathWithPathInfo, String physicalPath, HttpResponse response)
   at System.Web.StaticFileHandler.ProcessRequestInternal(HttpContext context, String overrideVirtualPath)
   at System.Web.DefaultHttpHandler.BeginProcessRequest(HttpContext context, AsyncCallback callback, Object state)
   at System.Web.HttpApplication.CallHandlerExecutionStep.System.Web.HttpApplication.IExecutionStep.Execute()
   at System.Web.HttpApplication.ExecuteStepImpl(IExecutionStep step)
   at System.Web.HttpApplication.ExecuteStep(IExecutionStep step, Boolean& completedSynchronously)
2024-07-08 15:17:12,423 [25] INFO  CalcmenuAPI.Global_asax - File does not exist.
2024-07-08 15:17:12,424 [25] INFO  CalcmenuAPI.Global_asax -    at System.Web.StaticFileHandler.GetFileInfo(String virtualPathWithPathInfo, String physicalPath, HttpResponse response)
   at System.Web.StaticFileHandler.ProcessRequestInternal(HttpContext context, String overrideVirtualPath)
   at System.Web.DefaultHttpHandler.BeginProcessRequest(HttpContext context, AsyncCallback callback, Object state)
   at System.Web.HttpApplication.CallHandlerExecutionStep.System.Web.HttpApplication.IExecutionStep.Execute()
   at System.Web.HttpApplication.ExecuteStepImpl(IExecutionStep step)
   at System.Web.HttpApplication.ExecuteStep(IExecutionStep step, Boolean& completedSynchronously)
2024-07-08 15:17:23,017 [25] INFO  CalcmenuAPI.CalcmenuAPI.PrinterController - standardPrinting started
2024-07-08 15:17:35,865 [25] INFO  EgsReport.clsReport - CreateReport_Test
2024-07-08 15:17:35,865 [25] INFO  EgsReport.clsReport - 1
2024-07-08 15:17:36,053 [25] INFO  EgsReport.clsReport - 2
2024-07-08 15:20:55,223 [25] INFO  CalcmenuAPI.CalcmenuAPI.PrinterController - Object reference not set to an instance of an object.
2024-07-08 15:21:04,245 [25] INFO  CalcmenuAPI.CalcmenuAPI.PrinterController - standardPrinting started
2024-07-08 15:21:05,865 [25] INFO  EgsReport.clsReport - CreateReport_Test
2024-07-08 15:21:05,866 [25] INFO  EgsReport.clsReport - 1
2024-07-08 15:21:06,053 [25] INFO  EgsReport.clsReport - 2
2024-07-08 15:22:01,103 [25] INFO  CalcmenuAPI.CalcmenuAPI.PrinterController - Object reference not set to an instance of an object.
2024-07-08 15:22:04,169 [25] INFO  CalcmenuAPI.CalcmenuAPI.PrinterController - standardPrinting started
2024-07-08 15:22:05,136 [25] INFO  EgsReport.clsReport - CreateReport_Test
2024-07-08 15:22:05,137 [25] INFO  EgsReport.clsReport - 1
2024-07-08 15:22:05,324 [25] INFO  EgsReport.clsReport - 2
2024-07-08 18:01:44,077 [25] INFO  CalcmenuAPI.CalcmenuAPI.PrinterController - Object reference not set to an instance of an object.
