2024-07-31 10:13:40,973 [5] INFO  CalcmenuAPI.Global_asax - CalcmenuAPI was started
2024-07-31 10:13:41,513 [5] ERROR CalcmenuAPI.Global_asax - File does not exist.
2024-07-31 10:13:41,516 [5] ERROR CalcmenuAPI.Global_asax -    at System.Web.StaticFileHandler.GetFileInfo(String virtualPathWithPathInfo, String physicalPath, HttpResponse response)
   at System.Web.StaticFileHandler.ProcessRequestInternal(HttpContext context, String overrideVirtualPath)
   at System.Web.DefaultHttpHandler.BeginProcessRequest(HttpContext context, AsyncCallback callback, Object state)
   at System.Web.HttpApplication.CallHandlerExecutionStep.System.Web.HttpApplication.IExecutionStep.Execute()
   at System.Web.HttpApplication.ExecuteStepImpl(IExecutionStep step)
   at System.Web.HttpApplication.ExecuteStep(IExecutionStep step, Boolean& completedSynchronously)
2024-07-31 10:13:41,518 [5] INFO  CalcmenuAPI.Global_asax - File does not exist.
2024-07-31 10:13:41,518 [5] INFO  CalcmenuAPI.Global_asax -    at System.Web.StaticFileHandler.GetFileInfo(String virtualPathWithPathInfo, String physicalPath, HttpResponse response)
   at System.Web.StaticFileHandler.ProcessRequestInternal(HttpContext context, String overrideVirtualPath)
   at System.Web.DefaultHttpHandler.BeginProcessRequest(HttpContext context, AsyncCallback callback, Object state)
   at System.Web.HttpApplication.CallHandlerExecutionStep.System.Web.HttpApplication.IExecutionStep.Execute()
   at System.Web.HttpApplication.ExecuteStepImpl(IExecutionStep step)
   at System.Web.HttpApplication.ExecuteStep(IExecutionStep step, Boolean& completedSynchronously)
2024-07-31 10:13:41,826 [7] ERROR CalcmenuAPI.Global_asax - File does not exist.
2024-07-31 10:13:41,828 [7] ERROR CalcmenuAPI.Global_asax -    at System.Web.StaticFileHandler.GetFileInfo(String virtualPathWithPathInfo, String physicalPath, HttpResponse response)
   at System.Web.StaticFileHandler.ProcessRequestInternal(HttpContext context, String overrideVirtualPath)
   at System.Web.DefaultHttpHandler.BeginProcessRequest(HttpContext context, AsyncCallback callback, Object state)
   at System.Web.HttpApplication.CallHandlerExecutionStep.System.Web.HttpApplication.IExecutionStep.Execute()
   at System.Web.HttpApplication.ExecuteStepImpl(IExecutionStep step)
   at System.Web.HttpApplication.ExecuteStep(IExecutionStep step, Boolean& completedSynchronously)
2024-07-31 10:13:41,829 [7] INFO  CalcmenuAPI.Global_asax - File does not exist.
2024-07-31 10:13:41,829 [7] INFO  CalcmenuAPI.Global_asax -    at System.Web.StaticFileHandler.GetFileInfo(String virtualPathWithPathInfo, String physicalPath, HttpResponse response)
   at System.Web.StaticFileHandler.ProcessRequestInternal(HttpContext context, String overrideVirtualPath)
   at System.Web.DefaultHttpHandler.BeginProcessRequest(HttpContext context, AsyncCallback callback, Object state)
   at System.Web.HttpApplication.CallHandlerExecutionStep.System.Web.HttpApplication.IExecutionStep.Execute()
   at System.Web.HttpApplication.ExecuteStepImpl(IExecutionStep step)
   at System.Web.HttpApplication.ExecuteStep(IExecutionStep step, Boolean& completedSynchronously)
2024-07-31 10:14:54,520 [8] INFO  CalcmenuAPI.CalcmenuAPI.PrinterController - standardPrinting started
2024-07-31 10:15:06,235 [8] INFO  CalcmenuAPI.CalcmenuAPI.PrinterController - Value cannot be null.
Parameter name: dataSet
2024-07-31 10:15:30,250 [5] ERROR CalcmenuAPI.Global_asax - File does not exist.
2024-07-31 10:15:30,250 [5] ERROR CalcmenuAPI.Global_asax -    at System.Web.StaticFileHandler.GetFileInfo(String virtualPathWithPathInfo, String physicalPath, HttpResponse response)
   at System.Web.StaticFileHandler.ProcessRequestInternal(HttpContext context, String overrideVirtualPath)
   at System.Web.DefaultHttpHandler.BeginProcessRequest(HttpContext context, AsyncCallback callback, Object state)
   at System.Web.HttpApplication.CallHandlerExecutionStep.System.Web.HttpApplication.IExecutionStep.Execute()
   at System.Web.HttpApplication.ExecuteStepImpl(IExecutionStep step)
   at System.Web.HttpApplication.ExecuteStep(IExecutionStep step, Boolean& completedSynchronously)
2024-07-31 10:15:30,250 [5] INFO  CalcmenuAPI.Global_asax - File does not exist.
2024-07-31 10:15:30,251 [5] INFO  CalcmenuAPI.Global_asax -    at System.Web.StaticFileHandler.GetFileInfo(String virtualPathWithPathInfo, String physicalPath, HttpResponse response)
   at System.Web.StaticFileHandler.ProcessRequestInternal(HttpContext context, String overrideVirtualPath)
   at System.Web.DefaultHttpHandler.BeginProcessRequest(HttpContext context, AsyncCallback callback, Object state)
   at System.Web.HttpApplication.CallHandlerExecutionStep.System.Web.HttpApplication.IExecutionStep.Execute()
   at System.Web.HttpApplication.ExecuteStepImpl(IExecutionStep step)
   at System.Web.HttpApplication.ExecuteStep(IExecutionStep step, Boolean& completedSynchronously)
2024-07-31 10:15:34,646 [18] INFO  CalcmenuAPI.CalcmenuAPI.PrinterController - standardPrinting started
2024-07-31 10:15:48,566 [18] INFO  CalcmenuAPI.CalcmenuAPI.PrinterController - Login Failed : Exception of type 'System.Exception' was thrown.
2024-07-31 10:16:34,768 [6] INFO  CalcmenuAPI.Global_asax - CalcmenuAPI was started
2024-07-31 10:16:34,867 [6] ERROR CalcmenuAPI.Global_asax - File does not exist.
2024-07-31 10:16:34,867 [6] ERROR CalcmenuAPI.Global_asax -    at System.Web.StaticFileHandler.GetFileInfo(String virtualPathWithPathInfo, String physicalPath, HttpResponse response)
   at System.Web.StaticFileHandler.ProcessRequestInternal(HttpContext context, String overrideVirtualPath)
   at System.Web.DefaultHttpHandler.BeginProcessRequest(HttpContext context, AsyncCallback callback, Object state)
   at System.Web.HttpApplication.CallHandlerExecutionStep.System.Web.HttpApplication.IExecutionStep.Execute()
   at System.Web.HttpApplication.ExecuteStepImpl(IExecutionStep step)
   at System.Web.HttpApplication.ExecuteStep(IExecutionStep step, Boolean& completedSynchronously)
2024-07-31 10:16:34,868 [6] INFO  CalcmenuAPI.Global_asax - File does not exist.
2024-07-31 10:16:34,868 [6] INFO  CalcmenuAPI.Global_asax -    at System.Web.StaticFileHandler.GetFileInfo(String virtualPathWithPathInfo, String physicalPath, HttpResponse response)
   at System.Web.StaticFileHandler.ProcessRequestInternal(HttpContext context, String overrideVirtualPath)
   at System.Web.DefaultHttpHandler.BeginProcessRequest(HttpContext context, AsyncCallback callback, Object state)
   at System.Web.HttpApplication.CallHandlerExecutionStep.System.Web.HttpApplication.IExecutionStep.Execute()
   at System.Web.HttpApplication.ExecuteStepImpl(IExecutionStep step)
   at System.Web.HttpApplication.ExecuteStep(IExecutionStep step, Boolean& completedSynchronously)
2024-07-31 14:05:41,527 [8] INFO  CalcmenuAPI.CalcmenuAPI.PrinterController - standardPrinting started
2024-07-31 14:06:20,018 [8] INFO  EgsReport.clsReport - CreateReport_Test
2024-07-31 14:06:46,437 [8] INFO  EgsReport.clsReport - 1
2024-07-31 14:06:57,202 [8] INFO  EgsReport.clsReport - 2
2024-07-31 14:08:38,641 [8] INFO  EgsReport.xrReports - StrCode: 52178 | CodeUser: 1 | CodePrintList: 0 | strCodeParent: lblID | strCodeMain: lblID
2024-07-31 14:09:01,131 [8] INFO  CalcmenuAPI.CalcmenuAPI.PrinterController - Object reference not set to an instance of an object.
2024-07-31 15:06:57,649 [61] ERROR CalcmenuAPI.Global_asax - File does not exist.
2024-07-31 15:06:57,649 [61] ERROR CalcmenuAPI.Global_asax -    at System.Web.StaticFileHandler.GetFileInfo(String virtualPathWithPathInfo, String physicalPath, HttpResponse response)
   at System.Web.StaticFileHandler.ProcessRequestInternal(HttpContext context, String overrideVirtualPath)
   at System.Web.DefaultHttpHandler.BeginProcessRequest(HttpContext context, AsyncCallback callback, Object state)
   at System.Web.HttpApplication.CallHandlerExecutionStep.System.Web.HttpApplication.IExecutionStep.Execute()
   at System.Web.HttpApplication.ExecuteStepImpl(IExecutionStep step)
   at System.Web.HttpApplication.ExecuteStep(IExecutionStep step, Boolean& completedSynchronously)
2024-07-31 15:06:57,649 [61] INFO  CalcmenuAPI.Global_asax - File does not exist.
2024-07-31 15:06:57,649 [61] INFO  CalcmenuAPI.Global_asax -    at System.Web.StaticFileHandler.GetFileInfo(String virtualPathWithPathInfo, String physicalPath, HttpResponse response)
   at System.Web.StaticFileHandler.ProcessRequestInternal(HttpContext context, String overrideVirtualPath)
   at System.Web.DefaultHttpHandler.BeginProcessRequest(HttpContext context, AsyncCallback callback, Object state)
   at System.Web.HttpApplication.CallHandlerExecutionStep.System.Web.HttpApplication.IExecutionStep.Execute()
   at System.Web.HttpApplication.ExecuteStepImpl(IExecutionStep step)
   at System.Web.HttpApplication.ExecuteStep(IExecutionStep step, Boolean& completedSynchronously)
2024-07-31 15:07:11,351 [61] INFO  CalcmenuAPI.CalcmenuAPI.PrinterController - standardPrinting started
2024-07-31 15:07:24,664 [61] INFO  EgsReport.clsReport - CreateReport_Test
2024-07-31 15:07:24,665 [61] INFO  EgsReport.clsReport - 1
2024-07-31 15:07:24,853 [61] INFO  EgsReport.clsReport - 2
2024-07-31 15:07:41,864 [61] INFO  CalcmenuAPI.CalcmenuAPI.PrinterController - Object reference not set to an instance of an object.
2024-07-31 15:10:02,885 [78] INFO  CalcmenuAPI.CalcmenuAPI.PrinterController - standardPrinting started
2024-07-31 15:10:12,799 [78] INFO  EgsReport.clsReport - CreateReport_Test
2024-07-31 15:10:31,200 [78] INFO  EgsReport.clsReport - 1
2024-07-31 15:10:31,387 [78] INFO  EgsReport.clsReport - 2
2024-07-31 15:10:48,691 [78] INFO  CalcmenuAPI.CalcmenuAPI.PrinterController - Object reference not set to an instance of an object.
2024-07-31 15:38:40,581 [58] ERROR CalcmenuAPI.Global_asax - File does not exist.
2024-07-31 15:38:40,582 [58] ERROR CalcmenuAPI.Global_asax -    at System.Web.StaticFileHandler.GetFileInfo(String virtualPathWithPathInfo, String physicalPath, HttpResponse response)
   at System.Web.StaticFileHandler.ProcessRequestInternal(HttpContext context, String overrideVirtualPath)
   at System.Web.DefaultHttpHandler.BeginProcessRequest(HttpContext context, AsyncCallback callback, Object state)
   at System.Web.HttpApplication.CallHandlerExecutionStep.System.Web.HttpApplication.IExecutionStep.Execute()
   at System.Web.HttpApplication.ExecuteStepImpl(IExecutionStep step)
   at System.Web.HttpApplication.ExecuteStep(IExecutionStep step, Boolean& completedSynchronously)
2024-07-31 15:38:40,582 [58] INFO  CalcmenuAPI.Global_asax - File does not exist.
2024-07-31 15:38:40,582 [58] INFO  CalcmenuAPI.Global_asax -    at System.Web.StaticFileHandler.GetFileInfo(String virtualPathWithPathInfo, String physicalPath, HttpResponse response)
   at System.Web.StaticFileHandler.ProcessRequestInternal(HttpContext context, String overrideVirtualPath)
   at System.Web.DefaultHttpHandler.BeginProcessRequest(HttpContext context, AsyncCallback callback, Object state)
   at System.Web.HttpApplication.CallHandlerExecutionStep.System.Web.HttpApplication.IExecutionStep.Execute()
   at System.Web.HttpApplication.ExecuteStepImpl(IExecutionStep step)
   at System.Web.HttpApplication.ExecuteStep(IExecutionStep step, Boolean& completedSynchronously)
2024-07-31 15:39:10,044 [83] INFO  CalcmenuAPI.CalcmenuAPI.PrinterController - standardPrinting started
2024-07-31 15:39:17,899 [83] INFO  EgsReport.clsReport - CreateReport_Test
2024-07-31 15:39:17,900 [83] INFO  EgsReport.clsReport - 1
2024-07-31 15:39:18,091 [83] INFO  EgsReport.clsReport - 2
2024-07-31 15:41:20,416 [83] INFO  EgsReport.clsReport - CreateReport_Test
2024-07-31 15:41:20,418 [83] INFO  EgsReport.clsReport - 1
2024-07-31 15:41:20,607 [83] INFO  EgsReport.clsReport - 2
2024-07-31 15:45:31,145 [83] INFO  CalcmenuAPI.CalcmenuAPI.PrinterController - Object reference not set to an instance of an object.
2024-07-31 15:50:32,110 [79] INFO  CalcmenuAPI.Global_asax - CalcmenuAPI was started
2024-07-31 15:50:32,198 [79] ERROR CalcmenuAPI.Global_asax - File does not exist.
2024-07-31 15:50:32,198 [79] ERROR CalcmenuAPI.Global_asax -    at System.Web.StaticFileHandler.GetFileInfo(String virtualPathWithPathInfo, String physicalPath, HttpResponse response)
   at System.Web.StaticFileHandler.ProcessRequestInternal(HttpContext context, String overrideVirtualPath)
   at System.Web.DefaultHttpHandler.BeginProcessRequest(HttpContext context, AsyncCallback callback, Object state)
   at System.Web.HttpApplication.CallHandlerExecutionStep.System.Web.HttpApplication.IExecutionStep.Execute()
   at System.Web.HttpApplication.ExecuteStepImpl(IExecutionStep step)
   at System.Web.HttpApplication.ExecuteStep(IExecutionStep step, Boolean& completedSynchronously)
2024-07-31 15:50:32,198 [79] INFO  CalcmenuAPI.Global_asax - File does not exist.
2024-07-31 15:50:32,201 [79] INFO  CalcmenuAPI.Global_asax -    at System.Web.StaticFileHandler.GetFileInfo(String virtualPathWithPathInfo, String physicalPath, HttpResponse response)
   at System.Web.StaticFileHandler.ProcessRequestInternal(HttpContext context, String overrideVirtualPath)
   at System.Web.DefaultHttpHandler.BeginProcessRequest(HttpContext context, AsyncCallback callback, Object state)
   at System.Web.HttpApplication.CallHandlerExecutionStep.System.Web.HttpApplication.IExecutionStep.Execute()
   at System.Web.HttpApplication.ExecuteStepImpl(IExecutionStep step)
   at System.Web.HttpApplication.ExecuteStep(IExecutionStep step, Boolean& completedSynchronously)
2024-07-31 15:53:00,447 [80] INFO  CalcmenuAPI.CalcmenuAPI.PrinterController - standardPrinting started
2024-07-31 15:53:02,235 [80] INFO  EgsReport.clsReport - CreateReport_Test
2024-07-31 15:53:42,886 [80] INFO  EgsReport.clsReport - 1
2024-07-31 15:53:43,085 [80] INFO  EgsReport.clsReport - 2
2024-07-31 15:54:21,321 [80] INFO  CalcmenuAPI.CalcmenuAPI.PrinterController - Conversion from string "Data source=cmc-sql-eu.database." to type 'Integer' is not valid.
2024-07-31 15:54:28,715 [80] INFO  CalcmenuAPI.CalcmenuAPI.PrinterController - standardPrinting started
2024-07-31 15:54:29,518 [80] INFO  EgsReport.clsReport - CreateReport_Test
2024-07-31 15:54:35,619 [80] INFO  EgsReport.clsReport - 1
2024-07-31 15:54:35,804 [80] INFO  EgsReport.clsReport - 2
2024-07-31 15:55:42,551 [80] INFO  CalcmenuAPI.CalcmenuAPI.PrinterController - Conversion from string "Data source=cmc-sql-eu.database." to type 'Integer' is not valid.
2024-07-31 15:57:51,482 [79] INFO  CalcmenuAPI.Global_asax - CalcmenuAPI was started
2024-07-31 15:57:51,548 [79] ERROR CalcmenuAPI.Global_asax - File does not exist.
2024-07-31 15:57:51,548 [79] ERROR CalcmenuAPI.Global_asax -    at System.Web.StaticFileHandler.GetFileInfo(String virtualPathWithPathInfo, String physicalPath, HttpResponse response)
   at System.Web.StaticFileHandler.ProcessRequestInternal(HttpContext context, String overrideVirtualPath)
   at System.Web.DefaultHttpHandler.BeginProcessRequest(HttpContext context, AsyncCallback callback, Object state)
   at System.Web.HttpApplication.CallHandlerExecutionStep.System.Web.HttpApplication.IExecutionStep.Execute()
   at System.Web.HttpApplication.ExecuteStepImpl(IExecutionStep step)
   at System.Web.HttpApplication.ExecuteStep(IExecutionStep step, Boolean& completedSynchronously)
2024-07-31 15:57:51,548 [79] INFO  CalcmenuAPI.Global_asax - File does not exist.
2024-07-31 15:57:51,548 [79] INFO  CalcmenuAPI.Global_asax -    at System.Web.StaticFileHandler.GetFileInfo(String virtualPathWithPathInfo, String physicalPath, HttpResponse response)
   at System.Web.StaticFileHandler.ProcessRequestInternal(HttpContext context, String overrideVirtualPath)
   at System.Web.DefaultHttpHandler.BeginProcessRequest(HttpContext context, AsyncCallback callback, Object state)
   at System.Web.HttpApplication.CallHandlerExecutionStep.System.Web.HttpApplication.IExecutionStep.Execute()
   at System.Web.HttpApplication.ExecuteStepImpl(IExecutionStep step)
   at System.Web.HttpApplication.ExecuteStep(IExecutionStep step, Boolean& completedSynchronously)
2024-07-31 15:58:33,777 [78] INFO  CalcmenuAPI.CalcmenuAPI.PrinterController - standardPrinting started
2024-07-31 15:58:35,656 [78] INFO  EgsReport.clsReport - CreateReport_Test
2024-07-31 15:58:39,270 [78] INFO  EgsReport.clsReport - 1
2024-07-31 15:58:39,468 [78] INFO  EgsReport.clsReport - 2
2024-07-31 16:00:23,936 [78] INFO  CalcmenuAPI.CalcmenuAPI.PrinterController - Object reference not set to an instance of an object.
2024-07-31 16:06:07,420 [78] INFO  CalcmenuAPI.Global_asax - CalcmenuAPI was started
2024-07-31 16:06:07,479 [78] ERROR CalcmenuAPI.Global_asax - File does not exist.
2024-07-31 16:06:07,479 [78] ERROR CalcmenuAPI.Global_asax -    at System.Web.StaticFileHandler.GetFileInfo(String virtualPathWithPathInfo, String physicalPath, HttpResponse response)
   at System.Web.StaticFileHandler.ProcessRequestInternal(HttpContext context, String overrideVirtualPath)
   at System.Web.DefaultHttpHandler.BeginProcessRequest(HttpContext context, AsyncCallback callback, Object state)
   at System.Web.HttpApplication.CallHandlerExecutionStep.System.Web.HttpApplication.IExecutionStep.Execute()
   at System.Web.HttpApplication.ExecuteStepImpl(IExecutionStep step)
   at System.Web.HttpApplication.ExecuteStep(IExecutionStep step, Boolean& completedSynchronously)
2024-07-31 16:06:07,479 [78] INFO  CalcmenuAPI.Global_asax - File does not exist.
2024-07-31 16:06:07,480 [78] INFO  CalcmenuAPI.Global_asax -    at System.Web.StaticFileHandler.GetFileInfo(String virtualPathWithPathInfo, String physicalPath, HttpResponse response)
   at System.Web.StaticFileHandler.ProcessRequestInternal(HttpContext context, String overrideVirtualPath)
   at System.Web.DefaultHttpHandler.BeginProcessRequest(HttpContext context, AsyncCallback callback, Object state)
   at System.Web.HttpApplication.CallHandlerExecutionStep.System.Web.HttpApplication.IExecutionStep.Execute()
   at System.Web.HttpApplication.ExecuteStepImpl(IExecutionStep step)
   at System.Web.HttpApplication.ExecuteStep(IExecutionStep step, Boolean& completedSynchronously)
2024-07-31 16:06:22,034 [68] INFO  CalcmenuAPI.CalcmenuAPI.PrinterController - standardPrinting started
2024-07-31 16:06:23,886 [68] INFO  EgsReport.clsReport - CreateReport_Test
2024-07-31 16:06:23,887 [68] INFO  EgsReport.clsReport - 1
2024-07-31 16:06:24,087 [68] INFO  EgsReport.clsReport - 2
2024-07-31 16:07:24,304 [68] INFO  CalcmenuAPI.CalcmenuAPI.PrinterController - FolderPath: C:\inetpub\wwwroot\calcmenuapi_v48_coop\temp\\Export_133668867838731386.pdf
2024-07-31 16:07:24,304 [68] INFO  CalcmenuAPI.CalcmenuAPI.PrinterController - FolderURL: http://localhost/calcmenuapi_v48_coop/temp//Export_133668867838731386.pdf
2024-07-31 16:09:00,105 [91] INFO  CalcmenuAPI.CalcmenuAPI.PrinterController - standardPrinting started
2024-07-31 16:09:05,825 [91] INFO  EgsReport.clsReport - CreateReport_Test
2024-07-31 16:09:05,826 [91] INFO  EgsReport.clsReport - 1
2024-07-31 16:09:06,015 [91] INFO  EgsReport.clsReport - 2
2024-07-31 16:09:22,938 [91] INFO  EgsReport.xrReports - StrCode: 52178 | CodeUser: 1 | CodePrintList: 0 | strCodeParent: lblID | strCodeMain: lblID
2024-07-31 16:09:22,983 [91] INFO  CalcmenuAPI.CalcmenuAPI.PrinterController - Object reference not set to an instance of an object.
2024-07-31 16:18:21,030 [6] INFO  CalcmenuAPI.Global_asax - CalcmenuAPI was started
2024-07-31 16:18:21,092 [6] ERROR CalcmenuAPI.Global_asax - File does not exist.
2024-07-31 16:18:21,092 [6] ERROR CalcmenuAPI.Global_asax -    at System.Web.StaticFileHandler.GetFileInfo(String virtualPathWithPathInfo, String physicalPath, HttpResponse response)
   at System.Web.StaticFileHandler.ProcessRequestInternal(HttpContext context, String overrideVirtualPath)
   at System.Web.DefaultHttpHandler.BeginProcessRequest(HttpContext context, AsyncCallback callback, Object state)
   at System.Web.HttpApplication.CallHandlerExecutionStep.System.Web.HttpApplication.IExecutionStep.Execute()
   at System.Web.HttpApplication.ExecuteStepImpl(IExecutionStep step)
   at System.Web.HttpApplication.ExecuteStep(IExecutionStep step, Boolean& completedSynchronously)
2024-07-31 16:18:21,093 [6] INFO  CalcmenuAPI.Global_asax - File does not exist.
2024-07-31 16:18:21,093 [6] INFO  CalcmenuAPI.Global_asax -    at System.Web.StaticFileHandler.GetFileInfo(String virtualPathWithPathInfo, String physicalPath, HttpResponse response)
   at System.Web.StaticFileHandler.ProcessRequestInternal(HttpContext context, String overrideVirtualPath)
   at System.Web.DefaultHttpHandler.BeginProcessRequest(HttpContext context, AsyncCallback callback, Object state)
   at System.Web.HttpApplication.CallHandlerExecutionStep.System.Web.HttpApplication.IExecutionStep.Execute()
   at System.Web.HttpApplication.ExecuteStepImpl(IExecutionStep step)
   at System.Web.HttpApplication.ExecuteStep(IExecutionStep step, Boolean& completedSynchronously)
2024-07-31 17:09:43,281 [36] INFO  CalcmenuAPI.CalcmenuAPI.PrinterController - standardPrinting started
2024-07-31 17:09:50,077 [36] INFO  EgsReport.clsReport - CreateReport_Test
2024-07-31 17:10:04,249 [36] INFO  EgsReport.clsReport - 1
2024-07-31 17:10:08,395 [36] INFO  EgsReport.clsReport - 2
2024-07-31 17:11:38,979 [36] INFO  EgsReport.xrReports - StrCode: 52178 | CodeUser: 1 | CodePrintList: 0 | strCodeParent: lblID | strCodeMain: lblID
2024-07-31 17:11:39,026 [36] INFO  CalcmenuAPI.CalcmenuAPI.PrinterController - Object reference not set to an instance of an object.
2024-07-31 17:12:01,510 [111] INFO  CalcmenuAPI.CalcmenuAPI.PrinterController - standardPrinting started
2024-07-31 17:12:08,194 [111] INFO  EgsReport.clsReport - CreateReport_Test
2024-07-31 17:12:17,003 [111] INFO  EgsReport.clsReport - 1
2024-07-31 17:12:17,193 [111] INFO  EgsReport.clsReport - 2
2024-07-31 17:14:01,563 [111] INFO  EgsReport.xrReports - StrCode: 52178 | CodeUser: 1 | CodePrintList: 517269 | strCodeParent: lblID | strCodeMain: lblID
2024-07-31 17:14:07,632 [111] INFO  CalcmenuAPI.CalcmenuAPI.PrinterController - Object reference not set to an instance of an object.
2024-07-31 17:14:33,238 [111] INFO  CalcmenuAPI.CalcmenuAPI.PrinterController - standardPrinting started
2024-07-31 17:14:38,982 [111] INFO  EgsReport.clsReport - CreateReport_Test
2024-07-31 17:14:43,144 [111] INFO  EgsReport.clsReport - 1
2024-07-31 17:14:43,328 [111] INFO  EgsReport.clsReport - 2
2024-07-31 17:15:24,148 [111] INFO  EgsReport.xrReports - StrCode: 52178 | CodeUser: 1 | CodePrintList: 0 | strCodeParent: lblID | strCodeMain: lblID
2024-07-31 17:18:20,685 [111] INFO  CalcmenuAPI.CalcmenuAPI.PrinterController - Object reference not set to an instance of an object.
2024-07-31 17:20:06,676 [45] INFO  CalcmenuAPI.CalcmenuAPI.PrinterController - standardPrinting started
2024-07-31 17:20:12,362 [45] INFO  EgsReport.clsReport - CreateReport_Test
2024-07-31 17:24:01,144 [45] INFO  EgsReport.clsReport - 1
2024-07-31 17:24:01,346 [45] INFO  EgsReport.clsReport - 2
2024-07-31 17:24:18,174 [45] INFO  EgsReport.xrReports - StrCode: 52178 | CodeUser: 1 | CodePrintList: 0 | strCodeParent: lblID | strCodeMain: lblID
2024-07-31 17:24:18,175 [45] INFO  CalcmenuAPI.CalcmenuAPI.PrinterController - Object reference not set to an instance of an object.
2024-07-31 17:26:22,437 [73] INFO  CalcmenuAPI.Global_asax - CalcmenuAPI was started
2024-07-31 17:26:22,510 [73] ERROR CalcmenuAPI.Global_asax - File does not exist.
2024-07-31 17:26:22,510 [73] ERROR CalcmenuAPI.Global_asax -    at System.Web.StaticFileHandler.GetFileInfo(String virtualPathWithPathInfo, String physicalPath, HttpResponse response)
   at System.Web.StaticFileHandler.ProcessRequestInternal(HttpContext context, String overrideVirtualPath)
   at System.Web.DefaultHttpHandler.BeginProcessRequest(HttpContext context, AsyncCallback callback, Object state)
   at System.Web.HttpApplication.CallHandlerExecutionStep.System.Web.HttpApplication.IExecutionStep.Execute()
   at System.Web.HttpApplication.ExecuteStepImpl(IExecutionStep step)
   at System.Web.HttpApplication.ExecuteStep(IExecutionStep step, Boolean& completedSynchronously)
2024-07-31 17:26:22,511 [73] INFO  CalcmenuAPI.Global_asax - File does not exist.
2024-07-31 17:26:22,511 [73] INFO  CalcmenuAPI.Global_asax -    at System.Web.StaticFileHandler.GetFileInfo(String virtualPathWithPathInfo, String physicalPath, HttpResponse response)
   at System.Web.StaticFileHandler.ProcessRequestInternal(HttpContext context, String overrideVirtualPath)
   at System.Web.DefaultHttpHandler.BeginProcessRequest(HttpContext context, AsyncCallback callback, Object state)
   at System.Web.HttpApplication.CallHandlerExecutionStep.System.Web.HttpApplication.IExecutionStep.Execute()
   at System.Web.HttpApplication.ExecuteStepImpl(IExecutionStep step)
   at System.Web.HttpApplication.ExecuteStep(IExecutionStep step, Boolean& completedSynchronously)
2024-07-31 17:26:42,123 [77] INFO  CalcmenuAPI.CalcmenuAPI.PrinterController - standardPrinting started
2024-07-31 17:26:48,939 [77] INFO  EgsReport.clsReport - CreateReport_Test
2024-07-31 17:27:10,201 [77] INFO  EgsReport.clsReport - 1
2024-07-31 17:27:10,408 [77] INFO  EgsReport.clsReport - 2
2024-07-31 17:28:23,819 [77] INFO  EgsReport.xrReports - StrCode: 52178 | CodeUser: 1 | CodePrintList: 0 | strCodeParent: lblID | strCodeMain: lblID
2024-07-31 17:28:26,325 [77] INFO  EgsReport.xrReports - strID: lblID | strFilter3: Code = 52178
2024-07-31 17:29:01,737 [77] INFO  CalcmenuAPI.CalcmenuAPI.PrinterController - Object reference not set to an instance of an object.
2024-07-31 17:29:07,891 [77] INFO  CalcmenuAPI.CalcmenuAPI.PrinterController - standardPrinting started
2024-07-31 17:29:13,594 [77] INFO  EgsReport.clsReport - CreateReport_Test
2024-07-31 17:29:26,983 [77] INFO  EgsReport.clsReport - 1
2024-07-31 17:29:27,211 [77] INFO  EgsReport.clsReport - 2
2024-07-31 17:29:49,516 [77] INFO  EgsReport.xrReports - StrCode: 52178 | CodeUser: 1 | CodePrintList: 0 | strCodeParent: lblID | strCodeMain: lblID
2024-07-31 17:29:50,677 [77] INFO  EgsReport.xrReports - strID: lblID | strFilter3: Code = 52178
2024-07-31 17:31:06,619 [77] INFO  CalcmenuAPI.CalcmenuAPI.PrinterController - Object reference not set to an instance of an object.
2024-07-31 17:31:53,336 [36] INFO  CalcmenuAPI.Global_asax - CalcmenuAPI was started
2024-07-31 17:31:53,405 [36] ERROR CalcmenuAPI.Global_asax - File does not exist.
2024-07-31 17:31:53,405 [36] ERROR CalcmenuAPI.Global_asax -    at System.Web.StaticFileHandler.GetFileInfo(String virtualPathWithPathInfo, String physicalPath, HttpResponse response)
   at System.Web.StaticFileHandler.ProcessRequestInternal(HttpContext context, String overrideVirtualPath)
   at System.Web.DefaultHttpHandler.BeginProcessRequest(HttpContext context, AsyncCallback callback, Object state)
   at System.Web.HttpApplication.CallHandlerExecutionStep.System.Web.HttpApplication.IExecutionStep.Execute()
   at System.Web.HttpApplication.ExecuteStepImpl(IExecutionStep step)
   at System.Web.HttpApplication.ExecuteStep(IExecutionStep step, Boolean& completedSynchronously)
2024-07-31 17:31:53,406 [36] INFO  CalcmenuAPI.Global_asax - File does not exist.
2024-07-31 17:31:53,406 [36] INFO  CalcmenuAPI.Global_asax -    at System.Web.StaticFileHandler.GetFileInfo(String virtualPathWithPathInfo, String physicalPath, HttpResponse response)
   at System.Web.StaticFileHandler.ProcessRequestInternal(HttpContext context, String overrideVirtualPath)
   at System.Web.DefaultHttpHandler.BeginProcessRequest(HttpContext context, AsyncCallback callback, Object state)
   at System.Web.HttpApplication.CallHandlerExecutionStep.System.Web.HttpApplication.IExecutionStep.Execute()
   at System.Web.HttpApplication.ExecuteStepImpl(IExecutionStep step)
   at System.Web.HttpApplication.ExecuteStep(IExecutionStep step, Boolean& completedSynchronously)
2024-07-31 17:31:53,822 [77] INFO  CalcmenuAPI.CalcmenuAPI.PrinterController - standardPrinting started
2024-07-31 17:32:00,760 [77] INFO  EgsReport.clsReport - CreateReport_Test
2024-07-31 17:32:00,761 [77] INFO  EgsReport.clsReport - 1
2024-07-31 17:32:00,967 [77] INFO  EgsReport.clsReport - 2
2024-07-31 17:32:26,117 [77] INFO  EgsReport.xrReports - StrCode: 52178 | CodeUser: 1 | CodePrintList: 0 | strCodeParent: lblID | strCodeMain: lblID
2024-07-31 17:32:27,783 [77] INFO  EgsReport.xrReports - strID: lblID | strFilter3: Code = 52178
2024-07-31 17:33:29,693 [77] INFO  CalcmenuAPI.CalcmenuAPI.PrinterController - Object reference not set to an instance of an object.
2024-07-31 17:42:00,332 [6] INFO  CalcmenuAPI.Global_asax - CalcmenuAPI was started
2024-07-31 17:42:00,516 [6] ERROR CalcmenuAPI.Global_asax - File does not exist.
2024-07-31 17:42:00,516 [5] ERROR CalcmenuAPI.Global_asax - File does not exist.
2024-07-31 17:42:00,517 [6] ERROR CalcmenuAPI.Global_asax -    at System.Web.StaticFileHandler.GetFileInfo(String virtualPathWithPathInfo, String physicalPath, HttpResponse response)
   at System.Web.StaticFileHandler.ProcessRequestInternal(HttpContext context, String overrideVirtualPath)
   at System.Web.DefaultHttpHandler.BeginProcessRequest(HttpContext context, AsyncCallback callback, Object state)
   at System.Web.HttpApplication.CallHandlerExecutionStep.System.Web.HttpApplication.IExecutionStep.Execute()
   at System.Web.HttpApplication.ExecuteStepImpl(IExecutionStep step)
   at System.Web.HttpApplication.ExecuteStep(IExecutionStep step, Boolean& completedSynchronously)
2024-07-31 17:42:00,517 [6] INFO  CalcmenuAPI.Global_asax - File does not exist.
2024-07-31 17:42:00,518 [6] INFO  CalcmenuAPI.Global_asax -    at System.Web.StaticFileHandler.GetFileInfo(String virtualPathWithPathInfo, String physicalPath, HttpResponse response)
   at System.Web.StaticFileHandler.ProcessRequestInternal(HttpContext context, String overrideVirtualPath)
   at System.Web.DefaultHttpHandler.BeginProcessRequest(HttpContext context, AsyncCallback callback, Object state)
   at System.Web.HttpApplication.CallHandlerExecutionStep.System.Web.HttpApplication.IExecutionStep.Execute()
   at System.Web.HttpApplication.ExecuteStepImpl(IExecutionStep step)
   at System.Web.HttpApplication.ExecuteStep(IExecutionStep step, Boolean& completedSynchronously)
2024-07-31 17:42:00,517 [5] ERROR CalcmenuAPI.Global_asax -    at System.Web.StaticFileHandler.GetFileInfo(String virtualPathWithPathInfo, String physicalPath, HttpResponse response)
   at System.Web.StaticFileHandler.ProcessRequestInternal(HttpContext context, String overrideVirtualPath)
   at System.Web.DefaultHttpHandler.BeginProcessRequest(HttpContext context, AsyncCallback callback, Object state)
   at System.Web.HttpApplication.CallHandlerExecutionStep.System.Web.HttpApplication.IExecutionStep.Execute()
   at System.Web.HttpApplication.ExecuteStepImpl(IExecutionStep step)
   at System.Web.HttpApplication.ExecuteStep(IExecutionStep step, Boolean& completedSynchronously)
2024-07-31 17:42:00,518 [5] INFO  CalcmenuAPI.Global_asax - File does not exist.
2024-07-31 17:42:00,519 [5] INFO  CalcmenuAPI.Global_asax -    at System.Web.StaticFileHandler.GetFileInfo(String virtualPathWithPathInfo, String physicalPath, HttpResponse response)
   at System.Web.StaticFileHandler.ProcessRequestInternal(HttpContext context, String overrideVirtualPath)
   at System.Web.DefaultHttpHandler.BeginProcessRequest(HttpContext context, AsyncCallback callback, Object state)
   at System.Web.HttpApplication.CallHandlerExecutionStep.System.Web.HttpApplication.IExecutionStep.Execute()
   at System.Web.HttpApplication.ExecuteStepImpl(IExecutionStep step)
   at System.Web.HttpApplication.ExecuteStep(IExecutionStep step, Boolean& completedSynchronously)
2024-07-31 17:42:12,303 [12] INFO  CalcmenuAPI.CalcmenuAPI.PrinterController - standardPrinting started
2024-07-31 17:42:19,002 [12] INFO  EgsReport.clsReport - CreateReport_Test
2024-07-31 17:42:19,008 [12] INFO  EgsReport.clsReport - 1
2024-07-31 17:42:19,250 [12] INFO  EgsReport.clsReport - 2
2024-07-31 17:42:41,698 [12] INFO  EgsReport.xrReports - StrCode: 52178 | CodeUser: 1 | CodePrintList: 0 | strCodeParent: lblID | strCodeMain: lblID
2024-07-31 17:42:42,306 [12] INFO  EgsReport.xrReports - strID: lblID | strFilter3: Code = 52178
2024-07-31 17:42:47,516 [12] INFO  CalcmenuAPI.CalcmenuAPI.PrinterController - FolderPath: C:\inetpub\wwwroot\calcmenuapi_v48_coop\temp\\Export_133668925389882599.pdf
2024-07-31 17:42:47,517 [12] INFO  CalcmenuAPI.CalcmenuAPI.PrinterController - FolderURL: http://localhost/calcmenuapi_v48_coop/temp//Export_133668925389882599.pdf
2024-07-31 22:24:14,803 [24] INFO  CalcmenuAPI.CalcmenuAPI.PrinterController - standardPrinting started
2024-07-31 22:24:21,605 [24] INFO  EgsReport.clsReport - CreateReport_Test
2024-07-31 22:24:21,605 [24] INFO  EgsReport.clsReport - 1
2024-07-31 22:24:21,798 [24] INFO  EgsReport.clsReport - 2
2024-07-31 22:24:38,627 [24] INFO  EgsReport.xrReports - StrCode: 52178 | CodeUser: 1 | CodePrintList: 0 | strCodeParent: lblID | strCodeMain: lblID
2024-07-31 22:24:38,628 [24] INFO  EgsReport.xrReports - strID: lblID | strFilter3: Code = 52178
2024-07-31 22:24:39,929 [24] INFO  CalcmenuAPI.CalcmenuAPI.PrinterController - FolderPath: C:\inetpub\wwwroot\calcmenuapi_v48_coop\temp\\Export_133669094616052936.pdf
2024-07-31 22:24:39,930 [24] INFO  CalcmenuAPI.CalcmenuAPI.PrinterController - FolderURL: http://localhost/calcmenuapi_v48_coop/temp//Export_133669094616052936.pdf
2024-07-31 22:24:58,831 [49] ERROR CalcmenuAPI.Global_asax - File does not exist.
2024-07-31 22:24:58,831 [49] ERROR CalcmenuAPI.Global_asax -    at System.Web.StaticFileHandler.GetFileInfo(String virtualPathWithPathInfo, String physicalPath, HttpResponse response)
   at System.Web.StaticFileHandler.ProcessRequestInternal(HttpContext context, String overrideVirtualPath)
   at System.Web.DefaultHttpHandler.BeginProcessRequest(HttpContext context, AsyncCallback callback, Object state)
   at System.Web.HttpApplication.CallHandlerExecutionStep.System.Web.HttpApplication.IExecutionStep.Execute()
   at System.Web.HttpApplication.ExecuteStepImpl(IExecutionStep step)
   at System.Web.HttpApplication.ExecuteStep(IExecutionStep step, Boolean& completedSynchronously)
2024-07-31 22:24:58,831 [49] INFO  CalcmenuAPI.Global_asax - File does not exist.
2024-07-31 22:24:58,832 [49] INFO  CalcmenuAPI.Global_asax -    at System.Web.StaticFileHandler.GetFileInfo(String virtualPathWithPathInfo, String physicalPath, HttpResponse response)
   at System.Web.StaticFileHandler.ProcessRequestInternal(HttpContext context, String overrideVirtualPath)
   at System.Web.DefaultHttpHandler.BeginProcessRequest(HttpContext context, AsyncCallback callback, Object state)
   at System.Web.HttpApplication.CallHandlerExecutionStep.System.Web.HttpApplication.IExecutionStep.Execute()
   at System.Web.HttpApplication.ExecuteStepImpl(IExecutionStep step)
   at System.Web.HttpApplication.ExecuteStep(IExecutionStep step, Boolean& completedSynchronously)
2024-07-31 22:25:06,252 [14] INFO  CalcmenuAPI.CalcmenuAPI.PrinterController - standardPrinting started
2024-07-31 22:25:11,934 [14] INFO  EgsReport.clsReport - CreateReport_Test
2024-07-31 22:25:11,935 [14] INFO  EgsReport.clsReport - 1
2024-07-31 22:25:12,122 [14] INFO  EgsReport.clsReport - 2
2024-07-31 22:26:52,776 [14] INFO  EgsReport.xrReports - StrCode: 52178 | CodeUser: 1 | CodePrintList: 0 | strCodeParent: lblID | strCodeMain: lblID
2024-07-31 22:26:54,330 [14] INFO  EgsReport.xrReports - strID: lblID | strFilter3: Code = 52178
2024-07-31 22:29:34,711 [14] INFO  CalcmenuAPI.CalcmenuAPI.PrinterController - FolderPath: C:\inetpub\wwwroot\calcmenuapi_v48_coop\temp\\Export_133669095119347690.pdf
2024-07-31 22:29:34,711 [14] INFO  CalcmenuAPI.CalcmenuAPI.PrinterController - FolderURL: http://localhost/calcmenuapi_v48_coop/temp//Export_133669095119347690.pdf
2024-07-31 22:32:02,469 [59] INFO  CalcmenuAPI.CalcmenuAPI.PrinterController - standardPrinting started
2024-07-31 22:32:08,282 [59] INFO  EgsReport.clsReport - CreateReport_Test
2024-07-31 22:32:08,283 [59] INFO  EgsReport.clsReport - 1
2024-07-31 22:32:08,469 [59] INFO  EgsReport.clsReport - 2
2024-07-31 22:32:59,827 [59] INFO  EgsReport.xrReports - StrCode: 52392 | CodeUser: 1 | CodePrintList: 0 | strCodeParent: lblID | strCodeMain: lblID
2024-07-31 22:32:59,828 [59] INFO  EgsReport.xrReports - strID: lblID | strFilter3: Code = 52392
2024-07-31 22:33:01,332 [59] INFO  CalcmenuAPI.CalcmenuAPI.PrinterController - FolderPath: C:\inetpub\wwwroot\calcmenuapi_v48_coop\temp\\Export_133669099282823592.pdf
2024-07-31 22:33:01,332 [59] INFO  CalcmenuAPI.CalcmenuAPI.PrinterController - FolderURL: http://localhost/calcmenuapi_v48_coop/temp//Export_133669099282823592.pdf
2024-07-31 22:34:03,628 [59] INFO  CalcmenuAPI.CalcmenuAPI.PrinterController - standardPrinting started
2024-07-31 22:34:04,465 [59] INFO  EgsReport.clsReport - CreateReport_Test
2024-07-31 22:34:04,466 [59] INFO  EgsReport.clsReport - 1
2024-07-31 22:34:04,652 [59] INFO  EgsReport.clsReport - 2
2024-07-31 22:34:22,052 [59] INFO  CalcmenuAPI.CalcmenuAPI.PrinterController - FolderPath: C:\inetpub\wwwroot\calcmenuapi_v48_coop\temp\\Export_133669100444651859.pdf
2024-07-31 22:34:22,052 [59] INFO  CalcmenuAPI.CalcmenuAPI.PrinterController - FolderURL: http://localhost/calcmenuapi_v48_coop/temp//Export_133669100444651859.pdf
2024-07-31 22:35:14,207 [59] INFO  CalcmenuAPI.CalcmenuAPI.PrinterController - standardPrinting started
2024-07-31 22:35:15,021 [59] INFO  EgsReport.clsReport - CreateReport_Test
2024-07-31 22:35:15,022 [59] INFO  EgsReport.clsReport - 1
2024-07-31 22:35:15,209 [59] INFO  EgsReport.clsReport - 2
2024-07-31 22:35:32,628 [59] INFO  CalcmenuAPI.CalcmenuAPI.PrinterController - FolderPath: C:\inetpub\wwwroot\calcmenuapi_v48_coop\temp\\Export_133669101150217575.pdf
2024-07-31 22:35:32,629 [59] INFO  CalcmenuAPI.CalcmenuAPI.PrinterController - FolderURL: http://localhost/calcmenuapi_v48_coop/temp//Export_133669101150217575.pdf
