2024-12-17 23:19:05,619 [1] INFO  CalcmenuAPI.Global_asax - CalcmenuAPI was started
2024-12-17 23:19:06,667 [8] INFO  CalcmenuAPI.CalcmenuAPI.PrinterController - standardPrinting started
2024-12-17 23:19:08,244 [8] INFO  EgsReport.clsReport - CreateReport_Test
2024-12-17 23:19:08,246 [8] INFO  EgsReport.clsReport - 1
2024-12-17 23:19:08,504 [8] INFO  EgsReport.clsReport - 2
2024-12-17 23:19:26,131 [8] INFO  EgsReport.xrReports - StrCode: 61552 | CodeUser: 1 | CodePrintList: 562202 | strCodeParent:  | strCodeMain: 61552
2024-12-17 23:19:26,132 [8] INFO  EgsReport.xrReports - strID: 4281579 | strFilter3: Code = 61552 AND CodeListeParent IS NULL AND CodeListeMain = 61552
2024-12-17 23:19:26,832 [8] INFO  EgsReport.StandardDetail - PRINT PICTURE 
2024-12-17 23:19:26,833 [8] INFO  EgsReport.StandardDetail - PRINT PICTURE C:\Data\COOP\RecipeStandardPrint\PicNormal\
2024-12-17 23:19:33,492 [8] INFO  CalcmenuAPI.CalcmenuAPI.PrinterController - FolderPath: C:\Data\COOP\RecipeStandardPrint\Export_133789223482355200.pdf
2024-12-17 23:19:33,492 [8] INFO  CalcmenuAPI.CalcmenuAPI.PrinterController - FolderURL: http://localhost:6735//Export_133789223482355200.pdf
2024-12-17 23:20:03,400 [8] INFO  CalcmenuAPI.CalcmenuAPI.PrinterController - standardPrinting started
2024-12-17 23:23:31,525 [8] INFO  EgsReport.clsReport - CreateReport_Test
2024-12-17 23:23:31,526 [8] INFO  EgsReport.clsReport - 1
2024-12-17 23:23:31,720 [8] INFO  EgsReport.clsReport - 2
2024-12-17 23:24:17,569 [8] INFO  EgsReport.xrReports - StrCode: 61552 | CodeUser: 1 | CodePrintList: 562202 | strCodeParent:  | strCodeMain: 61552
2024-12-17 23:24:17,570 [8] INFO  EgsReport.xrReports - strID: 4281579 | strFilter3: Code = 61552 AND CodeListeParent IS NULL AND CodeListeMain = 61552
2024-12-17 23:24:18,117 [8] INFO  EgsReport.StandardDetail - PRINT PICTURE 
2024-12-17 23:24:18,117 [8] INFO  EgsReport.StandardDetail - PRINT PICTURE C:\Data\COOP\RecipeStandardPrint\PicNormal\
2024-12-17 23:24:22,530 [8] INFO  CalcmenuAPI.CalcmenuAPI.PrinterController - FolderPath: C:\Data\COOP\RecipeStandardPrint\Export_133789224039057279.pdf
2024-12-17 23:24:22,531 [8] INFO  CalcmenuAPI.CalcmenuAPI.PrinterController - FolderURL: http://localhost:6735//Export_133789224039057279.pdf
