2024-04-23 10:24:01,750 [5] INFO  CalcmenuAPI.Global_asax - CalcmenuAPI was started
2024-04-23 10:24:01,978 [5] ERROR CalcmenuAPI.Global_asax - File does not exist.
2024-04-23 10:24:01,979 [5] ERROR CalcmenuAPI.Global_asax -    at System.Web.StaticFileHandler.GetFileInfo(String virtualPathWithPathInfo, String physicalPath, HttpResponse response)
   at System.Web.StaticFileHandler.ProcessRequestInternal(HttpContext context, String overrideVirtualPath)
   at System.Web.DefaultHttpHandler.BeginProcessRequest(HttpContext context, AsyncCallback callback, Object state)
   at System.Web.HttpApplication.CallHandlerExecutionStep.System.Web.HttpApplication.IExecutionStep.Execute()
   at System.Web.HttpApplication.ExecuteStepImpl(IExecutionStep step)
   at System.Web.HttpApplication.ExecuteStep(IExecutionStep step, Boolean& completedSynchronously)
2024-04-23 10:24:02,076 [6] ERROR CalcmenuAPI.Global_asax - File does not exist.
2024-04-23 10:24:02,076 [6] ERROR CalcmenuAPI.Global_asax -    at System.Web.StaticFileHandler.GetFileInfo(String virtualPathWithPathInfo, String physicalPath, HttpResponse response)
   at System.Web.StaticFileHandler.ProcessRequestInternal(HttpContext context, String overrideVirtualPath)
   at System.Web.DefaultHttpHandler.BeginProcessRequest(HttpContext context, AsyncCallback callback, Object state)
   at System.Web.HttpApplication.CallHandlerExecutionStep.System.Web.HttpApplication.IExecutionStep.Execute()
   at System.Web.HttpApplication.ExecuteStepImpl(IExecutionStep step)
   at System.Web.HttpApplication.ExecuteStep(IExecutionStep step, Boolean& completedSynchronously)
2024-04-23 10:24:12,467 [5] INFO  EgsReport.xrReports - StrCode: 54221 | CodeUser: 1 | CodePrintList: 0 | strCodeParent:  | strCodeMain: 54221
2024-04-23 10:24:12,468 [5] INFO  EgsReport.xrReports - strID: 3881396 | strFilter3: Code = 54221 AND CodeListeParent IS NULL AND CodeListeMain = 54221
2024-04-23 10:27:32,140 [5] INFO  CalcmenuAPI.Global_asax - CalcmenuAPI was started
2024-04-23 10:27:32,323 [5] ERROR CalcmenuAPI.Global_asax - File does not exist.
2024-04-23 10:27:32,324 [5] ERROR CalcmenuAPI.Global_asax -    at System.Web.StaticFileHandler.GetFileInfo(String virtualPathWithPathInfo, String physicalPath, HttpResponse response)
   at System.Web.StaticFileHandler.ProcessRequestInternal(HttpContext context, String overrideVirtualPath)
   at System.Web.DefaultHttpHandler.BeginProcessRequest(HttpContext context, AsyncCallback callback, Object state)
   at System.Web.HttpApplication.CallHandlerExecutionStep.System.Web.HttpApplication.IExecutionStep.Execute()
   at System.Web.HttpApplication.ExecuteStepImpl(IExecutionStep step)
   at System.Web.HttpApplication.ExecuteStep(IExecutionStep step, Boolean& completedSynchronously)
2024-04-23 10:27:36,188 [6] INFO  EgsReport.xrReports - StrCode: 54221 | CodeUser: 1 | CodePrintList: 0 | strCodeParent:  | strCodeMain: 54221
2024-04-23 10:27:36,189 [6] INFO  EgsReport.xrReports - strID: 3881396 | strFilter3: Code = 54221 AND CodeListeParent IS NULL AND CodeListeMain = 54221
2024-04-23 10:28:13,211 [5] ERROR CalcmenuAPI.Global_asax - File does not exist.
2024-04-23 10:28:13,211 [5] ERROR CalcmenuAPI.Global_asax -    at System.Web.StaticFileHandler.GetFileInfo(String virtualPathWithPathInfo, String physicalPath, HttpResponse response)
   at System.Web.StaticFileHandler.ProcessRequestInternal(HttpContext context, String overrideVirtualPath)
   at System.Web.DefaultHttpHandler.BeginProcessRequest(HttpContext context, AsyncCallback callback, Object state)
   at System.Web.HttpApplication.CallHandlerExecutionStep.System.Web.HttpApplication.IExecutionStep.Execute()
   at System.Web.HttpApplication.ExecuteStepImpl(IExecutionStep step)
   at System.Web.HttpApplication.ExecuteStep(IExecutionStep step, Boolean& completedSynchronously)
2024-04-23 10:28:17,460 [6] INFO  EgsReport.xrReports - StrCode: 54221 | CodeUser: 1 | CodePrintList: 0 | strCodeParent:  | strCodeMain: 54221
2024-04-23 10:28:17,460 [6] INFO  EgsReport.xrReports - strID: 3881396 | strFilter3: Code = 54221 AND CodeListeParent IS NULL AND CodeListeMain = 54221
2024-04-23 11:03:32,846 [6] INFO  CalcmenuAPI.Global_asax - CalcmenuAPI was started
2024-04-23 11:03:33,003 [5] ERROR CalcmenuAPI.Global_asax - File does not exist.
2024-04-23 11:03:33,005 [5] ERROR CalcmenuAPI.Global_asax -    at System.Web.StaticFileHandler.GetFileInfo(String virtualPathWithPathInfo, String physicalPath, HttpResponse response)
   at System.Web.StaticFileHandler.ProcessRequestInternal(HttpContext context, String overrideVirtualPath)
   at System.Web.DefaultHttpHandler.BeginProcessRequest(HttpContext context, AsyncCallback callback, Object state)
   at System.Web.HttpApplication.CallHandlerExecutionStep.System.Web.HttpApplication.IExecutionStep.Execute()
   at System.Web.HttpApplication.ExecuteStepImpl(IExecutionStep step)
   at System.Web.HttpApplication.ExecuteStep(IExecutionStep step, Boolean& completedSynchronously)
2024-04-23 11:03:38,932 [6] INFO  EgsReport.xrReports - StrCode: 54221 | CodeUser: 1 | CodePrintList: 0 | strCodeParent:  | strCodeMain: 54221
2024-04-23 11:03:38,933 [6] INFO  EgsReport.xrReports - strID: 3881396 | strFilter3: Code = 54221 AND CodeListeParent IS NULL AND CodeListeMain = 54221
2024-04-23 11:04:21,940 [7] ERROR CalcmenuAPI.Global_asax - File does not exist.
2024-04-23 11:04:21,940 [7] ERROR CalcmenuAPI.Global_asax -    at System.Web.StaticFileHandler.GetFileInfo(String virtualPathWithPathInfo, String physicalPath, HttpResponse response)
   at System.Web.StaticFileHandler.ProcessRequestInternal(HttpContext context, String overrideVirtualPath)
   at System.Web.DefaultHttpHandler.BeginProcessRequest(HttpContext context, AsyncCallback callback, Object state)
   at System.Web.HttpApplication.CallHandlerExecutionStep.System.Web.HttpApplication.IExecutionStep.Execute()
   at System.Web.HttpApplication.ExecuteStepImpl(IExecutionStep step)
   at System.Web.HttpApplication.ExecuteStep(IExecutionStep step, Boolean& completedSynchronously)
2024-04-23 11:04:22,828 [6] INFO  EgsReport.xrReports - StrCode: 54221 | CodeUser: 1 | CodePrintList: 0 | strCodeParent:  | strCodeMain: 54221
2024-04-23 11:04:22,828 [6] INFO  EgsReport.xrReports - strID: 3881396 | strFilter3: Code = 54221 AND CodeListeParent IS NULL AND CodeListeMain = 54221
