2024-03-19 19:54:49,409 [5] INFO  CalcmenuAPI.Global_asax - CalcmenuAPI was started
2024-03-19 19:54:49,495 [5] ERROR CalcmenuAPI.Global_asax - File does not exist.
2024-03-19 19:54:49,498 [5] ERROR CalcmenuAPI.Global_asax -    at System.Web.StaticFileHandler.GetFileInfo(String virtualPathWithPathInfo, String physicalPath, HttpResponse response)
   at System.Web.StaticFileHandler.ProcessRequestInternal(HttpContext context, String overrideVirtualPath)
   at System.Web.DefaultHttpHandler.BeginProcessRequest(HttpContext context, AsyncCallback callback, Object state)
   at System.Web.HttpApplication.CallHandlerExecutionStep.System.Web.HttpApplication.IExecutionStep.Execute()
   at System.Web.HttpApplication.ExecuteStepImpl(IExecutionStep step)
   at System.Web.HttpApplication.ExecuteStep(IExecutionStep step, Boolean& completedSynchronously)
2024-03-19 19:55:45,142 [5] INFO  CalcmenuAPI.Global_asax - CalcmenuAPI was started
2024-03-19 19:55:45,208 [5] ERROR CalcmenuAPI.Global_asax - File does not exist.
2024-03-19 19:55:45,209 [5] ERROR CalcmenuAPI.Global_asax -    at System.Web.StaticFileHandler.GetFileInfo(String virtualPathWithPathInfo, String physicalPath, HttpResponse response)
   at System.Web.StaticFileHandler.ProcessRequestInternal(HttpContext context, String overrideVirtualPath)
   at System.Web.DefaultHttpHandler.BeginProcessRequest(HttpContext context, AsyncCallback callback, Object state)
   at System.Web.HttpApplication.CallHandlerExecutionStep.System.Web.HttpApplication.IExecutionStep.Execute()
   at System.Web.HttpApplication.ExecuteStepImpl(IExecutionStep step)
   at System.Web.HttpApplication.ExecuteStep(IExecutionStep step, Boolean& completedSynchronously)
2024-03-19 19:55:45,284 [6] ERROR CalcmenuAPI.Global_asax - File does not exist.
2024-03-19 19:55:45,285 [6] ERROR CalcmenuAPI.Global_asax -    at System.Web.StaticFileHandler.GetFileInfo(String virtualPathWithPathInfo, String physicalPath, HttpResponse response)
   at System.Web.StaticFileHandler.ProcessRequestInternal(HttpContext context, String overrideVirtualPath)
   at System.Web.DefaultHttpHandler.BeginProcessRequest(HttpContext context, AsyncCallback callback, Object state)
   at System.Web.HttpApplication.CallHandlerExecutionStep.System.Web.HttpApplication.IExecutionStep.Execute()
   at System.Web.HttpApplication.ExecuteStepImpl(IExecutionStep step)
   at System.Web.HttpApplication.ExecuteStep(IExecutionStep step, Boolean& completedSynchronously)
2024-03-19 19:55:51,712 [5] INFO  CalcmenuAPI.CalcmenuAPI.RecipeController - Calling GetMSCMenuCostWeeklyReport
2024-03-19 19:57:42,026 [5] INFO  CalcmenuAPI.CalcmenuAPI.RecipeController - Calling GetCoopWeklyReport
