2024-11-08 00:00:29,962 [14] INFO  CalcmenuAPI.CalcmenuAPI.PrinterController - standardPrinting started
2024-11-08 00:00:32,153 [14] INFO  EgsReport.clsReport - CreateReport_Test
2024-11-08 00:00:32,153 [14] INFO  EgsReport.clsReport - 1
2024-11-08 00:00:32,343 [14] INFO  EgsReport.clsReport - 2
2024-11-08 00:00:51,364 [14] INFO  EgsReport.xrReports - StrCode: 56809 | CodeUser: 1 | CodePrintList: 518297 | strCodeParent:  | strCodeMain: 56809
2024-11-08 00:00:51,365 [14] INFO  EgsReport.xrReports - strID: 3879854 | strFilter3: Code = 56809 AND CodeListeParent IS NULL AND CodeListeMain = 56809
2024-11-08 00:02:24,177 [14] INFO  EgsReport.StandardDetail - PRINT PICTURE
2024-11-08 00:02:24,178 [14] INFO  EgsReport.StandardDetail - PRINT PICTUREC:\Data\COOP\RecipeStandardPrint\PicNormal\
2024-11-08 00:02:26,849 [14] INFO  CalcmenuAPI.CalcmenuAPI.PrinterController - FolderPath: C:\Data\COOP\RecipeStandardPrint\Export_133754688321530147.pdf
2024-11-08 00:02:26,849 [14] INFO  CalcmenuAPI.CalcmenuAPI.PrinterController - FolderURL: http://localhost:6735//Export_133754688321530147.pdf
2024-11-08 00:02:29,838 [5] INFO  CalcmenuAPI.CalcmenuAPI.PrinterController - standardPrinting started
2024-11-08 00:02:32,063 [5] INFO  EgsReport.clsReport - CreateReport_Test
2024-11-08 00:02:32,064 [5] INFO  EgsReport.clsReport - 1
2024-11-08 00:02:32,254 [5] INFO  EgsReport.clsReport - 2
2024-11-08 00:02:53,341 [5] INFO  EgsReport.xrReports - StrCode: 56809 | CodeUser: 1 | CodePrintList: 518297 | strCodeParent:  | strCodeMain: 56809
2024-11-08 00:02:53,342 [5] INFO  EgsReport.xrReports - strID: 3879854 | strFilter3: Code = 56809 AND CodeListeParent IS NULL AND CodeListeMain = 56809
2024-11-08 00:03:17,896 [5] INFO  EgsReport.StandardDetail - PRINT PICTURE
2024-11-08 00:03:18,456 [5] INFO  EgsReport.StandardDetail - PRINT PICTUREC:\Data\COOP\RecipeStandardPrint\PicNormal\
2024-11-08 00:03:58,564 [5] INFO  CalcmenuAPI.CalcmenuAPI.PrinterController - FolderPath: C:\Data\COOP\RecipeStandardPrint\Export_133754689520637744.pdf
2024-11-08 00:03:58,564 [5] INFO  CalcmenuAPI.CalcmenuAPI.PrinterController - FolderURL: http://localhost:6735//Export_133754689520637744.pdf
2024-11-08 00:24:23,124 [1] INFO  CalcmenuAPI.Global_asax - CalcmenuAPI was started
2024-11-08 00:24:24,305 [8] INFO  CalcmenuAPI.CalcmenuAPI.PrinterController - standardPrinting started
2024-11-08 00:24:29,204 [8] INFO  EgsReport.clsReport - CreateReport_Test
2024-11-08 00:24:29,205 [8] INFO  EgsReport.clsReport - 1
2024-11-08 00:24:29,450 [8] INFO  EgsReport.clsReport - 2
2024-11-08 00:24:47,929 [8] INFO  EgsReport.xrReports - StrCode: 61085 | CodeUser: 1 | CodePrintList: 518302 | strCodeParent:  | strCodeMain: 61085
2024-11-08 00:24:47,930 [8] INFO  EgsReport.xrReports - strID: 3879862 | strFilter3: Code = 61085 AND CodeListeParent IS NULL AND CodeListeMain = 61085
2024-11-08 00:24:53,004 [8] INFO  CalcmenuAPI.CalcmenuAPI.PrinterController - FolderPath: C:\Data\COOP\RecipeStandardPrint\Export_133754702691966713.pdf
2024-11-08 00:24:53,005 [8] INFO  CalcmenuAPI.CalcmenuAPI.PrinterController - FolderURL: http://localhost:6735//Export_133754702691966713.pdf
2024-11-08 00:25:27,435 [8] INFO  CalcmenuAPI.CalcmenuAPI.PrinterController - standardPrinting started
2024-11-08 00:25:29,833 [8] INFO  EgsReport.clsReport - CreateReport_Test
2024-11-08 00:25:29,834 [8] INFO  EgsReport.clsReport - 1
2024-11-08 00:25:30,021 [8] INFO  EgsReport.clsReport - 2
2024-11-08 00:25:47,947 [8] INFO  EgsReport.xrReports - StrCode: 61085 | CodeUser: 1 | CodePrintList: 518302 | strCodeParent:  | strCodeMain: 61085
2024-11-08 00:25:47,947 [8] INFO  EgsReport.xrReports - strID: 3879862 | strFilter3: Code = 61085 AND CodeListeParent IS NULL AND CodeListeMain = 61085
2024-11-08 00:26:34,601 [8] INFO  CalcmenuAPI.CalcmenuAPI.PrinterController - FolderPath: C:\Data\COOP\RecipeStandardPrint\Export_133754703298337195.pdf
2024-11-08 00:26:34,601 [8] INFO  CalcmenuAPI.CalcmenuAPI.PrinterController - FolderURL: http://localhost:6735//Export_133754703298337195.pdf
2024-11-08 00:41:20,857 [23] INFO  CalcmenuAPI.CalcmenuAPI.PrinterController - standardPrinting started
2024-11-08 00:43:38,338 [23] INFO  EgsReport.clsReport - CreateReport_Test
2024-11-08 00:43:38,339 [23] INFO  EgsReport.clsReport - 1
2024-11-08 00:43:38,529 [23] INFO  EgsReport.clsReport - 2
2024-11-08 00:43:56,475 [23] INFO  EgsReport.xrReports - StrCode: 61085 | CodeUser: 1 | CodePrintList: 518302 | strCodeParent:  | strCodeMain: 61085
2024-11-08 00:43:56,475 [23] INFO  EgsReport.xrReports - strID: 3879862 | strFilter3: Code = 61085 AND CodeListeParent IS NULL AND CodeListeMain = 61085
2024-11-08 00:44:56,381 [1] INFO  CalcmenuAPI.Global_asax - CalcmenuAPI was started
2024-11-08 00:44:57,224 [8] INFO  CalcmenuAPI.CalcmenuAPI.PrinterController - standardPrinting started
2024-11-08 00:45:00,703 [8] INFO  EgsReport.clsReport - CreateReport_Test
2024-11-08 00:45:00,704 [8] INFO  EgsReport.clsReport - 1
2024-11-08 00:45:00,951 [8] INFO  EgsReport.clsReport - 2
2024-11-08 00:45:18,159 [8] INFO  EgsReport.xrReports - StrCode: 61085 | CodeUser: 1 | CodePrintList: 518302 | strCodeParent:  | strCodeMain: 61085
2024-11-08 00:45:18,161 [8] INFO  EgsReport.xrReports - strID: 3879862 | strFilter3: Code = 61085 AND CodeListeParent IS NULL AND CodeListeMain = 61085
2024-11-08 00:45:34,637 [8] INFO  CalcmenuAPI.CalcmenuAPI.PrinterController - FolderPath: C:\Data\COOP\RecipeStandardPrint\Export_133754715006961184.pdf
2024-11-08 00:45:34,638 [8] INFO  CalcmenuAPI.CalcmenuAPI.PrinterController - FolderURL: http://localhost:6735//Export_133754715006961184.pdf
2024-11-08 01:07:11,700 [45] INFO  CalcmenuAPI.Global_asax - CalcmenuAPI was started
2024-11-08 01:07:12,173 [33] INFO  CalcmenuAPI.CalcmenuAPI.PrinterController - standardPrinting started
2024-11-08 01:07:15,913 [33] INFO  EgsReport.clsReport - CreateReport_Test
2024-11-08 01:07:15,914 [33] INFO  EgsReport.clsReport - 1
2024-11-08 01:07:16,113 [33] INFO  EgsReport.clsReport - 2
2024-11-08 01:07:34,902 [33] INFO  EgsReport.xrReports - StrCode: 61085 | CodeUser: 1 | CodePrintList: 518302 | strCodeParent:  | strCodeMain: 61085
2024-11-08 01:07:34,902 [33] INFO  EgsReport.xrReports - strID: 3879862 | strFilter3: Code = 61085 AND CodeListeParent IS NULL AND CodeListeMain = 61085
2024-11-08 01:07:39,827 [33] INFO  CalcmenuAPI.CalcmenuAPI.PrinterController - FolderPath: C:\Data\COOP\RecipeStandardPrint\Export_133754728359065801.pdf
2024-11-08 01:07:39,828 [33] INFO  CalcmenuAPI.CalcmenuAPI.PrinterController - FolderURL: http://localhost:6735//Export_133754728359065801.pdf
2024-11-08 01:25:12,022 [36] INFO  CalcmenuAPI.CalcmenuAPI.PrinterController - standardPrinting started
2024-11-08 01:25:15,591 [36] INFO  EgsReport.clsReport - CreateReport_Test
2024-11-08 01:25:15,592 [36] INFO  EgsReport.clsReport - 1
2024-11-08 01:25:15,781 [36] INFO  EgsReport.clsReport - 2
2024-11-08 01:25:33,037 [36] INFO  EgsReport.xrReports - StrCode: 49515 | CodeUser: 1 | CodePrintList: 54618 | strCodeParent:  | strCodeMain: 49515
2024-11-08 01:25:33,038 [36] INFO  EgsReport.xrReports - strID: 327986 | strFilter3: Code = 49515 AND CodeListeParent IS NULL AND CodeListeMain = 49515
2024-11-08 01:25:37,537 [36] INFO  CalcmenuAPI.CalcmenuAPI.PrinterController - FolderPath: C:\Data\COOP\RecipeStandardPrint\Export_133754739155915676.pdf
2024-11-08 01:25:37,537 [36] INFO  CalcmenuAPI.CalcmenuAPI.PrinterController - FolderURL: http://localhost:6735//Export_133754739155915676.pdf
