2024-07-09 09:53:19,813 [5] INFO  CalcmenuAPI.Global_asax - CalcmenuAPI was started
2024-07-09 09:53:20,121 [5] ERROR CalcmenuAPI.Global_asax - File does not exist.
2024-07-09 09:53:20,123 [5] ERROR CalcmenuAPI.Global_asax -    at System.Web.StaticFileHandler.GetFileInfo(String virtualPathWithPathInfo, String physicalPath, HttpResponse response)
   at System.Web.StaticFileHandler.ProcessRequestInternal(HttpContext context, String overrideVirtualPath)
   at System.Web.DefaultHttpHandler.BeginProcessRequest(HttpContext context, AsyncCallback callback, Object state)
   at System.Web.HttpApplication.CallHandlerExecutionStep.System.Web.HttpApplication.IExecutionStep.Execute()
   at System.Web.HttpApplication.ExecuteStepImpl(IExecutionStep step)
   at System.Web.HttpApplication.ExecuteStep(IExecutionStep step, Boolean& completedSynchronously)
2024-07-09 09:53:20,123 [5] INFO  CalcmenuAPI.Global_asax - File does not exist.
2024-07-09 09:53:20,124 [5] INFO  CalcmenuAPI.Global_asax -    at System.Web.StaticFileHandler.GetFileInfo(String virtualPathWithPathInfo, String physicalPath, HttpResponse response)
   at System.Web.StaticFileHandler.ProcessRequestInternal(HttpContext context, String overrideVirtualPath)
   at System.Web.DefaultHttpHandler.BeginProcessRequest(HttpContext context, AsyncCallback callback, Object state)
   at System.Web.HttpApplication.CallHandlerExecutionStep.System.Web.HttpApplication.IExecutionStep.Execute()
   at System.Web.HttpApplication.ExecuteStepImpl(IExecutionStep step)
   at System.Web.HttpApplication.ExecuteStep(IExecutionStep step, Boolean& completedSynchronously)
2024-07-09 09:53:20,222 [6] ERROR CalcmenuAPI.Global_asax - File does not exist.
2024-07-09 09:53:20,223 [6] ERROR CalcmenuAPI.Global_asax -    at System.Web.StaticFileHandler.GetFileInfo(String virtualPathWithPathInfo, String physicalPath, HttpResponse response)
   at System.Web.StaticFileHandler.ProcessRequestInternal(HttpContext context, String overrideVirtualPath)
   at System.Web.DefaultHttpHandler.BeginProcessRequest(HttpContext context, AsyncCallback callback, Object state)
   at System.Web.HttpApplication.CallHandlerExecutionStep.System.Web.HttpApplication.IExecutionStep.Execute()
   at System.Web.HttpApplication.ExecuteStepImpl(IExecutionStep step)
   at System.Web.HttpApplication.ExecuteStep(IExecutionStep step, Boolean& completedSynchronously)
2024-07-09 09:53:20,223 [6] INFO  CalcmenuAPI.Global_asax - File does not exist.
2024-07-09 09:53:20,223 [6] INFO  CalcmenuAPI.Global_asax -    at System.Web.StaticFileHandler.GetFileInfo(String virtualPathWithPathInfo, String physicalPath, HttpResponse response)
   at System.Web.StaticFileHandler.ProcessRequestInternal(HttpContext context, String overrideVirtualPath)
   at System.Web.DefaultHttpHandler.BeginProcessRequest(HttpContext context, AsyncCallback callback, Object state)
   at System.Web.HttpApplication.CallHandlerExecutionStep.System.Web.HttpApplication.IExecutionStep.Execute()
   at System.Web.HttpApplication.ExecuteStepImpl(IExecutionStep step)
   at System.Web.HttpApplication.ExecuteStep(IExecutionStep step, Boolean& completedSynchronously)
2024-07-09 10:13:06,557 [12] INFO  CalcmenuAPI.CalcmenuAPI.PrinterController - standardPrinting started
2024-07-09 10:13:08,471 [12] INFO  EgsReport.clsReport - CreateReport_Test
2024-07-09 10:13:08,474 [12] INFO  EgsReport.clsReport - 1
2024-07-09 10:13:08,751 [12] INFO  EgsReport.clsReport - 2
2024-07-09 10:16:56,146 [12] INFO  CalcmenuAPI.CalcmenuAPI.PrinterController - Object reference not set to an instance of an object.
2024-07-09 10:23:37,154 [6] INFO  CalcmenuAPI.Global_asax - CalcmenuAPI was started
2024-07-09 10:23:37,366 [6] ERROR CalcmenuAPI.Global_asax - File does not exist.
2024-07-09 10:23:37,368 [6] ERROR CalcmenuAPI.Global_asax -    at System.Web.StaticFileHandler.GetFileInfo(String virtualPathWithPathInfo, String physicalPath, HttpResponse response)
   at System.Web.StaticFileHandler.ProcessRequestInternal(HttpContext context, String overrideVirtualPath)
   at System.Web.DefaultHttpHandler.BeginProcessRequest(HttpContext context, AsyncCallback callback, Object state)
   at System.Web.HttpApplication.CallHandlerExecutionStep.System.Web.HttpApplication.IExecutionStep.Execute()
   at System.Web.HttpApplication.ExecuteStepImpl(IExecutionStep step)
   at System.Web.HttpApplication.ExecuteStep(IExecutionStep step, Boolean& completedSynchronously)
2024-07-09 10:23:37,369 [6] INFO  CalcmenuAPI.Global_asax - File does not exist.
2024-07-09 10:23:37,369 [6] INFO  CalcmenuAPI.Global_asax -    at System.Web.StaticFileHandler.GetFileInfo(String virtualPathWithPathInfo, String physicalPath, HttpResponse response)
   at System.Web.StaticFileHandler.ProcessRequestInternal(HttpContext context, String overrideVirtualPath)
   at System.Web.DefaultHttpHandler.BeginProcessRequest(HttpContext context, AsyncCallback callback, Object state)
   at System.Web.HttpApplication.CallHandlerExecutionStep.System.Web.HttpApplication.IExecutionStep.Execute()
   at System.Web.HttpApplication.ExecuteStepImpl(IExecutionStep step)
   at System.Web.HttpApplication.ExecuteStep(IExecutionStep step, Boolean& completedSynchronously)
2024-07-09 10:23:47,782 [7] INFO  CalcmenuAPI.CalcmenuAPI.PrinterController - standardPrinting started
2024-07-09 10:23:49,696 [7] INFO  EgsReport.clsReport - CreateReport_Test
2024-07-09 10:23:49,697 [7] INFO  EgsReport.clsReport - 1
2024-07-09 10:23:49,906 [7] INFO  EgsReport.clsReport - 2
2024-07-09 10:24:34,762 [7] INFO  CalcmenuAPI.CalcmenuAPI.PrinterController - FolderPath: C:\inetpub\wwwroot\calcmenuapi_v48_coop\temp\\Export_133649654296799280.pdf
2024-07-09 10:24:34,762 [7] INFO  CalcmenuAPI.CalcmenuAPI.PrinterController - FolderURL: http://localhost/calcmenuapi_v48_coop/temp//Export_133649654296799280.pdf
