2024-06-27 16:48:04,359 [5] INFO  CalcmenuAPI.Global_asax - CalcmenuAPI was started
2024-06-27 16:48:04,673 [12] ERROR CalcmenuAPI.Global_asax - The HTTP verb POST used to access path '/api/standardprinting' is not allowed.
2024-06-27 16:48:04,673 [7] ERROR CalcmenuAPI.Global_asax - The HTTP verb POST used to access path '/api/standardprinting' is not allowed.
2024-06-27 16:48:04,673 [5] ERROR CalcmenuAPI.Global_asax - File does not exist.
2024-06-27 16:48:04,675 [12] ERROR CalcmenuAPI.Global_asax -    at System.Web.DefaultHttpHandler.BeginProcessRequest(HttpContext context, AsyncCallback callback, Object state)
   at System.Web.HttpApplication.CallHandlerExecutionStep.System.Web.HttpApplication.IExecutionStep.Execute()
   at System.Web.HttpApplication.ExecuteStepImpl(IExecutionStep step)
   at System.Web.HttpApplication.ExecuteStep(IExecutionStep step, Boolean& completedSynchronously)
2024-06-27 16:48:04,675 [5] ERROR CalcmenuAPI.Global_asax -    at System.Web.StaticFileHandler.GetFileInfo(String virtualPathWithPathInfo, String physicalPath, HttpResponse response)
   at System.Web.StaticFileHandler.ProcessRequestInternal(HttpContext context, String overrideVirtualPath)
   at System.Web.DefaultHttpHandler.BeginProcessRequest(HttpContext context, AsyncCallback callback, Object state)
   at System.Web.HttpApplication.CallHandlerExecutionStep.System.Web.HttpApplication.IExecutionStep.Execute()
   at System.Web.HttpApplication.ExecuteStepImpl(IExecutionStep step)
   at System.Web.HttpApplication.ExecuteStep(IExecutionStep step, Boolean& completedSynchronously)
2024-06-27 16:48:04,675 [7] ERROR CalcmenuAPI.Global_asax -    at System.Web.DefaultHttpHandler.BeginProcessRequest(HttpContext context, AsyncCallback callback, Object state)
   at System.Web.HttpApplication.CallHandlerExecutionStep.System.Web.HttpApplication.IExecutionStep.Execute()
   at System.Web.HttpApplication.ExecuteStepImpl(IExecutionStep step)
   at System.Web.HttpApplication.ExecuteStep(IExecutionStep step, Boolean& completedSynchronously)
2024-06-27 16:48:04,906 [13] ERROR CalcmenuAPI.Global_asax - File does not exist.
2024-06-27 16:48:04,907 [13] ERROR CalcmenuAPI.Global_asax -    at System.Web.StaticFileHandler.GetFileInfo(String virtualPathWithPathInfo, String physicalPath, HttpResponse response)
   at System.Web.StaticFileHandler.ProcessRequestInternal(HttpContext context, String overrideVirtualPath)
   at System.Web.DefaultHttpHandler.BeginProcessRequest(HttpContext context, AsyncCallback callback, Object state)
   at System.Web.HttpApplication.CallHandlerExecutionStep.System.Web.HttpApplication.IExecutionStep.Execute()
   at System.Web.HttpApplication.ExecuteStepImpl(IExecutionStep step)
   at System.Web.HttpApplication.ExecuteStep(IExecutionStep step, Boolean& completedSynchronously)
2024-06-27 16:48:56,633 [7] ERROR CalcmenuAPI.Global_asax - The HTTP verb POST used to access path '/api/standardprinting' is not allowed.
2024-06-27 16:48:56,634 [7] ERROR CalcmenuAPI.Global_asax -    at System.Web.DefaultHttpHandler.BeginProcessRequest(HttpContext context, AsyncCallback callback, Object state)
   at System.Web.HttpApplication.CallHandlerExecutionStep.System.Web.HttpApplication.IExecutionStep.Execute()
   at System.Web.HttpApplication.ExecuteStepImpl(IExecutionStep step)
   at System.Web.HttpApplication.ExecuteStep(IExecutionStep step, Boolean& completedSynchronously)
2024-06-27 16:50:40,272 [5] INFO  CalcmenuAPI.Global_asax - CalcmenuAPI was started
2024-06-27 16:50:40,370 [5] ERROR CalcmenuAPI.Global_asax - File does not exist.
2024-06-27 16:50:40,371 [5] ERROR CalcmenuAPI.Global_asax -    at System.Web.StaticFileHandler.GetFileInfo(String virtualPathWithPathInfo, String physicalPath, HttpResponse response)
   at System.Web.StaticFileHandler.ProcessRequestInternal(HttpContext context, String overrideVirtualPath)
   at System.Web.DefaultHttpHandler.BeginProcessRequest(HttpContext context, AsyncCallback callback, Object state)
   at System.Web.HttpApplication.CallHandlerExecutionStep.System.Web.HttpApplication.IExecutionStep.Execute()
   at System.Web.HttpApplication.ExecuteStepImpl(IExecutionStep step)
   at System.Web.HttpApplication.ExecuteStep(IExecutionStep step, Boolean& completedSynchronously)
2024-06-27 16:50:47,536 [13] ERROR CalcmenuAPI.CalcmenuAPI.PrinterController - standardPrinting: Unexpected error occured
System.NullReferenceException: Object reference not set to an instance of an object.
   at CalcmenuAPI.CalcmenuAPI.PrinterController.standardPrinting(InputData inputData) in C:\TFS Projects\CalcmenuAPI-v7.0.48_COOP\Controllers\PrinterController.vb:line 426
2024-06-27 16:51:04,464 [7] ERROR CalcmenuAPI.CalcmenuAPI.PrinterController - standardPrinting: Unexpected error occured
System.NullReferenceException: Object reference not set to an instance of an object.
   at CalcmenuAPI.CalcmenuAPI.PrinterController.standardPrinting(InputData inputData) in C:\TFS Projects\CalcmenuAPI-v7.0.48_COOP\Controllers\PrinterController.vb:line 426
2024-06-27 16:54:26,874 [5] ERROR CalcmenuAPI.Global_asax - File does not exist.
2024-06-27 16:54:26,875 [5] ERROR CalcmenuAPI.Global_asax -    at System.Web.StaticFileHandler.GetFileInfo(String virtualPathWithPathInfo, String physicalPath, HttpResponse response)
   at System.Web.StaticFileHandler.ProcessRequestInternal(HttpContext context, String overrideVirtualPath)
   at System.Web.DefaultHttpHandler.BeginProcessRequest(HttpContext context, AsyncCallback callback, Object state)
   at System.Web.HttpApplication.CallHandlerExecutionStep.System.Web.HttpApplication.IExecutionStep.Execute()
   at System.Web.HttpApplication.ExecuteStepImpl(IExecutionStep step)
   at System.Web.HttpApplication.ExecuteStep(IExecutionStep step, Boolean& completedSynchronously)
2024-06-27 16:55:17,592 [8] ERROR CalcmenuAPI.CalcmenuAPI.PrinterController - standardPrinting: Unexpected error occured
System.NullReferenceException: Object reference not set to an instance of an object.
   at CalcmenuAPI.CalcmenuAPI.PrinterController.standardPrinting(InputData inputData) in C:\TFS Projects\CalcmenuAPI-v7.0.48_COOP\Controllers\PrinterController.vb:line 426
2024-06-27 16:57:16,382 [5] ERROR CalcmenuAPI.Global_asax - File does not exist.
2024-06-27 16:57:16,384 [5] ERROR CalcmenuAPI.Global_asax -    at System.Web.StaticFileHandler.GetFileInfo(String virtualPathWithPathInfo, String physicalPath, HttpResponse response)
   at System.Web.StaticFileHandler.ProcessRequestInternal(HttpContext context, String overrideVirtualPath)
   at System.Web.DefaultHttpHandler.BeginProcessRequest(HttpContext context, AsyncCallback callback, Object state)
   at System.Web.HttpApplication.CallHandlerExecutionStep.System.Web.HttpApplication.IExecutionStep.Execute()
   at System.Web.HttpApplication.ExecuteStepImpl(IExecutionStep step)
   at System.Web.HttpApplication.ExecuteStep(IExecutionStep step, Boolean& completedSynchronously)
2024-06-27 16:57:19,560 [12] INFO  EgsReport.xrReports - StrCode:  | CodeUser: 1 | CodePrintList: 0 | strCodeParent:  | strCodeMain: 
2024-06-27 16:57:19,627 [12] ERROR CalcmenuAPI.CalcmenuAPI.PrinterController - standardPrinting: Unexpected error occured
System.Data.SyntaxErrorException: Syntax error: Missing operand after '=' operator.
   at System.Data.ExpressionParser.Parse()
   at System.Data.DataExpression..ctor(DataTable table, String expression, Type type)
   at System.Data.DataTable.Select(String filterExpression)
   at EgsReport.xrReports.SubRptDetail_BeforePrint(Object sender, PrintEventArgs e) in C:\TFS Projects\CalcmenuWeb_2015_V48_COOP\EgsReport\xrReports.vb:line 8775
   at DevExpress.XtraReports.UI.XRControl.OnBeforePrint(PrintEventArgs e)
   at DevExpress.XtraReports.UI.XRControl.GetPrintableData()
   at DevExpress.XtraReports.UI.XRControl.WriteContentTo(XRWriteInfo writeInfo)
   at DevExpress.XtraReports.UI.Band.GenerateContent(DocumentBand docBand, Int32 rowIndex)
   at DevExpress.XtraReports.UI.Band.GenerateWithSubreports(DocumentBand docBand, Int32 rowIndex)
   at DevExpress.XtraReports.Native.SelfGeneratedDocumentBand..ctor(RootDocumentBand root, DocumentBandKind kind, Band band, Int32 rowIndex)
   at DevExpress.XtraReports.UI.Band.CreateDocumentBand(Int32 rowIndex, RootDocumentBand rootDocBand)
   at DevExpress.XtraReports.UI.DetailBand.CreateDocumentBand(Int32 rowIndex, RootDocumentBand rootDocBand)
   at DevExpress.XtraReports.Native.Printing.DetailWriter.WriteDetail()
   at DevExpress.XtraReports.Native.Printing.DetailWriterWithDS.WriteInternal()
   at DevExpress.XtraReports.Native.Printing.DetailWriter.Write()
   at DevExpress.XtraReports.Native.Printing.DocumentBuilder.Build()
   at DevExpress.XtraReports.Native.Printing.RootReportBuilder.Build()
   at DevExpress.XtraReports.UI.XtraReportBase.BuildDocument(DocumentBuilder builder)
   at DevExpress.XtraReports.UI.XtraReport.BuildDocument(DocumentBuilder builder)
   at DevExpress.XtraReports.UI.XtraReport.CreateDocument(PrintingSystem ps, Single progressRange)
   at DevExpress.XtraReports.UI.XtraReport.CreateDocument(Single progressRange)
   at DevExpress.XtraReports.UI.XtraReport.CreateIfEmpty(Single progressRange)
   at DevExpress.XtraReports.UI.XtraReport.CreatePdfDocument(Stream stream)
   at DevExpress.XtraPrinting.Native.PdfDocumentExportCreator.DoExport(IExporter exporter, FileStream fs)
   at DevExpress.XtraPrinting.Native.FileExportCreator.Export(IExporter exporter, String path)
   at DevExpress.XtraReports.UI.XtraReport.CreatePdfDocument(String path)
   at CalcmenuAPI.CalcmenuAPI.PrinterController.standardPrinting(InputData inputData) in C:\TFS Projects\CalcmenuAPI-v7.0.48_COOP\Controllers\PrinterController.vb:line 466
2024-06-27 16:57:35,850 [22] INFO  EgsReport.xrReports - StrCode:  | CodeUser: 1 | CodePrintList: 0 | strCodeParent:  | strCodeMain: 
2024-06-27 16:57:35,851 [22] ERROR CalcmenuAPI.CalcmenuAPI.PrinterController - standardPrinting: Unexpected error occured
System.Data.SyntaxErrorException: Syntax error: Missing operand after '=' operator.
   at System.Data.ExpressionParser.Parse()
   at System.Data.DataExpression..ctor(DataTable table, String expression, Type type)
   at System.Data.DataTable.Select(String filterExpression)
   at EgsReport.xrReports.SubRptDetail_BeforePrint(Object sender, PrintEventArgs e) in C:\TFS Projects\CalcmenuWeb_2015_V48_COOP\EgsReport\xrReports.vb:line 8775
   at DevExpress.XtraReports.UI.XRControl.OnBeforePrint(PrintEventArgs e)
   at DevExpress.XtraReports.UI.XRControl.GetPrintableData()
   at DevExpress.XtraReports.UI.XRControl.WriteContentTo(XRWriteInfo writeInfo)
   at DevExpress.XtraReports.UI.Band.GenerateContent(DocumentBand docBand, Int32 rowIndex)
   at DevExpress.XtraReports.UI.Band.GenerateWithSubreports(DocumentBand docBand, Int32 rowIndex)
   at DevExpress.XtraReports.Native.SelfGeneratedDocumentBand..ctor(RootDocumentBand root, DocumentBandKind kind, Band band, Int32 rowIndex)
   at DevExpress.XtraReports.UI.Band.CreateDocumentBand(Int32 rowIndex, RootDocumentBand rootDocBand)
   at DevExpress.XtraReports.UI.DetailBand.CreateDocumentBand(Int32 rowIndex, RootDocumentBand rootDocBand)
   at DevExpress.XtraReports.Native.Printing.DetailWriter.WriteDetail()
   at DevExpress.XtraReports.Native.Printing.DetailWriterWithDS.WriteInternal()
   at DevExpress.XtraReports.Native.Printing.DetailWriter.Write()
   at DevExpress.XtraReports.Native.Printing.DocumentBuilder.Build()
   at DevExpress.XtraReports.Native.Printing.RootReportBuilder.Build()
   at DevExpress.XtraReports.UI.XtraReportBase.BuildDocument(DocumentBuilder builder)
   at DevExpress.XtraReports.UI.XtraReport.BuildDocument(DocumentBuilder builder)
   at DevExpress.XtraReports.UI.XtraReport.CreateDocument(PrintingSystem ps, Single progressRange)
   at DevExpress.XtraReports.UI.XtraReport.CreateDocument(Single progressRange)
   at DevExpress.XtraReports.UI.XtraReport.CreateIfEmpty(Single progressRange)
   at DevExpress.XtraReports.UI.XtraReport.CreatePdfDocument(Stream stream)
   at DevExpress.XtraPrinting.Native.PdfDocumentExportCreator.DoExport(IExporter exporter, FileStream fs)
   at DevExpress.XtraPrinting.Native.FileExportCreator.Export(IExporter exporter, String path)
   at DevExpress.XtraReports.UI.XtraReport.CreatePdfDocument(String path)
   at CalcmenuAPI.CalcmenuAPI.PrinterController.standardPrinting(InputData inputData) in C:\TFS Projects\CalcmenuAPI-v7.0.48_COOP\Controllers\PrinterController.vb:line 466
2024-06-27 16:59:26,156 [5] ERROR CalcmenuAPI.Global_asax - File does not exist.
2024-06-27 16:59:26,157 [5] ERROR CalcmenuAPI.Global_asax -    at System.Web.StaticFileHandler.GetFileInfo(String virtualPathWithPathInfo, String physicalPath, HttpResponse response)
   at System.Web.StaticFileHandler.ProcessRequestInternal(HttpContext context, String overrideVirtualPath)
   at System.Web.DefaultHttpHandler.BeginProcessRequest(HttpContext context, AsyncCallback callback, Object state)
   at System.Web.HttpApplication.CallHandlerExecutionStep.System.Web.HttpApplication.IExecutionStep.Execute()
   at System.Web.HttpApplication.ExecuteStepImpl(IExecutionStep step)
   at System.Web.HttpApplication.ExecuteStep(IExecutionStep step, Boolean& completedSynchronously)
2024-06-27 16:59:47,129 [16] ERROR CalcmenuAPI.Global_asax - File does not exist.
2024-06-27 16:59:47,131 [16] ERROR CalcmenuAPI.Global_asax -    at System.Web.StaticFileHandler.GetFileInfo(String virtualPathWithPathInfo, String physicalPath, HttpResponse response)
   at System.Web.StaticFileHandler.ProcessRequestInternal(HttpContext context, String overrideVirtualPath)
   at System.Web.DefaultHttpHandler.BeginProcessRequest(HttpContext context, AsyncCallback callback, Object state)
   at System.Web.HttpApplication.CallHandlerExecutionStep.System.Web.HttpApplication.IExecutionStep.Execute()
   at System.Web.HttpApplication.ExecuteStepImpl(IExecutionStep step)
   at System.Web.HttpApplication.ExecuteStep(IExecutionStep step, Boolean& completedSynchronously)
2024-06-27 17:00:48,367 [16] ERROR CalcmenuAPI.Global_asax - File does not exist.
2024-06-27 17:00:48,367 [16] ERROR CalcmenuAPI.Global_asax -    at System.Web.StaticFileHandler.GetFileInfo(String virtualPathWithPathInfo, String physicalPath, HttpResponse response)
   at System.Web.StaticFileHandler.ProcessRequestInternal(HttpContext context, String overrideVirtualPath)
   at System.Web.DefaultHttpHandler.BeginProcessRequest(HttpContext context, AsyncCallback callback, Object state)
   at System.Web.HttpApplication.CallHandlerExecutionStep.System.Web.HttpApplication.IExecutionStep.Execute()
   at System.Web.HttpApplication.ExecuteStepImpl(IExecutionStep step)
   at System.Web.HttpApplication.ExecuteStep(IExecutionStep step, Boolean& completedSynchronously)
2024-06-27 17:06:53,732 [26] INFO  EgsReport.xrReports - StrCode:  | CodeUser: 1 | CodePrintList: 0 | strCodeParent:  | strCodeMain: 
2024-06-27 17:06:53,733 [26] ERROR CalcmenuAPI.CalcmenuAPI.PrinterController - standardPrinting: Unexpected error occured
System.Data.SyntaxErrorException: Syntax error: Missing operand after '=' operator.
   at System.Data.ExpressionParser.Parse()
   at System.Data.DataExpression..ctor(DataTable table, String expression, Type type)
   at System.Data.DataTable.Select(String filterExpression)
   at EgsReport.xrReports.SubRptDetail_BeforePrint(Object sender, PrintEventArgs e) in C:\TFS Projects\CalcmenuWeb_2015_V48_COOP\EgsReport\xrReports.vb:line 8775
   at DevExpress.XtraReports.UI.XRControl.OnBeforePrint(PrintEventArgs e)
   at DevExpress.XtraReports.UI.XRControl.GetPrintableData()
   at DevExpress.XtraReports.UI.XRControl.WriteContentTo(XRWriteInfo writeInfo)
   at DevExpress.XtraReports.UI.Band.GenerateContent(DocumentBand docBand, Int32 rowIndex)
   at DevExpress.XtraReports.UI.Band.GenerateWithSubreports(DocumentBand docBand, Int32 rowIndex)
   at DevExpress.XtraReports.Native.SelfGeneratedDocumentBand..ctor(RootDocumentBand root, DocumentBandKind kind, Band band, Int32 rowIndex)
   at DevExpress.XtraReports.UI.Band.CreateDocumentBand(Int32 rowIndex, RootDocumentBand rootDocBand)
   at DevExpress.XtraReports.UI.DetailBand.CreateDocumentBand(Int32 rowIndex, RootDocumentBand rootDocBand)
   at DevExpress.XtraReports.Native.Printing.DetailWriter.WriteDetail()
   at DevExpress.XtraReports.Native.Printing.DetailWriterWithDS.WriteInternal()
   at DevExpress.XtraReports.Native.Printing.DetailWriter.Write()
   at DevExpress.XtraReports.Native.Printing.DocumentBuilder.Build()
   at DevExpress.XtraReports.Native.Printing.RootReportBuilder.Build()
   at DevExpress.XtraReports.UI.XtraReportBase.BuildDocument(DocumentBuilder builder)
   at DevExpress.XtraReports.UI.XtraReport.BuildDocument(DocumentBuilder builder)
   at DevExpress.XtraReports.UI.XtraReport.CreateDocument(PrintingSystem ps, Single progressRange)
   at DevExpress.XtraReports.UI.XtraReport.CreateDocument(Single progressRange)
   at DevExpress.XtraReports.UI.XtraReport.CreateIfEmpty(Single progressRange)
   at DevExpress.XtraReports.UI.XtraReport.CreatePdfDocument(Stream stream)
   at DevExpress.XtraPrinting.Native.PdfDocumentExportCreator.DoExport(IExporter exporter, FileStream fs)
   at DevExpress.XtraPrinting.Native.FileExportCreator.Export(IExporter exporter, String path)
   at DevExpress.XtraReports.UI.XtraReport.CreatePdfDocument(String path)
   at CalcmenuAPI.CalcmenuAPI.PrinterController.standardPrinting(InputData inputData) in C:\TFS Projects\CalcmenuAPI-v7.0.48_COOP\Controllers\PrinterController.vb:line 466
2024-06-27 17:06:53,742 [26] ERROR CalcmenuAPI.Global_asax - Object '/09d498b6_a68c_4602_b02a_50e5927ec0da/xcvb1hj4z4h5kiovqacskftx_67.rem' has been disconnected or does not exist at the server.
2024-06-27 17:06:53,744 [26] ERROR CalcmenuAPI.Global_asax -    at System.Web.Http.WebHost.HttpControllerHandler.EndProcessRequest(IAsyncResult result)
   at System.Web.Http.WebHost.HttpControllerHandler.System.Web.IHttpAsyncHandler.EndProcessRequest(IAsyncResult result)
   at System.Web.HttpApplication.CallHandlerExecutionStep.System.Web.HttpApplication.IExecutionStep.Execute()
   at System.Web.HttpApplication.ExecuteStepImpl(IExecutionStep step)
   at System.Web.HttpApplication.ExecuteStep(IExecutionStep step, Boolean& completedSynchronously)
2024-06-27 17:10:10,024 [30] INFO  CalcmenuAPI.Global_asax - CalcmenuAPI was started
2024-06-27 17:10:10,122 [5] ERROR CalcmenuAPI.Global_asax - File does not exist.
2024-06-27 17:10:10,122 [5] ERROR CalcmenuAPI.Global_asax -    at System.Web.StaticFileHandler.GetFileInfo(String virtualPathWithPathInfo, String physicalPath, HttpResponse response)
   at System.Web.StaticFileHandler.ProcessRequestInternal(HttpContext context, String overrideVirtualPath)
   at System.Web.DefaultHttpHandler.BeginProcessRequest(HttpContext context, AsyncCallback callback, Object state)
   at System.Web.HttpApplication.CallHandlerExecutionStep.System.Web.HttpApplication.IExecutionStep.Execute()
   at System.Web.HttpApplication.ExecuteStepImpl(IExecutionStep step)
   at System.Web.HttpApplication.ExecuteStep(IExecutionStep step, Boolean& completedSynchronously)
2024-06-27 17:11:16,397 [30] ERROR CalcmenuAPI.CalcmenuAPI.PrinterController - standardPrinting: Unexpected error occured
System.Data.SqlClient.SqlException (0x80131904): An insufficient number of arguments were supplied for the procedure or function dbo.GetEULaw.
   at System.Data.SqlClient.SqlConnection.OnError(SqlException exception, Boolean breakConnection, Action`1 wrapCloseInAction)
   at System.Data.SqlClient.SqlInternalConnection.OnError(SqlException exception, Boolean breakConnection, Action`1 wrapCloseInAction)
   at System.Data.SqlClient.TdsParser.ThrowExceptionAndWarning(TdsParserStateObject stateObj, Boolean callerHasConnectionLock, Boolean asyncClose)
   at System.Data.SqlClient.TdsParser.TryRun(RunBehavior runBehavior, SqlCommand cmdHandler, SqlDataReader dataStream, BulkCopySimpleResultSet bulkCopyHandler, TdsParserStateObject stateObj, Boolean& dataReady)
   at System.Data.SqlClient.SqlDataReader.TryConsumeMetaData()
   at System.Data.SqlClient.SqlDataReader.get_MetaData()
   at System.Data.SqlClient.SqlCommand.FinishExecuteReader(SqlDataReader ds, RunBehavior runBehavior, String resetOptionsString, Boolean isInternal, Boolean forDescribeParameterEncryption, Boolean shouldCacheForAlwaysEncrypted)
   at System.Data.SqlClient.SqlCommand.RunExecuteReaderTds(CommandBehavior cmdBehavior, RunBehavior runBehavior, Boolean returnStream, Boolean async, Int32 timeout, Task& task, Boolean asyncWrite, Boolean inRetry, SqlDataReader ds, Boolean describeParameterEncryptionRequest)
   at System.Data.SqlClient.SqlCommand.RunExecuteReader(CommandBehavior cmdBehavior, RunBehavior runBehavior, Boolean returnStream, String method, TaskCompletionSource`1 completion, Int32 timeout, Task& task, Boolean& usedCache, Boolean asyncWrite, Boolean inRetry)
   at System.Data.SqlClient.SqlCommand.RunExecuteReader(CommandBehavior cmdBehavior, RunBehavior runBehavior, Boolean returnStream, String method)
   at System.Data.SqlClient.SqlCommand.ExecuteReader(CommandBehavior behavior, String method)
   at System.Data.SqlClient.SqlCommand.ExecuteDbDataReader(CommandBehavior behavior)
   at System.Data.Common.DbCommand.System.Data.IDbCommand.ExecuteReader(CommandBehavior behavior)
   at System.Data.Common.DbDataAdapter.FillInternal(DataSet dataset, DataTable[] datatables, Int32 startRecord, Int32 maxRecords, String srcTable, IDbCommand command, CommandBehavior behavior)
   at System.Data.Common.DbDataAdapter.Fill(DataSet dataSet, Int32 startRecord, Int32 maxRecords, String srcTable, IDbCommand command, CommandBehavior behavior)
   at System.Data.Common.DbDataAdapter.Fill(DataSet dataSet)
   at CalcmenuAPI.CalcmenuAPI.PrinterController.standardPrinting(InputData inputData) in C:\TFS Projects\CalcmenuAPI-v7.0.48_COOP\Controllers\PrinterController.vb:line 451
ClientConnectionId:36f6df42-ac56-47fd-8c5c-80165a43eaea
Error Number:313,State:2,Class:16
2024-06-27 17:20:47,918 [30] ERROR CalcmenuAPI.CalcmenuAPI.PrinterController - standardPrinting: Unexpected error occured
System.Data.SqlClient.SqlException (0x80131904): An insufficient number of arguments were supplied for the procedure or function dbo.GetEULaw.
   at System.Data.SqlClient.SqlConnection.OnError(SqlException exception, Boolean breakConnection, Action`1 wrapCloseInAction)
   at System.Data.SqlClient.SqlInternalConnection.OnError(SqlException exception, Boolean breakConnection, Action`1 wrapCloseInAction)
   at System.Data.SqlClient.TdsParser.ThrowExceptionAndWarning(TdsParserStateObject stateObj, Boolean callerHasConnectionLock, Boolean asyncClose)
   at System.Data.SqlClient.TdsParser.TryRun(RunBehavior runBehavior, SqlCommand cmdHandler, SqlDataReader dataStream, BulkCopySimpleResultSet bulkCopyHandler, TdsParserStateObject stateObj, Boolean& dataReady)
   at System.Data.SqlClient.SqlDataReader.TryConsumeMetaData()
   at System.Data.SqlClient.SqlDataReader.get_MetaData()
   at System.Data.SqlClient.SqlCommand.FinishExecuteReader(SqlDataReader ds, RunBehavior runBehavior, String resetOptionsString, Boolean isInternal, Boolean forDescribeParameterEncryption, Boolean shouldCacheForAlwaysEncrypted)
   at System.Data.SqlClient.SqlCommand.RunExecuteReaderTds(CommandBehavior cmdBehavior, RunBehavior runBehavior, Boolean returnStream, Boolean async, Int32 timeout, Task& task, Boolean asyncWrite, Boolean inRetry, SqlDataReader ds, Boolean describeParameterEncryptionRequest)
   at System.Data.SqlClient.SqlCommand.RunExecuteReader(CommandBehavior cmdBehavior, RunBehavior runBehavior, Boolean returnStream, String method, TaskCompletionSource`1 completion, Int32 timeout, Task& task, Boolean& usedCache, Boolean asyncWrite, Boolean inRetry)
   at System.Data.SqlClient.SqlCommand.RunExecuteReader(CommandBehavior cmdBehavior, RunBehavior runBehavior, Boolean returnStream, String method)
   at System.Data.SqlClient.SqlCommand.ExecuteReader(CommandBehavior behavior, String method)
   at System.Data.SqlClient.SqlCommand.ExecuteDbDataReader(CommandBehavior behavior)
   at System.Data.Common.DbCommand.System.Data.IDbCommand.ExecuteReader(CommandBehavior behavior)
   at System.Data.Common.DbDataAdapter.FillInternal(DataSet dataset, DataTable[] datatables, Int32 startRecord, Int32 maxRecords, String srcTable, IDbCommand command, CommandBehavior behavior)
   at System.Data.Common.DbDataAdapter.Fill(DataSet dataSet, Int32 startRecord, Int32 maxRecords, String srcTable, IDbCommand command, CommandBehavior behavior)
   at System.Data.Common.DbDataAdapter.Fill(DataSet dataSet)
   at CalcmenuAPI.CalcmenuAPI.PrinterController.standardPrinting(InputData inputData) in C:\TFS Projects\CalcmenuAPI-v7.0.48_COOP\Controllers\PrinterController.vb:line 451
ClientConnectionId:36f6df42-ac56-47fd-8c5c-80165a43eaea
Error Number:313,State:2,Class:16
2024-06-27 17:20:49,939 [30] ERROR CalcmenuAPI.Global_asax - Object '/09d498b6_a68c_4602_b02a_50e5927ec0da/krwfk+z5jc9lpgbdzjwq284x_83.rem' has been disconnected or does not exist at the server.
2024-06-27 17:20:49,940 [30] ERROR CalcmenuAPI.Global_asax -    at System.Web.Http.WebHost.HttpControllerHandler.EndProcessRequest(IAsyncResult result)
   at System.Web.Http.WebHost.HttpControllerHandler.System.Web.IHttpAsyncHandler.EndProcessRequest(IAsyncResult result)
   at System.Web.HttpApplication.CallHandlerExecutionStep.System.Web.HttpApplication.IExecutionStep.Execute()
   at System.Web.HttpApplication.ExecuteStepImpl(IExecutionStep step)
   at System.Web.HttpApplication.ExecuteStep(IExecutionStep step, Boolean& completedSynchronously)
2024-06-27 17:21:45,684 [6] ERROR CalcmenuAPI.CalcmenuAPI.PrinterController - standardPrinting: Unexpected error occured
System.Data.SqlClient.SqlException (0x80131904): Execution Timeout Expired.  The timeout period elapsed prior to completion of the operation or the server is not responding. ---> System.ComponentModel.Win32Exception (0x80004005): The wait operation timed out
   at System.Data.SqlClient.SqlConnection.OnError(SqlException exception, Boolean breakConnection, Action`1 wrapCloseInAction)
   at System.Data.SqlClient.SqlInternalConnection.OnError(SqlException exception, Boolean breakConnection, Action`1 wrapCloseInAction)
   at System.Data.SqlClient.TdsParser.ThrowExceptionAndWarning(TdsParserStateObject stateObj, Boolean callerHasConnectionLock, Boolean asyncClose)
   at System.Data.SqlClient.TdsParser.TryRun(RunBehavior runBehavior, SqlCommand cmdHandler, SqlDataReader dataStream, BulkCopySimpleResultSet bulkCopyHandler, TdsParserStateObject stateObj, Boolean& dataReady)
   at System.Data.SqlClient.SqlDataReader.TryConsumeMetaData()
   at System.Data.SqlClient.SqlDataReader.get_MetaData()
   at System.Data.SqlClient.SqlCommand.FinishExecuteReader(SqlDataReader ds, RunBehavior runBehavior, String resetOptionsString, Boolean isInternal, Boolean forDescribeParameterEncryption, Boolean shouldCacheForAlwaysEncrypted)
   at System.Data.SqlClient.SqlCommand.RunExecuteReaderTds(CommandBehavior cmdBehavior, RunBehavior runBehavior, Boolean returnStream, Boolean async, Int32 timeout, Task& task, Boolean asyncWrite, Boolean inRetry, SqlDataReader ds, Boolean describeParameterEncryptionRequest)
   at System.Data.SqlClient.SqlCommand.RunExecuteReader(CommandBehavior cmdBehavior, RunBehavior runBehavior, Boolean returnStream, String method, TaskCompletionSource`1 completion, Int32 timeout, Task& task, Boolean& usedCache, Boolean asyncWrite, Boolean inRetry)
   at System.Data.SqlClient.SqlCommand.RunExecuteReader(CommandBehavior cmdBehavior, RunBehavior runBehavior, Boolean returnStream, String method)
   at System.Data.SqlClient.SqlCommand.ExecuteReader(CommandBehavior behavior, String method)
   at System.Data.SqlClient.SqlCommand.ExecuteDbDataReader(CommandBehavior behavior)
   at System.Data.Common.DbCommand.System.Data.IDbCommand.ExecuteReader(CommandBehavior behavior)
   at System.Data.Common.DbDataAdapter.FillInternal(DataSet dataset, DataTable[] datatables, Int32 startRecord, Int32 maxRecords, String srcTable, IDbCommand command, CommandBehavior behavior)
   at System.Data.Common.DbDataAdapter.Fill(DataSet dataSet, Int32 startRecord, Int32 maxRecords, String srcTable, IDbCommand command, CommandBehavior behavior)
   at System.Data.Common.DbDataAdapter.Fill(DataSet dataSet)
   at CalcmenuAPI.CalcmenuAPI.PrinterController.standardPrinting(InputData inputData) in C:\TFS Projects\CalcmenuAPI-v7.0.48_COOP\Controllers\PrinterController.vb:line 451
ClientConnectionId:36f6df42-ac56-47fd-8c5c-80165a43eaea
Error Number:-2,State:0,Class:11
2024-06-27 17:22:32,345 [5] INFO  CalcmenuAPI.Global_asax - CalcmenuAPI was started
2024-06-27 17:22:32,453 [5] ERROR CalcmenuAPI.Global_asax - File does not exist.
2024-06-27 17:22:32,454 [5] ERROR CalcmenuAPI.Global_asax -    at System.Web.StaticFileHandler.GetFileInfo(String virtualPathWithPathInfo, String physicalPath, HttpResponse response)
   at System.Web.StaticFileHandler.ProcessRequestInternal(HttpContext context, String overrideVirtualPath)
   at System.Web.DefaultHttpHandler.BeginProcessRequest(HttpContext context, AsyncCallback callback, Object state)
   at System.Web.HttpApplication.CallHandlerExecutionStep.System.Web.HttpApplication.IExecutionStep.Execute()
   at System.Web.HttpApplication.ExecuteStepImpl(IExecutionStep step)
   at System.Web.HttpApplication.ExecuteStep(IExecutionStep step, Boolean& completedSynchronously)
2024-06-27 17:23:59,865 [31] ERROR CalcmenuAPI.CalcmenuAPI.PrinterController - standardPrinting: Unexpected error occured
System.Data.SqlClient.SqlException (0x80131904): Execution Timeout Expired.  The timeout period elapsed prior to completion of the operation or the server is not responding. ---> System.ComponentModel.Win32Exception (0x80004005): The wait operation timed out
   at System.Data.SqlClient.SqlConnection.OnError(SqlException exception, Boolean breakConnection, Action`1 wrapCloseInAction)
   at System.Data.SqlClient.SqlInternalConnection.OnError(SqlException exception, Boolean breakConnection, Action`1 wrapCloseInAction)
   at System.Data.SqlClient.TdsParser.ThrowExceptionAndWarning(TdsParserStateObject stateObj, Boolean callerHasConnectionLock, Boolean asyncClose)
   at System.Data.SqlClient.TdsParser.TryRun(RunBehavior runBehavior, SqlCommand cmdHandler, SqlDataReader dataStream, BulkCopySimpleResultSet bulkCopyHandler, TdsParserStateObject stateObj, Boolean& dataReady)
   at System.Data.SqlClient.SqlDataReader.TryConsumeMetaData()
   at System.Data.SqlClient.SqlDataReader.get_MetaData()
   at System.Data.SqlClient.SqlCommand.FinishExecuteReader(SqlDataReader ds, RunBehavior runBehavior, String resetOptionsString, Boolean isInternal, Boolean forDescribeParameterEncryption, Boolean shouldCacheForAlwaysEncrypted)
   at System.Data.SqlClient.SqlCommand.RunExecuteReaderTds(CommandBehavior cmdBehavior, RunBehavior runBehavior, Boolean returnStream, Boolean async, Int32 timeout, Task& task, Boolean asyncWrite, Boolean inRetry, SqlDataReader ds, Boolean describeParameterEncryptionRequest)
   at System.Data.SqlClient.SqlCommand.RunExecuteReader(CommandBehavior cmdBehavior, RunBehavior runBehavior, Boolean returnStream, String method, TaskCompletionSource`1 completion, Int32 timeout, Task& task, Boolean& usedCache, Boolean asyncWrite, Boolean inRetry)
   at System.Data.SqlClient.SqlCommand.RunExecuteReader(CommandBehavior cmdBehavior, RunBehavior runBehavior, Boolean returnStream, String method)
   at System.Data.SqlClient.SqlCommand.ExecuteReader(CommandBehavior behavior, String method)
   at System.Data.SqlClient.SqlCommand.ExecuteDbDataReader(CommandBehavior behavior)
   at System.Data.Common.DbCommand.System.Data.IDbCommand.ExecuteReader(CommandBehavior behavior)
   at System.Data.Common.DbDataAdapter.FillInternal(DataSet dataset, DataTable[] datatables, Int32 startRecord, Int32 maxRecords, String srcTable, IDbCommand command, CommandBehavior behavior)
   at System.Data.Common.DbDataAdapter.Fill(DataSet dataSet, Int32 startRecord, Int32 maxRecords, String srcTable, IDbCommand command, CommandBehavior behavior)
   at System.Data.Common.DbDataAdapter.Fill(DataSet dataSet)
   at CalcmenuAPI.CalcmenuAPI.PrinterController.standardPrinting(InputData inputData) in C:\TFS Projects\CalcmenuAPI-v7.0.48_COOP\Controllers\PrinterController.vb:line 451
ClientConnectionId:5468fe4b-7ad1-4f44-b7d3-8cd0c667955f
Error Number:-2,State:0,Class:11
2024-06-27 17:25:07,064 [30] INFO  CalcmenuAPI.Global_asax - CalcmenuAPI was started
2024-06-27 17:25:07,183 [5] ERROR CalcmenuAPI.Global_asax - File does not exist.
2024-06-27 17:25:07,184 [5] ERROR CalcmenuAPI.Global_asax -    at System.Web.StaticFileHandler.GetFileInfo(String virtualPathWithPathInfo, String physicalPath, HttpResponse response)
   at System.Web.StaticFileHandler.ProcessRequestInternal(HttpContext context, String overrideVirtualPath)
   at System.Web.DefaultHttpHandler.BeginProcessRequest(HttpContext context, AsyncCallback callback, Object state)
   at System.Web.HttpApplication.CallHandlerExecutionStep.System.Web.HttpApplication.IExecutionStep.Execute()
   at System.Web.HttpApplication.ExecuteStepImpl(IExecutionStep step)
   at System.Web.HttpApplication.ExecuteStep(IExecutionStep step, Boolean& completedSynchronously)
2024-06-27 17:26:44,416 [30] INFO  EgsReport.xrReports - StrCode: 49296 | CodeUser: 1 | CodePrintList: 0 | strCodeParent:  | strCodeMain: 49296
2024-06-27 17:26:44,417 [30] INFO  EgsReport.xrReports - strID: 454118 | strFilter3: Code = 49296 AND CodeListeParent IS NULL AND CodeListeMain = 49296
2024-06-27 17:26:45,068 [30] ERROR EgsReport.StandardDetail - Error on subDisplayGDAComputation
System.InvalidOperationException: The ConnectionString property has not been initialized.
   at System.Data.SqlClient.SqlConnection.PermissionDemand()
   at System.Data.SqlClient.SqlConnectionFactory.PermissionDemand(DbConnection outerConnection)
   at System.Data.ProviderBase.DbConnectionInternal.TryOpenConnectionInternal(DbConnection outerConnection, DbConnectionFactory connectionFactory, TaskCompletionSource`1 retry, DbConnectionOptions userOptions)
   at System.Data.ProviderBase.DbConnectionClosed.TryOpenConnection(DbConnection outerConnection, DbConnectionFactory connectionFactory, TaskCompletionSource`1 retry, DbConnectionOptions userOptions)
   at System.Data.SqlClient.SqlConnection.TryOpenInner(TaskCompletionSource`1 retry)
   at System.Data.SqlClient.SqlConnection.TryOpen(TaskCompletionSource`1 retry)
   at System.Data.SqlClient.SqlConnection.Open()
   at EgsReport.StandardDetail.subDisplayGDAComputation(Int32 intCode, Int32 intNutrientSet, Int32 intCodeTrans, Int32 intCodeSetPrice) in C:\TFS Projects\CalcmenuWeb_2015_V48_COOP\EgsReport\StandardDetail.vb:line 40433
2024-06-27 17:55:17,442 [29] INFO  CalcmenuAPI.Global_asax - CalcmenuAPI was started
2024-06-27 17:55:17,582 [28] ERROR CalcmenuAPI.Global_asax - File does not exist.
2024-06-27 17:55:17,583 [28] ERROR CalcmenuAPI.Global_asax -    at System.Web.StaticFileHandler.GetFileInfo(String virtualPathWithPathInfo, String physicalPath, HttpResponse response)
   at System.Web.StaticFileHandler.ProcessRequestInternal(HttpContext context, String overrideVirtualPath)
   at System.Web.DefaultHttpHandler.BeginProcessRequest(HttpContext context, AsyncCallback callback, Object state)
   at System.Web.HttpApplication.CallHandlerExecutionStep.System.Web.HttpApplication.IExecutionStep.Execute()
   at System.Web.HttpApplication.ExecuteStepImpl(IExecutionStep step)
   at System.Web.HttpApplication.ExecuteStep(IExecutionStep step, Boolean& completedSynchronously)
2024-06-27 17:55:17,584 [28] INFO  CalcmenuAPI.Global_asax - File does not exist.
2024-06-27 17:55:17,586 [28] INFO  CalcmenuAPI.Global_asax -    at System.Web.StaticFileHandler.GetFileInfo(String virtualPathWithPathInfo, String physicalPath, HttpResponse response)
   at System.Web.StaticFileHandler.ProcessRequestInternal(HttpContext context, String overrideVirtualPath)
   at System.Web.DefaultHttpHandler.BeginProcessRequest(HttpContext context, AsyncCallback callback, Object state)
   at System.Web.HttpApplication.CallHandlerExecutionStep.System.Web.HttpApplication.IExecutionStep.Execute()
   at System.Web.HttpApplication.ExecuteStepImpl(IExecutionStep step)
   at System.Web.HttpApplication.ExecuteStep(IExecutionStep step, Boolean& completedSynchronously)
2024-06-27 17:55:18,302 [29] INFO  CalcmenuAPI.CalcmenuAPI.PrinterController - standardPrinting started
2024-06-27 17:56:02,663 [29] INFO  EgsReport.xrReports - StrCode: 49296 | CodeUser: 1 | CodePrintList: 0 | strCodeParent:  | strCodeMain: 49296
2024-06-27 17:56:02,664 [29] INFO  EgsReport.xrReports - strID: 454118 | strFilter3: Code = 49296 AND CodeListeParent IS NULL AND CodeListeMain = 49296
2024-06-27 17:56:02,850 [29] ERROR EgsReport.StandardDetail - Error on subDisplayGDAComputation
System.InvalidOperationException: The ConnectionString property has not been initialized.
   at System.Data.SqlClient.SqlConnection.PermissionDemand()
   at System.Data.SqlClient.SqlConnectionFactory.PermissionDemand(DbConnection outerConnection)
   at System.Data.ProviderBase.DbConnectionInternal.TryOpenConnectionInternal(DbConnection outerConnection, DbConnectionFactory connectionFactory, TaskCompletionSource`1 retry, DbConnectionOptions userOptions)
   at System.Data.ProviderBase.DbConnectionClosed.TryOpenConnection(DbConnection outerConnection, DbConnectionFactory connectionFactory, TaskCompletionSource`1 retry, DbConnectionOptions userOptions)
   at System.Data.SqlClient.SqlConnection.TryOpenInner(TaskCompletionSource`1 retry)
   at System.Data.SqlClient.SqlConnection.TryOpen(TaskCompletionSource`1 retry)
   at System.Data.SqlClient.SqlConnection.Open()
   at EgsReport.StandardDetail.subDisplayGDAComputation(Int32 intCode, Int32 intNutrientSet, Int32 intCodeTrans, Int32 intCodeSetPrice) in C:\TFS Projects\CalcmenuWeb_2015_V48_COOP\EgsReport\StandardDetail.vb:line 40433
2024-06-27 17:56:03,965 [29] INFO  CalcmenuAPI.CalcmenuAPI.PrinterController - FolderPath: C:\inetpub\wwwroot\calcmenuapi_v48_coop\temp\\Export_133639557428838767.pdf
2024-06-27 17:56:03,966 [29] INFO  CalcmenuAPI.CalcmenuAPI.PrinterController - FolderURL: http://localhost/calcmenuapi_v48_coop/temp//Export_133639557428838767.pdf
