2024-12-31 11:33:49,454 [1] INFO  CalcmenuAPI.Global_asax - CalcmenuAPI was started
2024-12-31 11:33:50,943 [8] INFO  CalcmenuAPI.CalcmenuAPI.PrinterController - standardPrinting started
2024-12-31 11:33:58,960 [8] INFO  EgsReport.clsReport - CreateReport_Test
2024-12-31 11:33:58,966 [8] INFO  EgsReport.clsReport - 1
2024-12-31 11:33:59,317 [8] INFO  EgsReport.clsReport - 2
2024-12-31 11:46:24,813 [8] INFO  CalcmenuAPI.CalcmenuAPI.PrinterController - FolderPath: C:\Data\COOP\RecipeStandardPrint\Export_133800896323962285.pdf
2024-12-31 11:46:24,814 [8] INFO  CalcmenuAPI.CalcmenuAPI.PrinterController - FolderURL: http://localhost:6735//Export_133800896323962285.pdf
2024-12-31 11:49:04,081 [9] INFO  CalcmenuAPI.CalcmenuAPI.PrinterController - standardPrinting started
2024-12-31 11:49:05,449 [9] INFO  EgsReport.clsReport - CreateReport_Test
2024-12-31 11:49:05,450 [9] INFO  EgsReport.clsReport - 1
2024-12-31 11:49:05,638 [9] INFO  EgsReport.clsReport - 2
2024-12-31 11:49:23,627 [9] INFO  CalcmenuAPI.CalcmenuAPI.PrinterController - FolderPath: C:\Data\COOP\RecipeStandardPrint\Export_133800905454496147.pdf
2024-12-31 11:49:23,628 [9] INFO  CalcmenuAPI.CalcmenuAPI.PrinterController - FolderURL: http://localhost:6735//Export_133800905454496147.pdf
2024-12-31 11:49:51,516 [9] INFO  CalcmenuAPI.CalcmenuAPI.PrinterController - standardPrinting started
2024-12-31 11:49:51,707 [9] INFO  EgsReport.clsReport - CreateReport_Test
2024-12-31 11:49:51,708 [9] INFO  EgsReport.clsReport - 1
2024-12-31 11:49:51,895 [9] INFO  EgsReport.clsReport - 2
2024-12-31 11:50:08,498 [9] INFO  CalcmenuAPI.CalcmenuAPI.PrinterController - FolderPath: C:\Data\COOP\RecipeStandardPrint\Export_133800905917071513.pdf
2024-12-31 11:50:08,499 [9] INFO  CalcmenuAPI.CalcmenuAPI.PrinterController - FolderURL: http://localhost:6735//Export_133800905917071513.pdf
2024-12-31 11:50:50,715 [50] INFO  CalcmenuAPI.CalcmenuAPI.PrinterController - standardPrinting started
2024-12-31 11:50:50,903 [50] INFO  EgsReport.clsReport - CreateReport_Test
2024-12-31 11:50:50,904 [50] INFO  EgsReport.clsReport - 1
2024-12-31 11:50:51,099 [50] INFO  EgsReport.clsReport - 2
2024-12-31 11:52:38,221 [50] INFO  CalcmenuAPI.CalcmenuAPI.PrinterController - FolderPath: C:\Data\COOP\RecipeStandardPrint\Export_133800906509036781.pdf
2024-12-31 11:52:38,221 [50] INFO  CalcmenuAPI.CalcmenuAPI.PrinterController - FolderURL: http://localhost:6735//Export_133800906509036781.pdf
2024-12-31 11:53:57,559 [50] INFO  CalcmenuAPI.CalcmenuAPI.PrinterController - standardPrinting started
2024-12-31 11:53:57,749 [50] INFO  EgsReport.clsReport - CreateReport_Test
2024-12-31 11:53:57,750 [50] INFO  EgsReport.clsReport - 1
2024-12-31 11:53:57,942 [50] INFO  EgsReport.clsReport - 2
2024-12-31 11:56:00,051 [50] INFO  CalcmenuAPI.CalcmenuAPI.PrinterController - FolderPath: C:\Data\COOP\RecipeStandardPrint\Export_133800908377498258.pdf
2024-12-31 11:56:00,051 [50] INFO  CalcmenuAPI.CalcmenuAPI.PrinterController - FolderURL: http://localhost:6735//Export_133800908377498258.pdf
2024-12-31 11:56:39,818 [50] INFO  CalcmenuAPI.CalcmenuAPI.PrinterController - standardPrinting started
2024-12-31 11:56:40,006 [50] INFO  EgsReport.clsReport - CreateReport_Test
2024-12-31 11:56:40,007 [50] INFO  EgsReport.clsReport - 1
2024-12-31 11:56:40,194 [50] INFO  EgsReport.clsReport - 2
2024-12-31 11:56:56,810 [50] INFO  CalcmenuAPI.CalcmenuAPI.PrinterController - FolderPath: C:\Data\COOP\RecipeStandardPrint\Export_133800910000060314.pdf
2024-12-31 11:56:56,811 [50] INFO  CalcmenuAPI.CalcmenuAPI.PrinterController - FolderURL: http://localhost:6735//Export_133800910000060314.pdf
2024-12-31 13:31:51,140 [1] INFO  CalcmenuAPI.Global_asax - CalcmenuAPI was started
2024-12-31 13:31:52,500 [5] INFO  CalcmenuAPI.CalcmenuAPI.PrinterController - standardPrinting started
2024-12-31 13:31:53,897 [5] INFO  EgsReport.clsReport - CreateReport_Test
2024-12-31 13:31:53,899 [5] INFO  EgsReport.clsReport - 1
2024-12-31 13:31:54,182 [5] INFO  EgsReport.clsReport - 2
2024-12-31 13:32:11,592 [5] INFO  EgsReport.xrReports - StrCode: 57765 | CodeUser: 1 | CodePrintList: 562282 | strCodeParent: lblID | strCodeMain: lblID
2024-12-31 13:32:11,593 [5] INFO  EgsReport.xrReports - strID: lblID | strFilter3: Code = 57765
2024-12-31 13:37:54,038 [5] INFO  CalcmenuAPI.CalcmenuAPI.PrinterController - Invalid attempt to call MetaData when reader is closed.
2024-12-31 13:38:21,609 [5] INFO  CalcmenuAPI.CalcmenuAPI.PrinterController - standardPrinting started
2024-12-31 13:38:21,796 [5] INFO  EgsReport.clsReport - CreateReport_Test
2024-12-31 13:38:21,796 [5] INFO  EgsReport.clsReport - 1
2024-12-31 13:38:21,984 [5] INFO  EgsReport.clsReport - 2
2024-12-31 13:38:39,147 [5] INFO  EgsReport.xrReports - StrCode: 57765 | CodeUser: 1 | CodePrintList: 562282 | strCodeParent: lblID | strCodeMain: lblID
2024-12-31 13:38:39,147 [5] INFO  EgsReport.xrReports - strID: lblID | strFilter3: Code = 57765
2024-12-31 13:39:30,036 [5] INFO  CalcmenuAPI.CalcmenuAPI.PrinterController - FolderPath: C:\Data\COOP\RecipeStandardPrint\Export_133800971017964548.pdf
2024-12-31 13:39:30,037 [5] INFO  CalcmenuAPI.CalcmenuAPI.PrinterController - FolderURL: http://localhost:6735//Export_133800971017964548.pdf
2024-12-31 13:39:35,252 [5] INFO  CalcmenuAPI.CalcmenuAPI.PrinterController - standardPrinting started
2024-12-31 13:39:35,438 [5] INFO  EgsReport.clsReport - CreateReport_Test
2024-12-31 13:39:35,439 [5] INFO  EgsReport.clsReport - 1
2024-12-31 13:39:35,628 [5] INFO  EgsReport.clsReport - 2
2024-12-31 13:39:52,521 [5] INFO  EgsReport.xrReports - StrCode: 57765 | CodeUser: 1 | CodePrintList: 562282 | strCodeParent: lblID | strCodeMain: lblID
2024-12-31 13:39:52,522 [5] INFO  EgsReport.xrReports - strID: lblID | strFilter3: Code = 57765
2024-12-31 13:40:18,005 [5] INFO  CalcmenuAPI.CalcmenuAPI.PrinterController - FolderPath: C:\Data\COOP\RecipeStandardPrint\Export_133800971754382169.pdf
2024-12-31 13:40:18,006 [5] INFO  CalcmenuAPI.CalcmenuAPI.PrinterController - FolderURL: http://localhost:6735//Export_133800971754382169.pdf
2024-12-31 13:41:57,546 [21] INFO  CalcmenuAPI.CalcmenuAPI.PrinterController - standardPrinting started
2024-12-31 13:41:57,737 [21] INFO  EgsReport.clsReport - CreateReport_Test
2024-12-31 13:41:57,738 [21] INFO  EgsReport.clsReport - 1
2024-12-31 13:41:57,927 [21] INFO  EgsReport.clsReport - 2
2024-12-31 13:42:14,641 [21] INFO  EgsReport.xrReports - StrCode: 57765 | CodeUser: 1 | CodePrintList: 562282 | strCodeParent: lblID | strCodeMain: lblID
2024-12-31 13:42:14,642 [21] INFO  EgsReport.xrReports - strID: lblID | strFilter3: Code = 57765
2024-12-31 13:42:22,431 [21] INFO  CalcmenuAPI.CalcmenuAPI.PrinterController - FolderPath: C:\Data\COOP\RecipeStandardPrint\Export_133800973177374165.pdf
2024-12-31 13:42:22,431 [21] INFO  CalcmenuAPI.CalcmenuAPI.PrinterController - FolderURL: http://localhost:6735//Export_133800973177374165.pdf
