2024-08-29 10:08:24,453 [5] INFO  CalcmenuAPI.Global_asax - CalcmenuAPI was started
2024-08-29 10:08:24,769 [5] ERROR CalcmenuAPI.Global_asax - File does not exist.
2024-08-29 10:08:24,773 [5] ERROR CalcmenuAPI.Global_asax -    at System.Web.StaticFileHandler.GetFileInfo(String virtualPathWithPathInfo, String physicalPath, HttpResponse response)
   at System.Web.StaticFileHandler.ProcessRequestInternal(HttpContext context, String overrideVirtualPath)
   at System.Web.DefaultHttpHandler.BeginProcessRequest(HttpContext context, AsyncCallback callback, Object state)
   at System.Web.HttpApplication.CallHandlerExecutionStep.System.Web.HttpApplication.IExecutionStep.Execute()
   at System.Web.HttpApplication.ExecuteStepImpl(IExecutionStep step)
   at System.Web.HttpApplication.ExecuteStep(IExecutionStep step, Boolean& completedSynchronously)
2024-08-29 10:08:24,774 [5] INFO  CalcmenuAPI.Global_asax - File does not exist.
2024-08-29 10:08:24,775 [5] INFO  CalcmenuAPI.Global_asax -    at System.Web.StaticFileHandler.GetFileInfo(String virtualPathWithPathInfo, String physicalPath, HttpResponse response)
   at System.Web.StaticFileHandler.ProcessRequestInternal(HttpContext context, String overrideVirtualPath)
   at System.Web.DefaultHttpHandler.BeginProcessRequest(HttpContext context, AsyncCallback callback, Object state)
   at System.Web.HttpApplication.CallHandlerExecutionStep.System.Web.HttpApplication.IExecutionStep.Execute()
   at System.Web.HttpApplication.ExecuteStepImpl(IExecutionStep step)
   at System.Web.HttpApplication.ExecuteStep(IExecutionStep step, Boolean& completedSynchronously)
2024-08-29 10:08:24,908 [9] ERROR CalcmenuAPI.Global_asax - File does not exist.
2024-08-29 10:08:24,909 [9] ERROR CalcmenuAPI.Global_asax -    at System.Web.StaticFileHandler.GetFileInfo(String virtualPathWithPathInfo, String physicalPath, HttpResponse response)
   at System.Web.StaticFileHandler.ProcessRequestInternal(HttpContext context, String overrideVirtualPath)
   at System.Web.DefaultHttpHandler.BeginProcessRequest(HttpContext context, AsyncCallback callback, Object state)
   at System.Web.HttpApplication.CallHandlerExecutionStep.System.Web.HttpApplication.IExecutionStep.Execute()
   at System.Web.HttpApplication.ExecuteStepImpl(IExecutionStep step)
   at System.Web.HttpApplication.ExecuteStep(IExecutionStep step, Boolean& completedSynchronously)
2024-08-29 10:08:24,909 [9] INFO  CalcmenuAPI.Global_asax - File does not exist.
2024-08-29 10:08:24,909 [9] INFO  CalcmenuAPI.Global_asax -    at System.Web.StaticFileHandler.GetFileInfo(String virtualPathWithPathInfo, String physicalPath, HttpResponse response)
   at System.Web.StaticFileHandler.ProcessRequestInternal(HttpContext context, String overrideVirtualPath)
   at System.Web.DefaultHttpHandler.BeginProcessRequest(HttpContext context, AsyncCallback callback, Object state)
   at System.Web.HttpApplication.CallHandlerExecutionStep.System.Web.HttpApplication.IExecutionStep.Execute()
   at System.Web.HttpApplication.ExecuteStepImpl(IExecutionStep step)
   at System.Web.HttpApplication.ExecuteStep(IExecutionStep step, Boolean& completedSynchronously)
2024-08-29 10:09:04,926 [16] INFO  CalcmenuAPI.CalcmenuAPI.PrinterController - standardPrinting started
2024-08-29 10:09:12,127 [16] INFO  EgsReport.clsReport - CreateReport_Test
2024-08-29 10:09:12,132 [16] INFO  EgsReport.clsReport - 1
2024-08-29 10:09:12,417 [16] INFO  EgsReport.clsReport - 2
2024-08-29 10:10:41,099 [16] INFO  EgsReport.xrReports - StrCode: 55648 | CodeUser: 1 | CodePrintList: 0 | strCodeParent: lblID | strCodeMain: lblID
2024-08-29 10:10:41,100 [16] INFO  EgsReport.xrReports - strID: lblID | strFilter3: Code = 55648
2024-08-29 10:10:44,166 [16] INFO  CalcmenuAPI.CalcmenuAPI.PrinterController - FolderPath: C:\inetpub\wwwroot\calcmenuapi_v48_coop\temp\\Export_133693709521133533.pdf
2024-08-29 10:10:44,166 [16] INFO  CalcmenuAPI.CalcmenuAPI.PrinterController - FolderURL: http://localhost/calcmenuapi_v48_coop/temp//Export_133693709521133533.pdf
2024-08-29 10:15:32,960 [5] INFO  CalcmenuAPI.CalcmenuAPI.PrinterController - standardPrinting started
2024-08-29 10:15:40,338 [5] INFO  EgsReport.clsReport - CreateReport_Test
2024-08-29 10:15:40,339 [5] INFO  EgsReport.clsReport - 1
2024-08-29 10:15:40,544 [5] INFO  EgsReport.clsReport - 2
2024-08-29 10:16:04,297 [5] INFO  EgsReport.xrReports - StrCode: 55648 | CodeUser: 1 | CodePrintList: 0 | strCodeParent: lblID | strCodeMain: lblID
2024-08-29 10:16:04,297 [5] INFO  EgsReport.xrReports - strID: lblID | strFilter3: Code = 55648
2024-08-29 10:16:06,966 [5] INFO  CalcmenuAPI.CalcmenuAPI.PrinterController - FolderPath: C:\inetpub\wwwroot\calcmenuapi_v48_coop\temp\\Export_133693713403385906.pdf
2024-08-29 10:16:06,966 [5] INFO  CalcmenuAPI.CalcmenuAPI.PrinterController - FolderURL: http://localhost/calcmenuapi_v48_coop/temp//Export_133693713403385906.pdf
2024-08-29 10:28:02,424 [5] INFO  CalcmenuAPI.CalcmenuAPI.PrinterController - standardPrinting started
2024-08-29 10:28:09,972 [5] INFO  EgsReport.clsReport - CreateReport_Test
2024-08-29 10:28:09,973 [5] INFO  EgsReport.clsReport - 1
2024-08-29 10:28:10,234 [5] INFO  EgsReport.clsReport - 2
2024-08-29 10:28:28,864 [5] INFO  EgsReport.xrReports - StrCode: 55648 | CodeUser: 1 | CodePrintList: 0 | strCodeParent: lblID | strCodeMain: lblID
2024-08-29 10:28:28,867 [5] INFO  EgsReport.xrReports - strID: lblID | strFilter3: Code = 55648
2024-08-29 10:29:38,371 [5] INFO  CalcmenuAPI.CalcmenuAPI.PrinterController - FolderPath: C:\inetpub\wwwroot\calcmenuapi_v48_coop\temp\\Export_133693720899728132.pdf
2024-08-29 10:29:38,371 [5] INFO  CalcmenuAPI.CalcmenuAPI.PrinterController - FolderURL: http://localhost/calcmenuapi_v48_coop/temp//Export_133693720899728132.pdf
2024-08-29 10:29:57,833 [22] INFO  CalcmenuAPI.CalcmenuAPI.PrinterController - standardPrinting started
2024-08-29 10:30:04,048 [22] INFO  EgsReport.clsReport - CreateReport_Test
2024-08-29 10:30:04,048 [22] INFO  EgsReport.clsReport - 1
2024-08-29 10:30:04,233 [22] INFO  EgsReport.clsReport - 2
2024-08-29 10:30:21,627 [22] INFO  EgsReport.xrReports - StrCode: 55648 | CodeUser: 1 | CodePrintList: 0 | strCodeParent: lblID | strCodeMain: lblID
2024-08-29 10:30:21,627 [22] INFO  EgsReport.xrReports - strID: lblID | strFilter3: Code = 55648
2024-08-29 10:31:47,914 [22] INFO  CalcmenuAPI.CalcmenuAPI.PrinterController - FolderPath: C:\inetpub\wwwroot\calcmenuapi_v48_coop\temp\\Export_133693722040488863.pdf
2024-08-29 10:31:47,916 [22] INFO  CalcmenuAPI.CalcmenuAPI.PrinterController - FolderURL: http://localhost/calcmenuapi_v48_coop/temp//Export_133693722040488863.pdf
2024-08-29 10:47:14,699 [5] INFO  CalcmenuAPI.Global_asax - CalcmenuAPI was started
2024-08-29 10:47:14,788 [5] ERROR CalcmenuAPI.Global_asax - File does not exist.
2024-08-29 10:47:14,788 [5] ERROR CalcmenuAPI.Global_asax -    at System.Web.StaticFileHandler.GetFileInfo(String virtualPathWithPathInfo, String physicalPath, HttpResponse response)
   at System.Web.StaticFileHandler.ProcessRequestInternal(HttpContext context, String overrideVirtualPath)
   at System.Web.DefaultHttpHandler.BeginProcessRequest(HttpContext context, AsyncCallback callback, Object state)
   at System.Web.HttpApplication.CallHandlerExecutionStep.System.Web.HttpApplication.IExecutionStep.Execute()
   at System.Web.HttpApplication.ExecuteStepImpl(IExecutionStep step)
   at System.Web.HttpApplication.ExecuteStep(IExecutionStep step, Boolean& completedSynchronously)
2024-08-29 10:47:14,789 [5] INFO  CalcmenuAPI.Global_asax - File does not exist.
2024-08-29 10:47:14,789 [5] INFO  CalcmenuAPI.Global_asax -    at System.Web.StaticFileHandler.GetFileInfo(String virtualPathWithPathInfo, String physicalPath, HttpResponse response)
   at System.Web.StaticFileHandler.ProcessRequestInternal(HttpContext context, String overrideVirtualPath)
   at System.Web.DefaultHttpHandler.BeginProcessRequest(HttpContext context, AsyncCallback callback, Object state)
   at System.Web.HttpApplication.CallHandlerExecutionStep.System.Web.HttpApplication.IExecutionStep.Execute()
   at System.Web.HttpApplication.ExecuteStepImpl(IExecutionStep step)
   at System.Web.HttpApplication.ExecuteStep(IExecutionStep step, Boolean& completedSynchronously)
2024-08-29 10:47:28,831 [22] INFO  CalcmenuAPI.CalcmenuAPI.PrinterController - standardPrinting started
2024-08-29 10:47:36,122 [22] INFO  EgsReport.clsReport - CreateReport_Test
2024-08-29 10:47:36,124 [22] INFO  EgsReport.clsReport - 1
2024-08-29 10:47:36,786 [22] INFO  EgsReport.clsReport - 2
2024-08-29 10:47:53,875 [22] INFO  EgsReport.xrReports - StrCode: 55648 | CodeUser: 1 | CodePrintList: 0 | strCodeParent: lblID | strCodeMain: lblID
2024-08-29 10:47:53,876 [22] INFO  EgsReport.xrReports - strID: lblID | strFilter3: Code = 55648
2024-08-29 10:48:06,218 [22] INFO  CalcmenuAPI.CalcmenuAPI.PrinterController - FolderPath: C:\inetpub\wwwroot\calcmenuapi_v48_coop\temp\\Export_133693732561143208.pdf
2024-08-29 10:48:06,219 [22] INFO  CalcmenuAPI.CalcmenuAPI.PrinterController - FolderURL: http://localhost/calcmenuapi_v48_coop/temp//Export_133693732561143208.pdf
2024-08-29 10:48:37,000 [22] INFO  CalcmenuAPI.CalcmenuAPI.PrinterController - standardPrinting started
2024-08-29 10:48:43,225 [22] INFO  EgsReport.clsReport - CreateReport_Test
2024-08-29 10:48:43,225 [22] INFO  EgsReport.clsReport - 1
2024-08-29 10:48:43,412 [22] INFO  EgsReport.clsReport - 2
2024-08-29 10:49:00,751 [22] INFO  EgsReport.xrReports - StrCode: 55648 | CodeUser: 1 | CodePrintList: 0 | strCodeParent: lblID | strCodeMain: lblID
2024-08-29 10:49:00,751 [22] INFO  EgsReport.xrReports - strID: lblID | strFilter3: Code = 55648
2024-08-29 10:49:17,843 [22] INFO  CalcmenuAPI.CalcmenuAPI.PrinterController - FolderPath: C:\inetpub\wwwroot\calcmenuapi_v48_coop\temp\\Export_133693733232258659.pdf
2024-08-29 10:49:17,845 [22] INFO  CalcmenuAPI.CalcmenuAPI.PrinterController - FolderURL: http://localhost/calcmenuapi_v48_coop/temp//Export_133693733232258659.pdf
2024-08-29 10:49:27,478 [13] INFO  CalcmenuAPI.CalcmenuAPI.PrinterController - standardPrinting started
2024-08-29 10:49:33,725 [13] INFO  EgsReport.clsReport - CreateReport_Test
2024-08-29 10:49:33,726 [13] INFO  EgsReport.clsReport - 1
2024-08-29 10:49:33,911 [13] INFO  EgsReport.clsReport - 2
2024-08-29 10:50:44,637 [13] INFO  EgsReport.xrReports - StrCode: 55648 | CodeUser: 1 | CodePrintList: 0 | strCodeParent: lblID | strCodeMain: lblID
2024-08-29 10:50:44,639 [13] INFO  EgsReport.xrReports - strID: lblID | strFilter3: Code = 55648
2024-08-29 10:50:46,043 [13] INFO  CalcmenuAPI.CalcmenuAPI.PrinterController - FolderPath: C:\inetpub\wwwroot\calcmenuapi_v48_coop\temp\\Export_133693733737259136.pdf
2024-08-29 10:50:46,043 [13] INFO  CalcmenuAPI.CalcmenuAPI.PrinterController - FolderURL: http://localhost/calcmenuapi_v48_coop/temp//Export_133693733737259136.pdf
2024-08-29 10:51:35,016 [5] INFO  CalcmenuAPI.Global_asax - CalcmenuAPI was started
2024-08-29 10:51:35,112 [5] ERROR CalcmenuAPI.Global_asax - File does not exist.
2024-08-29 10:51:35,113 [5] ERROR CalcmenuAPI.Global_asax -    at System.Web.StaticFileHandler.GetFileInfo(String virtualPathWithPathInfo, String physicalPath, HttpResponse response)
   at System.Web.StaticFileHandler.ProcessRequestInternal(HttpContext context, String overrideVirtualPath)
   at System.Web.DefaultHttpHandler.BeginProcessRequest(HttpContext context, AsyncCallback callback, Object state)
   at System.Web.HttpApplication.CallHandlerExecutionStep.System.Web.HttpApplication.IExecutionStep.Execute()
   at System.Web.HttpApplication.ExecuteStepImpl(IExecutionStep step)
   at System.Web.HttpApplication.ExecuteStep(IExecutionStep step, Boolean& completedSynchronously)
2024-08-29 10:51:35,113 [5] INFO  CalcmenuAPI.Global_asax - File does not exist.
2024-08-29 10:51:35,114 [5] INFO  CalcmenuAPI.Global_asax -    at System.Web.StaticFileHandler.GetFileInfo(String virtualPathWithPathInfo, String physicalPath, HttpResponse response)
   at System.Web.StaticFileHandler.ProcessRequestInternal(HttpContext context, String overrideVirtualPath)
   at System.Web.DefaultHttpHandler.BeginProcessRequest(HttpContext context, AsyncCallback callback, Object state)
   at System.Web.HttpApplication.CallHandlerExecutionStep.System.Web.HttpApplication.IExecutionStep.Execute()
   at System.Web.HttpApplication.ExecuteStepImpl(IExecutionStep step)
   at System.Web.HttpApplication.ExecuteStep(IExecutionStep step, Boolean& completedSynchronously)
2024-08-29 10:51:48,930 [13] INFO  CalcmenuAPI.CalcmenuAPI.PrinterController - standardPrinting started
2024-08-29 10:51:56,229 [13] INFO  EgsReport.clsReport - CreateReport_Test
2024-08-29 10:51:56,230 [13] INFO  EgsReport.clsReport - 1
2024-08-29 10:51:56,434 [13] INFO  EgsReport.clsReport - 2
2024-08-29 10:52:18,236 [13] INFO  EgsReport.xrReports - StrCode: 55648 | CodeUser: 1 | CodePrintList: 0 | strCodeParent: lblID | strCodeMain: lblID
2024-08-29 10:52:18,236 [13] INFO  EgsReport.xrReports - strID: lblID | strFilter3: Code = 55648
2024-08-29 10:52:25,263 [13] INFO  CalcmenuAPI.CalcmenuAPI.PrinterController - FolderPath: C:\inetpub\wwwroot\calcmenuapi_v48_coop\temp\\Export_133693735162176956.pdf
2024-08-29 10:52:25,264 [13] INFO  CalcmenuAPI.CalcmenuAPI.PrinterController - FolderURL: http://localhost/calcmenuapi_v48_coop/temp//Export_133693735162176956.pdf
2024-08-29 12:03:54,580 [16] INFO  CalcmenuAPI.Global_asax - CalcmenuAPI was started
2024-08-29 12:03:54,654 [16] ERROR CalcmenuAPI.Global_asax - File does not exist.
2024-08-29 12:03:54,654 [16] ERROR CalcmenuAPI.Global_asax -    at System.Web.StaticFileHandler.GetFileInfo(String virtualPathWithPathInfo, String physicalPath, HttpResponse response)
   at System.Web.StaticFileHandler.ProcessRequestInternal(HttpContext context, String overrideVirtualPath)
   at System.Web.DefaultHttpHandler.BeginProcessRequest(HttpContext context, AsyncCallback callback, Object state)
   at System.Web.HttpApplication.CallHandlerExecutionStep.System.Web.HttpApplication.IExecutionStep.Execute()
   at System.Web.HttpApplication.ExecuteStepImpl(IExecutionStep step)
   at System.Web.HttpApplication.ExecuteStep(IExecutionStep step, Boolean& completedSynchronously)
2024-08-29 12:03:54,655 [16] INFO  CalcmenuAPI.Global_asax - File does not exist.
2024-08-29 12:03:54,655 [16] INFO  CalcmenuAPI.Global_asax -    at System.Web.StaticFileHandler.GetFileInfo(String virtualPathWithPathInfo, String physicalPath, HttpResponse response)
   at System.Web.StaticFileHandler.ProcessRequestInternal(HttpContext context, String overrideVirtualPath)
   at System.Web.DefaultHttpHandler.BeginProcessRequest(HttpContext context, AsyncCallback callback, Object state)
   at System.Web.HttpApplication.CallHandlerExecutionStep.System.Web.HttpApplication.IExecutionStep.Execute()
   at System.Web.HttpApplication.ExecuteStepImpl(IExecutionStep step)
   at System.Web.HttpApplication.ExecuteStep(IExecutionStep step, Boolean& completedSynchronously)
2024-08-29 12:17:34,839 [15] INFO  CalcmenuAPI.CalcmenuAPI.PrinterController - standardPrinting started
2024-08-29 12:17:42,155 [15] INFO  EgsReport_CMC.clsReport - CreateReport_Test
2024-08-29 12:17:42,156 [15] INFO  EgsReport_CMC.clsReport - 1
2024-08-29 12:17:42,366 [15] INFO  EgsReport_CMC.clsReport - 2
2024-08-29 12:18:12,094 [15] INFO  EgsReport_CMC.xrReports - StrCode: 55648 | CodeUser: 1 | CodePrintList: 0 | strCodeParent: lblID | strCodeMain: lblID
2024-08-29 12:18:12,095 [15] INFO  EgsReport_CMC.xrReports - strID: lblID | strFilter3: Code = 55648
2024-08-29 12:18:18,074 [15] INFO  CalcmenuAPI.CalcmenuAPI.PrinterController - FolderPath: C:\inetpub\wwwroot\calcmenuapi_v48_coop\temp\\Export_133693786621465540.pdf
2024-08-29 12:18:18,074 [15] INFO  CalcmenuAPI.CalcmenuAPI.PrinterController - FolderURL: http://localhost/calcmenuapi_v48_coop/temp//Export_133693786621465540.pdf
2024-08-29 12:47:33,670 [33] INFO  CalcmenuAPI.Global_asax - CalcmenuAPI was started
2024-08-29 12:47:33,727 [33] ERROR CalcmenuAPI.Global_asax - File does not exist.
2024-08-29 12:47:33,727 [33] ERROR CalcmenuAPI.Global_asax -    at System.Web.StaticFileHandler.GetFileInfo(String virtualPathWithPathInfo, String physicalPath, HttpResponse response)
   at System.Web.StaticFileHandler.ProcessRequestInternal(HttpContext context, String overrideVirtualPath)
   at System.Web.DefaultHttpHandler.BeginProcessRequest(HttpContext context, AsyncCallback callback, Object state)
   at System.Web.HttpApplication.CallHandlerExecutionStep.System.Web.HttpApplication.IExecutionStep.Execute()
   at System.Web.HttpApplication.ExecuteStepImpl(IExecutionStep step)
   at System.Web.HttpApplication.ExecuteStep(IExecutionStep step, Boolean& completedSynchronously)
2024-08-29 12:47:33,727 [33] INFO  CalcmenuAPI.Global_asax - File does not exist.
2024-08-29 12:47:33,728 [33] INFO  CalcmenuAPI.Global_asax -    at System.Web.StaticFileHandler.GetFileInfo(String virtualPathWithPathInfo, String physicalPath, HttpResponse response)
   at System.Web.StaticFileHandler.ProcessRequestInternal(HttpContext context, String overrideVirtualPath)
   at System.Web.DefaultHttpHandler.BeginProcessRequest(HttpContext context, AsyncCallback callback, Object state)
   at System.Web.HttpApplication.CallHandlerExecutionStep.System.Web.HttpApplication.IExecutionStep.Execute()
   at System.Web.HttpApplication.ExecuteStepImpl(IExecutionStep step)
   at System.Web.HttpApplication.ExecuteStep(IExecutionStep step, Boolean& completedSynchronously)
2024-08-29 12:48:28,432 [26] INFO  CalcmenuAPI.CalcmenuAPI.PrinterController - standardPrinting started
2024-08-29 12:48:35,992 [26] INFO  EgsReport_CMC.clsReport - CreateReport_Test
2024-08-29 12:48:35,993 [26] INFO  EgsReport_CMC.clsReport - 1
2024-08-29 12:48:36,186 [26] INFO  EgsReport_CMC.clsReport - 2
2024-08-29 12:48:53,163 [26] INFO  EgsReport_CMC.xrReports - StrCode: 55648 | CodeUser: 1 | CodePrintList: 0 | strCodeParent: lblID | strCodeMain: lblID
2024-08-29 12:48:53,164 [26] INFO  EgsReport_CMC.xrReports - strID: lblID | strFilter3: Code = 55648
2024-08-29 12:48:55,934 [26] INFO  CalcmenuAPI.CalcmenuAPI.PrinterController - FolderPath: C:\inetpub\wwwroot\calcmenuapi_v48_coop\temp\\Export_133693805159800970.pdf
2024-08-29 12:48:55,935 [26] INFO  CalcmenuAPI.CalcmenuAPI.PrinterController - FolderURL: http://localhost/calcmenuapi_v48_coop/temp//Export_133693805159800970.pdf
2024-08-29 12:49:30,548 [5] INFO  CalcmenuAPI.CalcmenuAPI.PrinterController - standardPrinting started
2024-08-29 12:49:56,248 [5] INFO  EgsReport_CMC.clsReport - CreateReport_Test
2024-08-29 12:49:56,248 [5] INFO  EgsReport_CMC.clsReport - 1
2024-08-29 12:49:56,433 [5] INFO  EgsReport_CMC.clsReport - 2
2024-08-29 12:50:13,316 [5] INFO  EgsReport_CMC.xrReports - StrCode: 55834 | CodeUser: 1 | CodePrintList: 0 | strCodeParent:  | strCodeMain: 55834
2024-08-29 12:50:13,320 [5] INFO  EgsReport_CMC.xrReports - strID: 3876950 | strFilter3: Code = 55834 AND CodeListeParent IS NULL AND CodeListeMain = 55834
2024-08-29 12:50:15,798 [5] INFO  EgsReport_CMC.xrReports - StrCode: 57234 | CodeUser: 1 | CodePrintList: 0 | strCodeParent:  | strCodeMain: 57234
2024-08-29 12:50:15,799 [5] INFO  EgsReport_CMC.xrReports - strID: 3876951 | strFilter3: Code = 57234 AND CodeListeParent IS NULL AND CodeListeMain = 57234
2024-08-29 12:50:17,227 [5] INFO  EgsReport_CMC.xrReports - StrCode: 57631 | CodeUser: 1 | CodePrintList: 0 | strCodeParent:  | strCodeMain: 57631
2024-08-29 12:50:17,228 [5] INFO  EgsReport_CMC.xrReports - strID: 3876952 | strFilter3: Code = 57631 AND CodeListeParent IS NULL AND CodeListeMain = 57631
2024-08-29 12:50:18,656 [5] INFO  EgsReport_CMC.xrReports - StrCode: 58568 | CodeUser: 1 | CodePrintList: 0 | strCodeParent:  | strCodeMain: 58568
2024-08-29 12:50:18,657 [5] INFO  EgsReport_CMC.xrReports - strID: 3876953 | strFilter3: Code = 58568 AND CodeListeParent IS NULL AND CodeListeMain = 58568
2024-08-29 12:50:20,096 [5] INFO  EgsReport_CMC.xrReports - StrCode: 58585 | CodeUser: 1 | CodePrintList: 0 | strCodeParent:  | strCodeMain: 58585
2024-08-29 12:50:20,096 [5] INFO  EgsReport_CMC.xrReports - strID: 3876954 | strFilter3: Code = 58585 AND CodeListeParent IS NULL AND CodeListeMain = 58585
2024-08-29 12:50:23,506 [5] INFO  EgsReport_CMC.xrReports - StrCode: 60929 | CodeUser: 1 | CodePrintList: 0 | strCodeParent:  | strCodeMain: 60929
2024-08-29 12:50:23,507 [5] INFO  EgsReport_CMC.xrReports - strID: 3876955 | strFilter3: Code = 60929 AND CodeListeParent IS NULL AND CodeListeMain = 60929
2024-08-29 12:50:25,968 [5] INFO  CalcmenuAPI.CalcmenuAPI.PrinterController - FolderPath: C:\inetpub\wwwroot\calcmenuapi_v48_coop\temp\\Export_133693805962481838.pdf
2024-08-29 12:50:25,968 [5] INFO  CalcmenuAPI.CalcmenuAPI.PrinterController - FolderURL: http://localhost/calcmenuapi_v48_coop/temp//Export_133693805962481838.pdf
2024-08-29 12:54:38,608 [29] INFO  CalcmenuAPI.CalcmenuAPI.PrinterController - standardPrinting started
2024-08-29 12:54:52,695 [29] INFO  EgsReport_CMC.clsReport - CreateReport_Test
2024-08-29 12:54:52,696 [29] INFO  EgsReport_CMC.clsReport - 1
2024-08-29 12:54:52,881 [29] INFO  EgsReport_CMC.clsReport - 2
2024-08-29 12:55:10,335 [29] INFO  EgsReport_CMC.xrReports - StrCode: 61385 | CodeUser: 1 | CodePrintList: 0 | strCodeParent:  | strCodeMain: 61385
2024-08-29 12:55:10,336 [29] INFO  EgsReport_CMC.xrReports - strID: 3877283 | strFilter3: Code = 61385 AND CodeListeParent IS NULL AND CodeListeMain = 61385
2024-08-29 12:55:16,193 [29] INFO  CalcmenuAPI.CalcmenuAPI.PrinterController - FolderPath: C:\inetpub\wwwroot\calcmenuapi_v48_coop\temp\\Export_133693808926956816.pdf
2024-08-29 12:55:16,193 [29] INFO  CalcmenuAPI.CalcmenuAPI.PrinterController - FolderURL: http://localhost/calcmenuapi_v48_coop/temp//Export_133693808926956816.pdf
2024-08-29 13:05:39,297 [26] INFO  CalcmenuAPI.CalcmenuAPI.PrinterController - standardPrinting started
2024-08-29 13:05:54,619 [26] INFO  EgsReport_CMC.clsReport - CreateReport_Test
2024-08-29 13:05:54,619 [26] INFO  EgsReport_CMC.clsReport - 1
2024-08-29 13:05:54,820 [26] INFO  EgsReport_CMC.clsReport - 2
2024-08-29 13:06:24,780 [26] INFO  EgsReport_CMC.xrReports - StrCode: 61385 | CodeUser: 1 | CodePrintList: 0 | strCodeParent:  | strCodeMain: 61385
2024-08-29 13:06:24,781 [26] INFO  EgsReport_CMC.xrReports - strID: 3877283 | strFilter3: Code = 61385 AND CodeListeParent IS NULL AND CodeListeMain = 61385
2024-08-29 13:07:09,685 [26] INFO  CalcmenuAPI.CalcmenuAPI.PrinterController - FolderPath: C:\inetpub\wwwroot\calcmenuapi_v48_coop\temp\\Export_133693815546195301.pdf
2024-08-29 13:07:09,685 [26] INFO  CalcmenuAPI.CalcmenuAPI.PrinterController - FolderURL: http://localhost/calcmenuapi_v48_coop/temp//Export_133693815546195301.pdf
2024-08-29 13:09:16,278 [37] INFO  CalcmenuAPI.CalcmenuAPI.PrinterController - standardPrinting started
2024-08-29 13:09:35,443 [37] INFO  EgsReport_CMC.clsReport - CreateReport_Test
2024-08-29 13:09:35,444 [37] INFO  EgsReport_CMC.clsReport - 1
2024-08-29 13:09:35,630 [37] INFO  EgsReport_CMC.clsReport - 2
2024-08-29 13:09:55,977 [37] INFO  EgsReport_CMC.xrReports - StrCode: 61385 | CodeUser: 1 | CodePrintList: 0 | strCodeParent:  | strCodeMain: 61385
2024-08-29 13:09:55,978 [37] INFO  EgsReport_CMC.xrReports - strID: 3877283 | strFilter3: Code = 61385 AND CodeListeParent IS NULL AND CodeListeMain = 61385
2024-08-29 13:13:22,193 [37] INFO  CalcmenuAPI.CalcmenuAPI.PrinterController - FolderPath: C:\inetpub\wwwroot\calcmenuapi_v48_coop\temp\\Export_133693817754437942.pdf
2024-08-29 13:13:22,193 [37] INFO  CalcmenuAPI.CalcmenuAPI.PrinterController - FolderURL: http://localhost/calcmenuapi_v48_coop/temp//Export_133693817754437942.pdf
2024-08-29 13:16:01,964 [44] INFO  CalcmenuAPI.CalcmenuAPI.PrinterController - standardPrinting started
2024-08-29 13:16:15,180 [44] INFO  EgsReport_CMC.clsReport - CreateReport_Test
2024-08-29 13:16:15,181 [44] INFO  EgsReport_CMC.clsReport - 1
2024-08-29 13:16:15,366 [44] INFO  EgsReport_CMC.clsReport - 2
2024-08-29 13:16:32,305 [44] INFO  EgsReport_CMC.xrReports - StrCode: 61385 | CodeUser: 1 | CodePrintList: 0 | strCodeParent:  | strCodeMain: 61385
2024-08-29 13:16:32,306 [44] INFO  EgsReport_CMC.xrReports - strID: 3877283 | strFilter3: Code = 61385 AND CodeListeParent IS NULL AND CodeListeMain = 61385
2024-08-29 13:16:52,071 [44] INFO  CalcmenuAPI.CalcmenuAPI.PrinterController - FolderPath: C:\inetpub\wwwroot\calcmenuapi_v48_coop\temp\\Export_133693821751802260.pdf
2024-08-29 13:16:52,071 [44] INFO  CalcmenuAPI.CalcmenuAPI.PrinterController - FolderURL: http://localhost/calcmenuapi_v48_coop/temp//Export_133693821751802260.pdf
2024-08-29 13:18:39,778 [33] INFO  CalcmenuAPI.Global_asax - CalcmenuAPI was started
2024-08-29 13:18:39,834 [33] ERROR CalcmenuAPI.Global_asax - File does not exist.
2024-08-29 13:18:39,834 [33] ERROR CalcmenuAPI.Global_asax -    at System.Web.StaticFileHandler.GetFileInfo(String virtualPathWithPathInfo, String physicalPath, HttpResponse response)
   at System.Web.StaticFileHandler.ProcessRequestInternal(HttpContext context, String overrideVirtualPath)
   at System.Web.DefaultHttpHandler.BeginProcessRequest(HttpContext context, AsyncCallback callback, Object state)
   at System.Web.HttpApplication.CallHandlerExecutionStep.System.Web.HttpApplication.IExecutionStep.Execute()
   at System.Web.HttpApplication.ExecuteStepImpl(IExecutionStep step)
   at System.Web.HttpApplication.ExecuteStep(IExecutionStep step, Boolean& completedSynchronously)
2024-08-29 13:18:39,835 [33] INFO  CalcmenuAPI.Global_asax - File does not exist.
2024-08-29 13:18:39,835 [33] INFO  CalcmenuAPI.Global_asax -    at System.Web.StaticFileHandler.GetFileInfo(String virtualPathWithPathInfo, String physicalPath, HttpResponse response)
   at System.Web.StaticFileHandler.ProcessRequestInternal(HttpContext context, String overrideVirtualPath)
   at System.Web.DefaultHttpHandler.BeginProcessRequest(HttpContext context, AsyncCallback callback, Object state)
   at System.Web.HttpApplication.CallHandlerExecutionStep.System.Web.HttpApplication.IExecutionStep.Execute()
   at System.Web.HttpApplication.ExecuteStepImpl(IExecutionStep step)
   at System.Web.HttpApplication.ExecuteStep(IExecutionStep step, Boolean& completedSynchronously)
2024-08-29 13:19:25,496 [33] INFO  CalcmenuAPI.CalcmenuAPI.PrinterController - standardPrinting started
2024-08-29 13:20:00,192 [33] INFO  EgsReport_CMC.clsReport - CreateReport_Test
2024-08-29 13:20:00,193 [33] INFO  EgsReport_CMC.clsReport - 1
2024-08-29 13:20:00,392 [33] INFO  EgsReport_CMC.clsReport - 2
2024-08-29 13:20:17,410 [33] INFO  EgsReport_CMC.xrReports - StrCode: 61385 | CodeUser: 1 | CodePrintList: 0 | strCodeParent:  | strCodeMain: 61385
2024-08-29 13:20:17,411 [33] INFO  EgsReport_CMC.xrReports - strID: 3877283 | strFilter3: Code = 61385 AND CodeListeParent IS NULL AND CodeListeMain = 61385
2024-08-29 13:21:04,176 [33] INFO  CalcmenuAPI.CalcmenuAPI.PrinterController - FolderPath: C:\inetpub\wwwroot\calcmenuapi_v48_coop\temp\\Export_133693824001826222.pdf
2024-08-29 13:21:04,177 [33] INFO  CalcmenuAPI.CalcmenuAPI.PrinterController - FolderURL: http://localhost/calcmenuapi_v48_coop/temp//Export_133693824001826222.pdf
2024-08-29 13:21:16,095 [44] INFO  CalcmenuAPI.CalcmenuAPI.PrinterController - standardPrinting started
2024-08-29 13:21:29,304 [44] INFO  EgsReport_CMC.clsReport - CreateReport_Test
2024-08-29 13:21:29,304 [44] INFO  EgsReport_CMC.clsReport - 1
2024-08-29 13:21:29,489 [44] INFO  EgsReport_CMC.clsReport - 2
2024-08-29 13:21:46,471 [44] INFO  EgsReport_CMC.xrReports - StrCode: 61385 | CodeUser: 1 | CodePrintList: 0 | strCodeParent:  | strCodeMain: 61385
2024-08-29 13:21:46,472 [44] INFO  EgsReport_CMC.xrReports - strID: 3877283 | strFilter3: Code = 61385 AND CodeListeParent IS NULL AND CodeListeMain = 61385
2024-08-29 13:22:26,683 [44] INFO  CalcmenuAPI.CalcmenuAPI.PrinterController - FolderPath: C:\inetpub\wwwroot\calcmenuapi_v48_coop\temp\\Export_133693824893042190.pdf
2024-08-29 13:22:26,683 [44] INFO  CalcmenuAPI.CalcmenuAPI.PrinterController - FolderURL: http://localhost/calcmenuapi_v48_coop/temp//Export_133693824893042190.pdf
2024-08-29 13:23:12,377 [26] INFO  CalcmenuAPI.Global_asax - CalcmenuAPI was started
2024-08-29 13:23:12,442 [26] ERROR CalcmenuAPI.Global_asax - File does not exist.
2024-08-29 13:23:12,443 [26] ERROR CalcmenuAPI.Global_asax -    at System.Web.StaticFileHandler.GetFileInfo(String virtualPathWithPathInfo, String physicalPath, HttpResponse response)
   at System.Web.StaticFileHandler.ProcessRequestInternal(HttpContext context, String overrideVirtualPath)
   at System.Web.DefaultHttpHandler.BeginProcessRequest(HttpContext context, AsyncCallback callback, Object state)
   at System.Web.HttpApplication.CallHandlerExecutionStep.System.Web.HttpApplication.IExecutionStep.Execute()
   at System.Web.HttpApplication.ExecuteStepImpl(IExecutionStep step)
   at System.Web.HttpApplication.ExecuteStep(IExecutionStep step, Boolean& completedSynchronously)
2024-08-29 13:23:12,443 [26] INFO  CalcmenuAPI.Global_asax - File does not exist.
2024-08-29 13:23:12,444 [26] INFO  CalcmenuAPI.Global_asax -    at System.Web.StaticFileHandler.GetFileInfo(String virtualPathWithPathInfo, String physicalPath, HttpResponse response)
   at System.Web.StaticFileHandler.ProcessRequestInternal(HttpContext context, String overrideVirtualPath)
   at System.Web.DefaultHttpHandler.BeginProcessRequest(HttpContext context, AsyncCallback callback, Object state)
   at System.Web.HttpApplication.CallHandlerExecutionStep.System.Web.HttpApplication.IExecutionStep.Execute()
   at System.Web.HttpApplication.ExecuteStepImpl(IExecutionStep step)
   at System.Web.HttpApplication.ExecuteStep(IExecutionStep step, Boolean& completedSynchronously)
2024-08-29 13:23:12,989 [42] INFO  CalcmenuAPI.CalcmenuAPI.PrinterController - standardPrinting started
2024-08-29 13:23:27,528 [42] INFO  EgsReport_CMC.clsReport - CreateReport_Test
2024-08-29 13:23:27,529 [42] INFO  EgsReport_CMC.clsReport - 1
2024-08-29 13:23:27,725 [42] INFO  EgsReport_CMC.clsReport - 2
2024-08-29 13:23:45,071 [42] INFO  EgsReport_CMC.xrReports - StrCode: 61385 | CodeUser: 1 | CodePrintList: 0 | strCodeParent:  | strCodeMain: 61385
2024-08-29 13:23:45,071 [42] INFO  EgsReport_CMC.xrReports - strID: 3877283 | strFilter3: Code = 61385 AND CodeListeParent IS NULL AND CodeListeMain = 61385
2024-08-29 13:23:57,535 [42] INFO  CalcmenuAPI.CalcmenuAPI.PrinterController - FolderPath: C:\inetpub\wwwroot\calcmenuapi_v48_coop\temp\\Export_133693826075218843.pdf
2024-08-29 13:23:57,536 [42] INFO  CalcmenuAPI.CalcmenuAPI.PrinterController - FolderURL: http://localhost/calcmenuapi_v48_coop/temp//Export_133693826075218843.pdf
2024-08-29 13:25:05,071 [33] INFO  CalcmenuAPI.Global_asax - CalcmenuAPI was started
2024-08-29 13:25:05,139 [33] ERROR CalcmenuAPI.Global_asax - File does not exist.
2024-08-29 13:25:05,140 [33] ERROR CalcmenuAPI.Global_asax -    at System.Web.StaticFileHandler.GetFileInfo(String virtualPathWithPathInfo, String physicalPath, HttpResponse response)
   at System.Web.StaticFileHandler.ProcessRequestInternal(HttpContext context, String overrideVirtualPath)
   at System.Web.DefaultHttpHandler.BeginProcessRequest(HttpContext context, AsyncCallback callback, Object state)
   at System.Web.HttpApplication.CallHandlerExecutionStep.System.Web.HttpApplication.IExecutionStep.Execute()
   at System.Web.HttpApplication.ExecuteStepImpl(IExecutionStep step)
   at System.Web.HttpApplication.ExecuteStep(IExecutionStep step, Boolean& completedSynchronously)
2024-08-29 13:25:05,140 [33] INFO  CalcmenuAPI.Global_asax - File does not exist.
2024-08-29 13:25:05,140 [33] INFO  CalcmenuAPI.Global_asax -    at System.Web.StaticFileHandler.GetFileInfo(String virtualPathWithPathInfo, String physicalPath, HttpResponse response)
   at System.Web.StaticFileHandler.ProcessRequestInternal(HttpContext context, String overrideVirtualPath)
   at System.Web.DefaultHttpHandler.BeginProcessRequest(HttpContext context, AsyncCallback callback, Object state)
   at System.Web.HttpApplication.CallHandlerExecutionStep.System.Web.HttpApplication.IExecutionStep.Execute()
   at System.Web.HttpApplication.ExecuteStepImpl(IExecutionStep step)
   at System.Web.HttpApplication.ExecuteStep(IExecutionStep step, Boolean& completedSynchronously)
2024-08-29 13:25:29,692 [26] INFO  CalcmenuAPI.CalcmenuAPI.PrinterController - standardPrinting started
2024-08-29 13:26:14,412 [26] INFO  EgsReport_CMC.clsReport - CreateReport_Test
2024-08-29 13:26:14,413 [26] INFO  EgsReport_CMC.clsReport - 1
2024-08-29 13:26:14,636 [26] INFO  EgsReport_CMC.clsReport - 2
2024-08-29 13:26:32,024 [26] INFO  EgsReport_CMC.xrReports - StrCode: 61385 | CodeUser: 1 | CodePrintList: 0 | strCodeParent:  | strCodeMain: 61385
2024-08-29 13:26:32,025 [26] INFO  EgsReport_CMC.xrReports - strID: 3877283 | strFilter3: Code = 61385 AND CodeListeParent IS NULL AND CodeListeMain = 61385
2024-08-29 13:26:44,141 [26] INFO  CalcmenuAPI.CalcmenuAPI.PrinterController - FolderPath: C:\inetpub\wwwroot\calcmenuapi_v48_coop\temp\\Export_133693827744052487.pdf
2024-08-29 13:26:44,141 [26] INFO  CalcmenuAPI.CalcmenuAPI.PrinterController - FolderURL: http://localhost/calcmenuapi_v48_coop/temp//Export_133693827744052487.pdf
