2024-10-24 21:59:26,537 [1] INFO  CalcmenuAPI.Global_asax - CalcmenuAPI was started
2024-10-24 21:59:28,801 [8] INFO  CalcmenuAPI.CalcmenuAPI.PrinterController - standardPrinting started
2024-10-24 21:59:43,506 [8] INFO  EgsReport_CMC.clsReport - CreateReport_Test
2024-10-24 21:59:43,510 [8] INFO  EgsReport_CMC.clsReport - 1
2024-10-24 21:59:43,759 [8] INFO  EgsReport_CMC.clsReport - 2
2024-10-24 22:00:12,180 [8] INFO  EgsReport_CMC.xrReports - StrCode: 61298 | CodeUser: 1 | CodePrintList: 518110 | strCodeParent:  | strCodeMain: 61298
2024-10-24 22:00:40,528 [8] INFO  EgsReport_CMC.xrReports - strID: 3879624 | strFilter3: Code = 61298 AND CodeListeParent IS NULL AND CodeListeMain = 61298
2024-10-24 22:01:52,991 [8] INFO  CalcmenuAPI.CalcmenuAPI.PrinterController - FolderPath: C:\Data\COOP\RecipeStandardPrint\Export_133742519727134327.pdf
2024-10-24 22:01:52,992 [8] INFO  CalcmenuAPI.CalcmenuAPI.PrinterController - FolderURL: http://localhost:6735//Export_133742519727134327.pdf
2024-10-24 22:10:37,801 [4] INFO  CalcmenuAPI.Global_asax - CalcmenuAPI was started
2024-10-24 22:10:38,285 [26] INFO  CalcmenuAPI.CalcmenuAPI.PrinterController - standardPrinting started
2024-10-24 22:10:46,410 [26] INFO  EgsReport_CMC.clsReport - CreateReport_Test
2024-10-24 22:10:46,411 [26] INFO  EgsReport_CMC.clsReport - 1
2024-10-24 22:10:46,640 [26] INFO  EgsReport_CMC.clsReport - 2
2024-10-24 22:11:15,871 [26] INFO  EgsReport_CMC.xrReports - StrCode: 61298 | CodeUser: 1 | CodePrintList: 518110 | strCodeParent:  | strCodeMain: 61298
2024-10-24 22:11:15,872 [26] INFO  EgsReport_CMC.xrReports - strID: 3879624 | strFilter3: Code = 61298 AND CodeListeParent IS NULL AND CodeListeMain = 61298
2024-10-24 22:14:48,252 [26] INFO  CalcmenuAPI.CalcmenuAPI.PrinterController - FolderPath: C:\Data\COOP\RecipeStandardPrint\Export_133742526423007951.pdf
2024-10-24 22:14:48,253 [26] INFO  CalcmenuAPI.CalcmenuAPI.PrinterController - FolderURL: http://localhost:6735//Export_133742526423007951.pdf
2024-10-24 22:26:40,302 [48] INFO  CalcmenuAPI.CalcmenuAPI.PrinterController - standardPrinting started
2024-10-24 22:26:43,193 [48] INFO  EgsReport_CMC.clsReport - CreateReport_Test
2024-10-24 22:26:43,194 [48] INFO  EgsReport_CMC.clsReport - 1
2024-10-24 22:26:43,385 [48] INFO  EgsReport_CMC.clsReport - 2
2024-10-24 22:27:02,189 [48] INFO  EgsReport_CMC.xrReports - StrCode: 61298 | CodeUser: 1 | CodePrintList: 518110 | strCodeParent:  | strCodeMain: 61298
2024-10-24 22:27:02,190 [48] INFO  EgsReport_CMC.xrReports - strID: 3879624 | strFilter3: Code = 61298 AND CodeListeParent IS NULL AND CodeListeMain = 61298
2024-10-24 22:27:28,282 [48] INFO  CalcmenuAPI.CalcmenuAPI.PrinterController - FolderPath: C:\Data\COOP\RecipeStandardPrint\Export_133742536031936648.pdf
2024-10-24 22:27:28,290 [48] INFO  CalcmenuAPI.CalcmenuAPI.PrinterController - FolderURL: http://localhost:6735//Export_133742536031936648.pdf
2024-10-24 22:30:55,148 [26] INFO  CalcmenuAPI.CalcmenuAPI.PrinterController - standardPrinting started
2024-10-24 22:30:58,253 [26] INFO  EgsReport_CMC.clsReport - CreateReport_Test
2024-10-24 22:30:58,254 [26] INFO  EgsReport_CMC.clsReport - 1
2024-10-24 22:30:58,447 [26] INFO  EgsReport_CMC.clsReport - 2
2024-10-24 22:31:16,437 [26] INFO  EgsReport_CMC.xrReports - StrCode: 61298 | CodeUser: 1 | CodePrintList: 518110 | strCodeParent:  | strCodeMain: 61298
2024-10-24 22:31:16,438 [26] INFO  EgsReport_CMC.xrReports - strID: 3879624 | strFilter3: Code = 61298 AND CodeListeParent IS NULL AND CodeListeMain = 61298
2024-10-24 22:32:14,208 [26] INFO  CalcmenuAPI.CalcmenuAPI.PrinterController - FolderPath: C:\Data\COOP\RecipeStandardPrint\Export_133742538582536389.pdf
2024-10-24 22:32:14,208 [26] INFO  CalcmenuAPI.CalcmenuAPI.PrinterController - FolderURL: http://localhost:6735//Export_133742538582536389.pdf
2024-10-24 22:34:12,896 [26] INFO  CalcmenuAPI.CalcmenuAPI.PrinterController - standardPrinting started
2024-10-24 22:34:15,892 [26] INFO  EgsReport_CMC.clsReport - CreateReport_Test
2024-10-24 22:34:15,893 [26] INFO  EgsReport_CMC.clsReport - 1
2024-10-24 22:34:16,115 [26] INFO  EgsReport_CMC.clsReport - 2
2024-10-24 22:34:33,567 [26] INFO  EgsReport_CMC.xrReports - StrCode: 61298 | CodeUser: 1 | CodePrintList: 518110 | strCodeParent:  | strCodeMain: 61298
2024-10-24 22:34:33,568 [26] INFO  EgsReport_CMC.xrReports - strID: 3879624 | strFilter3: Code = 61298 AND CodeListeParent IS NULL AND CodeListeMain = 61298
2024-10-24 22:34:36,634 [26] INFO  CalcmenuAPI.CalcmenuAPI.PrinterController - FolderPath: C:\Data\COOP\RecipeStandardPrint\Export_133742540558923105.pdf
2024-10-24 22:34:36,634 [26] INFO  CalcmenuAPI.CalcmenuAPI.PrinterController - FolderURL: http://localhost:6735//Export_133742540558923105.pdf
2024-10-24 22:36:45,960 [26] INFO  CalcmenuAPI.CalcmenuAPI.PrinterController - standardPrinting started
2024-10-24 22:36:48,830 [26] INFO  EgsReport_CMC.clsReport - CreateReport_Test
2024-10-24 22:36:48,831 [26] INFO  EgsReport_CMC.clsReport - 1
2024-10-24 22:36:49,033 [26] INFO  EgsReport_CMC.clsReport - 2
2024-10-24 22:37:06,582 [26] INFO  EgsReport_CMC.xrReports - StrCode: 61298 | CodeUser: 1 | CodePrintList: 518110 | strCodeParent:  | strCodeMain: 61298
2024-10-24 22:37:06,583 [26] INFO  EgsReport_CMC.xrReports - strID: 3879624 | strFilter3: Code = 61298 AND CodeListeParent IS NULL AND CodeListeMain = 61298
2024-10-24 22:37:08,506 [26] INFO  CalcmenuAPI.CalcmenuAPI.PrinterController - FolderPath: C:\Data\COOP\RecipeStandardPrint\Export_133742542088308033.pdf
2024-10-24 22:37:08,506 [26] INFO  CalcmenuAPI.CalcmenuAPI.PrinterController - FolderURL: http://localhost:6735//Export_133742542088308033.pdf
2024-10-24 22:51:48,257 [1] INFO  CalcmenuAPI.Global_asax - CalcmenuAPI was started
2024-10-24 22:51:50,244 [8] INFO  CalcmenuAPI.CalcmenuAPI.PrinterController - standardPrinting started
2024-10-24 22:51:53,951 [8] INFO  EgsReport_CMC.clsReport - CreateReport_Test
2024-10-24 22:51:53,952 [8] INFO  EgsReport_CMC.clsReport - 1
2024-10-24 22:51:54,192 [8] INFO  EgsReport_CMC.clsReport - 2
2024-10-24 22:52:12,945 [8] INFO  EgsReport_CMC.xrReports - StrCode: 61085 | CodeUser: 1 | CodePrintList: 518116 | strCodeParent:  | strCodeMain: 61085
2024-10-24 22:52:12,946 [8] INFO  EgsReport_CMC.xrReports - strID: 3879630 | strFilter3: Code = 61085 AND CodeListeParent IS NULL AND CodeListeMain = 61085
2024-10-24 22:52:13,676 [8] INFO  EgsReport_CMC.StandardDetail - PRINT PICTURE
2024-10-24 22:52:13,677 [8] INFO  EgsReport_CMC.StandardDetail - PRINT PICTUREC:\Data\COOP\RecipeStandardPrint\PicNormal\
2024-10-24 22:52:20,055 [8] INFO  CalcmenuAPI.CalcmenuAPI.PrinterController - FolderPath: C:\Data\COOP\RecipeStandardPrint\Export_133742551139393469.pdf
2024-10-24 22:52:20,055 [8] INFO  CalcmenuAPI.CalcmenuAPI.PrinterController - FolderURL: http://localhost:6735//Export_133742551139393469.pdf
2024-10-24 22:56:18,207 [8] INFO  CalcmenuAPI.CalcmenuAPI.PrinterController - standardPrinting started
2024-10-24 22:56:20,666 [8] INFO  EgsReport_CMC.clsReport - CreateReport_Test
2024-10-24 22:56:20,667 [8] INFO  EgsReport_CMC.clsReport - 1
2024-10-24 22:56:20,857 [8] INFO  EgsReport_CMC.clsReport - 2
2024-10-24 22:56:38,203 [8] INFO  EgsReport_CMC.xrReports - StrCode: 61085 | CodeUser: 1 | CodePrintList: 518116 | strCodeParent:  | strCodeMain: 61085
2024-10-24 22:56:38,203 [8] INFO  EgsReport_CMC.xrReports - strID: 3879630 | strFilter3: Code = 61085 AND CodeListeParent IS NULL AND CodeListeMain = 61085
2024-10-24 22:56:38,724 [8] INFO  EgsReport_CMC.StandardDetail - PRINT PICTURE
2024-10-24 22:56:38,724 [8] INFO  EgsReport_CMC.StandardDetail - PRINT PICTUREC:\Data\COOP\RecipeStandardPrint\PicNormal\
2024-10-24 22:56:42,814 [8] INFO  CalcmenuAPI.CalcmenuAPI.PrinterController - FolderPath: C:\Data\COOP\RecipeStandardPrint\Export_133742553806669587.pdf
2024-10-24 22:56:42,814 [8] INFO  CalcmenuAPI.CalcmenuAPI.PrinterController - FolderURL: http://localhost:6735//Export_133742553806669587.pdf
