2024-10-29 00:26:22,026 [1] INFO  CalcmenuAPI.Global_asax - CalcmenuAPI was started
2024-10-29 00:26:22,941 [5] INFO  CalcmenuAPI.CalcmenuAPI.PrinterController - standardPrinting started
2024-10-29 00:26:26,953 [5] INFO  EgsReport.clsReport - CreateReport_Test
2024-10-29 00:26:26,956 [5] INFO  EgsReport.clsReport - 1
2024-10-29 00:26:27,211 [5] INFO  EgsReport.clsReport - 2
2024-10-29 00:26:45,882 [5] INFO  EgsReport.xrReports - StrCode: 49468 | CodeUser: 1 | CodePrintList: 518191 | strCodeParent:  | strCodeMain: 49468
2024-10-29 00:26:45,883 [5] INFO  EgsReport.xrReports - strID: 3879720 | strFilter3: Code = 49468 AND CodeListeParent IS NULL AND CodeListeMain = 49468
2024-10-29 00:27:06,070 [5] INFO  CalcmenuAPI.CalcmenuAPI.PrinterController - FolderPath: C:\Data\COOP\RecipeStandardPrint\Export_133746063869469803.pdf
2024-10-29 00:27:06,072 [5] INFO  CalcmenuAPI.CalcmenuAPI.PrinterController - FolderURL: http://localhost:6735//Export_133746063869469803.pdf
2024-10-29 00:29:48,561 [23] INFO  CalcmenuAPI.Global_asax - CalcmenuAPI was started
2024-10-29 00:29:49,042 [15] INFO  CalcmenuAPI.CalcmenuAPI.PrinterController - standardPrinting started
2024-10-29 00:29:52,418 [15] INFO  EgsReport.clsReport - CreateReport_Test
2024-10-29 00:29:52,419 [15] INFO  EgsReport.clsReport - 1
2024-10-29 00:29:52,634 [15] INFO  EgsReport.clsReport - 2
2024-10-29 00:30:10,252 [15] INFO  EgsReport.xrReports - StrCode: 49468 | CodeUser: 1 | CodePrintList: 518191 | strCodeParent:  | strCodeMain: 49468
2024-10-29 00:30:10,253 [15] INFO  EgsReport.xrReports - strID: 3879720 | strFilter3: Code = 49468 AND CodeListeParent IS NULL AND CodeListeMain = 49468
2024-10-29 00:33:32,079 [15] INFO  CalcmenuAPI.CalcmenuAPI.PrinterController - FolderPath: C:\Data\COOP\RecipeStandardPrint\Export_133746065924105297.pdf
2024-10-29 00:33:32,079 [15] INFO  CalcmenuAPI.CalcmenuAPI.PrinterController - FolderURL: http://localhost:6735//Export_133746065924105297.pdf
2024-10-29 00:53:17,764 [34] INFO  CalcmenuAPI.CalcmenuAPI.PrinterController - standardPrinting started
2024-10-29 00:53:20,689 [34] INFO  EgsReport.clsReport - CreateReport_Test
2024-10-29 00:53:20,690 [34] INFO  EgsReport.clsReport - 1
2024-10-29 00:53:20,877 [34] INFO  EgsReport.clsReport - 2
2024-10-29 00:53:42,961 [34] INFO  EgsReport.xrReports - StrCode: 49468 | CodeUser: 1 | CodePrintList: 518191 | strCodeParent:  | strCodeMain: 49468
2024-10-29 00:53:42,962 [34] INFO  EgsReport.xrReports - strID: 3879720 | strFilter3: Code = 49468 AND CodeListeParent IS NULL AND CodeListeMain = 49468
2024-10-29 00:53:46,790 [34] INFO  CalcmenuAPI.CalcmenuAPI.PrinterController - FolderPath: C:\Data\COOP\RecipeStandardPrint\Export_133746080006801413.pdf
2024-10-29 00:53:46,791 [34] INFO  CalcmenuAPI.CalcmenuAPI.PrinterController - FolderURL: http://localhost:6735//Export_133746080006801413.pdf
2024-10-29 00:54:42,379 [34] INFO  CalcmenuAPI.CalcmenuAPI.PrinterController - standardPrinting started
2024-10-29 00:54:45,246 [34] INFO  EgsReport.clsReport - CreateReport_Test
2024-10-29 00:54:45,246 [34] INFO  EgsReport.clsReport - 1
2024-10-29 00:54:45,434 [34] INFO  EgsReport.clsReport - 2
2024-10-29 00:55:17,139 [34] INFO  EgsReport.xrReports - StrCode: 49468 | CodeUser: 1 | CodePrintList: 518191 | strCodeParent:  | strCodeMain: 49468
2024-10-29 00:55:17,140 [34] INFO  EgsReport.xrReports - strID: 3879720 | strFilter3: Code = 49468 AND CodeListeParent IS NULL AND CodeListeMain = 49468
2024-10-29 00:55:21,062 [34] INFO  CalcmenuAPI.CalcmenuAPI.PrinterController - FolderPath: C:\Data\COOP\RecipeStandardPrint\Export_133746080852365143.pdf
2024-10-29 00:55:21,063 [34] INFO  CalcmenuAPI.CalcmenuAPI.PrinterController - FolderURL: http://localhost:6735//Export_133746080852365143.pdf
2024-10-29 01:00:16,281 [57] INFO  CalcmenuAPI.CalcmenuAPI.PrinterController - standardPrinting started
2024-10-29 01:00:18,464 [57] INFO  EgsReport.clsReport - CreateReport_Test
2024-10-29 01:00:18,465 [57] INFO  EgsReport.clsReport - 1
2024-10-29 01:00:18,652 [57] INFO  EgsReport.clsReport - 2
2024-10-29 01:00:35,638 [57] INFO  EgsReport.xrReports - StrCode: 49468 | CodeUser: 1 | CodePrintList: 518191 | strCodeParent:  | strCodeMain: 49468
2024-10-29 01:00:35,638 [57] INFO  EgsReport.xrReports - strID: 3879720 | strFilter3: Code = 49468 AND CodeListeParent IS NULL AND CodeListeMain = 49468
2024-10-29 01:00:38,030 [57] INFO  CalcmenuAPI.CalcmenuAPI.PrinterController - FolderPath: C:\Data\COOP\RecipeStandardPrint\Export_133746084184548577.pdf
2024-10-29 01:00:38,031 [57] INFO  CalcmenuAPI.CalcmenuAPI.PrinterController - FolderURL: http://localhost:6735//Export_133746084184548577.pdf
2024-10-29 01:16:21,119 [1] INFO  CalcmenuAPI.Global_asax - CalcmenuAPI was started
2024-10-29 01:16:21,847 [5] INFO  CalcmenuAPI.CalcmenuAPI.PrinterController - standardPrinting started
2024-10-29 01:16:25,399 [5] INFO  EgsReport.clsReport - CreateReport_Test
2024-10-29 01:16:25,401 [5] INFO  EgsReport.clsReport - 1
2024-10-29 01:16:25,659 [5] INFO  EgsReport.clsReport - 2
2024-10-29 01:16:43,938 [5] INFO  EgsReport.xrReports - StrCode: 61211 | CodeUser: 1 | CodePrintList: 518195 | strCodeParent:  | strCodeMain: 61211
2024-10-29 01:16:43,939 [5] INFO  EgsReport.xrReports - strID: 3879724 | strFilter3: Code = 61211 AND CodeListeParent IS NULL AND CodeListeMain = 61211
2024-10-29 01:16:48,627 [5] INFO  CalcmenuAPI.CalcmenuAPI.PrinterController - FolderPath: C:\Data\COOP\RecipeStandardPrint\Export_133746093853920768.pdf
2024-10-29 01:16:48,628 [5] INFO  CalcmenuAPI.CalcmenuAPI.PrinterController - FolderURL: http://localhost:6735//Export_133746093853920768.pdf
2024-10-29 01:18:39,423 [5] INFO  CalcmenuAPI.CalcmenuAPI.PrinterController - standardPrinting started
2024-10-29 01:18:41,757 [5] INFO  EgsReport.clsReport - CreateReport_Test
2024-10-29 01:18:41,757 [5] INFO  EgsReport.clsReport - 1
2024-10-29 01:18:41,945 [5] INFO  EgsReport.clsReport - 2
2024-10-29 01:18:59,457 [5] INFO  EgsReport.xrReports - StrCode: 61211 | CodeUser: 1 | CodePrintList: 518195 | strCodeParent:  | strCodeMain: 61211
2024-10-29 01:18:59,458 [5] INFO  EgsReport.xrReports - strID: 3879724 | strFilter3: Code = 61211 AND CodeListeParent IS NULL AND CodeListeMain = 61211
2024-10-29 01:19:53,592 [5] INFO  CalcmenuAPI.CalcmenuAPI.PrinterController - FolderPath: C:\Data\COOP\RecipeStandardPrint\Export_133746095217578844.pdf
2024-10-29 01:19:53,593 [5] INFO  CalcmenuAPI.CalcmenuAPI.PrinterController - FolderURL: http://localhost:6735//Export_133746095217578844.pdf
2024-10-29 01:20:15,195 [5] INFO  CalcmenuAPI.CalcmenuAPI.PrinterController - standardPrinting started
2024-10-29 01:20:18,250 [5] INFO  EgsReport.clsReport - CreateReport_Test
2024-10-29 01:20:18,250 [5] INFO  EgsReport.clsReport - 1
2024-10-29 01:20:18,437 [5] INFO  EgsReport.clsReport - 2
2024-10-29 01:20:35,836 [5] INFO  EgsReport.xrReports - StrCode: 61211 | CodeUser: 1 | CodePrintList: 518195 | strCodeParent:  | strCodeMain: 61211
2024-10-29 01:20:35,836 [5] INFO  EgsReport.xrReports - strID: 3879724 | strFilter3: Code = 61211 AND CodeListeParent IS NULL AND CodeListeMain = 61211
2024-10-29 01:21:25,050 [5] INFO  CalcmenuAPI.CalcmenuAPI.PrinterController - FolderPath: C:\Data\COOP\RecipeStandardPrint\Export_133746096182503360.pdf
2024-10-29 01:21:25,050 [5] INFO  CalcmenuAPI.CalcmenuAPI.PrinterController - FolderURL: http://localhost:6735//Export_133746096182503360.pdf
2024-10-29 01:25:41,921 [5] INFO  CalcmenuAPI.CalcmenuAPI.PrinterController - standardPrinting started
2024-10-29 01:25:44,995 [5] INFO  EgsReport.clsReport - CreateReport_Test
2024-10-29 01:25:44,996 [5] INFO  EgsReport.clsReport - 1
2024-10-29 01:25:45,188 [5] INFO  EgsReport.clsReport - 2
2024-10-29 01:26:02,730 [5] INFO  EgsReport.xrReports - StrCode: 61211 | CodeUser: 1 | CodePrintList: 518195 | strCodeParent:  | strCodeMain: 61211
2024-10-29 01:26:02,735 [5] INFO  EgsReport.xrReports - strID: 3879724 | strFilter3: Code = 61211 AND CodeListeParent IS NULL AND CodeListeMain = 61211
2024-10-29 01:28:08,804 [5] INFO  CalcmenuAPI.CalcmenuAPI.PrinterController - FolderPath: C:\Data\COOP\RecipeStandardPrint\Export_133746099449952362.pdf
2024-10-29 01:28:08,805 [5] INFO  CalcmenuAPI.CalcmenuAPI.PrinterController - FolderURL: http://localhost:6735//Export_133746099449952362.pdf
2024-10-29 01:33:33,833 [37] INFO  CalcmenuAPI.CalcmenuAPI.PrinterController - standardPrinting started
2024-10-29 01:33:36,875 [37] INFO  EgsReport.clsReport - CreateReport_Test
2024-10-29 01:33:36,876 [37] INFO  EgsReport.clsReport - 1
2024-10-29 01:33:37,063 [37] INFO  EgsReport.clsReport - 2
2024-10-29 01:33:54,041 [37] INFO  EgsReport.xrReports - StrCode: 61343 | CodeUser: 1 | CodePrintList: 0 | strCodeParent:  | strCodeMain: 61343
2024-10-29 01:38:02,948 [37] INFO  CalcmenuAPI.CalcmenuAPI.PrinterController - Object reference not set to an instance of an object.
2024-10-29 01:38:10,412 [37] INFO  CalcmenuAPI.CalcmenuAPI.PrinterController - standardPrinting started
2024-10-29 01:38:13,298 [37] INFO  EgsReport.clsReport - CreateReport_Test
2024-10-29 01:38:13,299 [37] INFO  EgsReport.clsReport - 1
2024-10-29 01:38:13,486 [37] INFO  EgsReport.clsReport - 2
2024-10-29 01:40:53,611 [37] INFO  EgsReport.xrReports - StrCode: 61343 | CodeUser: 1 | CodePrintList: 518200 | strCodeParent:  | strCodeMain: 61343
2024-10-29 01:40:53,613 [37] INFO  EgsReport.xrReports - strID: 3879729 | strFilter3: Code = 61343 AND CodeListeParent IS NULL AND CodeListeMain = 61343
2024-10-29 01:40:54,307 [37] INFO  EgsReport.StandardDetail - PRINT PICTURE
2024-10-29 01:40:54,308 [37] INFO  EgsReport.StandardDetail - PRINT PICTUREC:\Data\COOP\RecipeStandardPrint\PicNormal\
2024-10-29 01:41:05,062 [37] INFO  CalcmenuAPI.CalcmenuAPI.PrinterController - FolderPath: C:\Data\COOP\RecipeStandardPrint\Export_133746106932980509.pdf
2024-10-29 01:41:05,063 [37] INFO  CalcmenuAPI.CalcmenuAPI.PrinterController - FolderURL: http://localhost:6735//Export_133746106932980509.pdf
2024-10-29 02:02:32,574 [65] INFO  CalcmenuAPI.Global_asax - CalcmenuAPI was started
2024-10-29 02:02:33,040 [49] INFO  CalcmenuAPI.CalcmenuAPI.PrinterController - standardPrinting started
2024-10-29 02:02:34,752 [49] INFO  EgsReport.clsReport - CreateReport_Test
2024-10-29 02:02:34,753 [49] INFO  EgsReport.clsReport - 1
2024-10-29 02:02:34,971 [49] INFO  EgsReport.clsReport - 2
2024-10-29 02:02:58,851 [49] INFO  EgsReport.xrReports - StrCode: 62213 | CodeUser: 1 | CodePrintList: 54450 | strCodeParent:  | strCodeMain: 62213
2024-10-29 02:02:58,852 [49] INFO  EgsReport.xrReports - strID: 366460 | strFilter3: Code = 62213 AND CodeListeParent IS NULL AND CodeListeMain = 62213
2024-10-29 02:02:59,662 [49] INFO  EgsReport.StandardDetail - PRINT PICTURE
2024-10-29 02:02:59,663 [49] INFO  EgsReport.StandardDetail - PRINT PICTUREC:\Data\COOP\RecipeStandardPrint\PicNormal\
2024-10-29 02:03:05,465 [49] INFO  CalcmenuAPI.CalcmenuAPI.PrinterController - FolderPath: C:\Data\COOP\RecipeStandardPrint\Export_133746121547438969.pdf
2024-10-29 02:03:05,467 [49] INFO  CalcmenuAPI.CalcmenuAPI.PrinterController - FolderURL: http://localhost:6735//Export_133746121547438969.pdf
2024-10-29 13:13:22,849 [1] INFO  CalcmenuAPI.Global_asax - CalcmenuAPI was started
2024-10-29 13:13:23,656 [9] INFO  CalcmenuAPI.CalcmenuAPI.PrinterController - standardPrinting started
2024-10-29 13:13:32,729 [9] INFO  EgsReport.clsReport - CreateReport_Test
2024-10-29 13:13:32,730 [9] INFO  EgsReport.clsReport - 1
2024-10-29 13:13:32,987 [9] INFO  EgsReport.clsReport - 2
2024-10-29 13:13:50,614 [9] INFO  EgsReport.xrReports - StrCode: 48398 | CodeUser: 1 | CodePrintList: 54505 | strCodeParent:  | strCodeMain: 48398
2024-10-29 13:13:50,615 [9] INFO  EgsReport.xrReports - strID: 327015 | strFilter3: Code = 48398 AND CodeListeParent IS NULL AND CodeListeMain = 48398
2024-10-29 13:14:42,094 [9] INFO  EgsReport.xrReports - StrCode: 48753 | CodeUser: 1 | CodePrintList: 54505 | strCodeParent:  | strCodeMain: 48753
2024-10-29 13:14:42,095 [9] INFO  EgsReport.xrReports - strID: 327021 | strFilter3: Code = 48753 AND CodeListeParent IS NULL AND CodeListeMain = 48753
2024-10-29 13:16:39,895 [9] INFO  EgsReport.xrReports - StrCode: 48826 | CodeUser: 1 | CodePrintList: 54505 | strCodeParent:  | strCodeMain: 48826
2024-10-29 13:16:39,896 [9] INFO  EgsReport.xrReports - strID: 327022 | strFilter3: Code = 48826 AND CodeListeParent IS NULL AND CodeListeMain = 48826
2024-10-29 13:16:45,529 [9] INFO  EgsReport.xrReports - StrCode: 48563 | CodeUser: 1 | CodePrintList: 54505 | strCodeParent: 48826 | strCodeMain: 48826
2024-10-29 13:16:45,529 [9] INFO  EgsReport.xrReports - strID: 327018 | strFilter3: Code = 48563 AND CodeListeParent = 48826 AND CodeListeMain = 48826 AND ID = 327018
2024-10-29 13:16:53,643 [9] INFO  EgsReport.xrReports - StrCode: 48861 | CodeUser: 1 | CodePrintList: 54505 | strCodeParent:  | strCodeMain: 48861
2024-10-29 13:16:53,643 [9] INFO  EgsReport.xrReports - strID: 327023 | strFilter3: Code = 48861 AND CodeListeParent IS NULL AND CodeListeMain = 48861
2024-10-29 13:16:55,242 [9] INFO  EgsReport.xrReports - StrCode: 48666 | CodeUser: 1 | CodePrintList: 54505 | strCodeParent: 48861 | strCodeMain: 48861
2024-10-29 13:16:55,243 [9] INFO  EgsReport.xrReports - strID: 327020 | strFilter3: Code = 48666 AND CodeListeParent = 48861 AND CodeListeMain = 48861 AND ID = 327020
2024-10-29 13:16:56,829 [9] INFO  EgsReport.xrReports - StrCode: 48862 | CodeUser: 1 | CodePrintList: 54505 | strCodeParent:  | strCodeMain: 48862
2024-10-29 13:16:56,829 [9] INFO  EgsReport.xrReports - strID: 327024 | strFilter3: Code = 48862 AND CodeListeParent IS NULL AND CodeListeMain = 48862
2024-10-29 13:16:58,401 [9] INFO  EgsReport.xrReports - StrCode: 48865 | CodeUser: 1 | CodePrintList: 54505 | strCodeParent:  | strCodeMain: 48865
2024-10-29 13:16:58,402 [9] INFO  EgsReport.xrReports - strID: 327025 | strFilter3: Code = 48865 AND CodeListeParent IS NULL AND CodeListeMain = 48865
2024-10-29 13:17:01,878 [9] INFO  EgsReport.xrReports - StrCode: 49179 | CodeUser: 1 | CodePrintList: 54505 | strCodeParent:  | strCodeMain: 49179
2024-10-29 13:17:01,879 [9] INFO  EgsReport.xrReports - strID: 327026 | strFilter3: Code = 49179 AND CodeListeParent IS NULL AND CodeListeMain = 49179
2024-10-29 13:17:05,528 [9] INFO  EgsReport.xrReports - StrCode: 48562 | CodeUser: 1 | CodePrintList: 54505 | strCodeParent: 49179 | strCodeMain: 49179
2024-10-29 13:17:05,529 [9] INFO  EgsReport.xrReports - strID: 327017 | strFilter3: Code = 48562 AND CodeListeParent = 49179 AND CodeListeMain = 49179 AND ID = 327017
2024-10-29 13:17:09,008 [9] INFO  EgsReport.xrReports - StrCode: 49208 | CodeUser: 1 | CodePrintList: 54505 | strCodeParent:  | strCodeMain: 49208
2024-10-29 13:17:09,008 [9] INFO  EgsReport.xrReports - strID: 327027 | strFilter3: Code = 49208 AND CodeListeParent IS NULL AND CodeListeMain = 49208
2024-10-29 13:17:13,697 [9] INFO  EgsReport.xrReports - StrCode: 49516 | CodeUser: 1 | CodePrintList: 54505 | strCodeParent:  | strCodeMain: 49516
2024-10-29 13:17:13,698 [9] INFO  EgsReport.xrReports - strID: 327031 | strFilter3: Code = 49516 AND CodeListeParent IS NULL AND CodeListeMain = 49516
2024-10-29 13:17:17,625 [9] INFO  EgsReport.xrReports - StrCode: 48384 | CodeUser: 1 | CodePrintList: 54505 | strCodeParent: 49515 | strCodeMain: 49516
2024-10-29 13:17:17,626 [9] INFO  EgsReport.xrReports - strID: 327014 | strFilter3: Code = 48384 AND CodeListeParent = 49515 AND CodeListeMain = 49516 AND ID = 327014
2024-10-29 13:17:21,236 [9] INFO  EgsReport.xrReports - StrCode: 49515 | CodeUser: 1 | CodePrintList: 54505 | strCodeParent: 49516 | strCodeMain: 49516
2024-10-29 13:17:21,236 [9] INFO  EgsReport.xrReports - strID: 327030 | strFilter3: Code = 49515 AND CodeListeParent = 49516 AND CodeListeMain = 49516 AND ID = 327030
2024-10-29 13:17:24,943 [9] INFO  EgsReport.xrReports - StrCode: 49606 | CodeUser: 1 | CodePrintList: 54505 | strCodeParent:  | strCodeMain: 49606
2024-10-29 13:17:24,943 [9] INFO  EgsReport.xrReports - strID: 327033 | strFilter3: Code = 49606 AND CodeListeParent IS NULL AND CodeListeMain = 49606
2024-10-29 13:17:28,600 [9] INFO  EgsReport.xrReports - StrCode: 49459 | CodeUser: 1 | CodePrintList: 54505 | strCodeParent: 49462 | strCodeMain: 49606
2024-10-29 13:17:28,601 [9] INFO  EgsReport.xrReports - strID: 327028 | strFilter3: Code = 49459 AND CodeListeParent = 49462 AND CodeListeMain = 49606 AND ID = 327028
2024-10-29 13:17:33,478 [9] INFO  EgsReport.xrReports - StrCode: 48650 | CodeUser: 1 | CodePrintList: 54505 | strCodeParent: 49577 | strCodeMain: 49606
2024-10-29 13:17:33,479 [9] INFO  EgsReport.xrReports - strID: 327019 | strFilter3: Code = 48650 AND CodeListeParent = 49577 AND CodeListeMain = 49606 AND ID = 327019
2024-10-29 13:17:36,352 [9] INFO  EgsReport.xrReports - StrCode: 49462 | CodeUser: 1 | CodePrintList: 54505 | strCodeParent: 49606 | strCodeMain: 49606
2024-10-29 13:17:36,353 [9] INFO  EgsReport.xrReports - strID: 327029 | strFilter3: Code = 49462 AND CodeListeParent = 49606 AND CodeListeMain = 49606 AND ID = 327029
2024-10-29 13:17:38,123 [9] INFO  EgsReport.xrReports - StrCode: 49577 | CodeUser: 1 | CodePrintList: 54505 | strCodeParent: 49606 | strCodeMain: 49606
2024-10-29 13:17:38,124 [9] INFO  EgsReport.xrReports - strID: 327032 | strFilter3: Code = 49577 AND CodeListeParent = 49606 AND CodeListeMain = 49606 AND ID = 327032
2024-10-29 13:17:39,700 [9] INFO  EgsReport.xrReports - StrCode: 49622 | CodeUser: 1 | CodePrintList: 54505 | strCodeParent:  | strCodeMain: 49622
2024-10-29 13:17:39,702 [9] INFO  EgsReport.xrReports - strID: 327034 | strFilter3: Code = 49622 AND CodeListeParent IS NULL AND CodeListeMain = 49622
2024-10-29 13:17:41,438 [9] INFO  EgsReport.xrReports - StrCode: 49625 | CodeUser: 1 | CodePrintList: 54505 | strCodeParent:  | strCodeMain: 49625
2024-10-29 13:17:41,439 [9] INFO  EgsReport.xrReports - strID: 327035 | strFilter3: Code = 49625 AND CodeListeParent IS NULL AND CodeListeMain = 49625
2024-10-29 13:17:43,018 [9] INFO  EgsReport.xrReports - StrCode: 49673 | CodeUser: 1 | CodePrintList: 54505 | strCodeParent:  | strCodeMain: 49673
2024-10-29 13:17:43,020 [9] INFO  EgsReport.xrReports - strID: 327036 | strFilter3: Code = 49673 AND CodeListeParent IS NULL AND CodeListeMain = 49673
2024-10-29 13:17:44,870 [9] INFO  EgsReport.xrReports - StrCode: 49682 | CodeUser: 1 | CodePrintList: 54505 | strCodeParent:  | strCodeMain: 49682
2024-10-29 13:17:44,871 [9] INFO  EgsReport.xrReports - strID: 327038 | strFilter3: Code = 49682 AND CodeListeParent IS NULL AND CodeListeMain = 49682
2024-10-29 13:17:46,461 [9] INFO  EgsReport.xrReports - StrCode: 49678 | CodeUser: 1 | CodePrintList: 54505 | strCodeParent: 49682 | strCodeMain: 49682
2024-10-29 13:17:46,461 [9] INFO  EgsReport.xrReports - strID: 327037 | strFilter3: Code = 49678 AND CodeListeParent = 49682 AND CodeListeMain = 49682 AND ID = 327037
2024-10-29 13:17:48,055 [9] INFO  EgsReport.xrReports - StrCode: 49705 | CodeUser: 1 | CodePrintList: 54505 | strCodeParent:  | strCodeMain: 49705
2024-10-29 13:17:48,056 [9] INFO  EgsReport.xrReports - strID: 327039 | strFilter3: Code = 49705 AND CodeListeParent IS NULL AND CodeListeMain = 49705
2024-10-29 13:17:49,667 [9] INFO  EgsReport.xrReports - StrCode: 48505 | CodeUser: 1 | CodePrintList: 54505 | strCodeParent: 49705 | strCodeMain: 49705
2024-10-29 13:17:49,668 [9] INFO  EgsReport.xrReports - strID: 327016 | strFilter3: Code = 48505 AND CodeListeParent = 49705 AND CodeListeMain = 49705 AND ID = 327016
2024-10-29 13:17:51,269 [9] INFO  EgsReport.xrReports - StrCode: 49829 | CodeUser: 1 | CodePrintList: 54505 | strCodeParent:  | strCodeMain: 49829
2024-10-29 13:17:51,269 [9] INFO  EgsReport.xrReports - strID: 327040 | strFilter3: Code = 49829 AND CodeListeParent IS NULL AND CodeListeMain = 49829
2024-10-29 13:17:54,630 [9] INFO  CalcmenuAPI.CalcmenuAPI.PrinterController - FolderPath: C:\Data\COOP\RecipeStandardPrint\Export_133746524127224478.pdf
2024-10-29 13:17:54,632 [9] INFO  CalcmenuAPI.CalcmenuAPI.PrinterController - FolderURL: http://localhost:6735//Export_133746524127224478.pdf
2024-10-29 13:18:10,804 [28] INFO  CalcmenuAPI.CalcmenuAPI.PrinterController - standardPrinting started
2024-10-29 13:18:13,319 [28] INFO  EgsReport.clsReport - CreateReport_Test
2024-10-29 13:18:13,320 [28] INFO  EgsReport.clsReport - 1
2024-10-29 13:18:13,506 [28] INFO  EgsReport.clsReport - 2
2024-10-29 13:18:31,066 [28] INFO  EgsReport.xrReports - StrCode: 61732 | CodeUser: 1 | CodePrintList: 518222 | strCodeParent:  | strCodeMain: 61732
2024-10-29 13:18:31,067 [28] INFO  EgsReport.xrReports - strID: 3879751 | strFilter3: Code = 61732 AND CodeListeParent IS NULL AND CodeListeMain = 61732
2024-10-29 13:18:32,879 [28] INFO  CalcmenuAPI.CalcmenuAPI.PrinterController - FolderPath: C:\Data\COOP\RecipeStandardPrint\Export_133746526933196760.pdf
2024-10-29 13:18:32,880 [28] INFO  CalcmenuAPI.CalcmenuAPI.PrinterController - FolderURL: http://localhost:6735//Export_133746526933196760.pdf
2024-10-29 13:19:47,147 [9] INFO  CalcmenuAPI.CalcmenuAPI.PrinterController - standardPrinting started
2024-10-29 13:19:51,499 [9] INFO  EgsReport.clsReport - CreateReport_Test
2024-10-29 13:19:51,499 [9] INFO  EgsReport.clsReport - 1
2024-10-29 13:19:51,686 [9] INFO  EgsReport.clsReport - 2
2024-10-29 13:20:09,958 [9] INFO  EgsReport.xrReports - StrCode: 61732 | CodeUser: 1 | CodePrintList: 518222 | strCodeParent:  | strCodeMain: 61732
2024-10-29 13:20:09,958 [9] INFO  EgsReport.xrReports - strID: 3879751 | strFilter3: Code = 61732 AND CodeListeParent IS NULL AND CodeListeMain = 61732
2024-10-29 13:20:12,858 [9] INFO  CalcmenuAPI.CalcmenuAPI.PrinterController - FolderPath: C:\Data\COOP\RecipeStandardPrint\Export_133746527914993658.pdf
2024-10-29 13:20:12,858 [9] INFO  CalcmenuAPI.CalcmenuAPI.PrinterController - FolderURL: http://localhost:6735//Export_133746527914993658.pdf
