2025-09-15 11:07:47,241 [1] INFO  CalcmenuAPI.Global_asax - CalcmenuAPI was started
2025-09-15 11:07:48,737 [10] INFO  CalcmenuAPI.CalcmenuAPI.PrinterController - standardPrinting started
2025-09-15 11:08:18,610 [10] INFO  EgsReport.clsReport - CreateReport_Test
2025-09-15 11:08:24,069 [10] INFO  EgsReport.clsReport - 1
2025-09-15 11:08:26,623 [10] INFO  CalcmenuAPI.CalcmenuAPI.PrinterController - There is no row at position 0.
2025-09-15 11:11:06,579 [16] INFO  CalcmenuAPI.CalcmenuAPI.PrinterController - standardPrinting started
2025-09-15 11:11:13,386 [16] INFO  EgsReport.clsReport - CreateReport_Test
2025-09-15 11:11:13,391 [16] INFO  EgsReport.clsReport - 1
2025-09-15 11:11:13,399 [16] INFO  CalcmenuAPI.CalcmenuAPI.PrinterController - There is no row at position 0.
2025-09-15 11:14:03,796 [10] INFO  CalcmenuAPI.CalcmenuAPI.PrinterController - standardPrinting started
2025-09-15 11:14:09,605 [10] INFO  EgsReport.clsReport - CreateReport_Test
2025-09-15 11:16:05,989 [10] INFO  EgsReport.clsReport - 1
2025-09-15 11:16:14,346 [10] INFO  CalcmenuAPI.CalcmenuAPI.PrinterController - There is no row at position 0.
2025-09-15 11:20:56,646 [10] INFO  CalcmenuAPI.CalcmenuAPI.PrinterController - standardPrinting started
2025-09-15 11:21:24,908 [10] INFO  EgsReport.clsReport - CreateReport_Test
2025-09-15 11:21:24,908 [10] INFO  EgsReport.clsReport - 1
2025-09-15 11:21:27,726 [10] INFO  CalcmenuAPI.CalcmenuAPI.PrinterController - There is no row at position 0.
2025-09-15 11:22:45,378 [10] INFO  CalcmenuAPI.CalcmenuAPI.PrinterController - standardPrinting started
2025-09-15 11:22:55,023 [10] INFO  EgsReport.clsReport - CreateReport_Test
2025-09-15 11:24:10,093 [10] INFO  EgsReport.clsReport - 1
2025-09-15 11:24:10,957 [10] INFO  CalcmenuAPI.CalcmenuAPI.PrinterController - There is no row at position 0.
2025-09-15 11:24:32,740 [10] INFO  CalcmenuAPI.CalcmenuAPI.PrinterController - standardPrinting started
2025-09-15 11:24:37,439 [10] INFO  EgsReport.clsReport - CreateReport_Test
2025-09-15 11:25:00,988 [10] INFO  EgsReport.clsReport - 1
2025-09-15 11:25:01,545 [10] INFO  CalcmenuAPI.CalcmenuAPI.PrinterController - There is no row at position 0.
2025-09-15 11:25:16,018 [10] INFO  CalcmenuAPI.CalcmenuAPI.PrinterController - standardPrinting started
2025-09-15 11:25:21,291 [10] INFO  EgsReport.clsReport - CreateReport_Test
2025-09-15 11:25:26,060 [10] INFO  EgsReport.clsReport - 1
2025-09-15 11:25:27,119 [10] INFO  CalcmenuAPI.CalcmenuAPI.PrinterController - There is no row at position 0.
2025-09-15 11:25:30,587 [10] INFO  CalcmenuAPI.CalcmenuAPI.PrinterController - standardPrinting started
2025-09-15 11:25:35,714 [10] INFO  EgsReport.clsReport - CreateReport_Test
2025-09-15 11:26:08,037 [10] INFO  EgsReport.clsReport - 1
2025-09-15 11:26:41,453 [10] INFO  CalcmenuAPI.CalcmenuAPI.PrinterController - There is no row at position 0.
2025-09-15 11:26:55,960 [10] INFO  CalcmenuAPI.CalcmenuAPI.PrinterController - standardPrinting started
2025-09-15 11:27:01,612 [10] INFO  EgsReport.clsReport - CreateReport_Test
2025-09-15 11:27:05,254 [10] INFO  EgsReport.clsReport - 1
2025-09-15 11:28:09,122 [10] INFO  CalcmenuAPI.CalcmenuAPI.PrinterController - There is no row at position 0.
2025-09-15 11:28:15,660 [10] INFO  CalcmenuAPI.CalcmenuAPI.PrinterController - standardPrinting started
2025-09-15 11:28:24,002 [10] INFO  EgsReport.clsReport - CreateReport_Test
2025-09-15 11:28:27,953 [10] INFO  EgsReport.clsReport - 1
2025-09-15 11:29:56,287 [10] INFO  CalcmenuAPI.CalcmenuAPI.PrinterController - There is no row at position 0.
2025-09-15 11:30:03,807 [10] INFO  CalcmenuAPI.CalcmenuAPI.PrinterController - standardPrinting started
2025-09-15 11:30:11,576 [10] INFO  EgsReport.clsReport - CreateReport_Test
2025-09-15 11:30:14,774 [10] INFO  EgsReport.clsReport - 1
2025-09-15 11:30:18,247 [10] INFO  EgsReport.clsReport - 2
2025-09-15 11:30:19,210 [10] INFO  EgsReport.xrReports - StrCode: 136515 | CodeUser: 1 | CodePrintList: 31 | strCodeParent:  | strCodeMain: 136515
2025-09-15 11:30:19,212 [10] INFO  EgsReport.xrReports - strID: 35 | strFilter3: Code = 136515 AND CodeListeParent IS NULL AND CodeListeMain = 136515
2025-09-15 11:30:20,463 [10] INFO  CalcmenuAPI.CalcmenuAPI.PrinterController - FolderPath: C:\Data\COOP\RecipeStandardPrint\Export_134023806115761930.pdf
2025-09-15 11:30:20,464 [10] INFO  CalcmenuAPI.CalcmenuAPI.PrinterController - FolderURL: http://localhost:6735//Export_134023806115761930.pdf
2025-09-15 11:30:51,026 [10] INFO  CalcmenuAPI.CalcmenuAPI.PrinterController - standardPrinting started
2025-09-15 11:30:51,437 [10] INFO  EgsReport.clsReport - CreateReport_Test
2025-09-15 11:30:54,641 [10] INFO  EgsReport.clsReport - 1
2025-09-15 11:30:55,079 [10] INFO  EgsReport.clsReport - 2
2025-09-15 11:30:55,518 [10] INFO  EgsReport.xrReports - StrCode: 136515 | CodeUser: 1 | CodePrintList: 31 | strCodeParent:  | strCodeMain: 136515
2025-09-15 11:30:55,518 [10] INFO  EgsReport.xrReports - strID: 35 | strFilter3: Code = 136515 AND CodeListeParent IS NULL AND CodeListeMain = 136515
2025-09-15 11:30:57,911 [10] INFO  CalcmenuAPI.CalcmenuAPI.PrinterController - Object reference not set to an instance of an object.
2025-09-15 11:31:04,806 [10] INFO  CalcmenuAPI.CalcmenuAPI.PrinterController - standardPrinting started
2025-09-15 11:31:04,924 [10] INFO  EgsReport.clsReport - CreateReport_Test
2025-09-15 11:31:06,792 [10] INFO  EgsReport.clsReport - 1
2025-09-15 11:31:10,822 [10] INFO  EgsReport.clsReport - 2
2025-09-15 11:31:11,269 [10] INFO  EgsReport.xrReports - StrCode: 136515 | CodeUser: 1 | CodePrintList: 31 | strCodeParent:  | strCodeMain: 136515
2025-09-15 11:31:11,270 [10] INFO  EgsReport.xrReports - strID: 35 | strFilter3: Code = 136515 AND CodeListeParent IS NULL AND CodeListeMain = 136515
2025-09-15 11:32:14,303 [10] INFO  CalcmenuAPI.CalcmenuAPI.PrinterController - Object reference not set to an instance of an object.
2025-09-15 11:32:21,190 [10] INFO  CalcmenuAPI.CalcmenuAPI.PrinterController - standardPrinting started
2025-09-15 11:32:21,358 [10] INFO  EgsReport.clsReport - CreateReport_Test
2025-09-15 11:32:27,671 [10] INFO  EgsReport.clsReport - 1
2025-09-15 11:32:31,798 [10] INFO  EgsReport.clsReport - 2
2025-09-15 11:32:32,227 [10] INFO  EgsReport.xrReports - StrCode: 136515 | CodeUser: 1 | CodePrintList: 31 | strCodeParent:  | strCodeMain: 136515
2025-09-15 11:32:32,228 [10] INFO  EgsReport.xrReports - strID: 35 | strFilter3: Code = 136515 AND CodeListeParent IS NULL AND CodeListeMain = 136515
2025-09-15 11:35:07,756 [1] INFO  CalcmenuAPI.Global_asax - CalcmenuAPI was started
2025-09-15 11:35:08,755 [5] INFO  CalcmenuAPI.CalcmenuAPI.PrinterController - standardPrinting started
2025-09-15 11:35:08,947 [5] INFO  EgsReport.clsReport - CreateReport_Test
2025-09-15 11:35:08,948 [5] INFO  EgsReport.clsReport - 1
2025-09-15 11:35:09,015 [5] INFO  EgsReport.clsReport - 2
2025-09-15 11:35:09,662 [5] INFO  EgsReport.xrReports - StrCode: 136515 | CodeUser: 1 | CodePrintList: 31 | strCodeParent:  | strCodeMain: 136515
2025-09-15 11:35:09,663 [5] INFO  EgsReport.xrReports - strID: 35 | strFilter3: Code = 136515 AND CodeListeParent IS NULL AND CodeListeMain = 136515
2025-09-15 11:41:57,097 [5] INFO  CalcmenuAPI.CalcmenuAPI.PrinterController - Object reference not set to an instance of an object.
2025-09-15 11:42:12,616 [5] INFO  CalcmenuAPI.CalcmenuAPI.PrinterController - standardPrinting started
2025-09-15 11:42:12,755 [5] INFO  EgsReport.clsReport - CreateReport_Test
2025-09-15 11:42:12,755 [5] INFO  EgsReport.clsReport - 1
2025-09-15 11:42:12,760 [5] INFO  EgsReport.clsReport - 2
2025-09-15 11:42:13,393 [5] INFO  EgsReport.xrReports - StrCode: 136515 | CodeUser: 1 | CodePrintList: 31 | strCodeParent:  | strCodeMain: 136515
2025-09-15 11:42:13,394 [5] INFO  EgsReport.xrReports - strID: 35 | strFilter3: Code = 136515 AND CodeListeParent IS NULL AND CodeListeMain = 136515
2025-09-15 11:43:00,459 [5] INFO  CalcmenuAPI.CalcmenuAPI.PrinterController - Cannot find column [Recipecode].
2025-09-15 11:43:04,553 [28] INFO  CalcmenuAPI.CalcmenuAPI.PrinterController - standardPrinting started
2025-09-15 11:43:04,672 [28] INFO  EgsReport.clsReport - CreateReport_Test
2025-09-15 11:43:04,672 [28] INFO  EgsReport.clsReport - 1
2025-09-15 11:43:04,676 [28] INFO  EgsReport.clsReport - 2
2025-09-15 11:43:05,095 [28] INFO  EgsReport.xrReports - StrCode: 136515 | CodeUser: 1 | CodePrintList: 31 | strCodeParent:  | strCodeMain: 136515
2025-09-15 11:43:05,095 [28] INFO  EgsReport.xrReports - strID: 35 | strFilter3: Code = 136515 AND CodeListeParent IS NULL AND CodeListeMain = 136515
2025-09-15 11:44:53,532 [28] INFO  CalcmenuAPI.CalcmenuAPI.PrinterController - Cannot find column [Recipecode].
2025-09-15 12:07:12,815 [36] INFO  CalcmenuAPI.CalcmenuAPI.PrinterController - standardPrinting started
2025-09-15 12:07:13,199 [36] INFO  EgsReport.clsReport - CreateReport_Test
2025-09-15 12:07:13,200 [36] INFO  EgsReport.clsReport - 1
2025-09-15 12:07:13,207 [36] INFO  EgsReport.clsReport - 2
2025-09-15 12:07:13,844 [36] INFO  EgsReport.xrReports - StrCode: 136515 | CodeUser: 1 | CodePrintList: 31 | strCodeParent:  | strCodeMain: 136515
2025-09-15 12:07:13,845 [36] INFO  EgsReport.xrReports - strID: 35 | strFilter3: Code = 136515 AND CodeListeParent IS NULL AND CodeListeMain = 136515
2025-09-15 12:09:16,159 [1] INFO  CalcmenuAPI.Global_asax - CalcmenuAPI was started
2025-09-15 12:09:17,998 [5] INFO  CalcmenuAPI.CalcmenuAPI.PrinterController - standardPrinting started
2025-09-15 12:09:18,305 [5] INFO  EgsReport.clsReport - CreateReport_Test
2025-09-15 12:09:18,309 [5] INFO  EgsReport.clsReport - 1
2025-09-15 12:09:18,537 [5] INFO  EgsReport.clsReport - 2
2025-09-15 12:09:19,329 [5] INFO  EgsReport.xrReports - StrCode: 136515 | CodeUser: 1 | CodePrintList: 31 | strCodeParent:  | strCodeMain: 136515
2025-09-15 12:09:19,331 [5] INFO  EgsReport.xrReports - strID: 35 | strFilter3: Code = 136515 AND CodeListeParent IS NULL AND CodeListeMain = 136515
2025-09-15 12:09:35,215 [5] INFO  CalcmenuAPI.CalcmenuAPI.PrinterController - Cannot find column [Recipecode].
2025-09-15 12:09:43,257 [6] INFO  CalcmenuAPI.CalcmenuAPI.PrinterController - standardPrinting started
2025-09-15 12:09:43,383 [6] INFO  EgsReport.clsReport - CreateReport_Test
2025-09-15 12:09:43,384 [6] INFO  EgsReport.clsReport - 1
2025-09-15 12:09:43,387 [6] INFO  EgsReport.clsReport - 2
2025-09-15 12:09:43,846 [6] INFO  EgsReport.xrReports - StrCode: 136515 | CodeUser: 1 | CodePrintList: 31 | strCodeParent:  | strCodeMain: 136515
2025-09-15 12:09:43,847 [6] INFO  EgsReport.xrReports - strID: 35 | strFilter3: Code = 136515 AND CodeListeParent IS NULL AND CodeListeMain = 136515
2025-09-15 12:12:36,413 [6] INFO  CalcmenuAPI.CalcmenuAPI.PrinterController - Cannot find column [Recipecode].
2025-09-15 12:12:46,024 [6] INFO  CalcmenuAPI.CalcmenuAPI.PrinterController - standardPrinting started
2025-09-15 12:12:46,162 [6] INFO  EgsReport.clsReport - CreateReport_Test
2025-09-15 12:12:46,164 [6] INFO  EgsReport.clsReport - 1
2025-09-15 12:12:46,169 [6] INFO  EgsReport.clsReport - 2
2025-09-15 12:12:46,712 [6] INFO  EgsReport.xrReports - StrCode: 136515 | CodeUser: 1 | CodePrintList: 31 | strCodeParent:  | strCodeMain: 136515
2025-09-15 12:12:46,713 [6] INFO  EgsReport.xrReports - strID: 35 | strFilter3: Code = 136515 AND CodeListeParent IS NULL AND CodeListeMain = 136515
2025-09-15 12:12:50,375 [6] INFO  CalcmenuAPI.CalcmenuAPI.PrinterController - FolderPath: C:\Data\COOP\RecipeStandardPrint\Export_134023831661447963.pdf
2025-09-15 12:12:50,377 [6] INFO  CalcmenuAPI.CalcmenuAPI.PrinterController - FolderURL: http://localhost:6735//Export_134023831661447963.pdf
2025-09-15 12:13:05,648 [5] INFO  CalcmenuAPI.CalcmenuAPI.PrinterController - standardPrinting started
2025-09-15 12:13:05,752 [5] INFO  EgsReport.clsReport - CreateReport_Test
2025-09-15 12:13:05,753 [5] INFO  EgsReport.clsReport - 1
2025-09-15 12:13:05,758 [5] INFO  EgsReport.clsReport - 2
2025-09-15 12:13:06,243 [5] INFO  EgsReport.xrReports - StrCode: 136515 | CodeUser: 1 | CodePrintList: 31 | strCodeParent:  | strCodeMain: 136515
2025-09-15 12:13:06,244 [5] INFO  EgsReport.xrReports - strID: 35 | strFilter3: Code = 136515 AND CodeListeParent IS NULL AND CodeListeMain = 136515
2025-09-15 12:13:16,753 [5] INFO  CalcmenuAPI.CalcmenuAPI.PrinterController - FolderPath: C:\Data\COOP\RecipeStandardPrint\Export_134023831857520350.pdf
2025-09-15 12:13:16,754 [5] INFO  CalcmenuAPI.CalcmenuAPI.PrinterController - FolderURL: http://localhost:6735//Export_134023831857520350.pdf
2025-09-15 12:15:32,351 [5] INFO  CalcmenuAPI.CalcmenuAPI.PrinterController - standardPrinting started
2025-09-15 12:15:32,531 [5] INFO  EgsReport.clsReport - CreateReport_Test
2025-09-15 12:15:32,532 [5] INFO  EgsReport.clsReport - 1
2025-09-15 12:15:32,534 [5] INFO  EgsReport.clsReport - 2
2025-09-15 12:15:33,076 [5] INFO  EgsReport.xrReports - StrCode: 136515 | CodeUser: 1 | CodePrintList: 35 | strCodeParent:  | strCodeMain: 136515
2025-09-15 12:15:33,077 [5] INFO  EgsReport.xrReports - strID: 39 | strFilter3: Code = 136515 AND CodeListeParent IS NULL AND CodeListeMain = 136515
2025-09-15 12:15:33,652 [5] INFO  EgsReport.StandardDetail - PRINT PICTURE 
2025-09-15 12:15:33,653 [5] INFO  EgsReport.StandardDetail - PRINT PICTURE C:\Data\COOP\RecipeStandardPrint\PicNormal\
2025-09-15 12:18:20,396 [1] INFO  CalcmenuAPI.Global_asax - CalcmenuAPI was started
2025-09-15 12:18:21,315 [7] INFO  CalcmenuAPI.CalcmenuAPI.PrinterController - standardPrinting started
2025-09-15 12:18:21,577 [7] INFO  EgsReport.clsReport - CreateReport_Test
2025-09-15 12:18:21,578 [7] INFO  EgsReport.clsReport - 1
2025-09-15 12:18:21,650 [7] INFO  EgsReport.clsReport - 2
2025-09-15 12:18:22,259 [7] INFO  EgsReport.xrReports - StrCode: 136515 | CodeUser: 1 | CodePrintList: 35 | strCodeParent:  | strCodeMain: 136515
2025-09-15 12:18:22,259 [7] INFO  EgsReport.xrReports - strID: 39 | strFilter3: Code = 136515 AND CodeListeParent IS NULL AND CodeListeMain = 136515
2025-09-15 12:18:22,710 [7] INFO  EgsReport.StandardDetail - PRINT PICTURE 
2025-09-15 12:18:22,710 [7] INFO  EgsReport.StandardDetail - PRINT PICTURE C:\Data\COOP\RecipeStandardPrint\PicNormal\
2025-09-15 12:18:23,145 [7] INFO  CalcmenuAPI.CalcmenuAPI.PrinterController - FolderPath: C:\Data\COOP\RecipeStandardPrint\Export_134023835015667461.pdf
2025-09-15 12:18:23,145 [7] INFO  CalcmenuAPI.CalcmenuAPI.PrinterController - FolderURL: http://localhost:6735//Export_134023835015667461.pdf
2025-09-15 12:19:29,614 [7] INFO  CalcmenuAPI.CalcmenuAPI.PrinterController - standardPrinting started
2025-09-15 12:19:29,853 [7] INFO  EgsReport.clsReport - CreateReport_Test
2025-09-15 12:19:29,854 [7] INFO  EgsReport.clsReport - 1
2025-09-15 12:19:29,858 [7] INFO  EgsReport.clsReport - 2
2025-09-15 12:19:30,280 [7] INFO  EgsReport.xrReports - StrCode: 136515 | CodeUser: 1 | CodePrintList: 35 | strCodeParent:  | strCodeMain: 136515
2025-09-15 12:19:30,281 [7] INFO  EgsReport.xrReports - strID: 39 | strFilter3: Code = 136515 AND CodeListeParent IS NULL AND CodeListeMain = 136515
2025-09-15 12:19:30,462 [7] INFO  EgsReport.StandardDetail - PRINT PICTURE 
2025-09-15 12:19:30,462 [7] INFO  EgsReport.StandardDetail - PRINT PICTURE C:\Data\COOP\RecipeStandardPrint\PicNormal\
2025-09-15 12:19:30,545 [7] INFO  CalcmenuAPI.CalcmenuAPI.PrinterController - FolderPath: C:\Data\COOP\RecipeStandardPrint\Export_134023835698536722.pdf
2025-09-15 12:19:30,545 [7] INFO  CalcmenuAPI.CalcmenuAPI.PrinterController - FolderURL: http://localhost:6735//Export_134023835698536722.pdf
2025-09-15 12:21:12,821 [7] INFO  CalcmenuAPI.CalcmenuAPI.PrinterController - standardPrinting started
2025-09-15 12:21:13,053 [7] INFO  EgsReport.clsReport - CreateReport_Test
2025-09-15 12:21:13,054 [7] INFO  EgsReport.clsReport - 1
2025-09-15 12:21:13,057 [7] INFO  EgsReport.clsReport - 2
2025-09-15 12:21:13,484 [7] INFO  EgsReport.xrReports - StrCode: 136515 | CodeUser: 1 | CodePrintList: 36 | strCodeParent:  | strCodeMain: 136515
2025-09-15 12:21:13,485 [7] INFO  EgsReport.xrReports - strID: 40 | strFilter3: Code = 136515 AND CodeListeParent IS NULL AND CodeListeMain = 136515
2025-09-15 12:21:13,697 [7] INFO  EgsReport.StandardDetail - PRINT PICTURE 
2025-09-15 12:21:13,698 [7] INFO  EgsReport.StandardDetail - PRINT PICTURE C:\Data\COOP\RecipeStandardPrint\PicNormal\
2025-09-15 12:21:14,534 [7] INFO  CalcmenuAPI.CalcmenuAPI.PrinterController - FolderPath: C:\Data\COOP\RecipeStandardPrint\Export_134023836730531816.pdf
2025-09-15 12:21:14,535 [7] INFO  CalcmenuAPI.CalcmenuAPI.PrinterController - FolderURL: http://localhost:6735//Export_134023836730531816.pdf
2025-09-15 12:49:10,479 [24] INFO  CalcmenuAPI.CalcmenuAPI.PrinterController - standardPrinting started
2025-09-15 12:49:10,538 [24] INFO  EgsReport.clsReport - CreateReport_Test
2025-09-15 12:49:10,538 [24] INFO  EgsReport.clsReport - 1
2025-09-15 12:49:10,541 [24] INFO  EgsReport.clsReport - 2
2025-09-15 12:49:10,943 [24] INFO  EgsReport.xrReports - StrCode: 184607 | CodeUser: 1 | CodePrintList: 37 | strCodeParent: lblID | strCodeMain: lblID
2025-09-15 12:49:10,943 [24] INFO  EgsReport.xrReports - strID: lblID | strFilter3: Code = 184607
2025-09-15 12:49:11,271 [24] INFO  CalcmenuAPI.CalcmenuAPI.PrinterController - FolderPath: C:\Data\COOP\RecipeStandardPrint\Export_134023853505380095.pdf
2025-09-15 12:49:11,272 [24] INFO  CalcmenuAPI.CalcmenuAPI.PrinterController - FolderURL: http://localhost:6735//Export_134023853505380095.pdf
