2025-02-26 09:37:35,805 [1] INFO  CalcmenuAPI.Global_asax - CalcmenuAPI was started
2025-02-26 09:37:37,156 [5] INFO  CalcmenuAPI.CalcmenuAPI.PrinterController - standardPrinting started
2025-02-26 09:37:38,558 [5] INFO  EgsReport.clsReport - CreateReport_Test
2025-02-26 09:37:38,563 [5] INFO  EgsReport.clsReport - 1
2025-02-26 09:37:40,787 [5] INFO  EgsReport.clsReport - 2
2025-02-26 09:37:58,916 [5] INFO  EgsReport.xrReports - StrCode: 56601 | CodeUser: 1 | CodePrintList: 562581 | strCodeParent: lblID | strCodeMain: lblID
2025-02-26 09:37:58,917 [5] INFO  EgsReport.xrReports - strID: lblID | strFilter3: Code = 56601
2025-02-26 09:38:14,367 [5] INFO  CalcmenuAPI.CalcmenuAPI.PrinterController - FolderPath: C:\Data\COOP\RecipeStandardPrint\Export_133850074585468025.pdf
2025-02-26 09:38:14,367 [5] INFO  CalcmenuAPI.CalcmenuAPI.PrinterController - FolderURL: http://localhost:6735//Export_133850074585468025.pdf
2025-02-26 09:45:01,766 [6] INFO  CalcmenuAPI.CalcmenuAPI.PrinterController - standardPrinting started
2025-02-26 09:45:02,922 [6] INFO  EgsReport.clsReport - CreateReport_Test
2025-02-26 09:45:02,922 [6] INFO  EgsReport.clsReport - 1
2025-02-26 09:45:03,123 [6] INFO  EgsReport.clsReport - 2
2025-02-26 09:45:19,736 [6] INFO  EgsReport.xrReports - StrCode: 56601 | CodeUser: 1 | CodePrintList: 562581 | strCodeParent: lblID | strCodeMain: lblID
2025-02-26 09:45:19,736 [6] INFO  EgsReport.xrReports - strID: lblID | strFilter3: Code = 56601
2025-02-26 09:47:37,351 [6] INFO  CalcmenuAPI.CalcmenuAPI.PrinterController - FolderPath: C:\Data\COOP\RecipeStandardPrint\Export_133850079029221160.pdf
2025-02-26 09:47:37,351 [6] INFO  CalcmenuAPI.CalcmenuAPI.PrinterController - FolderURL: http://localhost:6735//Export_133850079029221160.pdf
2025-02-26 09:48:17,808 [5] INFO  CalcmenuAPI.CalcmenuAPI.PrinterController - standardPrinting started
2025-02-26 09:48:18,001 [5] INFO  EgsReport.clsReport - CreateReport_Test
2025-02-26 09:48:18,002 [5] INFO  EgsReport.clsReport - 1
2025-02-26 09:48:18,193 [5] INFO  EgsReport.clsReport - 2
2025-02-26 09:48:34,972 [5] INFO  EgsReport.xrReports - StrCode: 56601 | CodeUser: 1 | CodePrintList: 562581 | strCodeParent: lblID | strCodeMain: lblID
2025-02-26 09:48:34,973 [5] INFO  EgsReport.xrReports - strID: lblID | strFilter3: Code = 56601
2025-02-26 09:48:56,561 [5] INFO  CalcmenuAPI.CalcmenuAPI.PrinterController - FolderPath: C:\Data\COOP\RecipeStandardPrint\Export_133850080980019494.pdf
2025-02-26 09:48:56,563 [5] INFO  CalcmenuAPI.CalcmenuAPI.PrinterController - FolderURL: http://localhost:6735//Export_133850080980019494.pdf
2025-02-26 09:49:31,377 [5] INFO  CalcmenuAPI.CalcmenuAPI.PrinterController - standardPrinting started
2025-02-26 09:49:31,570 [5] INFO  EgsReport.clsReport - CreateReport_Test
2025-02-26 09:49:31,571 [5] INFO  EgsReport.clsReport - 1
2025-02-26 09:49:31,758 [5] INFO  EgsReport.clsReport - 2
2025-02-26 09:49:48,331 [5] INFO  EgsReport.xrReports - StrCode: 56601 | CodeUser: 1 | CodePrintList: 562581 | strCodeParent: lblID | strCodeMain: lblID
2025-02-26 09:49:48,332 [5] INFO  EgsReport.xrReports - strID: lblID | strFilter3: Code = 56601
2025-02-26 09:50:28,844 [5] INFO  CalcmenuAPI.CalcmenuAPI.PrinterController - FolderPath: C:\Data\COOP\RecipeStandardPrint\Export_133850081715707771.pdf
2025-02-26 09:50:28,844 [5] INFO  CalcmenuAPI.CalcmenuAPI.PrinterController - FolderURL: http://localhost:6735//Export_133850081715707771.pdf
2025-02-26 09:51:19,518 [5] INFO  CalcmenuAPI.CalcmenuAPI.PrinterController - standardPrinting started
2025-02-26 09:51:19,747 [5] INFO  EgsReport.clsReport - CreateReport_Test
2025-02-26 09:51:19,748 [5] INFO  EgsReport.clsReport - 1
2025-02-26 09:51:19,936 [5] INFO  EgsReport.clsReport - 2
2025-02-26 09:51:36,628 [5] INFO  EgsReport.xrReports - StrCode: 56601 | CodeUser: 1 | CodePrintList: 562581 | strCodeParent: lblID | strCodeMain: lblID
2025-02-26 09:51:36,629 [5] INFO  EgsReport.xrReports - strID: lblID | strFilter3: Code = 56601
2025-02-26 09:52:01,999 [5] INFO  CalcmenuAPI.CalcmenuAPI.PrinterController - FolderPath: C:\Data\COOP\RecipeStandardPrint\Export_133850082797473457.pdf
2025-02-26 09:52:02,001 [5] INFO  CalcmenuAPI.CalcmenuAPI.PrinterController - FolderURL: http://localhost:6735//Export_133850082797473457.pdf
2025-02-26 09:56:08,428 [5] INFO  CalcmenuAPI.CalcmenuAPI.PrinterController - standardPrinting started
2025-02-26 09:56:09,728 [5] INFO  EgsReport.clsReport - CreateReport_Test
2025-02-26 09:56:09,729 [5] INFO  EgsReport.clsReport - 1
2025-02-26 09:56:09,919 [5] INFO  EgsReport.clsReport - 2
2025-02-26 09:56:26,935 [5] INFO  EgsReport.xrReports - StrCode: 56601 | CodeUser: 1 | CodePrintList: 562581 | strCodeParent: lblID | strCodeMain: lblID
2025-02-26 09:56:26,936 [5] INFO  EgsReport.xrReports - strID: lblID | strFilter3: Code = 56601
2025-02-26 09:56:36,805 [5] INFO  CalcmenuAPI.CalcmenuAPI.PrinterController - FolderPath: C:\Data\COOP\RecipeStandardPrint\Export_133850085697286283.pdf
2025-02-26 09:56:36,805 [5] INFO  CalcmenuAPI.CalcmenuAPI.PrinterController - FolderURL: http://localhost:6735//Export_133850085697286283.pdf
2025-02-26 09:57:24,906 [6] INFO  CalcmenuAPI.CalcmenuAPI.PrinterController - standardPrinting started
2025-02-26 09:57:25,095 [6] INFO  EgsReport.clsReport - CreateReport_Test
2025-02-26 09:57:25,096 [6] INFO  EgsReport.clsReport - 1
2025-02-26 09:57:25,285 [6] INFO  EgsReport.clsReport - 2
2025-02-26 09:57:42,036 [6] INFO  EgsReport.xrReports - StrCode: 56601 | CodeUser: 1 | CodePrintList: 562581 | strCodeParent: lblID | strCodeMain: lblID
2025-02-26 09:57:42,037 [6] INFO  EgsReport.xrReports - strID: lblID | strFilter3: Code = 56601
2025-02-26 09:57:58,577 [6] INFO  CalcmenuAPI.CalcmenuAPI.PrinterController - FolderPath: C:\Data\COOP\RecipeStandardPrint\Export_133850086450955766.pdf
2025-02-26 09:57:58,577 [6] INFO  CalcmenuAPI.CalcmenuAPI.PrinterController - FolderURL: http://localhost:6735//Export_133850086450955766.pdf
2025-02-26 09:58:42,574 [5] INFO  CalcmenuAPI.CalcmenuAPI.PrinterController - standardPrinting started
2025-02-26 09:58:42,778 [5] INFO  EgsReport.clsReport - CreateReport_Test
2025-02-26 09:58:42,778 [5] INFO  EgsReport.clsReport - 1
2025-02-26 09:58:42,967 [5] INFO  EgsReport.clsReport - 2
2025-02-26 09:58:59,524 [5] INFO  EgsReport.xrReports - StrCode: 56601 | CodeUser: 1 | CodePrintList: 562581 | strCodeParent: lblID | strCodeMain: lblID
2025-02-26 09:58:59,525 [5] INFO  EgsReport.xrReports - strID: lblID | strFilter3: Code = 56601
2025-02-26 09:59:00,980 [5] INFO  CalcmenuAPI.CalcmenuAPI.PrinterController - FolderPath: C:\Data\COOP\RecipeStandardPrint\Export_133850087227787099.pdf
2025-02-26 09:59:00,981 [5] INFO  CalcmenuAPI.CalcmenuAPI.PrinterController - FolderURL: http://localhost:6735//Export_133850087227787099.pdf
2025-02-26 10:10:21,837 [26] INFO  CalcmenuAPI.CalcmenuAPI.PrinterController - standardPrinting started
2025-02-26 10:10:23,094 [26] INFO  EgsReport.clsReport - CreateReport_Test
2025-02-26 10:10:23,094 [26] INFO  EgsReport.clsReport - 1
2025-02-26 10:10:23,284 [26] INFO  EgsReport.clsReport - 2
2025-02-26 10:10:40,733 [26] INFO  CalcmenuAPI.CalcmenuAPI.PrinterController - FolderPath: C:\Data\COOP\RecipeStandardPrint\Export_133850094230944891.pdf
2025-02-26 10:10:40,734 [26] INFO  CalcmenuAPI.CalcmenuAPI.PrinterController - FolderURL: http://localhost:6735//Export_133850094230944891.pdf
2025-02-26 11:56:15,744 [1] INFO  CalcmenuAPI.Global_asax - CalcmenuAPI was started
2025-02-26 11:56:19,741 [8] INFO  CalcmenuAPI.CalcmenuAPI.PrinterController - standardPrinting started
2025-02-26 11:56:19,744 [9] INFO  CalcmenuAPI.CalcmenuAPI.PrinterController - standardPrinting started
2025-02-26 11:56:21,151 [8] INFO  EgsReport.clsReport - CreateReport_Test
2025-02-26 11:56:21,153 [8] INFO  EgsReport.clsReport - 1
2025-02-26 11:56:21,585 [8] INFO  EgsReport.clsReport - 2
2025-02-26 11:56:22,050 [9] INFO  EgsReport.clsReport - CreateReport_Test
2025-02-26 11:56:22,051 [9] INFO  EgsReport.clsReport - 1
2025-02-26 11:56:22,247 [9] INFO  EgsReport.clsReport - 2
2025-02-26 11:56:39,512 [8] INFO  CalcmenuAPI.CalcmenuAPI.PrinterController - FolderPath: C:\Data\COOP\RecipeStandardPrint\Export_133850157811247792.pdf
2025-02-26 11:56:39,513 [8] INFO  CalcmenuAPI.CalcmenuAPI.PrinterController - FolderURL: http://localhost:6735//Export_133850157811247792.pdf
2025-02-26 11:56:40,141 [9] INFO  CalcmenuAPI.CalcmenuAPI.PrinterController - FolderPath: C:\Data\COOP\RecipeStandardPrint\Export_133850157820509886.pdf
2025-02-26 11:56:40,141 [9] INFO  CalcmenuAPI.CalcmenuAPI.PrinterController - FolderURL: http://localhost:6735//Export_133850157820509886.pdf
2025-02-26 12:22:27,875 [19] INFO  CalcmenuAPI.CalcmenuAPI.PrinterController - standardPrinting started
2025-02-26 12:22:29,165 [19] INFO  EgsReport.clsReport - CreateReport_Test
2025-02-26 12:22:29,166 [19] INFO  EgsReport.clsReport - 1
2025-02-26 12:22:29,362 [19] INFO  EgsReport.clsReport - 2
2025-02-26 12:22:45,968 [19] INFO  CalcmenuAPI.CalcmenuAPI.PrinterController - FolderPath: C:\Data\COOP\RecipeStandardPrint\Export_133850173491656283.pdf
2025-02-26 12:22:45,969 [19] INFO  CalcmenuAPI.CalcmenuAPI.PrinterController - FolderURL: http://localhost:6735//Export_133850173491656283.pdf
2025-02-26 12:23:23,227 [6] INFO  CalcmenuAPI.CalcmenuAPI.PrinterController - standardPrinting started
2025-02-26 12:23:23,416 [6] INFO  EgsReport.clsReport - CreateReport_Test
2025-02-26 12:23:23,416 [6] INFO  EgsReport.clsReport - 1
2025-02-26 12:23:23,605 [6] INFO  EgsReport.clsReport - 2
2025-02-26 12:23:40,517 [6] INFO  CalcmenuAPI.CalcmenuAPI.PrinterController - FolderPath: C:\Data\COOP\RecipeStandardPrint\Export_133850174034169745.pdf
2025-02-26 12:23:40,518 [6] INFO  CalcmenuAPI.CalcmenuAPI.PrinterController - FolderURL: http://localhost:6735//Export_133850174034169745.pdf
2025-02-26 12:29:44,951 [19] INFO  CalcmenuAPI.CalcmenuAPI.PrinterController - standardPrinting started
2025-02-26 12:29:45,144 [19] INFO  EgsReport.clsReport - CreateReport_Test
2025-02-26 12:29:45,145 [19] INFO  EgsReport.clsReport - 1
2025-02-26 12:29:45,366 [19] INFO  EgsReport.clsReport - 2
2025-02-26 12:32:12,339 [19] INFO  CalcmenuAPI.CalcmenuAPI.PrinterController - FolderPath: C:\Data\COOP\RecipeStandardPrint\Export_133850177851446950.pdf
2025-02-26 12:32:12,339 [19] INFO  CalcmenuAPI.CalcmenuAPI.PrinterController - FolderURL: http://localhost:6735//Export_133850177851446950.pdf
2025-02-26 12:32:49,726 [35] INFO  CalcmenuAPI.CalcmenuAPI.PrinterController - standardPrinting started
2025-02-26 12:32:49,914 [35] INFO  EgsReport.clsReport - CreateReport_Test
2025-02-26 12:32:49,915 [35] INFO  EgsReport.clsReport - 1
2025-02-26 12:32:50,104 [35] INFO  EgsReport.clsReport - 2
2025-02-26 12:38:06,730 [35] INFO  CalcmenuAPI.CalcmenuAPI.PrinterController - FolderPath: C:\Data\COOP\RecipeStandardPrint\Export_133850179699146343.pdf
2025-02-26 12:38:06,730 [35] INFO  CalcmenuAPI.CalcmenuAPI.PrinterController - FolderURL: http://localhost:6735//Export_133850179699146343.pdf
2025-02-26 12:42:27,847 [35] INFO  CalcmenuAPI.CalcmenuAPI.PrinterController - standardPrinting started
2025-02-26 12:42:30,047 [35] INFO  EgsReport.clsReport - CreateReport_Test
2025-02-26 12:42:30,047 [35] INFO  EgsReport.clsReport - 1
2025-02-26 12:42:30,235 [35] INFO  EgsReport.clsReport - 2
2025-02-26 12:54:57,044 [35] INFO  CalcmenuAPI.CalcmenuAPI.PrinterController - FolderPath: C:\Data\COOP\RecipeStandardPrint\Export_133850185500471420.pdf
2025-02-26 12:54:57,044 [35] INFO  CalcmenuAPI.CalcmenuAPI.PrinterController - FolderURL: http://localhost:6735//Export_133850185500471420.pdf
2025-02-26 12:55:34,283 [35] INFO  CalcmenuAPI.CalcmenuAPI.PrinterController - standardPrinting started
2025-02-26 12:55:34,469 [35] INFO  EgsReport.clsReport - CreateReport_Test
2025-02-26 12:55:34,471 [35] INFO  EgsReport.clsReport - 1
2025-02-26 12:55:34,660 [35] INFO  EgsReport.clsReport - 2
2025-02-26 12:57:27,224 [35] INFO  CalcmenuAPI.CalcmenuAPI.PrinterController - FolderPath: C:\Data\COOP\RecipeStandardPrint\Export_133850193344699687.pdf
2025-02-26 12:57:27,226 [35] INFO  CalcmenuAPI.CalcmenuAPI.PrinterController - FolderURL: http://localhost:6735//Export_133850193344699687.pdf
2025-02-26 12:57:47,652 [19] INFO  CalcmenuAPI.CalcmenuAPI.PrinterController - standardPrinting started
2025-02-26 12:57:47,839 [19] INFO  EgsReport.clsReport - CreateReport_Test
2025-02-26 12:57:47,840 [19] INFO  EgsReport.clsReport - 1
2025-02-26 12:57:48,029 [19] INFO  EgsReport.clsReport - 2
2025-02-26 12:58:20,027 [19] INFO  CalcmenuAPI.CalcmenuAPI.PrinterController - FolderPath: C:\Data\COOP\RecipeStandardPrint\Export_133850194678390255.pdf
2025-02-26 12:58:20,028 [19] INFO  CalcmenuAPI.CalcmenuAPI.PrinterController - FolderURL: http://localhost:6735//Export_133850194678390255.pdf
2025-02-26 12:59:35,926 [70] INFO  CalcmenuAPI.CalcmenuAPI.PrinterController - standardPrinting started
2025-02-26 12:59:36,114 [70] INFO  EgsReport.clsReport - CreateReport_Test
2025-02-26 12:59:36,115 [70] INFO  EgsReport.clsReport - 1
2025-02-26 12:59:36,304 [70] INFO  EgsReport.clsReport - 2
2025-02-26 13:00:22,877 [70] INFO  CalcmenuAPI.CalcmenuAPI.PrinterController - FolderPath: C:\Data\COOP\RecipeStandardPrint\Export_133850195761144989.pdf
2025-02-26 13:00:22,877 [70] INFO  CalcmenuAPI.CalcmenuAPI.PrinterController - FolderURL: http://localhost:6735//Export_133850195761144989.pdf
2025-02-26 13:00:46,292 [19] INFO  CalcmenuAPI.CalcmenuAPI.PrinterController - standardPrinting started
2025-02-26 13:00:46,488 [19] INFO  EgsReport.clsReport - CreateReport_Test
2025-02-26 13:00:46,488 [19] INFO  EgsReport.clsReport - 1
2025-02-26 13:00:46,688 [19] INFO  EgsReport.clsReport - 2
2025-02-26 13:01:24,483 [19] INFO  CalcmenuAPI.CalcmenuAPI.PrinterController - FolderPath: C:\Data\COOP\RecipeStandardPrint\Export_133850196464880355.pdf
2025-02-26 13:01:24,484 [19] INFO  CalcmenuAPI.CalcmenuAPI.PrinterController - FolderURL: http://localhost:6735//Export_133850196464880355.pdf
2025-02-26 13:02:00,476 [19] INFO  CalcmenuAPI.CalcmenuAPI.PrinterController - standardPrinting started
2025-02-26 13:02:00,668 [19] INFO  EgsReport.clsReport - CreateReport_Test
2025-02-26 13:02:00,669 [19] INFO  EgsReport.clsReport - 1
2025-02-26 13:02:00,862 [19] INFO  EgsReport.clsReport - 2
2025-02-26 13:02:40,556 [19] INFO  CalcmenuAPI.CalcmenuAPI.PrinterController - FolderPath: C:\Data\COOP\RecipeStandardPrint\Export_133850197206686089.pdf
2025-02-26 13:02:40,557 [19] INFO  CalcmenuAPI.CalcmenuAPI.PrinterController - FolderURL: http://localhost:6735//Export_133850197206686089.pdf
2025-02-26 13:03:29,186 [19] INFO  CalcmenuAPI.CalcmenuAPI.PrinterController - standardPrinting started
2025-02-26 13:03:29,374 [19] INFO  EgsReport.clsReport - CreateReport_Test
2025-02-26 13:03:29,375 [19] INFO  EgsReport.clsReport - 1
2025-02-26 13:03:29,571 [19] INFO  EgsReport.clsReport - 2
2025-02-26 13:04:07,850 [19] INFO  CalcmenuAPI.CalcmenuAPI.PrinterController - FolderPath: C:\Data\COOP\RecipeStandardPrint\Export_133850198093745461.pdf
2025-02-26 13:04:07,851 [19] INFO  CalcmenuAPI.CalcmenuAPI.PrinterController - FolderURL: http://localhost:6735//Export_133850198093745461.pdf
2025-02-26 13:04:29,719 [19] INFO  CalcmenuAPI.CalcmenuAPI.PrinterController - standardPrinting started
2025-02-26 13:04:30,095 [19] INFO  EgsReport.clsReport - CreateReport_Test
2025-02-26 13:04:30,096 [19] INFO  EgsReport.clsReport - 1
2025-02-26 13:04:30,286 [19] INFO  EgsReport.clsReport - 2
2025-02-26 13:05:31,202 [19] INFO  CalcmenuAPI.CalcmenuAPI.PrinterController - FolderPath: C:\Data\COOP\RecipeStandardPrint\Export_133850198700958034.pdf
2025-02-26 13:05:31,202 [19] INFO  CalcmenuAPI.CalcmenuAPI.PrinterController - FolderURL: http://localhost:6735//Export_133850198700958034.pdf
2025-02-26 13:06:14,325 [68] INFO  CalcmenuAPI.CalcmenuAPI.PrinterController - standardPrinting started
2025-02-26 13:06:14,513 [68] INFO  EgsReport.clsReport - CreateReport_Test
2025-02-26 13:06:14,513 [68] INFO  EgsReport.clsReport - 1
2025-02-26 13:06:14,703 [68] INFO  EgsReport.clsReport - 2
2025-02-26 13:06:40,352 [68] INFO  CalcmenuAPI.CalcmenuAPI.PrinterController - FolderPath: C:\Data\COOP\RecipeStandardPrint\Export_133850199745130594.pdf
2025-02-26 13:06:40,352 [68] INFO  CalcmenuAPI.CalcmenuAPI.PrinterController - FolderURL: http://localhost:6735//Export_133850199745130594.pdf
2025-02-26 13:07:33,024 [19] INFO  CalcmenuAPI.CalcmenuAPI.PrinterController - standardPrinting started
2025-02-26 13:07:33,215 [19] INFO  EgsReport.clsReport - CreateReport_Test
2025-02-26 13:07:33,215 [19] INFO  EgsReport.clsReport - 1
2025-02-26 13:07:33,405 [19] INFO  EgsReport.clsReport - 2
2025-02-26 13:08:15,752 [19] INFO  CalcmenuAPI.CalcmenuAPI.PrinterController - FolderPath: C:\Data\COOP\RecipeStandardPrint\Export_133850200532154945.pdf
2025-02-26 13:08:15,753 [19] INFO  CalcmenuAPI.CalcmenuAPI.PrinterController - FolderURL: http://localhost:6735//Export_133850200532154945.pdf
