2025-07-21 18:37:55,674 [1] INFO  CalcmenuAPI.Global_asax - CalcmenuAPI was started
2025-07-21 18:37:56,044 [5] INFO  CalcmenuAPI.CalcmenuAPI.PrinterController - standardPrinting started
2025-07-21 18:38:00,722 [5] INFO  EgsReport.clsReport - CreateReport_Test
2025-07-21 18:38:00,723 [5] INFO  EgsReport.clsReport - 1
2025-07-21 18:38:01,006 [5] INFO  EgsReport.clsReport - 2
2025-07-21 18:38:17,976 [5] INFO  EgsReport.xrReports - StrCode: 54879 | CodeUser: 1 | CodePrintList: 612764 | strCodeParent:  | strCodeMain: 54879
2025-07-21 18:38:17,977 [5] INFO  EgsReport.xrReports - strID: 4727099 | strFilter3: Code = 54879 AND CodeListeParent IS NULL AND CodeListeMain = 54879
2025-07-21 18:38:22,109 [5] INFO  EgsReport.xrReports - StrCode: 54458 | CodeUser: 1 | CodePrintList: 612764 | strCodeParent: 54879 | strCodeMain: 54879
2025-07-21 18:38:22,109 [5] INFO  EgsReport.xrReports - strID: 4727098 | strFilter3: Code = 54458 AND CodeListeParent = 54879 AND CodeListeMain = 54879 AND ID = 4727098
2025-07-21 18:38:26,078 [5] INFO  CalcmenuAPI.CalcmenuAPI.PrinterController - FolderPath: C:\Data\COOP\RecipeStandardPrint\Export_133975678807129884.pdf
2025-07-21 18:38:26,079 [5] INFO  CalcmenuAPI.CalcmenuAPI.PrinterController - FolderURL: http://localhost:6735//Export_133975678807129884.pdf
2025-07-21 18:40:06,173 [15] INFO  CalcmenuAPI.CalcmenuAPI.PrinterController - standardPrinting started
2025-07-21 18:40:09,096 [15] INFO  EgsReport.clsReport - CreateReport_Test
2025-07-21 18:40:09,096 [15] INFO  EgsReport.clsReport - 1
2025-07-21 18:40:09,288 [15] INFO  EgsReport.clsReport - 2
2025-07-21 18:40:26,150 [15] INFO  EgsReport.xrReports - StrCode: 48890 | CodeUser: 1 | CodePrintList: 610703 | strCodeParent:  | strCodeMain: 48890
2025-07-21 18:40:26,152 [15] INFO  EgsReport.xrReports - strID: 4710741 | strFilter3: Code = 48890 AND CodeListeParent IS NULL AND CodeListeMain = 48890
2025-07-21 18:40:29,894 [15] INFO  EgsReport.xrReports - StrCode: 49208 | CodeUser: 1 | CodePrintList: 610703 | strCodeParent:  | strCodeMain: 49208
2025-07-21 18:40:29,894 [15] INFO  EgsReport.xrReports - strID: 4710742 | strFilter3: Code = 49208 AND CodeListeParent IS NULL AND CodeListeMain = 49208
2025-07-21 18:40:34,324 [15] INFO  EgsReport.xrReports - StrCode: 53297 | CodeUser: 1 | CodePrintList: 610703 | strCodeParent:  | strCodeMain: 53297
2025-07-21 18:40:34,324 [15] INFO  EgsReport.xrReports - strID: 4710743 | strFilter3: Code = 53297 AND CodeListeParent IS NULL AND CodeListeMain = 53297
2025-07-21 18:40:38,905 [15] INFO  EgsReport.xrReports - StrCode: 54182 | CodeUser: 1 | CodePrintList: 610703 | strCodeParent:  | strCodeMain: 54182
2025-07-21 18:40:38,906 [15] INFO  EgsReport.xrReports - strID: 4710744 | strFilter3: Code = 54182 AND CodeListeParent IS NULL AND CodeListeMain = 54182
2025-07-21 18:40:43,507 [15] INFO  EgsReport.xrReports - StrCode: 55392 | CodeUser: 1 | CodePrintList: 610703 | strCodeParent:  | strCodeMain: 55392
2025-07-21 18:40:43,507 [15] INFO  EgsReport.xrReports - strID: 4710746 | strFilter3: Code = 55392 AND CodeListeParent IS NULL AND CodeListeMain = 55392
2025-07-21 18:40:47,086 [15] INFO  EgsReport.xrReports - StrCode: 55389 | CodeUser: 1 | CodePrintList: 610703 | strCodeParent: 55392 | strCodeMain: 55392
2025-07-21 18:40:47,087 [15] INFO  EgsReport.xrReports - strID: 4710745 | strFilter3: Code = 55389 AND CodeListeParent = 55392 AND CodeListeMain = 55392 AND ID = 4710745
2025-07-21 18:40:51,401 [15] INFO  EgsReport.xrReports - StrCode: 56487 | CodeUser: 1 | CodePrintList: 610703 | strCodeParent:  | strCodeMain: 56487
2025-07-21 18:40:51,402 [15] INFO  EgsReport.xrReports - strID: 4710747 | strFilter3: Code = 56487 AND CodeListeParent IS NULL AND CodeListeMain = 56487
2025-07-21 18:40:52,974 [15] INFO  EgsReport.xrReports - StrCode: 56611 | CodeUser: 1 | CodePrintList: 610703 | strCodeParent:  | strCodeMain: 56611
2025-07-21 18:40:52,975 [15] INFO  EgsReport.xrReports - strID: 4710748 | strFilter3: Code = 56611 AND CodeListeParent IS NULL AND CodeListeMain = 56611
2025-07-21 18:40:54,594 [15] INFO  EgsReport.xrReports - StrCode: 59242 | CodeUser: 1 | CodePrintList: 610703 | strCodeParent:  | strCodeMain: 59242
2025-07-21 18:40:54,594 [15] INFO  EgsReport.xrReports - strID: 4710749 | strFilter3: Code = 59242 AND CodeListeParent IS NULL AND CodeListeMain = 59242
2025-07-21 18:40:56,184 [15] INFO  EgsReport.xrReports - StrCode: 60271 | CodeUser: 1 | CodePrintList: 610703 | strCodeParent:  | strCodeMain: 60271
2025-07-21 18:40:56,184 [15] INFO  EgsReport.xrReports - strID: 4710750 | strFilter3: Code = 60271 AND CodeListeParent IS NULL AND CodeListeMain = 60271
2025-07-21 18:40:57,795 [15] INFO  EgsReport.xrReports - StrCode: 60272 | CodeUser: 1 | CodePrintList: 610703 | strCodeParent:  | strCodeMain: 60272
2025-07-21 18:40:57,796 [15] INFO  EgsReport.xrReports - strID: 4710751 | strFilter3: Code = 60272 AND CodeListeParent IS NULL AND CodeListeMain = 60272
2025-07-21 18:40:59,377 [15] INFO  EgsReport.xrReports - StrCode: 61385 | CodeUser: 1 | CodePrintList: 610703 | strCodeParent:  | strCodeMain: 61385
2025-07-21 18:40:59,378 [15] INFO  EgsReport.xrReports - strID: 4710752 | strFilter3: Code = 61385 AND CodeListeParent IS NULL AND CodeListeMain = 61385
2025-07-21 18:41:01,862 [15] INFO  CalcmenuAPI.CalcmenuAPI.PrinterController - FolderPath: C:\Data\COOP\RecipeStandardPrint\Export_133975680090951985.pdf
2025-07-21 18:41:01,863 [15] INFO  CalcmenuAPI.CalcmenuAPI.PrinterController - FolderURL: http://localhost:6735//Export_133975680090951985.pdf
2025-07-21 18:44:41,515 [5] INFO  CalcmenuAPI.CalcmenuAPI.PrinterController - standardPrinting started
2025-07-21 18:44:43,670 [5] INFO  EgsReport.clsReport - CreateReport_Test
2025-07-21 18:44:43,670 [5] INFO  EgsReport.clsReport - 1
2025-07-21 18:44:43,858 [5] INFO  EgsReport.clsReport - 2
2025-07-21 18:45:00,552 [5] INFO  EgsReport.xrReports - StrCode: 48890 | CodeUser: 1 | CodePrintList: 610703 | strCodeParent:  | strCodeMain: 48890
2025-07-21 18:45:00,552 [5] INFO  EgsReport.xrReports - strID: 4710741 | strFilter3: Code = 48890 AND CodeListeParent IS NULL AND CodeListeMain = 48890
2025-07-21 18:45:02,123 [5] INFO  EgsReport.xrReports - StrCode: 49208 | CodeUser: 1 | CodePrintList: 610703 | strCodeParent:  | strCodeMain: 49208
2025-07-21 18:45:02,123 [5] INFO  EgsReport.xrReports - strID: 4710742 | strFilter3: Code = 49208 AND CodeListeParent IS NULL AND CodeListeMain = 49208
2025-07-21 18:45:03,677 [5] INFO  EgsReport.xrReports - StrCode: 53297 | CodeUser: 1 | CodePrintList: 610703 | strCodeParent:  | strCodeMain: 53297
2025-07-21 18:45:03,680 [5] INFO  EgsReport.xrReports - strID: 4710743 | strFilter3: Code = 53297 AND CodeListeParent IS NULL AND CodeListeMain = 53297
2025-07-21 18:45:05,423 [5] INFO  EgsReport.xrReports - StrCode: 54182 | CodeUser: 1 | CodePrintList: 610703 | strCodeParent:  | strCodeMain: 54182
2025-07-21 18:45:05,424 [5] INFO  EgsReport.xrReports - strID: 4710744 | strFilter3: Code = 54182 AND CodeListeParent IS NULL AND CodeListeMain = 54182
2025-07-21 18:45:06,956 [5] INFO  EgsReport.xrReports - StrCode: 55392 | CodeUser: 1 | CodePrintList: 610703 | strCodeParent:  | strCodeMain: 55392
2025-07-21 18:45:06,957 [5] INFO  EgsReport.xrReports - strID: 4710746 | strFilter3: Code = 55392 AND CodeListeParent IS NULL AND CodeListeMain = 55392
2025-07-21 18:45:08,593 [5] INFO  EgsReport.xrReports - StrCode: 55389 | CodeUser: 1 | CodePrintList: 610703 | strCodeParent: 55392 | strCodeMain: 55392
2025-07-21 18:45:08,594 [5] INFO  EgsReport.xrReports - strID: 4710745 | strFilter3: Code = 55389 AND CodeListeParent = 55392 AND CodeListeMain = 55392 AND ID = 4710745
2025-07-21 18:45:10,125 [5] INFO  EgsReport.xrReports - StrCode: 56487 | CodeUser: 1 | CodePrintList: 610703 | strCodeParent:  | strCodeMain: 56487
2025-07-21 18:45:10,126 [5] INFO  EgsReport.xrReports - strID: 4710747 | strFilter3: Code = 56487 AND CodeListeParent IS NULL AND CodeListeMain = 56487
2025-07-21 18:45:13,608 [5] INFO  EgsReport.xrReports - StrCode: 56611 | CodeUser: 1 | CodePrintList: 610703 | strCodeParent:  | strCodeMain: 56611
2025-07-21 18:45:13,608 [5] INFO  EgsReport.xrReports - strID: 4710748 | strFilter3: Code = 56611 AND CodeListeParent IS NULL AND CodeListeMain = 56611
2025-07-21 18:45:17,232 [5] INFO  EgsReport.xrReports - StrCode: 59242 | CodeUser: 1 | CodePrintList: 610703 | strCodeParent:  | strCodeMain: 59242
2025-07-21 18:45:17,232 [5] INFO  EgsReport.xrReports - strID: 4710749 | strFilter3: Code = 59242 AND CodeListeParent IS NULL AND CodeListeMain = 59242
2025-07-21 18:45:21,671 [5] INFO  EgsReport.xrReports - StrCode: 60271 | CodeUser: 1 | CodePrintList: 610703 | strCodeParent:  | strCodeMain: 60271
2025-07-21 18:45:21,672 [5] INFO  EgsReport.xrReports - strID: 4710750 | strFilter3: Code = 60271 AND CodeListeParent IS NULL AND CodeListeMain = 60271
2025-07-21 18:45:25,160 [5] INFO  EgsReport.xrReports - StrCode: 60272 | CodeUser: 1 | CodePrintList: 610703 | strCodeParent:  | strCodeMain: 60272
2025-07-21 18:45:25,160 [5] INFO  EgsReport.xrReports - strID: 4710751 | strFilter3: Code = 60272 AND CodeListeParent IS NULL AND CodeListeMain = 60272
2025-07-21 18:45:28,642 [5] INFO  EgsReport.xrReports - StrCode: 61385 | CodeUser: 1 | CodePrintList: 610703 | strCodeParent:  | strCodeMain: 61385
2025-07-21 18:45:28,642 [5] INFO  EgsReport.xrReports - strID: 4710752 | strFilter3: Code = 61385 AND CodeListeParent IS NULL AND CodeListeMain = 61385
2025-07-21 18:45:32,907 [5] INFO  CalcmenuAPI.CalcmenuAPI.PrinterController - FolderPath: C:\Data\COOP\RecipeStandardPrint\Export_133975682836702035.pdf
2025-07-21 18:45:32,908 [5] INFO  CalcmenuAPI.CalcmenuAPI.PrinterController - FolderURL: http://localhost:6735//Export_133975682836702035.pdf
