2025-03-25 21:01:21,068 [1] INFO  CalcmenuAPI.Global_asax - CalcmenuAPI was started
2025-03-25 21:01:22,435 [8] INFO  CalcmenuAPI.CalcmenuAPI.PrinterController - standardPrinting started
2025-03-25 21:01:23,848 [8] INFO  EgsReport.clsReport - CreateReport_Test
2025-03-25 21:01:23,850 [8] INFO  EgsReport.clsReport - 1
2025-03-25 21:01:24,142 [8] INFO  EgsReport.clsReport - 2
2025-03-25 21:01:42,781 [8] INFO  CalcmenuAPI.CalcmenuAPI.PrinterController - FolderPath: C:\Data\COOP\RecipeStandardPrint\Export_133873812838357911.pdf
2025-03-25 21:01:42,782 [8] INFO  CalcmenuAPI.CalcmenuAPI.PrinterController - FolderURL: http://localhost:6735//Export_133873812838357911.pdf
2025-03-25 21:07:11,552 [9] INFO  CalcmenuAPI.CalcmenuAPI.PrinterController - standardPrinting started
2025-03-25 21:07:11,735 [9] INFO  EgsReport.clsReport - CreateReport_Test
2025-03-25 21:07:11,736 [9] INFO  EgsReport.clsReport - 1
2025-03-25 21:07:11,921 [9] INFO  EgsReport.clsReport - 2
2025-03-25 21:09:18,221 [9] INFO  CalcmenuAPI.CalcmenuAPI.PrinterController - FolderPath: C:\Data\COOP\RecipeStandardPrint\Export_133873816317358903.pdf
2025-03-25 21:09:18,221 [9] INFO  CalcmenuAPI.CalcmenuAPI.PrinterController - FolderURL: http://localhost:6735//Export_133873816317358903.pdf
2025-03-25 21:09:24,103 [20] INFO  CalcmenuAPI.CalcmenuAPI.PrinterController - standardPrinting started
2025-03-25 21:09:24,288 [20] INFO  EgsReport.clsReport - CreateReport_Test
2025-03-25 21:09:24,288 [20] INFO  EgsReport.clsReport - 1
2025-03-25 21:09:24,475 [20] INFO  EgsReport.clsReport - 2
2025-03-25 21:09:57,307 [20] INFO  CalcmenuAPI.CalcmenuAPI.PrinterController - FolderPath: C:\Data\COOP\RecipeStandardPrint\Export_133873817642887617.pdf
2025-03-25 21:09:57,307 [20] INFO  CalcmenuAPI.CalcmenuAPI.PrinterController - FolderURL: http://localhost:6735//Export_133873817642887617.pdf
2025-03-25 21:11:23,124 [18] INFO  CalcmenuAPI.CalcmenuAPI.PrinterController - standardPrinting started
2025-03-25 21:11:23,309 [18] INFO  EgsReport.clsReport - CreateReport_Test
2025-03-25 21:11:23,309 [18] INFO  EgsReport.clsReport - 1
2025-03-25 21:11:23,501 [18] INFO  EgsReport.clsReport - 2
2025-03-25 21:11:41,719 [18] INFO  CalcmenuAPI.CalcmenuAPI.PrinterController - FolderPath: C:\Data\COOP\RecipeStandardPrint\Export_133873818833093228.pdf
2025-03-25 21:11:41,720 [18] INFO  CalcmenuAPI.CalcmenuAPI.PrinterController - FolderURL: http://localhost:6735//Export_133873818833093228.pdf
2025-03-25 21:13:29,006 [18] INFO  CalcmenuAPI.CalcmenuAPI.PrinterController - standardPrinting started
2025-03-25 21:13:29,190 [18] INFO  EgsReport.clsReport - CreateReport_Test
2025-03-25 21:13:29,191 [18] INFO  EgsReport.clsReport - 1
2025-03-25 21:13:29,376 [18] INFO  EgsReport.clsReport - 2
2025-03-25 21:13:47,637 [18] INFO  CalcmenuAPI.CalcmenuAPI.PrinterController - FolderPath: C:\Data\COOP\RecipeStandardPrint\Export_133873820091905354.pdf
2025-03-25 21:13:47,638 [18] INFO  CalcmenuAPI.CalcmenuAPI.PrinterController - FolderURL: http://localhost:6735//Export_133873820091905354.pdf
2025-03-25 23:04:44,509 [1] INFO  CalcmenuAPI.Global_asax - CalcmenuAPI was started
2025-03-25 23:04:45,514 [5] INFO  CalcmenuAPI.CalcmenuAPI.PrinterController - standardPrinting started
2025-03-25 23:04:46,743 [5] INFO  EgsReport.clsReport - CreateReport_Test
2025-03-25 23:04:46,746 [5] INFO  EgsReport.clsReport - 1
2025-03-25 23:04:47,054 [5] INFO  EgsReport.clsReport - 2
2025-03-25 23:05:05,332 [5] INFO  CalcmenuAPI.CalcmenuAPI.PrinterController - N1 is neither a DataColumn nor a DataRelation for table Table1.
2025-03-25 23:08:28,571 [21] INFO  CalcmenuAPI.Global_asax - CalcmenuAPI was started
2025-03-25 23:08:29,276 [5] INFO  CalcmenuAPI.CalcmenuAPI.PrinterController - standardPrinting started
2025-03-25 23:08:30,427 [5] INFO  EgsReport.clsReport - CreateReport_Test
2025-03-25 23:08:30,429 [5] INFO  EgsReport.clsReport - 1
2025-03-25 23:08:30,642 [5] INFO  EgsReport.clsReport - 2
2025-03-25 23:08:49,157 [5] INFO  CalcmenuAPI.CalcmenuAPI.PrinterController - N1 is neither a DataColumn nor a DataRelation for table Table1.
2025-03-25 23:11:32,425 [5] INFO  CalcmenuAPI.CalcmenuAPI.PrinterController - standardPrinting started
2025-03-25 23:11:33,588 [5] INFO  EgsReport.clsReport - CreateReport_Test
2025-03-25 23:11:33,589 [5] INFO  EgsReport.clsReport - 1
2025-03-25 23:11:33,794 [5] INFO  EgsReport.clsReport - 2
2025-03-25 23:11:52,539 [5] INFO  CalcmenuAPI.CalcmenuAPI.PrinterController - FolderPath: C:\Data\COOP\RecipeStandardPrint\Export_133873890935884060.pdf
2025-03-25 23:11:52,539 [5] INFO  CalcmenuAPI.CalcmenuAPI.PrinterController - FolderURL: http://localhost:6735//Export_133873890935884060.pdf
2025-03-25 23:25:06,930 [12] INFO  CalcmenuAPI.CalcmenuAPI.PrinterController - standardPrinting started
2025-03-25 23:25:08,260 [12] INFO  EgsReport.clsReport - CreateReport_Test
2025-03-25 23:25:08,262 [12] INFO  EgsReport.clsReport - 1
2025-03-25 23:25:08,450 [12] INFO  EgsReport.clsReport - 2
2025-03-25 23:25:27,518 [12] INFO  CalcmenuAPI.CalcmenuAPI.PrinterController - FolderPath: C:\Data\COOP\RecipeStandardPrint\Export_133873899082609264.pdf
2025-03-25 23:25:27,519 [12] INFO  CalcmenuAPI.CalcmenuAPI.PrinterController - FolderURL: http://localhost:6735//Export_133873899082609264.pdf
