2025-12-01 17:15:04,937 [1] INFO  CalcmenuAPI.Global_asax - CalcmenuAPI was started
2025-12-01 17:15:08,144 [6] INFO  CalcmenuAPI.CalcmenuAPI.PrinterController - standardPrinting started
2025-12-01 17:15:09,699 [6] INFO  CalcmenuAPI.Common - Generated connection string: Data Source=139.135.145.139,1501;Initial Catalog=CMC_2025;Integrated Security=False;User ID=egs.seiko;Password=**** for CodeUser: 64039
2025-12-01 17:15:09,700 [6] INFO  CalcmenuAPI.Common - Debug is enabled using: Data source=WIN-38C5VTGNK0C\SQLEXPRESS2019;Initial Catalog=CMC_CRRSionQA;User ID=egs.seiko;Password=IuDYGlh10p9$QWTs9^iD for CodeUser: 64039
2025-12-01 17:15:09,731 [6] INFO  EgsReport.clsReport - CreateReport_CMC
2025-12-01 17:15:09,787 [6] INFO  CalcmenuAPI.CalcmenuAPI.PrinterController - Cannot find table 1.
2025-12-01 17:16:02,243 [6] INFO  CalcmenuAPI.CalcmenuAPI.PrinterController - standardPrinting started
2025-12-01 17:16:04,465 [6] INFO  CalcmenuAPI.Common - Generated connection string: Data Source=139.135.145.139,1501;Initial Catalog=CMC_2025;Integrated Security=False;User ID=egs.seiko;Password=**** for CodeUser: 64039
2025-12-01 17:16:04,465 [6] INFO  CalcmenuAPI.Common - Debug is enabled using: Data source=WIN-38C5VTGNK0C\SQLEXPRESS2019;Initial Catalog=CMC_CRRSionQA;User ID=egs.seiko;Password=IuDYGlh10p9$QWTs9^iD for CodeUser: 64039
2025-12-01 17:16:32,804 [6] INFO  EgsReport.clsReport - CreateReport_CMC
2025-12-01 17:16:32,862 [6] INFO  CalcmenuAPI.CalcmenuAPI.PrinterController - Cannot find table 1.
2025-12-01 17:16:56,740 [13] INFO  CalcmenuAPI.Global_asax - CalcmenuAPI was started
2025-12-01 17:16:57,015 [6] INFO  CalcmenuAPI.CalcmenuAPI.PrinterController - standardPrinting started
2025-12-01 17:17:00,237 [6] INFO  CalcmenuAPI.Common - Generated connection string: Data Source=139.135.145.139,1501;Initial Catalog=CMC_2025;Integrated Security=False;User ID=egs.seiko;Password=**** for CodeUser: 64039
2025-12-01 17:17:00,237 [6] INFO  CalcmenuAPI.Common - Debug is enabled using: Data source=WIN-38C5VTGNK0C\SQLEXPRESS2019;Initial Catalog=CMC_2025;User ID=egs.seiko;Password=IuDYGlh10p9$QWTs9^iD for CodeUser: 64039
2025-12-01 17:17:39,555 [6] INFO  EgsReport.clsReport - CreateReport_CMC
2025-12-01 17:17:40,489 [6] INFO  EgsReport.xrReports - StrCode: 87010 | CodeUser: 64039 | CodePrintList: 1332 | strCodeParent:  | strCodeMain: 87010
2025-12-01 17:17:40,491 [6] INFO  EgsReport.xrReports - strID: 2838 | strFilter3: Code = 87010 AND CodeListeParent IS NULL AND CodeListeMain = 87010
2025-12-01 17:32:30,221 [6] INFO  CalcmenuAPI.CalcmenuAPI.PrinterController - FolderPath: C:\App\CalcmenuAPI-v7.0.48_COOP_Gastro_CMC (2)\CalcmenuAPI-v7.0.48_COOP_Gastro_CMC\EgsReport\Report\Export_134090542595383821.pdf
2025-12-01 17:32:30,221 [6] INFO  CalcmenuAPI.CalcmenuAPI.PrinterController - FolderURL: http://localhost:6735//Export_134090542595383821.pdf
2025-12-01 21:38:06,387 [13] INFO  CalcmenuAPI.Global_asax - CalcmenuAPI was started
2025-12-01 21:38:07,326 [88] INFO  CalcmenuAPI.CalcmenuAPI.PrinterController - standardPrinting started
2025-12-01 21:38:35,205 [88] INFO  CalcmenuAPI.Common - Generated connection string: Data Source=139.135.145.139,1501;Initial Catalog=CMC_CRRSionQA;Integrated Security=False;User ID=egs.seiko;Password=**** for CodeUser: 63893
2025-12-01 21:38:35,206 [88] INFO  CalcmenuAPI.Common - Debug is enabled using: Data source=WIN-38C5VTGNK0C\SQLEXPRESS2019;Initial Catalog=CMC_2025;User ID=egs.seiko;Password=IuDYGlh10p9$QWTs9^iD for CodeUser: 63893
2025-12-01 21:38:35,553 [88] INFO  EgsReport.clsReport - CreateReport_CMC
2025-12-01 21:38:36,020 [88] INFO  EgsReport.xrReports - StrCode: 112874 | CodeUser: 63893 | CodePrintList: 189 | strCodeParent:  | strCodeMain: 112874
2025-12-01 21:38:36,021 [88] INFO  EgsReport.xrReports - strID: 1383 | strFilter3: Code = 112874 AND CodeListeParent IS NULL AND CodeListeMain = 112874
2025-12-01 21:38:46,455 [88] INFO  CalcmenuAPI.CalcmenuAPI.PrinterController - Column 'CoreCodeGroup' does not belong to table Table1.
2025-12-01 21:40:08,953 [40] INFO  CalcmenuAPI.Global_asax - CalcmenuAPI was started
2025-12-01 21:40:09,844 [88] INFO  CalcmenuAPI.CalcmenuAPI.PrinterController - standardPrinting started
2025-12-01 21:40:11,092 [88] INFO  CalcmenuAPI.Common - Generated connection string: Data Source=139.135.145.139,1501;Initial Catalog=CMC_CRRSionQA;Integrated Security=False;User ID=egs.seiko;Password=**** for CodeUser: 63893
2025-12-01 21:40:26,488 [88] INFO  CalcmenuAPI.CalcmenuAPI.PrinterController - A network-related or instance-specific error occurred while establishing a connection to SQL Server. The server was not found or was not accessible. Verify that the instance name is correct and that SQL Server is configured to allow remote connections. (provider: TCP Provider, error: 0 - The wait operation timed out.)
2025-12-01 21:40:44,938 [26] INFO  CalcmenuAPI.Global_asax - CalcmenuAPI was started
2025-12-01 21:40:45,238 [88] INFO  CalcmenuAPI.CalcmenuAPI.PrinterController - standardPrinting started
2025-12-01 21:40:46,500 [88] INFO  CalcmenuAPI.Common - Generated connection string: Data Source=139.135.145.139,1501;Initial Catalog=CMC_CRRSionQA;Integrated Security=False;User ID=egs.seiko;Password=**** for CodeUser: 63893
2025-12-01 21:40:46,501 [88] INFO  CalcmenuAPI.Common - Debug is enabled using: Data source=WIN-38C5VTGNK0C\SQLEXPRESS2019;Initial Catalog=CMC_CRRSionQA;User ID=egs.seiko;Password=IuDYGlh10p9$QWTs9^iD for CodeUser: 63893
2025-12-01 21:40:46,528 [88] INFO  EgsReport.clsReport - CreateReport_CMC
2025-12-01 21:40:47,018 [88] INFO  EgsReport.xrReports - StrCode: 180707 | CodeUser: 63893 | CodePrintList: 189 | strCodeParent: lblID | strCodeMain: lblID
2025-12-01 21:40:47,019 [88] INFO  EgsReport.xrReports - strID: lblID | strFilter3: Code = 180707
2025-12-01 21:40:47,798 [88] INFO  CalcmenuAPI.CalcmenuAPI.PrinterController - FolderPath: C:\App\CalcmenuAPI-v7.0.48_COOP_Gastro_CMC (2)\CalcmenuAPI-v7.0.48_COOP_Gastro_CMC\EgsReport\Report\Export_134090700465097459.pdf
2025-12-01 21:40:47,798 [88] INFO  CalcmenuAPI.CalcmenuAPI.PrinterController - FolderURL: http://localhost:6735//Export_134090700465097459.pdf
2025-12-01 21:42:49,334 [30] INFO  CalcmenuAPI.CalcmenuAPI.PrinterController - standardPrinting started
2025-12-01 21:42:49,622 [30] INFO  CalcmenuAPI.Common - Generated connection string: Data Source=139.135.145.139,1501;Initial Catalog=CMC_CRRSionQA;Integrated Security=False;User ID=egs.seiko;Password=**** for CodeUser: 63893
2025-12-01 21:42:49,622 [30] INFO  CalcmenuAPI.Common - Debug is enabled using: Data source=WIN-38C5VTGNK0C\SQLEXPRESS2019;Initial Catalog=CMC_CRRSionQA;User ID=egs.seiko;Password=IuDYGlh10p9$QWTs9^iD for CodeUser: 63893
2025-12-01 21:42:49,644 [30] INFO  EgsReport.clsReport - CreateReport_CMC
2025-12-01 21:42:49,686 [30] INFO  EgsReport.xrReports - StrCode: 180664 | CodeUser: 63893 | CodePrintList: 188 | strCodeParent:  | strCodeMain: 180664
2025-12-01 21:42:49,686 [30] INFO  EgsReport.xrReports - strID: 957 | strFilter3: Code = 180664 AND CodeListeParent IS NULL AND CodeListeMain = 180664
2025-12-01 21:42:49,967 [30] INFO  EgsReport.StandardDetail - PRINT PICTURE https://cmc-assets.calcmenu.com/images/CMC_CRRSionQA/R85XKA762EIKW8I6G79HZ9GQ5/picThumbnail/MEDIA_1764294381.gif
2025-12-01 21:42:49,967 [30] INFO  EgsReport.StandardDetail - PRINT PICTURE https://cmc-assets.calcmenu.com/images/CMC_CRRSionQA/R85XKA762EIKW8I6G79HZ9GQ5/picThumbnail/
2025-12-01 21:42:54,188 [30] INFO  CalcmenuAPI.CalcmenuAPI.PrinterController - FolderPath: C:\App\CalcmenuAPI-v7.0.48_COOP_Gastro_CMC (2)\CalcmenuAPI-v7.0.48_COOP_Gastro_CMC\EgsReport\Report\Export_134090701696449607.pdf
2025-12-01 21:42:54,188 [30] INFO  CalcmenuAPI.CalcmenuAPI.PrinterController - FolderURL: http://localhost:6735//Export_134090701696449607.pdf
2025-12-01 21:44:12,781 [88] INFO  CalcmenuAPI.CalcmenuAPI.PrinterController - standardPrinting started
2025-12-01 21:44:13,064 [88] INFO  CalcmenuAPI.Common - Generated connection string: Data Source=139.135.145.139,1501;Initial Catalog=CMC_CRRSionQA;Integrated Security=False;User ID=egs.seiko;Password=**** for CodeUser: 63893
2025-12-01 21:44:13,064 [88] INFO  CalcmenuAPI.Common - Debug is enabled using: Data source=WIN-38C5VTGNK0C\SQLEXPRESS2019;Initial Catalog=CMC_CRRSionQA;User ID=egs.seiko;Password=IuDYGlh10p9$QWTs9^iD for CodeUser: 63893
2025-12-01 21:44:13,087 [88] INFO  EgsReport.clsReport - CreateReport_CMC
2025-12-01 21:44:13,128 [88] INFO  EgsReport.xrReports - StrCode: 180664 | CodeUser: 63893 | CodePrintList: 187 | strCodeParent:  | strCodeMain: 180664
2025-12-01 21:44:13,129 [88] INFO  EgsReport.xrReports - strID: 956 | strFilter3: Code = 180664 AND CodeListeParent IS NULL AND CodeListeMain = 180664
2025-12-01 21:44:17,247 [88] INFO  CalcmenuAPI.CalcmenuAPI.PrinterController - FolderPath: C:\App\CalcmenuAPI-v7.0.48_COOP_Gastro_CMC (2)\CalcmenuAPI-v7.0.48_COOP_Gastro_CMC\EgsReport\Report\Export_134090702530879430.pdf
2025-12-01 21:44:17,248 [88] INFO  CalcmenuAPI.CalcmenuAPI.PrinterController - FolderURL: http://localhost:6735//Export_134090702530879430.pdf
