2025-11-28 00:21:20,754 [1] INFO  CalcmenuAPI.Global_asax - CalcmenuAPI was started
2025-11-28 00:21:29,193 [6] INFO  CalcmenuAPI.CalcmenuAPI.PrinterController - standardPrinting started
2025-11-28 00:21:29,194 [5] INFO  CalcmenuAPI.CalcmenuAPI.PrinterController - standardPrinting started
2025-11-28 00:21:38,856 [5] ERROR CalcmenuAPI.Common - No connection data returned for the specified user.
System.InvalidOperationException: No connection data returned for the specified user.
2025-11-28 00:21:38,897 [5] ERROR CalcmenuAPI.Common - GetUserConnectionString: Unexpected error occurred
System.InvalidOperationException: No connection data returned for the specified user.
   at CalcmenuAPI.Common.GetUserConnectionString(Int32 CodeUser) in C:\App\CalcmenuAPI-v7.0.48_COOP_Gastro_CMC (2)\CalcmenuAPI-v7.0.48_COOP_Gastro_CMC\Core\Common.vb:line 581
2025-11-28 00:21:52,293 [5] INFO  CalcmenuAPI.CalcmenuAPI.PrinterController - No connection data returned for the specified user.
2025-11-28 00:21:54,856 [6] ERROR CalcmenuAPI.Common - GetUserConnectionString: Unexpected error occurred
System.Data.SqlClient.SqlException (0x80131904): A connection was successfully established with the server, but then an error occurred during the pre-login handshake. (provider: SSL Provider, error: 0 - The wait operation timed out.) ---> System.ComponentModel.Win32Exception (0x80004005): The wait operation timed out
   at System.Data.SqlClient.SqlInternalConnectionTds..ctor(DbConnectionPoolIdentity identity, SqlConnectionString connectionOptions, SqlCredential credential, Object providerInfo, String newPassword, SecureString newSecurePassword, Boolean redirectedUserInstance, SqlConnectionString userConnectionOptions, SessionData reconnectSessionData, DbConnectionPool pool, String accessToken, Boolean applyTransientFaultHandling, SqlAuthenticationProviderManager sqlAuthProviderManager)
   at System.Data.SqlClient.SqlConnectionFactory.CreateConnection(DbConnectionOptions options, DbConnectionPoolKey poolKey, Object poolGroupProviderInfo, DbConnectionPool pool, DbConnection owningConnection, DbConnectionOptions userOptions)
   at System.Data.ProviderBase.DbConnectionFactory.CreatePooledConnection(DbConnectionPool pool, DbConnection owningObject, DbConnectionOptions options, DbConnectionPoolKey poolKey, DbConnectionOptions userOptions)
   at System.Data.ProviderBase.DbConnectionPool.CreateObject(DbConnection owningObject, DbConnectionOptions userOptions, DbConnectionInternal oldConnection)
   at System.Data.ProviderBase.DbConnectionPool.UserCreateRequest(DbConnection owningObject, DbConnectionOptions userOptions, DbConnectionInternal oldConnection)
   at System.Data.ProviderBase.DbConnectionPool.TryGetConnection(DbConnection owningObject, UInt32 waitForMultipleObjectsTimeout, Boolean allowCreate, Boolean onlyOneCheckConnection, DbConnectionOptions userOptions, DbConnectionInternal& connection)
   at System.Data.ProviderBase.DbConnectionPool.TryGetConnection(DbConnection owningObject, TaskCompletionSource`1 retry, DbConnectionOptions userOptions, DbConnectionInternal& connection)
   at System.Data.ProviderBase.DbConnectionFactory.TryGetConnection(DbConnection owningConnection, TaskCompletionSource`1 retry, DbConnectionOptions userOptions, DbConnectionInternal oldConnection, DbConnectionInternal& connection)
   at System.Data.ProviderBase.DbConnectionInternal.TryOpenConnectionInternal(DbConnection outerConnection, DbConnectionFactory connectionFactory, TaskCompletionSource`1 retry, DbConnectionOptions userOptions)
   at System.Data.SqlClient.SqlConnection.TryOpenInner(TaskCompletionSource`1 retry)
   at System.Data.SqlClient.SqlConnection.TryOpen(TaskCompletionSource`1 retry)
   at System.Data.SqlClient.SqlConnection.Open()
   at CalcmenuAPI.Common.GetUserConnectionString(Int32 CodeUser) in C:\App\CalcmenuAPI-v7.0.48_COOP_Gastro_CMC (2)\CalcmenuAPI-v7.0.48_COOP_Gastro_CMC\Core\Common.vb:line 570
ClientConnectionId:ec401f3a-400b-4e19-8666-46ff0257187d
Error Number:258,State:0,Class:20
2025-11-28 00:21:56,130 [6] INFO  CalcmenuAPI.CalcmenuAPI.PrinterController - A connection was successfully established with the server, but then an error occurred during the pre-login handshake. (provider: SSL Provider, error: 0 - The wait operation timed out.)
2025-11-28 00:22:07,033 [5] INFO  CalcmenuAPI.CalcmenuAPI.PrinterController - standardPrinting started
2025-11-28 00:23:33,446 [5] ERROR CalcmenuAPI.Common - No connection data returned for the specified user.
System.InvalidOperationException: No connection data returned for the specified user.
2025-11-28 00:23:33,482 [5] ERROR CalcmenuAPI.Common - GetUserConnectionString: Unexpected error occurred
System.InvalidOperationException: No connection data returned for the specified user.
   at CalcmenuAPI.Common.GetUserConnectionString(Int32 CodeUser) in C:\App\CalcmenuAPI-v7.0.48_COOP_Gastro_CMC (2)\CalcmenuAPI-v7.0.48_COOP_Gastro_CMC\Core\Common.vb:line 581
2025-11-28 00:23:33,518 [5] INFO  CalcmenuAPI.CalcmenuAPI.PrinterController - No connection data returned for the specified user.
2025-11-28 00:24:00,682 [1] INFO  CalcmenuAPI.Global_asax - CalcmenuAPI was started
2025-11-28 00:24:04,596 [5] INFO  CalcmenuAPI.CalcmenuAPI.PrinterController - standardPrinting started
2025-11-28 00:24:38,001 [5] ERROR CalcmenuAPI.Common - GetUserConnectionString: Unexpected error occurred
System.Data.SqlClient.SqlException (0x80131904): Cannot open database "egs_db_staging" requested by the login. The login failed.
Login failed for user 'sqlch-cmc-sv01'.
   at System.Data.SqlClient.SqlInternalConnectionTds..ctor(DbConnectionPoolIdentity identity, SqlConnectionString connectionOptions, SqlCredential credential, Object providerInfo, String newPassword, SecureString newSecurePassword, Boolean redirectedUserInstance, SqlConnectionString userConnectionOptions, SessionData reconnectSessionData, DbConnectionPool pool, String accessToken, Boolean applyTransientFaultHandling, SqlAuthenticationProviderManager sqlAuthProviderManager)
   at System.Data.SqlClient.SqlConnectionFactory.CreateConnection(DbConnectionOptions options, DbConnectionPoolKey poolKey, Object poolGroupProviderInfo, DbConnectionPool pool, DbConnection owningConnection, DbConnectionOptions userOptions)
   at System.Data.ProviderBase.DbConnectionFactory.CreatePooledConnection(DbConnectionPool pool, DbConnection owningObject, DbConnectionOptions options, DbConnectionPoolKey poolKey, DbConnectionOptions userOptions)
   at System.Data.ProviderBase.DbConnectionPool.CreateObject(DbConnection owningObject, DbConnectionOptions userOptions, DbConnectionInternal oldConnection)
   at System.Data.ProviderBase.DbConnectionPool.UserCreateRequest(DbConnection owningObject, DbConnectionOptions userOptions, DbConnectionInternal oldConnection)
   at System.Data.ProviderBase.DbConnectionPool.TryGetConnection(DbConnection owningObject, UInt32 waitForMultipleObjectsTimeout, Boolean allowCreate, Boolean onlyOneCheckConnection, DbConnectionOptions userOptions, DbConnectionInternal& connection)
   at System.Data.ProviderBase.DbConnectionPool.TryGetConnection(DbConnection owningObject, TaskCompletionSource`1 retry, DbConnectionOptions userOptions, DbConnectionInternal& connection)
   at System.Data.ProviderBase.DbConnectionFactory.TryGetConnection(DbConnection owningConnection, TaskCompletionSource`1 retry, DbConnectionOptions userOptions, DbConnectionInternal oldConnection, DbConnectionInternal& connection)
   at System.Data.ProviderBase.DbConnectionInternal.TryOpenConnectionInternal(DbConnection outerConnection, DbConnectionFactory connectionFactory, TaskCompletionSource`1 retry, DbConnectionOptions userOptions)
   at System.Data.SqlClient.SqlConnection.TryOpenInner(TaskCompletionSource`1 retry)
   at System.Data.SqlClient.SqlConnection.TryOpen(TaskCompletionSource`1 retry)
   at System.Data.SqlClient.SqlConnection.Open()
   at CalcmenuAPI.Common.GetUserConnectionString(Int32 CodeUser) in C:\App\CalcmenuAPI-v7.0.48_COOP_Gastro_CMC (2)\CalcmenuAPI-v7.0.48_COOP_Gastro_CMC\Core\Common.vb:line 570
ClientConnectionId:4861251b-4de1-4672-9a00-1ff011e1c688
Error Number:4060,State:1,Class:11
2025-11-28 00:24:40,269 [5] INFO  CalcmenuAPI.CalcmenuAPI.PrinterController - Cannot open database "egs_db_staging" requested by the login. The login failed.
Login failed for user 'sqlch-cmc-sv01'.
2025-11-28 00:26:00,148 [1] INFO  CalcmenuAPI.Global_asax - CalcmenuAPI was started
2025-11-28 00:26:04,398 [5] INFO  CalcmenuAPI.CalcmenuAPI.PrinterController - standardPrinting started
2025-11-28 00:26:11,150 [5] ERROR CalcmenuAPI.Common - GetUserConnectionString: Unexpected error occurred
System.ArgumentException: Keyword not supported: 'egsdb.eg-software.com;database'.
   at System.Data.Common.DbConnectionOptions.ParseInternal(Hashtable parsetable, String connectionString, Boolean buildChain, Hashtable synonyms, Boolean firstKey)
   at System.Data.Common.DbConnectionOptions..ctor(String connectionString, Hashtable synonyms, Boolean useOdbcRules)
   at System.Data.SqlClient.SqlConnectionString..ctor(String connectionString)
   at System.Data.SqlClient.SqlConnectionFactory.CreateConnectionOptions(String connectionString, DbConnectionOptions previous)
   at System.Data.ProviderBase.DbConnectionFactory.GetConnectionPoolGroup(DbConnectionPoolKey key, DbConnectionPoolGroupOptions poolOptions, DbConnectionOptions& userConnectionOptions)
   at System.Data.SqlClient.SqlConnection.ConnectionString_Set(DbConnectionPoolKey key)
   at System.Data.SqlClient.SqlConnection.set_ConnectionString(String value)
   at System.Data.SqlClient.SqlConnection..ctor(String connectionString, SqlCredential credential)
   at CalcmenuAPI.Common.GetUserConnectionString(Int32 CodeUser) in C:\App\CalcmenuAPI-v7.0.48_COOP_Gastro_CMC (2)\CalcmenuAPI-v7.0.48_COOP_Gastro_CMC\Core\Common.vb:line 564
2025-11-28 00:26:13,828 [5] INFO  CalcmenuAPI.CalcmenuAPI.PrinterController - Keyword not supported: 'egsdb.eg-software.com;database'.
2025-11-28 00:28:29,114 [36] INFO  CalcmenuAPI.Global_asax - CalcmenuAPI was started
2025-11-28 00:28:36,441 [5] INFO  CalcmenuAPI.CalcmenuAPI.PrinterController - standardPrinting started
2025-11-28 00:28:48,707 [5] INFO  CalcmenuAPI.Common - Generated connection string: Data Source=139.135.145.139,1501;Initial Catalog=CMC_CRRSionQA;Integrated Security=False;User ID=egs.seiko;Password=**** for CodeUser: 63893
2025-11-28 00:29:12,756 [5] INFO  CalcmenuAPI.CalcmenuAPI.PrinterController - A network-related or instance-specific error occurred while establishing a connection to SQL Server. The server was not found or was not accessible. Verify that the instance name is correct and that SQL Server is configured to allow remote connections. (provider: TCP Provider, error: 0 - The wait operation timed out.)
2025-11-28 00:29:37,751 [8] INFO  CalcmenuAPI.CalcmenuAPI.PrinterController - standardPrinting started
2025-11-28 00:29:48,879 [8] INFO  CalcmenuAPI.Common - Generated connection string: Data Source=139.135.145.139,1501;Initial Catalog=CMC_CRRSionQA;Integrated Security=False;User ID=egs.seiko;Password=**** for CodeUser: 63893
2025-11-28 00:32:09,755 [8] INFO  CalcmenuAPI.CalcmenuAPI.PrinterController - A network-related or instance-specific error occurred while establishing a connection to SQL Server. The server was not found or was not accessible. Verify that the instance name is correct and that SQL Server is configured to allow remote connections. (provider: TCP Provider, error: 0 - The wait operation timed out.)
2025-11-28 00:33:39,767 [1] INFO  CalcmenuAPI.Global_asax - CalcmenuAPI was started
2025-11-28 00:33:44,607 [7] INFO  CalcmenuAPI.CalcmenuAPI.PrinterController - standardPrinting started
2025-11-28 00:33:58,813 [7] INFO  CalcmenuAPI.Common - Generated connection string: Data Source=139.135.145.139,1501;Initial Catalog=CMC_CRRSionQA;Integrated Security=False;User ID=egs.seiko;Password=**** for CodeUser: 63893
2025-11-28 00:34:07,774 [7] INFO  CalcmenuAPI.Common - Debug is enabled using: Data source=WIN-38C5VTGNK0C\SQLEXPRESS2019;Initial Catalog=CMC_CRRSionQA;User ID=egs.seiko;Password=IuDYGlh10p9$QWTs9^iD for CodeUser: 63893
2025-11-28 00:34:25,276 [7] INFO  EgsReport.clsReport - CreateReport_CMC
2025-11-28 00:34:33,895 [7] INFO  CalcmenuAPI.CalcmenuAPI.PrinterController - Unable to cast object of type 'System.ComponentModel.CancelEventArgs' to type 'System.Drawing.Printing.PrintEventArgs'.
2025-11-28 00:35:04,764 [5] INFO  CalcmenuAPI.CalcmenuAPI.PrinterController - standardPrinting started
2025-11-28 00:35:05,049 [5] INFO  CalcmenuAPI.Common - Generated connection string: Data Source=139.135.145.139,1501;Initial Catalog=CMC_CRRSionQA;Integrated Security=False;User ID=egs.seiko;Password=**** for CodeUser: 63893
2025-11-28 00:35:05,049 [5] INFO  CalcmenuAPI.Common - Debug is enabled using: Data source=WIN-38C5VTGNK0C\SQLEXPRESS2019;Initial Catalog=CMC_CRRSionQA;User ID=egs.seiko;Password=IuDYGlh10p9$QWTs9^iD for CodeUser: 63893
2025-11-28 00:35:11,803 [5] INFO  EgsReport.clsReport - CreateReport_CMC
2025-11-28 00:38:37,333 [5] INFO  CalcmenuAPI.CalcmenuAPI.PrinterController - Unable to cast object of type 'System.ComponentModel.CancelEventArgs' to type 'System.Drawing.Printing.PrintEventArgs'.
2025-11-28 00:38:53,585 [50] INFO  CalcmenuAPI.CalcmenuAPI.PrinterController - standardPrinting started
2025-11-28 00:38:53,852 [50] INFO  CalcmenuAPI.Common - Generated connection string: Data Source=139.135.145.139,1501;Initial Catalog=CMC_CRRSionQA;Integrated Security=False;User ID=egs.seiko;Password=**** for CodeUser: 63893
2025-11-28 00:38:53,852 [50] INFO  CalcmenuAPI.Common - Debug is enabled using: Data source=WIN-38C5VTGNK0C\SQLEXPRESS2019;Initial Catalog=CMC_CRRSionQA;User ID=egs.seiko;Password=IuDYGlh10p9$QWTs9^iD for CodeUser: 63893
2025-11-28 00:38:57,048 [50] INFO  EgsReport.clsReport - CreateReport_CMC
2025-11-28 00:40:13,172 [50] INFO  CalcmenuAPI.CalcmenuAPI.PrinterController - Unable to cast object of type 'System.ComponentModel.CancelEventArgs' to type 'System.Drawing.Printing.PrintEventArgs'.
2025-11-28 00:40:58,944 [86] INFO  CalcmenuAPI.Global_asax - CalcmenuAPI was started
2025-11-28 00:40:59,971 [5] INFO  CalcmenuAPI.CalcmenuAPI.PrinterController - standardPrinting started
2025-11-28 00:41:01,234 [5] INFO  CalcmenuAPI.Common - Generated connection string: Data Source=139.135.145.139,1501;Initial Catalog=CMC_CRRSionQA;Integrated Security=False;User ID=egs.seiko;Password=**** for CodeUser: 63893
2025-11-28 00:41:01,234 [5] INFO  CalcmenuAPI.Common - Debug is enabled using: Data source=WIN-38C5VTGNK0C\SQLEXPRESS2019;Initial Catalog=CMC_CRRSionQA;User ID=egs.seiko;Password=IuDYGlh10p9$QWTs9^iD for CodeUser: 63893
2025-11-28 00:41:06,605 [5] INFO  EgsReport.clsReport - CreateReport_CMC
2025-11-28 00:41:24,089 [5] INFO  CalcmenuAPI.CalcmenuAPI.PrinterController - Unable to cast object of type 'System.ComponentModel.CancelEventArgs' to type 'System.Drawing.Printing.PrintEventArgs'.
2025-11-28 00:48:41,480 [1] INFO  CalcmenuAPI.Global_asax - CalcmenuAPI was started
2025-11-28 00:48:42,549 [57] INFO  CalcmenuAPI.CalcmenuAPI.PrinterController - standardPrinting started
2025-11-28 00:48:43,830 [57] INFO  CalcmenuAPI.Common - Generated connection string: Data Source=139.135.145.139,1501;Initial Catalog=CMC_CRRSionQA;Integrated Security=False;User ID=egs.seiko;Password=**** for CodeUser: 63893
2025-11-28 00:48:43,831 [57] INFO  CalcmenuAPI.Common - Debug is enabled using: Data source=WIN-38C5VTGNK0C\SQLEXPRESS2019;Initial Catalog=CMC_CRRSionQA;User ID=egs.seiko;Password=IuDYGlh10p9$QWTs9^iD for CodeUser: 63893
2025-11-28 00:48:49,814 [57] INFO  EgsReport.clsReport - CreateReport_CMC
2025-11-28 00:48:56,882 [57] INFO  EgsReport.xrReports - StrCode: 179776 | CodeUser: 63893 | CodePrintList: 168 | strCodeParent:  | strCodeMain: 179776
2025-11-28 00:48:56,883 [57] INFO  EgsReport.xrReports - strID: 937 | strFilter3: Code = 179776 AND CodeListeParent IS NULL AND CodeListeMain = 179776
2025-11-28 00:50:54,897 [57] INFO  CalcmenuAPI.CalcmenuAPI.PrinterController - Object reference not set to an instance of an object.
2025-11-28 00:59:06,346 [114] INFO  CalcmenuAPI.CalcmenuAPI.PrinterController - standardPrinting started
2025-11-28 00:59:07,613 [114] INFO  CalcmenuAPI.Common - Generated connection string: Data Source=139.135.145.139,1501;Initial Catalog=CMC_CRRSionQA;Integrated Security=False;User ID=egs.seiko;Password=**** for CodeUser: 63893
2025-11-28 00:59:07,613 [114] INFO  CalcmenuAPI.Common - Debug is enabled using: Data source=WIN-38C5VTGNK0C\SQLEXPRESS2019;Initial Catalog=CMC_CRRSionQA;User ID=egs.seiko;Password=IuDYGlh10p9$QWTs9^iD for CodeUser: 63893
2025-11-28 00:59:07,686 [114] INFO  EgsReport.clsReport - CreateReport_CMC
2025-11-28 00:59:07,740 [114] INFO  EgsReport.xrReports - StrCode: 179776 | CodeUser: 63893 | CodePrintList: 168 | strCodeParent:  | strCodeMain: 179776
2025-11-28 00:59:07,740 [114] INFO  EgsReport.xrReports - strID: 937 | strFilter3: Code = 179776 AND CodeListeParent IS NULL AND CodeListeMain = 179776
2025-11-28 01:00:46,748 [114] INFO  CalcmenuAPI.CalcmenuAPI.PrinterController - FolderPath: C:\Data\COOP\RecipeStandardPrint\Export_134087363476868362.pdf
2025-11-28 01:00:47,189 [114] INFO  CalcmenuAPI.CalcmenuAPI.PrinterController - FolderURL: http://localhost:6735//Export_134087363476868362.pdf
2025-11-28 01:01:57,031 [36] INFO  CalcmenuAPI.Global_asax - CalcmenuAPI was started
2025-11-28 01:02:02,633 [114] INFO  CalcmenuAPI.CalcmenuAPI.PrinterController - standardPrinting started
2025-11-28 01:02:03,908 [114] INFO  CalcmenuAPI.Common - Generated connection string: Data Source=139.135.145.139,1501;Initial Catalog=CMC_CRRSionQA;Integrated Security=False;User ID=egs.seiko;Password=**** for CodeUser: 63893
2025-11-28 01:02:03,909 [114] INFO  CalcmenuAPI.Common - Debug is enabled using: Data source=WIN-38C5VTGNK0C\SQLEXPRESS2019;Initial Catalog=CMC_CRRSionQA;User ID=egs.seiko;Password=IuDYGlh10p9$QWTs9^iD for CodeUser: 63893
2025-11-28 01:02:04,011 [114] INFO  EgsReport.clsReport - CreateReport_CMC
2025-11-28 01:02:04,543 [114] INFO  EgsReport.xrReports - StrCode: 179776 | CodeUser: 63893 | CodePrintList: 168 | strCodeParent:  | strCodeMain: 179776
2025-11-28 01:02:04,543 [114] INFO  EgsReport.xrReports - strID: 937 | strFilter3: Code = 179776 AND CodeListeParent IS NULL AND CodeListeMain = 179776
2025-11-28 01:02:09,289 [114] INFO  CalcmenuAPI.CalcmenuAPI.PrinterController - FolderPath: C:\App\CalcmenuAPI-v7.0.48_COOP_Gastro_CMC (2)\CalcmenuAPI-v7.0.48_COOP_Gastro_CMC\EgsReport\Report\Export_134087365239910671.pdf
2025-11-28 01:02:09,289 [114] INFO  CalcmenuAPI.CalcmenuAPI.PrinterController - FolderURL: http://localhost:6735//Export_134087365239910671.pdf
2025-11-28 01:08:17,591 [119] INFO  CalcmenuAPI.CalcmenuAPI.PrinterController - standardPrinting started
2025-11-28 01:08:17,880 [119] INFO  CalcmenuAPI.Common - Generated connection string: Data Source=139.135.145.139,1501;Initial Catalog=CMC_CRRSionQA;Integrated Security=False;User ID=egs.seiko;Password=**** for CodeUser: 63893
2025-11-28 01:08:17,880 [119] INFO  CalcmenuAPI.Common - Debug is enabled using: Data source=WIN-38C5VTGNK0C\SQLEXPRESS2019;Initial Catalog=CMC_CRRSionQA;User ID=egs.seiko;Password=IuDYGlh10p9$QWTs9^iD for CodeUser: 63893
2025-11-28 01:08:17,955 [119] INFO  EgsReport.clsReport - CreateReport_CMC
2025-11-28 01:08:17,997 [119] INFO  EgsReport.xrReports - StrCode: 179776 | CodeUser: 63893 | CodePrintList: 169 | strCodeParent:  | strCodeMain: 179776
2025-11-28 01:08:17,997 [119] INFO  EgsReport.xrReports - strID: 938 | strFilter3: Code = 179776 AND CodeListeParent IS NULL AND CodeListeMain = 179776
2025-11-28 01:08:18,762 [119] INFO  EgsReport.StandardDetail - PRINT PICTURE 
2025-11-28 01:08:18,762 [119] INFO  EgsReport.StandardDetail - PRINT PICTURE C:\Data\COOP\RecipeStandardPrint\PicNormal\
2025-11-28 01:09:08,311 [119] INFO  CalcmenuAPI.CalcmenuAPI.PrinterController - FolderPath: C:\App\CalcmenuAPI-v7.0.48_COOP_Gastro_CMC (2)\CalcmenuAPI-v7.0.48_COOP_Gastro_CMC\EgsReport\Report\Export_134087368979544367.pdf
2025-11-28 01:09:08,311 [119] INFO  CalcmenuAPI.CalcmenuAPI.PrinterController - FolderURL: http://localhost:6735//Export_134087368979544367.pdf
2025-11-28 01:09:16,356 [114] INFO  CalcmenuAPI.CalcmenuAPI.PrinterController - standardPrinting started
2025-11-28 01:09:16,645 [114] INFO  CalcmenuAPI.Common - Generated connection string: Data Source=139.135.145.139,1501;Initial Catalog=CMC_CRRSionQA;Integrated Security=False;User ID=egs.seiko;Password=**** for CodeUser: 63893
2025-11-28 01:09:16,646 [114] INFO  CalcmenuAPI.Common - Debug is enabled using: Data source=WIN-38C5VTGNK0C\SQLEXPRESS2019;Initial Catalog=CMC_CRRSionQA;User ID=egs.seiko;Password=IuDYGlh10p9$QWTs9^iD for CodeUser: 63893
2025-11-28 01:09:16,721 [114] INFO  EgsReport.clsReport - CreateReport_CMC
2025-11-28 01:09:16,759 [114] INFO  EgsReport.xrReports - StrCode: 179776 | CodeUser: 63893 | CodePrintList: 169 | strCodeParent:  | strCodeMain: 179776
2025-11-28 01:09:16,759 [114] INFO  EgsReport.xrReports - strID: 938 | strFilter3: Code = 179776 AND CodeListeParent IS NULL AND CodeListeMain = 179776
2025-11-28 01:09:25,159 [114] INFO  EgsReport.StandardDetail - PRINT PICTURE 
2025-11-28 01:09:25,159 [114] INFO  EgsReport.StandardDetail - PRINT PICTURE C:\Data\COOP\RecipeStandardPrint\PicNormal\
2025-11-28 01:09:32,418 [114] INFO  CalcmenuAPI.CalcmenuAPI.PrinterController - FolderPath: C:\App\CalcmenuAPI-v7.0.48_COOP_Gastro_CMC (2)\CalcmenuAPI-v7.0.48_COOP_Gastro_CMC\EgsReport\Report\Export_134087369567217597.pdf
2025-11-28 01:09:32,419 [114] INFO  CalcmenuAPI.CalcmenuAPI.PrinterController - FolderURL: http://localhost:6735//Export_134087369567217597.pdf
2025-11-28 01:13:02,528 [116] INFO  CalcmenuAPI.CalcmenuAPI.PrinterController - standardPrinting started
2025-11-28 01:13:02,816 [116] INFO  CalcmenuAPI.Common - Generated connection string: Data Source=139.135.145.139,1501;Initial Catalog=CMC_CRRSionQA;Integrated Security=False;User ID=egs.seiko;Password=**** for CodeUser: 63893
2025-11-28 01:13:02,817 [116] INFO  CalcmenuAPI.Common - Debug is enabled using: Data source=WIN-38C5VTGNK0C\SQLEXPRESS2019;Initial Catalog=CMC_CRRSionQA;User ID=egs.seiko;Password=IuDYGlh10p9$QWTs9^iD for CodeUser: 63893
2025-11-28 01:13:02,819 [116] INFO  EgsReport.clsReport - CreateReport_CMC
2025-11-28 01:13:02,860 [116] INFO  EgsReport.xrReports - StrCode: 2 | CodeUser: 63893 | CodePrintList: 171 | strCodeParent: lblID | strCodeMain: lblID
2025-11-28 01:13:02,861 [116] INFO  EgsReport.xrReports - strID: lblID | strFilter3: Code = 2
2025-11-28 01:13:05,173 [116] INFO  CalcmenuAPI.CalcmenuAPI.PrinterController - FolderPath: C:\App\CalcmenuAPI-v7.0.48_COOP_Gastro_CMC (2)\CalcmenuAPI-v7.0.48_COOP_Gastro_CMC\EgsReport\Report\Export_134087371828196179.pdf
2025-11-28 01:13:05,174 [116] INFO  CalcmenuAPI.CalcmenuAPI.PrinterController - FolderURL: http://localhost:6735//Export_134087371828196179.pdf
2025-11-28 01:15:19,791 [114] INFO  CalcmenuAPI.CalcmenuAPI.PrinterController - standardPrinting started
2025-11-28 01:15:20,077 [114] INFO  CalcmenuAPI.Common - Generated connection string: Data Source=139.135.145.139,1501;Initial Catalog=CMC_CRRSionQA;Integrated Security=False;User ID=egs.seiko;Password=**** for CodeUser: 63893
2025-11-28 01:15:20,077 [114] INFO  CalcmenuAPI.Common - Debug is enabled using: Data source=WIN-38C5VTGNK0C\SQLEXPRESS2019;Initial Catalog=CMC_CRRSionQA;User ID=egs.seiko;Password=IuDYGlh10p9$QWTs9^iD for CodeUser: 63893
2025-11-28 01:15:20,080 [114] INFO  EgsReport.clsReport - CreateReport_CMC
2025-11-28 01:15:20,190 [114] INFO  CalcmenuAPI.CalcmenuAPI.PrinterController - FolderPath: C:\App\CalcmenuAPI-v7.0.48_COOP_Gastro_CMC (2)\CalcmenuAPI-v7.0.48_COOP_Gastro_CMC\EgsReport\Report\Export_134087373200791025.pdf
2025-11-28 01:15:20,191 [114] INFO  CalcmenuAPI.CalcmenuAPI.PrinterController - FolderURL: http://localhost:6735//Export_134087373200791025.pdf
2025-11-28 01:15:38,823 [114] INFO  CalcmenuAPI.CalcmenuAPI.PrinterController - standardPrinting started
2025-11-28 01:15:39,112 [114] INFO  CalcmenuAPI.Common - Generated connection string: Data Source=139.135.145.139,1501;Initial Catalog=CMC_CRRSionQA;Integrated Security=False;User ID=egs.seiko;Password=**** for CodeUser: 63893
2025-11-28 01:15:39,112 [114] INFO  CalcmenuAPI.Common - Debug is enabled using: Data source=WIN-38C5VTGNK0C\SQLEXPRESS2019;Initial Catalog=CMC_CRRSionQA;User ID=egs.seiko;Password=IuDYGlh10p9$QWTs9^iD for CodeUser: 63893
2025-11-28 01:15:39,115 [114] INFO  EgsReport.clsReport - CreateReport_CMC
2025-11-28 01:15:39,189 [114] INFO  CalcmenuAPI.CalcmenuAPI.PrinterController - FolderPath: C:\App\CalcmenuAPI-v7.0.48_COOP_Gastro_CMC (2)\CalcmenuAPI-v7.0.48_COOP_Gastro_CMC\EgsReport\Report\Export_134087373391151947.pdf
2025-11-28 01:15:39,190 [114] INFO  CalcmenuAPI.CalcmenuAPI.PrinterController - FolderURL: http://localhost:6735//Export_134087373391151947.pdf
2025-11-28 01:16:40,077 [114] INFO  CalcmenuAPI.CalcmenuAPI.PrinterController - standardPrinting started
2025-11-28 01:16:40,364 [114] INFO  CalcmenuAPI.Common - Generated connection string: Data Source=139.135.145.139,1501;Initial Catalog=CMC_CRRSionQA;Integrated Security=False;User ID=egs.seiko;Password=**** for CodeUser: 63893
2025-11-28 01:16:40,364 [114] INFO  CalcmenuAPI.Common - Debug is enabled using: Data source=WIN-38C5VTGNK0C\SQLEXPRESS2019;Initial Catalog=CMC_CRRSionQA;User ID=egs.seiko;Password=IuDYGlh10p9$QWTs9^iD for CodeUser: 63893
2025-11-28 01:16:40,367 [114] INFO  EgsReport.clsReport - CreateReport_CMC
2025-11-28 01:16:41,520 [114] INFO  CalcmenuAPI.CalcmenuAPI.PrinterController - FolderPath: C:\App\CalcmenuAPI-v7.0.48_COOP_Gastro_CMC (2)\CalcmenuAPI-v7.0.48_COOP_Gastro_CMC\EgsReport\Report\Export_134087374003664366.pdf
2025-11-28 01:16:41,520 [114] INFO  CalcmenuAPI.CalcmenuAPI.PrinterController - FolderURL: http://localhost:6735//Export_134087374003664366.pdf
