2025-04-07 09:35:10,363 [1] INFO  CalcmenuAPI.Global_asax - CalcmenuAPI was started
2025-04-07 09:35:11,305 [8] INFO  CalcmenuAPI.CalcmenuAPI.PrinterController - standardPrinting started
2025-04-07 09:35:13,034 [8] INFO  EgsReport.clsReport - CreateReport_Test
2025-04-07 09:35:13,035 [8] INFO  EgsReport.clsReport - 1
2025-04-07 09:35:13,304 [8] INFO  EgsReport.clsReport - 2
2025-04-07 09:35:34,664 [8] INFO  EgsReport.xrReports - StrCode: 63420 | CodeUser: 1 | CodePrintList: 563053 | strCodeParent:  | strCodeMain: 63420
2025-04-07 09:35:34,665 [8] INFO  EgsReport.xrReports - strID: 4286033 | strFilter3: Code = 63420 AND CodeListeParent IS NULL AND CodeListeMain = 63420
2025-04-07 09:35:35,361 [8] INFO  EgsReport.StandardDetail - PRINT PICTURE 
2025-04-07 09:35:35,361 [8] INFO  EgsReport.StandardDetail - PRINT PICTURE C:\Data\COOP\RecipeStandardPrint\PicNormal\
2025-04-07 09:37:56,226 [8] INFO  CalcmenuAPI.CalcmenuAPI.PrinterController - FolderPath: C:\Data\COOP\RecipeStandardPrint\Export_133884633130131091.pdf
2025-04-07 09:37:56,228 [8] INFO  CalcmenuAPI.CalcmenuAPI.PrinterController - FolderURL: http://localhost:6735//Export_133884633130131091.pdf
2025-04-07 09:38:10,833 [8] INFO  CalcmenuAPI.CalcmenuAPI.PrinterController - standardPrinting started
2025-04-07 09:38:11,032 [8] INFO  EgsReport.clsReport - CreateReport_Test
2025-04-07 09:38:11,033 [8] INFO  EgsReport.clsReport - 1
2025-04-07 09:38:11,219 [8] INFO  EgsReport.clsReport - 2
2025-04-07 09:38:27,626 [8] INFO  EgsReport.xrReports - StrCode: 63420 | CodeUser: 1 | CodePrintList: 563053 | strCodeParent:  | strCodeMain: 63420
2025-04-07 09:38:27,627 [8] INFO  EgsReport.xrReports - strID: 4286033 | strFilter3: Code = 63420 AND CodeListeParent IS NULL AND CodeListeMain = 63420
2025-04-07 09:38:28,131 [8] INFO  EgsReport.StandardDetail - PRINT PICTURE 
2025-04-07 09:38:28,131 [8] INFO  EgsReport.StandardDetail - PRINT PICTURE C:\Data\COOP\RecipeStandardPrint\PicNormal\
2025-04-07 09:38:44,041 [8] INFO  CalcmenuAPI.CalcmenuAPI.PrinterController - FolderPath: C:\Data\COOP\RecipeStandardPrint\Export_133884634910325412.pdf
2025-04-07 09:38:44,041 [8] INFO  CalcmenuAPI.CalcmenuAPI.PrinterController - FolderURL: http://localhost:6735//Export_133884634910325412.pdf
2025-04-07 11:09:49,016 [1] INFO  CalcmenuAPI.Global_asax - CalcmenuAPI was started
2025-04-07 11:09:49,906 [5] INFO  CalcmenuAPI.CalcmenuAPI.PrinterController - standardPrinting started
2025-04-07 11:09:51,385 [5] INFO  EgsReport.clsReport - CreateReport_Test
2025-04-07 11:09:51,387 [5] INFO  EgsReport.clsReport - 1
2025-04-07 11:09:51,637 [5] INFO  EgsReport.clsReport - 2
2025-04-07 11:16:28,064 [5] INFO  CalcmenuAPI.CalcmenuAPI.PrinterController - Conversion from string "" to type 'Double' is not valid.
2025-04-07 11:24:40,264 [1] INFO  CalcmenuAPI.Global_asax - CalcmenuAPI was started
2025-04-07 11:24:40,868 [37] INFO  CalcmenuAPI.CalcmenuAPI.PrinterController - standardPrinting started
2025-04-07 11:24:42,189 [37] INFO  EgsReport.clsReport - CreateReport_Test
2025-04-07 11:24:42,190 [37] INFO  EgsReport.clsReport - 1
2025-04-07 11:24:42,408 [37] INFO  EgsReport.clsReport - 2
2025-04-07 11:25:24,113 [37] INFO  CalcmenuAPI.CalcmenuAPI.PrinterController - Conversion from string "" to type 'Double' is not valid.
2025-04-07 11:26:43,703 [1] INFO  CalcmenuAPI.Global_asax - CalcmenuAPI was started
2025-04-07 11:26:44,561 [37] INFO  CalcmenuAPI.CalcmenuAPI.PrinterController - standardPrinting started
2025-04-07 11:26:45,874 [37] INFO  EgsReport.clsReport - CreateReport_Test
2025-04-07 11:26:45,877 [37] INFO  EgsReport.clsReport - 1
2025-04-07 11:26:46,094 [37] INFO  EgsReport.clsReport - 2
2025-04-07 11:27:36,595 [37] INFO  CalcmenuAPI.CalcmenuAPI.PrinterController - Conversion from string "" to type 'Double' is not valid.
2025-04-07 11:28:57,874 [27] INFO  CalcmenuAPI.Global_asax - CalcmenuAPI was started
2025-04-07 11:28:58,352 [37] INFO  CalcmenuAPI.CalcmenuAPI.PrinterController - standardPrinting started
2025-04-07 11:28:59,651 [37] INFO  EgsReport.clsReport - CreateReport_Test
2025-04-07 11:28:59,652 [37] INFO  EgsReport.clsReport - 1
2025-04-07 11:28:59,859 [37] INFO  EgsReport.clsReport - 2
2025-04-07 11:29:39,847 [37] INFO  CalcmenuAPI.CalcmenuAPI.PrinterController - Conversion from string "" to type 'Double' is not valid.
2025-04-07 11:32:00,187 [27] INFO  CalcmenuAPI.Global_asax - CalcmenuAPI was started
2025-04-07 11:32:00,679 [37] INFO  CalcmenuAPI.CalcmenuAPI.PrinterController - standardPrinting started
2025-04-07 11:32:01,978 [37] INFO  EgsReport.clsReport - CreateReport_Test
2025-04-07 11:32:01,980 [37] INFO  EgsReport.clsReport - 1
2025-04-07 11:32:02,187 [37] INFO  EgsReport.clsReport - 2
2025-04-07 11:32:21,683 [37] INFO  CalcmenuAPI.CalcmenuAPI.PrinterController - FolderPath: C:\Data\COOP\RecipeStandardPrint\Export_133884703219606465.pdf
2025-04-07 11:32:21,683 [37] INFO  CalcmenuAPI.CalcmenuAPI.PrinterController - FolderURL: http://localhost:6735//Export_133884703219606465.pdf
2025-04-07 11:43:21,790 [51] INFO  CalcmenuAPI.CalcmenuAPI.PrinterController - standardPrinting started
2025-04-07 11:43:22,922 [51] INFO  EgsReport.clsReport - CreateReport_Test
2025-04-07 11:43:22,923 [51] INFO  EgsReport.clsReport - 1
2025-04-07 11:43:23,111 [51] INFO  EgsReport.clsReport - 2
2025-04-07 11:43:42,304 [51] INFO  CalcmenuAPI.CalcmenuAPI.PrinterController - FolderPath: C:\Data\COOP\RecipeStandardPrint\Export_133884710029221021.pdf
2025-04-07 11:43:42,304 [51] INFO  CalcmenuAPI.CalcmenuAPI.PrinterController - FolderURL: http://localhost:6735//Export_133884710029221021.pdf
2025-04-07 17:36:24,923 [1] INFO  CalcmenuAPI.Global_asax - CalcmenuAPI was started
2025-04-07 17:36:25,792 [8] INFO  CalcmenuAPI.CalcmenuAPI.PrinterController - standardPrinting started
2025-04-07 17:36:27,288 [8] INFO  EgsReport.clsReport - CreateReport_Test
2025-04-07 17:36:27,290 [8] INFO  EgsReport.clsReport - 1
2025-04-07 17:36:27,552 [8] INFO  EgsReport.clsReport - 2
2025-04-07 17:36:44,109 [8] INFO  EgsReport.xrReports - StrCode: 61954 | CodeUser: 1 | CodePrintList: 563086 | strCodeParent:  | strCodeMain: 61954
2025-04-07 17:36:44,109 [8] INFO  EgsReport.xrReports - strID: 4286075 | strFilter3: Code = 61954 AND CodeListeParent IS NULL AND CodeListeMain = 61954
2025-04-07 17:54:15,206 [8] INFO  CalcmenuAPI.CalcmenuAPI.PrinterController - FolderPath: C:\Data\COOP\RecipeStandardPrint\Export_133884921872788805.pdf
2025-04-07 17:54:15,207 [8] INFO  CalcmenuAPI.CalcmenuAPI.PrinterController - FolderURL: http://localhost:6735//Export_133884921872788805.pdf
2025-04-07 18:25:04,972 [1] INFO  CalcmenuAPI.Global_asax - CalcmenuAPI was started
2025-04-07 18:25:05,909 [9] INFO  CalcmenuAPI.CalcmenuAPI.PrinterController - standardPrinting started
2025-04-07 18:25:07,566 [9] INFO  EgsReport.clsReport - CreateReport_Test
2025-04-07 18:25:07,567 [9] INFO  EgsReport.clsReport - 1
2025-04-07 18:25:07,827 [9] INFO  EgsReport.clsReport - 2
2025-04-07 18:25:24,490 [9] INFO  EgsReport.xrReports - StrCode: 61954 | CodeUser: 1 | CodePrintList: 563086 | strCodeParent:  | strCodeMain: 61954
2025-04-07 18:25:24,491 [9] INFO  EgsReport.xrReports - strID: 4286075 | strFilter3: Code = 61954 AND CodeListeParent IS NULL AND CodeListeMain = 61954
2025-04-07 18:29:51,232 [9] INFO  CalcmenuAPI.CalcmenuAPI.PrinterController - FolderPath: C:\Data\COOP\RecipeStandardPrint\Export_133884951075455285.pdf
2025-04-07 18:29:51,233 [9] INFO  CalcmenuAPI.CalcmenuAPI.PrinterController - FolderURL: http://localhost:6735//Export_133884951075455285.pdf
2025-04-07 20:26:29,487 [1] INFO  CalcmenuAPI.Global_asax - CalcmenuAPI was started
2025-04-07 20:26:29,818 [5] INFO  CalcmenuAPI.CalcmenuAPI.RecipeController - Calling GetMSCMenuNutrientDetailsReport
