2025-03-26 14:36:00,132 [1] INFO  CalcmenuAPI.Global_asax - CalcmenuAPI was started
2025-03-26 14:36:02,949 [8] INFO  CalcmenuAPI.CalcmenuAPI.PrinterController - standardPrinting started
2025-03-26 14:36:04,456 [8] INFO  EgsReport.clsReport - CreateReport_Test
2025-03-26 14:36:04,458 [8] INFO  EgsReport.clsReport - 1
2025-03-26 14:36:04,837 [8] INFO  EgsReport.clsReport - 2
2025-03-26 14:36:21,949 [8] INFO  EgsReport.xrReports - StrCode: 62266 | CodeUser: 1 | CodePrintList: 562810 | strCodeParent:  | strCodeMain: 62266
2025-03-26 14:36:21,951 [8] INFO  EgsReport.xrReports - strID: 4285467 | strFilter3: Code = 62266 AND CodeListeParent IS NULL AND CodeListeMain = 62266
2025-03-26 14:39:50,102 [8] INFO  CalcmenuAPI.CalcmenuAPI.PrinterController - FolderPath: C:\Data\COOP\RecipeStandardPrint\Export_133874445644338588.pdf
2025-03-26 14:39:50,103 [8] INFO  CalcmenuAPI.CalcmenuAPI.PrinterController - FolderURL: http://localhost:6735//Export_133874445644338588.pdf
2025-03-26 21:18:17,934 [75] INFO  CalcmenuAPI.Global_asax - CalcmenuAPI was started
2025-03-26 21:18:18,739 [79] INFO  CalcmenuAPI.CalcmenuAPI.PrinterController - standardPrinting started
2025-03-26 21:18:20,245 [79] INFO  EgsReport.clsReport - CreateReport_Test
2025-03-26 21:18:20,248 [79] INFO  EgsReport.clsReport - 1
2025-03-26 21:18:20,482 [79] INFO  EgsReport.clsReport - 2
2025-03-26 21:18:37,024 [79] INFO  EgsReport.xrReports - StrCode: 62266 | CodeUser: 1 | CodePrintList: 562818 | strCodeParent:  | strCodeMain: 62266
2025-03-26 21:18:37,026 [79] INFO  EgsReport.xrReports - strID: 4285475 | strFilter3: Code = 62266 AND CodeListeParent IS NULL AND CodeListeMain = 62266
2025-03-26 21:20:13,110 [79] INFO  CalcmenuAPI.CalcmenuAPI.PrinterController - FolderPath: C:\Data\COOP\RecipeStandardPrint\Export_133874687002334484.pdf
2025-03-26 21:20:13,113 [79] INFO  CalcmenuAPI.CalcmenuAPI.PrinterController - FolderURL: http://localhost:6735//Export_133874687002334484.pdf
2025-03-26 23:31:37,706 [1] INFO  CalcmenuAPI.Global_asax - CalcmenuAPI was started
2025-03-26 23:31:39,052 [50] INFO  CalcmenuAPI.CalcmenuAPI.PrinterController - standardPrinting started
2025-03-26 23:31:40,977 [50] INFO  EgsReport.clsReport - CreateReport_Test
2025-03-26 23:31:40,980 [50] INFO  EgsReport.clsReport - 1
2025-03-26 23:31:41,298 [50] INFO  EgsReport.clsReport - 2
2025-03-26 23:32:03,105 [50] INFO  EgsReport.xrReports - StrCode: 62266 | CodeUser: 1 | CodePrintList: 562828 | strCodeParent:  | strCodeMain: 62266
2025-03-26 23:32:03,107 [50] INFO  EgsReport.xrReports - strID: 4285487 | strFilter3: Code = 62266 AND CodeListeParent IS NULL AND CodeListeMain = 62266
2025-03-26 23:32:04,432 [50] INFO  EgsReport.StandardDetail - PRINT PICTURE 
2025-03-26 23:32:04,433 [50] INFO  EgsReport.StandardDetail - PRINT PICTURE C:\Data\COOP\RecipeStandardPrint\PicNormal\
2025-03-26 23:54:07,819 [50] INFO  CalcmenuAPI.CalcmenuAPI.PrinterController - FolderPath: C:\Data\COOP\RecipeStandardPrint\Export_133874767009549800.pdf
2025-03-26 23:54:07,822 [50] INFO  CalcmenuAPI.CalcmenuAPI.PrinterController - FolderURL: http://localhost:6735//Export_133874767009549800.pdf
