2025-10-27 08:59:44,790 [1] INFO  CalcmenuAPI.Global_asax - CalcmenuAPI was started
2025-10-27 08:59:45,230 [8] INFO  CalcmenuAPI.CalcmenuAPI.PrinterController - standardPrinting started
2025-10-27 08:59:47,505 [8] INFO  CalcmenuAPI.CalcmenuAPI.PrinterController - Generated connection string: Data Source=192.168.1.128,1501;Initial Catalog=CMC_Sodexo;Integrated Security=False;User ID=egs.chester;Password=**** for CodeUser: 64953
2025-10-27 08:59:47,506 [8] INFO  CalcmenuAPI.CalcmenuAPI.PrinterController - Debug is enabled using: Data source=WIN-38C5VTGNK0C\SQLEXPRESS2019;Initial Catalog=CMC_2025;User ID=egs.seiko;Password=IuDYGlh10p9$QWTs9^iD for CodeUser: 64953
2025-10-27 08:59:54,255 [8] INFO  EgsReport.clsReport - CreateReport_CMC
2025-10-27 09:00:13,577 [8] INFO  EgsReport.xrReports - StrCode: 136515 | CodeUser: 1 | CodePrintList: 35 | strCodeParent:  | strCodeMain: 136515
2025-10-27 09:00:13,578 [8] INFO  EgsReport.xrReports - strID: 39 | strFilter3: Code = 136515 AND CodeListeParent IS NULL AND CodeListeMain = 136515
2025-10-27 09:00:13,579 [8] INFO  EgsReport.xrReports - no foundRecipeDetails
2025-10-27 09:00:14,768 [8] INFO  CalcmenuAPI.CalcmenuAPI.PrinterController - FolderPath: C:\Data\COOP\RecipeStandardPrint\Export_134060003942348057.pdf
2025-10-27 09:00:15,226 [8] INFO  CalcmenuAPI.CalcmenuAPI.PrinterController - FolderURL: http://localhost:6735//Export_134060003942348057.pdf
2025-10-27 09:18:03,061 [32] INFO  CalcmenuAPI.Global_asax - CalcmenuAPI was started
2025-10-27 09:18:03,345 [16] INFO  CalcmenuAPI.CalcmenuAPI.PrinterController - standardPrinting started
2025-10-27 09:23:29,475 [16] ERROR CalcmenuAPI.CalcmenuAPI.PrinterController - GetUserConnectionString: Unexpected error occurred
System.ArgumentException: Column 'User_ID' does not belong to table Table1.
   at System.Data.DataRow.GetDataColumn(String columnName)
   at System.Data.DataRow.get_Item(String columnName)
   at CalcmenuAPI.CalcmenuAPI.PrinterController.GetUserConnectionString(Int32 CodeUser) in C:\TFS Projects\CalcmenuAPI-v7.0.48_COOP_Gastro_CMC\Controllers\PrinterController.vb:line 563
2025-10-27 09:23:29,516 [16] INFO  CalcmenuAPI.CalcmenuAPI.PrinterController - Column 'User_ID' does not belong to table Table1.
2025-10-27 10:09:53,639 [21] INFO  CalcmenuAPI.Global_asax - CalcmenuAPI was started
2025-10-27 10:09:55,706 [28] INFO  CalcmenuAPI.CalcmenuAPI.PrinterController - standardPrinting started
2025-10-27 10:09:57,759 [28] INFO  CalcmenuAPI.CalcmenuAPI.PrinterController - Generated connection string: Data Source=cmc-sql-eu.database.windows.net;Initial Catalog=CMC_SodexoLu;Integrated Security=False;User ID=egsadmin;Password=**** for CodeUser: 64953
2025-10-27 10:09:57,760 [28] INFO  CalcmenuAPI.CalcmenuAPI.PrinterController - Debug is enabled using: Data source=WIN-38C5VTGNK0C\SQLEXPRESS2019;Initial Catalog=CMC_2025;User ID=egs.seiko;Password=IuDYGlh10p9$QWTs9^iD for CodeUser: 64953
2025-10-27 10:09:59,089 [28] INFO  EgsReport.clsReport - CreateReport_CMC
2025-10-27 10:10:08,520 [28] INFO  EgsReport.xrReports - StrCode: 184541 | CodeUser: 1 | CodePrintList: 61 | strCodeParent:  | strCodeMain: 184541
2025-10-27 10:10:08,521 [28] INFO  EgsReport.xrReports - strID: 170 | strFilter3: Code = 184541 AND CodeListeParent IS NULL AND CodeListeMain = 184541
2025-10-27 10:10:08,521 [28] INFO  EgsReport.xrReports - no foundRecipeDetails
2025-10-27 10:10:08,567 [28] INFO  EgsReport.StandardDetail - No details 1 | CodeListe 184541 | Filter: Code = 184541 AND CodeListeParent IS NULL AND CodeListeMain = 184541
2025-10-27 10:10:08,574 [28] INFO  EgsReport.xrReports - StrCode: 184605 | CodeUser: 1 | CodePrintList: 61 | strCodeParent: 184541 | strCodeMain: 184541
2025-10-27 10:10:08,575 [28] INFO  EgsReport.xrReports - strID: 171 | strFilter3: Code = 184605 AND CodeListeParent = 184541 AND CodeListeMain = 184541 AND ID = 171
2025-10-27 10:10:08,576 [28] INFO  EgsReport.xrReports - no foundRecipeDetails
2025-10-27 10:10:08,576 [28] INFO  EgsReport.StandardDetail - No details 1 | CodeListe 184605 | Filter: Code = 184605 AND CodeListeParent = 184541 AND CodeListeMain = 184541 AND ID = 171
2025-10-27 10:10:08,651 [28] INFO  CalcmenuAPI.CalcmenuAPI.PrinterController - FolderPath: C:\Data\COOP\RecipeStandardPrint\Export_134060045990731516.pdf
2025-10-27 10:10:08,651 [28] INFO  CalcmenuAPI.CalcmenuAPI.PrinterController - FolderURL: http://localhost:6735//Export_134060045990731516.pdf
2025-10-27 10:29:19,132 [25] INFO  CalcmenuAPI.CalcmenuAPI.PrinterController - standardPrinting started
2025-10-27 10:29:20,957 [25] INFO  CalcmenuAPI.CalcmenuAPI.PrinterController - Generated connection string: Data Source=cmc-sql-eu.database.windows.net;Initial Catalog=CMC_SodexoLu;Integrated Security=False;User ID=egsadmin;Password=**** for CodeUser: 64953
2025-10-27 10:29:20,957 [25] INFO  CalcmenuAPI.CalcmenuAPI.PrinterController - Debug is enabled using: Data source=WIN-38C5VTGNK0C\SQLEXPRESS2019;Initial Catalog=CMC_2025;User ID=egs.seiko;Password=IuDYGlh10p9$QWTs9^iD for CodeUser: 64953
2025-10-27 10:29:21,433 [25] INFO  EgsReport.clsReport - CreateReport_CMC
2025-10-27 10:29:29,026 [25] INFO  EgsReport.xrReports - StrCode: 184571 | CodeUser: 1 | CodePrintList: 63 | strCodeParent: lblID | strCodeMain: lblID
2025-10-27 10:29:29,027 [25] INFO  EgsReport.xrReports - strID: lblID | strFilter3: Code = 184571
2025-10-27 10:29:30,469 [25] INFO  CalcmenuAPI.CalcmenuAPI.PrinterController - FolderPath: C:\Data\COOP\RecipeStandardPrint\Export_134060057614333154.pdf
2025-10-27 10:29:30,469 [25] INFO  CalcmenuAPI.CalcmenuAPI.PrinterController - FolderURL: http://localhost:6735//Export_134060057614333154.pdf
2025-10-27 10:33:28,651 [36] INFO  CalcmenuAPI.Global_asax - CalcmenuAPI was started
2025-10-27 10:33:29,269 [17] INFO  CalcmenuAPI.CalcmenuAPI.PrinterController - standardPrinting started
2025-10-27 10:33:31,223 [17] INFO  CalcmenuAPI.CalcmenuAPI.PrinterController - Generated connection string: Data Source=cmc-sql-eu.database.windows.net;Initial Catalog=CMC_SodexoLu;Integrated Security=False;User ID=egsadmin;Password=**** for CodeUser: 64953
2025-10-27 10:33:31,225 [17] INFO  CalcmenuAPI.CalcmenuAPI.PrinterController - Debug is enabled using: Data source=WIN-38C5VTGNK0C\SQLEXPRESS2019;Initial Catalog=CMC_2025;User ID=egs.seiko;Password=IuDYGlh10p9$QWTs9^iD for CodeUser: 64953
2025-10-27 10:33:31,732 [17] INFO  EgsReport.clsReport - CreateReport_CMC
2025-10-27 10:33:49,153 [17] INFO  EgsReport.xrReports - StrCode: 184571 | CodeUser: 64953 | CodePrintList: 63 | strCodeParent: lblID | strCodeMain: lblID
2025-10-27 10:33:49,154 [17] INFO  EgsReport.xrReports - strID: lblID | strFilter3: Code = 184571
2025-10-27 10:33:50,502 [17] INFO  CalcmenuAPI.CalcmenuAPI.PrinterController - FolderPath: C:\Data\COOP\RecipeStandardPrint\Export_134060060117168201.pdf
2025-10-27 10:33:50,503 [17] INFO  CalcmenuAPI.CalcmenuAPI.PrinterController - FolderURL: http://localhost:6735//Export_134060060117168201.pdf
2025-10-27 10:35:14,845 [39] INFO  CalcmenuAPI.Global_asax - CalcmenuAPI was started
2025-10-27 10:35:15,532 [17] INFO  CalcmenuAPI.CalcmenuAPI.PrinterController - standardPrinting started
2025-10-27 10:35:17,401 [17] INFO  CalcmenuAPI.CalcmenuAPI.PrinterController - Generated connection string: Data Source=cmc-sql-eu.database.windows.net;Initial Catalog=CMC_SodexoLu;Integrated Security=False;User ID=egsadmin;Password=**** for CodeUser: 64953
2025-10-27 10:35:19,583 [17] INFO  EgsReport.clsReport - CreateReport_CMC
2025-10-27 10:36:09,847 [17] INFO  EgsReport.xrReports - StrCode: 8309 | CodeUser: 64953 | CodePrintList: 67 | strCodeParent:  | strCodeMain: 8309
2025-10-27 10:36:09,848 [17] INFO  EgsReport.xrReports - strID: 2059 | strFilter3: Code = 8309 AND CodeListeParent IS NULL AND CodeListeMain = 8309
2025-10-27 11:28:07,092 [17] INFO  CalcmenuAPI.CalcmenuAPI.PrinterController - Object reference not set to an instance of an object.
2025-10-27 11:31:11,357 [32] INFO  CalcmenuAPI.Global_asax - CalcmenuAPI was started
2025-10-27 11:31:11,813 [17] INFO  CalcmenuAPI.CalcmenuAPI.PrinterController - standardPrinting started
2025-10-27 11:31:13,604 [17] INFO  CalcmenuAPI.CalcmenuAPI.PrinterController - Generated connection string: Data Source=cmc-sql-eu.database.windows.net;Initial Catalog=CMC_SodexoLu;Integrated Security=False;User ID=egsadmin;Password=**** for CodeUser: 64953
2025-10-27 11:31:15,283 [17] INFO  EgsReport.clsReport - CreateReport_CMC
2025-10-27 11:32:44,935 [17] INFO  EgsReport.xrReports - StrCode: 8309 | CodeUser: 64953 | CodePrintList: 67 | strCodeParent:  | strCodeMain: 8309
2025-10-27 11:32:44,936 [17] INFO  EgsReport.xrReports - strID: 2059 | strFilter3: Code = 8309 AND CodeListeParent IS NULL AND CodeListeMain = 8309
2025-10-27 11:32:52,332 [17] INFO  CalcmenuAPI.CalcmenuAPI.PrinterController - Object reference not set to an instance of an object.
2025-10-27 11:42:10,948 [32] INFO  CalcmenuAPI.Global_asax - CalcmenuAPI was started
2025-10-27 11:42:11,485 [17] INFO  CalcmenuAPI.CalcmenuAPI.PrinterController - standardPrinting started
2025-10-27 11:42:13,209 [17] INFO  CalcmenuAPI.CalcmenuAPI.PrinterController - Generated connection string: Data Source=cmc-sql-eu.database.windows.net;Initial Catalog=CMC_SodexoLu;Integrated Security=False;User ID=egsadmin;Password=**** for CodeUser: 64953
2025-10-27 11:42:14,932 [17] INFO  EgsReport.clsReport - CreateReport_CMC
2025-10-27 11:42:33,770 [17] INFO  EgsReport.xrReports - StrCode: 8309 | CodeUser: 64953 | CodePrintList: 67 | strCodeParent:  | strCodeMain: 8309
2025-10-27 11:42:33,772 [17] INFO  EgsReport.xrReports - strID: 2059 | strFilter3: Code = 8309 AND CodeListeParent IS NULL AND CodeListeMain = 8309
2025-10-27 11:42:34,551 [17] INFO  EgsReport.StandardDetail - PRINT PICTURE 
2025-10-27 11:42:34,552 [17] INFO  EgsReport.StandardDetail - PRINT PICTURE C:\Data\COOP\RecipeStandardPrint\PicNormal\
2025-10-27 11:43:19,245 [17] INFO  CalcmenuAPI.CalcmenuAPI.PrinterController - Object reference not set to an instance of an object.
2025-10-27 11:48:11,722 [1] INFO  CalcmenuAPI.Global_asax - CalcmenuAPI was started
2025-10-27 11:48:12,160 [17] INFO  CalcmenuAPI.CalcmenuAPI.PrinterController - standardPrinting started
2025-10-27 11:48:14,181 [17] INFO  CalcmenuAPI.CalcmenuAPI.PrinterController - Generated connection string: Data Source=cmc-sql-eu.database.windows.net;Initial Catalog=CMC_SodexoLu;Integrated Security=False;User ID=egsadmin;Password=**** for CodeUser: 64953
2025-10-27 11:48:16,002 [17] INFO  EgsReport.clsReport - CreateReport_CMC
2025-10-27 11:48:34,068 [17] INFO  EgsReport.xrReports - StrCode: 8309 | CodeUser: 64953 | CodePrintList: 67 | strCodeParent:  | strCodeMain: 8309
2025-10-27 11:48:34,069 [17] INFO  EgsReport.xrReports - strID: 2059 | strFilter3: Code = 8309 AND CodeListeParent IS NULL AND CodeListeMain = 8309
2025-10-27 11:48:34,770 [17] INFO  EgsReport.StandardDetail - PRINT PICTURE 
2025-10-27 11:48:34,771 [17] INFO  EgsReport.StandardDetail - PRINT PICTURE C:\Data\COOP\RecipeStandardPrint\PicNormal\
2025-10-27 11:48:41,366 [17] INFO  CalcmenuAPI.CalcmenuAPI.PrinterController - FolderPath: C:\Data\COOP\RecipeStandardPrint\Export_134060104959901995.pdf
2025-10-27 11:48:41,371 [17] INFO  CalcmenuAPI.CalcmenuAPI.PrinterController - FolderURL: http://localhost:6735//Export_134060104959901995.pdf
