2025-02-28 00:04:29,863 [1] INFO  CalcmenuAPI.Global_asax - CalcmenuAPI was started
2025-02-28 00:04:30,970 [8] INFO  CalcmenuAPI.CalcmenuAPI.PrinterController - standardPrinting started
2025-02-28 00:04:32,556 [8] INFO  EgsReport.clsReport - CreateReport_Test
2025-02-28 00:04:32,557 [8] INFO  EgsReport.clsReport - 1
2025-02-28 00:04:32,822 [8] INFO  EgsReport.clsReport - 2
2025-02-28 00:04:49,588 [8] INFO  EgsReport.xrReports - StrCode: 61954 | CodeUser: 1 | CodePrintList: 562628 | strCodeParent:  | strCodeMain: 61954
2025-02-28 00:04:49,589 [8] INFO  EgsReport.xrReports - strID: 4285210 | strFilter3: Code = 61954 AND CodeListeParent IS NULL AND CodeListeMain = 61954
2025-02-28 00:04:54,378 [8] INFO  CalcmenuAPI.CalcmenuAPI.PrinterController - FolderPath: C:\Data\COOP\RecipeStandardPrint\Export_133851458725462664.pdf
2025-02-28 00:04:54,379 [8] INFO  CalcmenuAPI.CalcmenuAPI.PrinterController - FolderURL: http://localhost:6735//Export_133851458725462664.pdf
2025-02-28 00:06:16,285 [9] INFO  CalcmenuAPI.CalcmenuAPI.PrinterController - standardPrinting started
2025-02-28 00:06:16,624 [9] INFO  EgsReport.clsReport - CreateReport_Test
2025-02-28 00:06:16,625 [9] INFO  EgsReport.clsReport - 1
2025-02-28 00:06:16,819 [9] INFO  EgsReport.clsReport - 2
2025-02-28 00:06:34,680 [9] INFO  EgsReport.xrReports - StrCode: 61954 | CodeUser: 1 | CodePrintList: 562628 | strCodeParent:  | strCodeMain: 61954
2025-02-28 00:06:34,680 [9] INFO  EgsReport.xrReports - strID: 4285210 | strFilter3: Code = 61954 AND CodeListeParent IS NULL AND CodeListeMain = 61954
2025-02-28 00:06:37,770 [9] INFO  CalcmenuAPI.CalcmenuAPI.PrinterController - FolderPath: C:\Data\COOP\RecipeStandardPrint\Export_133851459766244132.pdf
2025-02-28 00:06:37,771 [9] INFO  CalcmenuAPI.CalcmenuAPI.PrinterController - FolderURL: http://localhost:6735//Export_133851459766244132.pdf
2025-02-28 00:18:26,626 [9] INFO  CalcmenuAPI.CalcmenuAPI.PrinterController - standardPrinting started
2025-02-28 00:18:27,089 [9] INFO  EgsReport.clsReport - CreateReport_Test
2025-02-28 00:18:27,090 [9] INFO  EgsReport.clsReport - 1
2025-02-28 00:18:27,276 [9] INFO  EgsReport.clsReport - 2
2025-02-28 00:18:43,921 [9] INFO  EgsReport.xrReports - StrCode: 61954 | CodeUser: 1 | CodePrintList: 562628 | strCodeParent:  | strCodeMain: 61954
2025-02-28 00:18:43,922 [9] INFO  EgsReport.xrReports - strID: 4285210 | strFilter3: Code = 61954 AND CodeListeParent IS NULL AND CodeListeMain = 61954
2025-02-28 00:18:48,069 [9] INFO  CalcmenuAPI.CalcmenuAPI.PrinterController - FolderPath: C:\Data\COOP\RecipeStandardPrint\Export_133851467070890108.pdf
2025-02-28 00:18:48,069 [9] INFO  CalcmenuAPI.CalcmenuAPI.PrinterController - FolderURL: http://localhost:6735//Export_133851467070890108.pdf
2025-02-28 00:29:16,050 [9] INFO  CalcmenuAPI.CalcmenuAPI.PrinterController - standardPrinting started
2025-02-28 00:29:16,340 [9] INFO  EgsReport.clsReport - CreateReport_Test
2025-02-28 00:29:16,341 [9] INFO  EgsReport.clsReport - 1
2025-02-28 00:29:16,533 [9] INFO  EgsReport.clsReport - 2
2025-02-28 00:29:33,098 [9] INFO  EgsReport.xrReports - StrCode: 61954 | CodeUser: 1 | CodePrintList: 562628 | strCodeParent:  | strCodeMain: 61954
2025-02-28 00:29:33,099 [9] INFO  EgsReport.xrReports - strID: 4285210 | strFilter3: Code = 61954 AND CodeListeParent IS NULL AND CodeListeMain = 61954
2025-02-28 00:29:37,389 [9] INFO  CalcmenuAPI.CalcmenuAPI.PrinterController - FolderPath: C:\Data\COOP\RecipeStandardPrint\Export_133851473563407199.pdf
2025-02-28 00:29:37,390 [9] INFO  CalcmenuAPI.CalcmenuAPI.PrinterController - FolderURL: http://localhost:6735//Export_133851473563407199.pdf
2025-02-28 00:29:39,870 [9] INFO  CalcmenuAPI.CalcmenuAPI.PrinterController - standardPrinting started
2025-02-28 00:29:40,156 [9] INFO  EgsReport.clsReport - CreateReport_Test
2025-02-28 00:29:40,157 [9] INFO  EgsReport.clsReport - 1
2025-02-28 00:29:40,344 [9] INFO  EgsReport.clsReport - 2
2025-02-28 00:29:56,957 [9] INFO  EgsReport.xrReports - StrCode: 61954 | CodeUser: 1 | CodePrintList: 562628 | strCodeParent:  | strCodeMain: 61954
2025-02-28 00:29:56,957 [9] INFO  EgsReport.xrReports - strID: 4285210 | strFilter3: Code = 61954 AND CodeListeParent IS NULL AND CodeListeMain = 61954
2025-02-28 00:30:00,041 [9] INFO  CalcmenuAPI.CalcmenuAPI.PrinterController - FolderPath: C:\Data\COOP\RecipeStandardPrint\Export_133851473801562545.pdf
2025-02-28 00:30:00,041 [9] INFO  CalcmenuAPI.CalcmenuAPI.PrinterController - FolderURL: http://localhost:6735//Export_133851473801562545.pdf
2025-02-28 00:30:27,786 [9] INFO  CalcmenuAPI.CalcmenuAPI.PrinterController - standardPrinting started
2025-02-28 00:30:28,076 [9] INFO  EgsReport.clsReport - CreateReport_Test
2025-02-28 00:30:28,076 [9] INFO  EgsReport.clsReport - 1
2025-02-28 00:30:28,264 [9] INFO  EgsReport.clsReport - 2
2025-02-28 00:30:45,303 [9] INFO  EgsReport.xrReports - StrCode: 61954 | CodeUser: 1 | CodePrintList: 562628 | strCodeParent:  | strCodeMain: 61954
2025-02-28 00:30:45,304 [9] INFO  EgsReport.xrReports - strID: 4285210 | strFilter3: Code = 61954 AND CodeListeParent IS NULL AND CodeListeMain = 61954
2025-02-28 00:30:47,400 [9] INFO  CalcmenuAPI.CalcmenuAPI.PrinterController - FolderPath: C:\Data\COOP\RecipeStandardPrint\Export_133851474280768288.pdf
2025-02-28 00:30:47,401 [9] INFO  CalcmenuAPI.CalcmenuAPI.PrinterController - FolderURL: http://localhost:6735//Export_133851474280768288.pdf
2025-02-28 01:01:03,393 [1] INFO  CalcmenuAPI.Global_asax - CalcmenuAPI was started
2025-02-28 01:01:04,552 [5] INFO  CalcmenuAPI.CalcmenuAPI.PrinterController - standardPrinting started
2025-02-28 01:01:06,055 [5] INFO  EgsReport.clsReport - CreateReport_Test
2025-02-28 01:01:06,056 [5] INFO  EgsReport.clsReport - 1
2025-02-28 01:01:06,318 [5] INFO  EgsReport.clsReport - 2
2025-02-28 01:01:24,149 [5] INFO  EgsReport.xrReports - StrCode: 61954 | CodeUser: 1 | CodePrintList: 562628 | strCodeParent:  | strCodeMain: 61954
2025-02-28 01:01:24,150 [5] INFO  EgsReport.xrReports - strID: 4285210 | strFilter3: Code = 61954 AND CodeListeParent IS NULL AND CodeListeMain = 61954
2025-02-28 01:01:28,369 [5] INFO  CalcmenuAPI.CalcmenuAPI.PrinterController - FolderPath: C:\Data\COOP\RecipeStandardPrint\Export_133851492660452267.pdf
2025-02-28 01:01:28,370 [5] INFO  CalcmenuAPI.CalcmenuAPI.PrinterController - FolderURL: http://localhost:6735//Export_133851492660452267.pdf
2025-02-28 01:02:40,852 [8] INFO  CalcmenuAPI.CalcmenuAPI.PrinterController - standardPrinting started
2025-02-28 01:02:41,142 [8] INFO  EgsReport.clsReport - CreateReport_Test
2025-02-28 01:02:41,142 [8] INFO  EgsReport.clsReport - 1
2025-02-28 01:02:41,329 [8] INFO  EgsReport.clsReport - 2
2025-02-28 01:02:57,906 [8] INFO  EgsReport.xrReports - StrCode: 61954 | CodeUser: 1 | CodePrintList: 562628 | strCodeParent:  | strCodeMain: 61954
2025-02-28 01:02:57,906 [8] INFO  EgsReport.xrReports - strID: 4285210 | strFilter3: Code = 61954 AND CodeListeParent IS NULL AND CodeListeMain = 61954
2025-02-28 01:03:00,837 [8] INFO  CalcmenuAPI.CalcmenuAPI.PrinterController - FolderPath: C:\Data\COOP\RecipeStandardPrint\Export_133851493611421128.pdf
2025-02-28 01:03:00,837 [8] INFO  CalcmenuAPI.CalcmenuAPI.PrinterController - FolderURL: http://localhost:6735//Export_133851493611421128.pdf
2025-02-28 01:43:01,394 [9] INFO  CalcmenuAPI.Global_asax - CalcmenuAPI was started
2025-02-28 01:43:02,131 [26] INFO  CalcmenuAPI.CalcmenuAPI.PrinterController - standardPrinting started
2025-02-28 01:43:04,195 [26] INFO  EgsReport.clsReport - CreateReport_Test
2025-02-28 01:43:04,198 [26] INFO  EgsReport.clsReport - 1
2025-02-28 01:43:04,402 [26] INFO  EgsReport.clsReport - 2
2025-02-28 01:43:22,023 [26] INFO  EgsReport.xrReports - StrCode: 61954 | CodeUser: 1 | CodePrintList: 562628 | strCodeParent:  | strCodeMain: 61954
2025-02-28 01:43:22,028 [26] INFO  EgsReport.xrReports - strID: 4285210 | strFilter3: Code = 61954 AND CodeListeParent IS NULL AND CodeListeMain = 61954
2025-02-28 01:43:33,860 [26] INFO  CalcmenuAPI.CalcmenuAPI.PrinterController - FolderPath: C:\Data\COOP\RecipeStandardPrint\Export_133851517841879202.pdf
2025-02-28 01:43:33,860 [26] INFO  CalcmenuAPI.CalcmenuAPI.PrinterController - FolderURL: http://localhost:6735//Export_133851517841879202.pdf
2025-02-28 01:47:03,182 [26] INFO  CalcmenuAPI.CalcmenuAPI.PrinterController - standardPrinting started
2025-02-28 01:47:03,813 [26] INFO  EgsReport.clsReport - CreateReport_Test
2025-02-28 01:47:03,814 [26] INFO  EgsReport.clsReport - 1
2025-02-28 01:47:04,135 [26] INFO  EgsReport.clsReport - 2
2025-02-28 01:47:22,145 [26] INFO  EgsReport.xrReports - StrCode: 56777 | CodeUser: 1 | CodePrintList: 562629 | strCodeParent:  | strCodeMain: 56777
2025-02-28 01:47:22,147 [26] INFO  EgsReport.xrReports - strID: 4285211 | strFilter3: Code = 56777 AND CodeListeParent IS NULL AND CodeListeMain = 56777
2025-02-28 01:47:25,749 [26] INFO  CalcmenuAPI.CalcmenuAPI.PrinterController - FolderPath: C:\Data\COOP\RecipeStandardPrint\Export_133851520238136576.pdf
2025-02-28 01:47:25,750 [26] INFO  CalcmenuAPI.CalcmenuAPI.PrinterController - FolderURL: http://localhost:6735//Export_133851520238136576.pdf
2025-02-28 01:47:56,151 [26] INFO  CalcmenuAPI.CalcmenuAPI.PrinterController - standardPrinting started
2025-02-28 01:47:56,750 [26] INFO  EgsReport.clsReport - CreateReport_Test
2025-02-28 01:47:56,751 [26] INFO  EgsReport.clsReport - 1
2025-02-28 01:47:56,940 [26] INFO  EgsReport.clsReport - 2
2025-02-28 01:48:14,251 [26] INFO  EgsReport.xrReports - StrCode: 56777 | CodeUser: 1 | CodePrintList: 562629 | strCodeParent:  | strCodeMain: 56777
2025-02-28 01:48:14,263 [26] INFO  EgsReport.xrReports - strID: 4285211 | strFilter3: Code = 56777 AND CodeListeParent IS NULL AND CodeListeMain = 56777
2025-02-28 01:48:18,084 [26] INFO  CalcmenuAPI.CalcmenuAPI.PrinterController - FolderPath: C:\Data\COOP\RecipeStandardPrint\Export_133851520767509475.pdf
2025-02-28 01:48:18,085 [26] INFO  CalcmenuAPI.CalcmenuAPI.PrinterController - FolderURL: http://localhost:6735//Export_133851520767509475.pdf
2025-02-28 02:17:17,328 [27] INFO  CalcmenuAPI.Global_asax - CalcmenuAPI was started
2025-02-28 02:17:17,985 [36] INFO  CalcmenuAPI.CalcmenuAPI.PrinterController - standardPrinting started
2025-02-28 02:17:21,333 [36] INFO  EgsReport.clsReport - CreateReport_Test
2025-02-28 02:17:21,334 [36] INFO  EgsReport.clsReport - 1
2025-02-28 02:17:21,531 [36] INFO  EgsReport.clsReport - 2
2025-02-28 02:17:39,127 [36] INFO  EgsReport.xrReports - StrCode: 56777 | CodeUser: 1 | CodePrintList: 562629 | strCodeParent:  | strCodeMain: 56777
2025-02-28 02:17:39,128 [36] INFO  EgsReport.xrReports - strID: 4285211 | strFilter3: Code = 56777 AND CodeListeParent IS NULL AND CodeListeMain = 56777
2025-02-28 02:17:46,491 [36] INFO  CalcmenuAPI.CalcmenuAPI.PrinterController - FolderPath: C:\Data\COOP\RecipeStandardPrint\Export_133851538413257365.pdf
2025-02-28 02:17:46,492 [36] INFO  CalcmenuAPI.CalcmenuAPI.PrinterController - FolderURL: http://localhost:6735//Export_133851538413257365.pdf
2025-02-28 02:19:51,530 [27] INFO  CalcmenuAPI.Global_asax - CalcmenuAPI was started
2025-02-28 02:19:52,264 [36] INFO  CalcmenuAPI.CalcmenuAPI.PrinterController - standardPrinting started
2025-02-28 02:19:53,944 [36] INFO  EgsReport.clsReport - CreateReport_Test
2025-02-28 02:19:53,946 [36] INFO  EgsReport.clsReport - 1
2025-02-28 02:19:54,164 [36] INFO  EgsReport.clsReport - 2
2025-02-28 02:20:17,941 [36] INFO  EgsReport.xrReports - StrCode: 56777 | CodeUser: 1 | CodePrintList: 562629 | strCodeParent:  | strCodeMain: 56777
2025-02-28 02:20:17,942 [36] INFO  EgsReport.xrReports - strID: 4285211 | strFilter3: Code = 56777 AND CodeListeParent IS NULL AND CodeListeMain = 56777
2025-02-28 02:20:22,793 [36] INFO  CalcmenuAPI.CalcmenuAPI.PrinterController - FolderPath: C:\Data\COOP\RecipeStandardPrint\Export_133851539939304718.pdf
2025-02-28 02:20:22,793 [36] INFO  CalcmenuAPI.CalcmenuAPI.PrinterController - FolderURL: http://localhost:6735//Export_133851539939304718.pdf
2025-02-28 02:20:41,470 [36] INFO  CalcmenuAPI.CalcmenuAPI.PrinterController - standardPrinting started
2025-02-28 02:20:41,765 [36] INFO  EgsReport.clsReport - CreateReport_Test
2025-02-28 02:20:41,766 [36] INFO  EgsReport.clsReport - 1
2025-02-28 02:20:41,954 [36] INFO  EgsReport.clsReport - 2
2025-02-28 02:20:59,379 [36] INFO  EgsReport.xrReports - StrCode: 61954 | CodeUser: 1 | CodePrintList: 562628 | strCodeParent:  | strCodeMain: 61954
2025-02-28 02:20:59,379 [36] INFO  EgsReport.xrReports - strID: 4285210 | strFilter3: Code = 61954 AND CodeListeParent IS NULL AND CodeListeMain = 61954
2025-02-28 02:21:02,375 [36] INFO  CalcmenuAPI.CalcmenuAPI.PrinterController - FolderPath: C:\Data\COOP\RecipeStandardPrint\Export_133851540417651768.pdf
2025-02-28 02:21:02,375 [36] INFO  CalcmenuAPI.CalcmenuAPI.PrinterController - FolderURL: http://localhost:6735//Export_133851540417651768.pdf
2025-02-28 02:21:52,502 [7] INFO  CalcmenuAPI.CalcmenuAPI.PrinterController - standardPrinting started
2025-02-28 02:21:52,804 [7] INFO  EgsReport.clsReport - CreateReport_Test
2025-02-28 02:21:52,806 [7] INFO  EgsReport.clsReport - 1
2025-02-28 02:21:52,992 [7] INFO  EgsReport.clsReport - 2
2025-02-28 02:22:10,244 [7] INFO  EgsReport.xrReports - StrCode: 61954 | CodeUser: 1 | CodePrintList: 562628 | strCodeParent:  | strCodeMain: 61954
2025-02-28 02:22:10,246 [7] INFO  EgsReport.xrReports - strID: 4285210 | strFilter3: Code = 61954 AND CodeListeParent IS NULL AND CodeListeMain = 61954
2025-02-28 02:22:12,416 [7] INFO  CalcmenuAPI.CalcmenuAPI.PrinterController - FolderPath: C:\Data\COOP\RecipeStandardPrint\Export_133851541128046451.pdf
2025-02-28 02:22:12,416 [7] INFO  CalcmenuAPI.CalcmenuAPI.PrinterController - FolderURL: http://localhost:6735//Export_133851541128046451.pdf
2025-02-28 02:23:12,536 [7] INFO  CalcmenuAPI.CalcmenuAPI.PrinterController - standardPrinting started
2025-02-28 02:23:13,121 [7] INFO  EgsReport.clsReport - CreateReport_Test
2025-02-28 02:23:13,122 [7] INFO  EgsReport.clsReport - 1
2025-02-28 02:23:13,311 [7] INFO  EgsReport.clsReport - 2
2025-02-28 02:23:31,665 [7] INFO  EgsReport.xrReports - StrCode: 56777 | CodeUser: 1 | CodePrintList: 562629 | strCodeParent:  | strCodeMain: 56777
2025-02-28 02:23:31,665 [7] INFO  EgsReport.xrReports - strID: 4285211 | strFilter3: Code = 56777 AND CodeListeParent IS NULL AND CodeListeMain = 56777
2025-02-28 02:23:36,245 [7] INFO  CalcmenuAPI.CalcmenuAPI.PrinterController - FolderPath: C:\Data\COOP\RecipeStandardPrint\Export_133851541931210601.pdf
2025-02-28 02:23:36,245 [7] INFO  CalcmenuAPI.CalcmenuAPI.PrinterController - FolderURL: http://localhost:6735//Export_133851541931210601.pdf
2025-02-28 02:24:58,298 [7] INFO  CalcmenuAPI.CalcmenuAPI.PrinterController - standardPrinting started
2025-02-28 02:25:00,039 [7] INFO  EgsReport.clsReport - CreateReport_Test
2025-02-28 02:25:00,039 [7] INFO  EgsReport.clsReport - 1
2025-02-28 02:25:00,274 [7] INFO  EgsReport.clsReport - 2
2025-02-28 02:25:17,662 [7] INFO  EgsReport.xrReports - StrCode: 56777 | CodeUser: 1 | CodePrintList: 562629 | strCodeParent:  | strCodeMain: 56777
2025-02-28 02:25:17,663 [7] INFO  EgsReport.xrReports - strID: 4285211 | strFilter3: Code = 56777 AND CodeListeParent IS NULL AND CodeListeMain = 56777
2025-02-28 02:25:20,808 [7] INFO  CalcmenuAPI.CalcmenuAPI.PrinterController - FolderPath: C:\Data\COOP\RecipeStandardPrint\Export_133851543000392056.pdf
2025-02-28 02:25:20,809 [7] INFO  CalcmenuAPI.CalcmenuAPI.PrinterController - FolderURL: http://localhost:6735//Export_133851543000392056.pdf
2025-02-28 02:25:25,978 [24] INFO  CalcmenuAPI.CalcmenuAPI.PrinterController - standardPrinting started
2025-02-28 02:25:26,445 [24] INFO  EgsReport.clsReport - CreateReport_Test
2025-02-28 02:25:26,445 [24] INFO  EgsReport.clsReport - 1
2025-02-28 02:25:26,635 [24] INFO  EgsReport.clsReport - 2
2025-02-28 02:25:47,502 [24] INFO  EgsReport.xrReports - StrCode: 61954 | CodeUser: 1 | CodePrintList: 562628 | strCodeParent:  | strCodeMain: 61954
2025-02-28 02:25:47,502 [24] INFO  EgsReport.xrReports - strID: 4285210 | strFilter3: Code = 61954 AND CodeListeParent IS NULL AND CodeListeMain = 61954
2025-02-28 02:25:49,461 [24] INFO  CalcmenuAPI.CalcmenuAPI.PrinterController - FolderPath: C:\Data\COOP\RecipeStandardPrint\Export_133851543264450331.pdf
2025-02-28 02:25:49,462 [24] INFO  CalcmenuAPI.CalcmenuAPI.PrinterController - FolderURL: http://localhost:6735//Export_133851543264450331.pdf
2025-02-28 02:26:48,987 [7] INFO  CalcmenuAPI.CalcmenuAPI.PrinterController - standardPrinting started
2025-02-28 02:26:49,365 [7] INFO  EgsReport.clsReport - CreateReport_Test
2025-02-28 02:26:49,366 [7] INFO  EgsReport.clsReport - 1
2025-02-28 02:26:49,557 [7] INFO  EgsReport.clsReport - 2
2025-02-28 02:27:06,506 [7] INFO  EgsReport.xrReports - StrCode: 61954 | CodeUser: 1 | CodePrintList: 562628 | strCodeParent:  | strCodeMain: 61954
2025-02-28 02:27:06,507 [7] INFO  EgsReport.xrReports - strID: 4285210 | strFilter3: Code = 61954 AND CodeListeParent IS NULL AND CodeListeMain = 61954
2025-02-28 02:27:08,685 [7] INFO  CalcmenuAPI.CalcmenuAPI.PrinterController - FolderPath: C:\Data\COOP\RecipeStandardPrint\Export_133851544093659429.pdf
2025-02-28 02:27:08,685 [7] INFO  CalcmenuAPI.CalcmenuAPI.PrinterController - FolderURL: http://localhost:6735//Export_133851544093659429.pdf
2025-02-28 02:29:18,116 [7] INFO  CalcmenuAPI.CalcmenuAPI.PrinterController - standardPrinting started
2025-02-28 02:29:18,414 [7] INFO  EgsReport.clsReport - CreateReport_Test
2025-02-28 02:29:18,415 [7] INFO  EgsReport.clsReport - 1
2025-02-28 02:29:18,601 [7] INFO  EgsReport.clsReport - 2
2025-02-28 02:29:35,552 [7] INFO  EgsReport.xrReports - StrCode: 61954 | CodeUser: 1 | CodePrintList: 562628 | strCodeParent:  | strCodeMain: 61954
2025-02-28 02:29:35,553 [7] INFO  EgsReport.xrReports - strID: 4285210 | strFilter3: Code = 61954 AND CodeListeParent IS NULL AND CodeListeMain = 61954
2025-02-28 02:29:38,742 [7] INFO  CalcmenuAPI.CalcmenuAPI.PrinterController - FolderPath: C:\Data\COOP\RecipeStandardPrint\Export_133851545584141534.pdf
2025-02-28 02:29:38,743 [7] INFO  CalcmenuAPI.CalcmenuAPI.PrinterController - FolderURL: http://localhost:6735//Export_133851545584141534.pdf
2025-02-28 02:31:47,498 [7] INFO  CalcmenuAPI.CalcmenuAPI.PrinterController - standardPrinting started
2025-02-28 02:31:47,686 [7] INFO  EgsReport.clsReport - CreateReport_Test
2025-02-28 02:31:47,687 [7] INFO  EgsReport.clsReport - 1
2025-02-28 02:31:47,872 [7] INFO  EgsReport.clsReport - 2
2025-02-28 02:32:07,379 [7] INFO  CalcmenuAPI.CalcmenuAPI.PrinterController - FolderPath: C:\Data\COOP\RecipeStandardPrint\Export_133851547076864776.pdf
2025-02-28 02:32:07,380 [7] INFO  CalcmenuAPI.CalcmenuAPI.PrinterController - FolderURL: http://localhost:6735//Export_133851547076864776.pdf
2025-02-28 02:59:31,419 [1] INFO  CalcmenuAPI.Global_asax - CalcmenuAPI was started
2025-02-28 02:59:33,164 [5] INFO  CalcmenuAPI.CalcmenuAPI.PrinterController - standardPrinting started
2025-02-28 02:59:34,559 [5] INFO  EgsReport.clsReport - CreateReport_Test
2025-02-28 02:59:34,561 [5] INFO  EgsReport.clsReport - 1
2025-02-28 02:59:34,881 [5] INFO  EgsReport.clsReport - 2
2025-02-28 03:00:41,306 [5] INFO  CalcmenuAPI.CalcmenuAPI.PrinterController - A transport-level error has occurred when receiving results from the server. (provider: TCP Provider, error: 0 - The semaphore timeout period has expired.)
2025-02-28 03:01:15,119 [5] INFO  CalcmenuAPI.CalcmenuAPI.PrinterController - standardPrinting started
2025-02-28 03:01:37,541 [5] INFO  CalcmenuAPI.CalcmenuAPI.PrinterController - A network-related or instance-specific error occurred while establishing a connection to SQL Server. The server was not found or was not accessible. Verify that the instance name is correct and that SQL Server is configured to allow remote connections. (provider: TCP Provider, error: 0 - No such host is known.)
2025-02-28 03:03:50,458 [6] INFO  CalcmenuAPI.CalcmenuAPI.PrinterController - standardPrinting started
2025-02-28 03:03:51,827 [6] INFO  EgsReport.clsReport - CreateReport_Test
2025-02-28 03:03:51,827 [6] INFO  EgsReport.clsReport - 1
2025-02-28 03:03:52,017 [6] INFO  EgsReport.clsReport - 2
2025-02-28 03:04:11,624 [6] INFO  CalcmenuAPI.CalcmenuAPI.PrinterController - FolderPath: C:\Data\COOP\RecipeStandardPrint\Export_133851566318274794.pdf
2025-02-28 03:04:11,625 [6] INFO  CalcmenuAPI.CalcmenuAPI.PrinterController - FolderURL: http://localhost:6735//Export_133851566318274794.pdf
