2025-12-02 01:31:24,867 [18] INFO  CalcmenuAPI.Global_asax - CalcmenuAPI was started
2025-12-02 01:31:25,812 [87] INFO  CalcmenuAPI.CalcmenuAPI.PrinterController - standardPrinting started
2025-12-02 01:31:27,073 [87] INFO  CalcmenuAPI.Common - Generated connection string: Data Source=139.135.145.139,1501;Initial Catalog=CMC_2025;Integrated Security=False;User ID=egs.seiko;Password=**** for CodeUser: 64039
2025-12-02 01:31:27,073 [87] INFO  CalcmenuAPI.Common - Debug is enabled using: Data source=WIN-38C5VTGNK0C\SQLEXPRESS2019;Initial Catalog=CMC_2025;User ID=egs.seiko;Password=IuDYGlh10p9$QWTs9^iD for CodeUser: 64039
2025-12-02 01:32:03,134 [87] INFO  EgsReport.clsReport - CreateReport_CMC
2025-12-02 01:32:03,696 [87] INFO  EgsReport.xrReports - StrCode: 87010 | CodeUser: 64039 | CodePrintList: 1334 | strCodeParent:  | strCodeMain: 87010
2025-12-02 01:32:03,697 [87] INFO  EgsReport.xrReports - strID: 3042 | strFilter3: Code = 87010 AND CodeListeParent IS NULL AND CodeListeMain = 87010
2025-12-02 01:32:39,420 [87] INFO  CalcmenuAPI.CalcmenuAPI.PrinterController - Column 'CoreCodeGroup' does not belong to table Table1.
2025-12-02 01:32:46,764 [87] INFO  CalcmenuAPI.CalcmenuAPI.PrinterController - standardPrinting started
2025-12-02 01:32:47,032 [87] INFO  CalcmenuAPI.Common - Generated connection string: Data Source=139.135.145.139,1501;Initial Catalog=CMC_2025;Integrated Security=False;User ID=egs.seiko;Password=**** for CodeUser: 64039
2025-12-02 01:32:47,033 [87] INFO  CalcmenuAPI.Common - Debug is enabled using: Data source=WIN-38C5VTGNK0C\SQLEXPRESS2019;Initial Catalog=CMC_2025;User ID=egs.seiko;Password=IuDYGlh10p9$QWTs9^iD for CodeUser: 64039
2025-12-02 01:33:23,490 [87] INFO  EgsReport.clsReport - CreateReport_CMC
2025-12-02 01:33:23,535 [87] INFO  EgsReport.xrReports - StrCode: 87010 | CodeUser: 64039 | CodePrintList: 1334 | strCodeParent:  | strCodeMain: 87010
2025-12-02 01:33:23,536 [87] INFO  EgsReport.xrReports - strID: 3042 | strFilter3: Code = 87010 AND CodeListeParent IS NULL AND CodeListeMain = 87010
2025-12-02 01:35:39,444 [87] INFO  CalcmenuAPI.CalcmenuAPI.PrinterController - Column 'CoreCodeGroup' does not belong to table Table1.
2025-12-02 01:35:45,750 [87] INFO  CalcmenuAPI.CalcmenuAPI.PrinterController - standardPrinting started
2025-12-02 01:35:46,033 [87] INFO  CalcmenuAPI.Common - Generated connection string: Data Source=139.135.145.139,1501;Initial Catalog=CMC_2025;Integrated Security=False;User ID=egs.seiko;Password=**** for CodeUser: 64039
2025-12-02 01:35:46,033 [87] INFO  CalcmenuAPI.Common - Debug is enabled using: Data source=WIN-38C5VTGNK0C\SQLEXPRESS2019;Initial Catalog=CMC_2025;User ID=egs.seiko;Password=IuDYGlh10p9$QWTs9^iD for CodeUser: 64039
2025-12-02 01:36:23,181 [87] INFO  EgsReport.clsReport - CreateReport_CMC
2025-12-02 01:36:23,227 [87] INFO  EgsReport.xrReports - StrCode: 87010 | CodeUser: 64039 | CodePrintList: 1334 | strCodeParent:  | strCodeMain: 87010
2025-12-02 01:36:23,228 [87] INFO  EgsReport.xrReports - strID: 3042 | strFilter3: Code = 87010 AND CodeListeParent IS NULL AND CodeListeMain = 87010
2025-12-02 01:36:59,846 [87] INFO  CalcmenuAPI.CalcmenuAPI.PrinterController - Column 'CoreCodeGroup' does not belong to table Table1.
2025-12-02 01:37:04,479 [87] INFO  CalcmenuAPI.CalcmenuAPI.PrinterController - standardPrinting started
2025-12-02 01:37:04,762 [87] INFO  CalcmenuAPI.Common - Generated connection string: Data Source=139.135.145.139,1501;Initial Catalog=CMC_2025;Integrated Security=False;User ID=egs.seiko;Password=**** for CodeUser: 64039
2025-12-02 01:37:04,762 [87] INFO  CalcmenuAPI.Common - Debug is enabled using: Data source=WIN-38C5VTGNK0C\SQLEXPRESS2019;Initial Catalog=CMC_2025;User ID=egs.seiko;Password=IuDYGlh10p9$QWTs9^iD for CodeUser: 64039
2025-12-02 01:37:45,948 [87] INFO  EgsReport.clsReport - CreateReport_CMC
2025-12-02 01:37:45,991 [87] INFO  EgsReport.xrReports - StrCode: 87010 | CodeUser: 64039 | CodePrintList: 1334 | strCodeParent:  | strCodeMain: 87010
2025-12-02 01:37:45,992 [87] INFO  EgsReport.xrReports - strID: 3042 | strFilter3: Code = 87010 AND CodeListeParent IS NULL AND CodeListeMain = 87010
2025-12-02 01:37:47,942 [87] INFO  EgsReport.StandardDetail - PRINT PICTURE 
2025-12-02 01:37:47,942 [87] INFO  EgsReport.StandardDetail - PRINT PICTURE https://cmc-assets.calcmenu.com/images/CMC_CRRSionQA/2S2C94ABVHANI0FQ5LR19AH3C/picThumbnail/
2025-12-02 01:37:48,570 [87] INFO  CalcmenuAPI.CalcmenuAPI.PrinterController - FolderPath: C:\App\CalcmenuAPI-v7.0.48_COOP_Gastro_CMC (2)\CalcmenuAPI-v7.0.48_COOP_Gastro_CMC\EgsReport\Report\Export_134090842659486231.pdf
2025-12-02 01:37:48,570 [87] INFO  CalcmenuAPI.CalcmenuAPI.PrinterController - FolderURL: http://localhost:6735//Export_134090842659486231.pdf
2025-12-02 01:39:20,261 [96] INFO  CalcmenuAPI.CalcmenuAPI.PrinterController - standardPrinting started
2025-12-02 01:39:20,539 [96] INFO  CalcmenuAPI.Common - Generated connection string: Data Source=139.135.145.139,1501;Initial Catalog=CMC_2025;Integrated Security=False;User ID=egs.seiko;Password=**** for CodeUser: 64039
2025-12-02 01:39:20,540 [96] INFO  CalcmenuAPI.Common - Debug is enabled using: Data source=WIN-38C5VTGNK0C\SQLEXPRESS2019;Initial Catalog=CMC_2025;User ID=egs.seiko;Password=IuDYGlh10p9$QWTs9^iD for CodeUser: 64039
2025-12-02 01:39:20,713 [96] INFO  EgsReport.clsReport - CreateReport_CMC
2025-12-02 01:39:21,087 [96] INFO  EgsReport.xrReports - StrCode: 112874 | CodeUser: 64039 | CodePrintList: 1335 | strCodeParent:  | strCodeMain: 112874
2025-12-02 01:39:21,087 [96] INFO  EgsReport.xrReports - strID: 3142 | strFilter3: Code = 112874 AND CodeListeParent IS NULL AND CodeListeMain = 112874
2025-12-02 01:39:21,245 [96] INFO  CalcmenuAPI.CalcmenuAPI.PrinterController - FolderPath: C:\App\CalcmenuAPI-v7.0.48_COOP_Gastro_CMC (2)\CalcmenuAPI-v7.0.48_COOP_Gastro_CMC\EgsReport\Report\Export_134090843607134541.pdf
2025-12-02 01:39:21,246 [96] INFO  CalcmenuAPI.CalcmenuAPI.PrinterController - FolderURL: http://localhost:6735//Export_134090843607134541.pdf
2025-12-02 01:41:00,271 [92] INFO  CalcmenuAPI.CalcmenuAPI.PrinterController - standardPrinting started
2025-12-02 01:41:00,554 [92] INFO  CalcmenuAPI.Common - Generated connection string: Data Source=139.135.145.139,1501;Initial Catalog=CMC_2025;Integrated Security=False;User ID=egs.seiko;Password=**** for CodeUser: 64039
2025-12-02 01:41:00,555 [92] INFO  CalcmenuAPI.Common - Debug is enabled using: Data source=WIN-38C5VTGNK0C\SQLEXPRESS2019;Initial Catalog=CMC_2025;User ID=egs.seiko;Password=IuDYGlh10p9$QWTs9^iD for CodeUser: 64039
2025-12-02 01:41:37,573 [92] INFO  EgsReport.clsReport - CreateReport_CMC
2025-12-02 01:41:37,616 [92] INFO  EgsReport.xrReports - StrCode: 87010 | CodeUser: 64039 | CodePrintList: 1334 | strCodeParent:  | strCodeMain: 87010
2025-12-02 01:41:37,617 [92] INFO  EgsReport.xrReports - strID: 3042 | strFilter3: Code = 87010 AND CodeListeParent IS NULL AND CodeListeMain = 87010
2025-12-02 01:41:38,757 [92] INFO  EgsReport.StandardDetail - PRINT PICTURE 
2025-12-02 01:41:38,758 [92] INFO  EgsReport.StandardDetail - PRINT PICTURE https://cmc-assets.calcmenu.com/images/CMC_CRRSionQA/2S2C94ABVHANI0FQ5LR19AH3C/picThumbnail/
2025-12-02 01:41:38,947 [92] INFO  CalcmenuAPI.CalcmenuAPI.PrinterController - FolderPath: C:\App\CalcmenuAPI-v7.0.48_COOP_Gastro_CMC (2)\CalcmenuAPI-v7.0.48_COOP_Gastro_CMC\EgsReport\Report\Export_134090844975732798.pdf
2025-12-02 01:41:38,948 [92] INFO  CalcmenuAPI.CalcmenuAPI.PrinterController - FolderURL: http://localhost:6735//Export_134090844975732798.pdf
