2025-02-27 20:33:18,259 [1] INFO  CalcmenuAPI.Global_asax - CalcmenuAPI was started
2025-02-27 20:33:19,537 [8] INFO  CalcmenuAPI.CalcmenuAPI.PrinterController - standardPrinting started
2025-02-27 20:33:21,053 [8] INFO  EgsReport.clsReport - CreateReport_Test
2025-02-27 20:33:21,054 [8] INFO  EgsReport.clsReport - 1
2025-02-27 20:33:21,344 [8] INFO  EgsReport.clsReport - 2
2025-02-27 20:35:11,847 [8] INFO  CalcmenuAPI.CalcmenuAPI.PrinterController - FolderPath: C:\Data\COOP\RecipeStandardPrint\Export_133851332010433439.pdf
2025-02-27 20:35:11,848 [8] INFO  CalcmenuAPI.CalcmenuAPI.PrinterController - FolderURL: http://localhost:6735//Export_133851332010433439.pdf
2025-02-27 20:35:31,406 [8] INFO  CalcmenuAPI.CalcmenuAPI.PrinterController - standardPrinting started
2025-02-27 20:35:31,829 [8] INFO  EgsReport.clsReport - CreateReport_Test
2025-02-27 20:35:31,830 [8] INFO  EgsReport.clsReport - 1
2025-02-27 20:35:32,019 [8] INFO  EgsReport.clsReport - 2
2025-02-27 20:36:28,173 [8] INFO  CalcmenuAPI.CalcmenuAPI.PrinterController - FolderPath: C:\Data\COOP\RecipeStandardPrint\Export_133851333318294692.pdf
2025-02-27 20:36:28,173 [8] INFO  CalcmenuAPI.CalcmenuAPI.PrinterController - FolderURL: http://localhost:6735//Export_133851333318294692.pdf
2025-02-27 20:38:50,040 [17] INFO  CalcmenuAPI.CalcmenuAPI.PrinterController - standardPrinting started
2025-02-27 20:38:50,679 [17] INFO  EgsReport.clsReport - CreateReport_Test
2025-02-27 20:38:50,680 [17] INFO  EgsReport.clsReport - 1
2025-02-27 20:38:50,947 [17] INFO  EgsReport.clsReport - 2
2025-02-27 20:39:27,134 [17] INFO  CalcmenuAPI.CalcmenuAPI.PrinterController - FolderPath: C:\Data\COOP\RecipeStandardPrint\Export_133851335306798584.pdf
2025-02-27 20:39:27,134 [17] INFO  CalcmenuAPI.CalcmenuAPI.PrinterController - FolderURL: http://localhost:6735//Export_133851335306798584.pdf
2025-02-27 21:14:25,144 [40] INFO  CalcmenuAPI.Global_asax - CalcmenuAPI was started
2025-02-27 21:14:25,667 [55] INFO  CalcmenuAPI.CalcmenuAPI.PrinterController - standardPrinting started
2025-02-27 21:14:27,767 [55] INFO  EgsReport.clsReport - CreateReport_Test
2025-02-27 21:14:27,771 [55] INFO  EgsReport.clsReport - 1
2025-02-27 21:14:27,994 [55] INFO  EgsReport.clsReport - 2
2025-02-27 21:14:47,996 [55] INFO  EgsReport.xrReports - StrCode: 61772 | CodeUser: 1 | CodePrintList: 562627 | strCodeParent:  | strCodeMain: 61772
2025-02-27 21:14:47,998 [55] INFO  EgsReport.xrReports - strID: 4285209 | strFilter3: Code = 61772 AND CodeListeParent IS NULL AND CodeListeMain = 61772
2025-02-27 21:14:54,901 [55] INFO  CalcmenuAPI.CalcmenuAPI.PrinterController - FolderPath: C:\Data\COOP\RecipeStandardPrint\Export_133851356677513027.pdf
2025-02-27 21:14:54,901 [55] INFO  CalcmenuAPI.CalcmenuAPI.PrinterController - FolderURL: http://localhost:6735//Export_133851356677513027.pdf
2025-02-27 21:16:33,124 [55] INFO  CalcmenuAPI.CalcmenuAPI.PrinterController - standardPrinting started
2025-02-27 21:16:33,670 [55] INFO  EgsReport.clsReport - CreateReport_Test
2025-02-27 21:16:33,671 [55] INFO  EgsReport.clsReport - 1
2025-02-27 21:16:33,862 [55] INFO  EgsReport.clsReport - 2
2025-02-27 21:16:52,274 [55] INFO  EgsReport.xrReports - StrCode: 61954 | CodeUser: 1 | CodePrintList: 562628 | strCodeParent:  | strCodeMain: 61954
2025-02-27 21:16:52,275 [55] INFO  EgsReport.xrReports - strID: 4285210 | strFilter3: Code = 61954 AND CodeListeParent IS NULL AND CodeListeMain = 61954
2025-02-27 21:32:41,765 [55] INFO  CalcmenuAPI.CalcmenuAPI.PrinterController - FolderPath: C:\Data\COOP\RecipeStandardPrint\Export_133851357936692784.pdf
2025-02-27 21:32:41,766 [55] INFO  CalcmenuAPI.CalcmenuAPI.PrinterController - FolderURL: http://localhost:6735//Export_133851357936692784.pdf
2025-02-27 21:32:49,564 [45] INFO  CalcmenuAPI.CalcmenuAPI.PrinterController - standardPrinting started
2025-02-27 21:32:50,517 [45] INFO  EgsReport.clsReport - CreateReport_Test
2025-02-27 21:32:58,102 [45] INFO  EgsReport.clsReport - 1
2025-02-27 21:32:58,293 [45] INFO  EgsReport.clsReport - 2
2025-02-27 21:33:24,869 [45] INFO  EgsReport.xrReports - StrCode: 61954 | CodeUser: 1 | CodePrintList: 562628 | strCodeParent:  | strCodeMain: 61954
2025-02-27 21:33:24,870 [45] INFO  EgsReport.xrReports - strID: 4285210 | strFilter3: Code = 61954 AND CodeListeParent IS NULL AND CodeListeMain = 61954
2025-02-27 21:38:31,760 [45] INFO  CalcmenuAPI.CalcmenuAPI.PrinterController - FolderPath: C:\Data\COOP\RecipeStandardPrint\Export_133851367705078244.pdf
2025-02-27 21:38:31,760 [45] INFO  CalcmenuAPI.CalcmenuAPI.PrinterController - FolderURL: http://localhost:6735//Export_133851367705078244.pdf
2025-02-27 21:59:36,917 [1] INFO  CalcmenuAPI.Global_asax - CalcmenuAPI was started
2025-02-27 21:59:37,872 [9] INFO  CalcmenuAPI.CalcmenuAPI.PrinterController - standardPrinting started
2025-02-27 21:59:39,377 [9] INFO  EgsReport.clsReport - CreateReport_Test
2025-02-27 22:00:38,013 [9] INFO  EgsReport.clsReport - 1
2025-02-27 22:00:38,270 [9] INFO  EgsReport.clsReport - 2
2025-02-27 22:00:55,684 [9] INFO  EgsReport.xrReports - StrCode: 61954 | CodeUser: 1 | CodePrintList: 562628 | strCodeParent:  | strCodeMain: 61954
2025-02-27 22:00:55,686 [9] INFO  EgsReport.xrReports - strID: 4285210 | strFilter3: Code = 61954 AND CodeListeParent IS NULL AND CodeListeMain = 61954
2025-02-27 22:01:06,247 [9] INFO  CalcmenuAPI.CalcmenuAPI.PrinterController - FolderPath: C:\Data\COOP\RecipeStandardPrint\Export_133851383793690568.pdf
2025-02-27 22:01:06,248 [9] INFO  CalcmenuAPI.CalcmenuAPI.PrinterController - FolderURL: http://localhost:6735//Export_133851383793690568.pdf
2025-02-27 22:03:00,834 [5] INFO  CalcmenuAPI.Global_asax - CalcmenuAPI was started
2025-02-27 22:03:01,485 [9] INFO  CalcmenuAPI.CalcmenuAPI.PrinterController - standardPrinting started
2025-02-27 22:03:04,497 [9] INFO  EgsReport.clsReport - CreateReport_Test
2025-02-27 22:05:03,556 [9] INFO  EgsReport.clsReport - 1
2025-02-27 22:05:03,771 [9] INFO  EgsReport.clsReport - 2
2025-02-27 22:05:20,879 [9] INFO  EgsReport.xrReports - StrCode: 61954 | CodeUser: 1 | CodePrintList: 562628 | strCodeParent:  | strCodeMain: 61954
2025-02-27 22:05:20,880 [9] INFO  EgsReport.xrReports - strID: 4285210 | strFilter3: Code = 61954 AND CodeListeParent IS NULL AND CodeListeMain = 61954
2025-02-27 22:05:33,254 [9] INFO  CalcmenuAPI.CalcmenuAPI.PrinterController - FolderPath: C:\Data\COOP\RecipeStandardPrint\Export_133851385844753960.pdf
2025-02-27 22:05:33,255 [9] INFO  CalcmenuAPI.CalcmenuAPI.PrinterController - FolderURL: http://localhost:6735//Export_133851385844753960.pdf
2025-02-27 22:12:49,065 [25] INFO  CalcmenuAPI.CalcmenuAPI.PrinterController - standardPrinting started
2025-02-27 22:12:50,923 [25] INFO  EgsReport.clsReport - CreateReport_Test
2025-02-27 22:13:11,641 [25] INFO  EgsReport.clsReport - 1
2025-02-27 22:13:11,829 [25] INFO  EgsReport.clsReport - 2
2025-02-27 22:14:22,438 [1] INFO  CalcmenuAPI.Global_asax - CalcmenuAPI was started
2025-02-27 22:14:23,556 [9] INFO  CalcmenuAPI.CalcmenuAPI.PrinterController - standardPrinting started
2025-02-27 22:14:26,021 [9] INFO  EgsReport.clsReport - CreateReport_Test
2025-02-27 22:14:29,473 [9] INFO  EgsReport.clsReport - 1
2025-02-27 22:14:29,748 [9] INFO  EgsReport.clsReport - 2
2025-02-27 22:14:46,529 [9] INFO  EgsReport.xrReports - StrCode: 61954 | CodeUser: 1 | CodePrintList: 562628 | strCodeParent:  | strCodeMain: 61954
2025-02-27 22:14:46,530 [9] INFO  EgsReport.xrReports - strID: 4285210 | strFilter3: Code = 61954 AND CodeListeParent IS NULL AND CodeListeMain = 61954
2025-02-27 22:18:07,621 [9] INFO  CalcmenuAPI.CalcmenuAPI.PrinterController - FolderPath: C:\Data\COOP\RecipeStandardPrint\Export_133851392660027373.pdf
2025-02-27 22:18:07,621 [9] INFO  CalcmenuAPI.CalcmenuAPI.PrinterController - FolderURL: http://localhost:6735//Export_133851392660027373.pdf
2025-02-27 22:47:57,002 [131] INFO  CalcmenuAPI.Global_asax - CalcmenuAPI was started
2025-02-27 22:47:57,524 [24] INFO  CalcmenuAPI.CalcmenuAPI.PrinterController - standardPrinting started
2025-02-27 22:47:58,976 [24] INFO  EgsReport.clsReport - CreateReport_Test
2025-02-27 22:47:58,978 [24] INFO  EgsReport.clsReport - 1
2025-02-27 22:47:59,176 [24] INFO  EgsReport.clsReport - 2
2025-02-27 22:48:15,818 [24] INFO  EgsReport.xrReports - StrCode: 61954 | CodeUser: 1 | CodePrintList: 562628 | strCodeParent:  | strCodeMain: 61954
2025-02-27 22:48:15,818 [24] INFO  EgsReport.xrReports - strID: 4285210 | strFilter3: Code = 61954 AND CodeListeParent IS NULL AND CodeListeMain = 61954
2025-02-27 22:52:10,505 [24] INFO  CalcmenuAPI.CalcmenuAPI.PrinterController - FolderPath: C:\Data\COOP\RecipeStandardPrint\Export_133851412789692893.pdf
2025-02-27 22:52:10,506 [24] INFO  CalcmenuAPI.CalcmenuAPI.PrinterController - FolderURL: http://localhost:6735//Export_133851412789692893.pdf
2025-02-27 23:08:15,577 [29] INFO  CalcmenuAPI.CalcmenuAPI.PrinterController - standardPrinting started
2025-02-27 23:08:16,035 [29] INFO  EgsReport.clsReport - CreateReport_Test
2025-02-27 23:08:16,036 [29] INFO  EgsReport.clsReport - 1
2025-02-27 23:08:16,225 [29] INFO  EgsReport.clsReport - 2
2025-02-27 23:08:32,960 [29] INFO  EgsReport.xrReports - StrCode: 61954 | CodeUser: 1 | CodePrintList: 562628 | strCodeParent:  | strCodeMain: 61954
2025-02-27 23:08:32,961 [29] INFO  EgsReport.xrReports - strID: 4285210 | strFilter3: Code = 61954 AND CodeListeParent IS NULL AND CodeListeMain = 61954
2025-02-27 23:11:50,164 [29] INFO  CalcmenuAPI.CalcmenuAPI.PrinterController - FolderPath: C:\Data\COOP\RecipeStandardPrint\Export_133851424960351634.pdf
2025-02-27 23:11:50,165 [29] INFO  CalcmenuAPI.CalcmenuAPI.PrinterController - FolderURL: http://localhost:6735//Export_133851424960351634.pdf
2025-02-27 23:11:52,704 [11] INFO  CalcmenuAPI.CalcmenuAPI.PrinterController - standardPrinting started
2025-02-27 23:11:53,000 [11] INFO  EgsReport.clsReport - CreateReport_Test
2025-02-27 23:11:53,001 [11] INFO  EgsReport.clsReport - 1
2025-02-27 23:11:53,189 [11] INFO  EgsReport.clsReport - 2
2025-02-27 23:12:10,064 [11] INFO  EgsReport.xrReports - StrCode: 61954 | CodeUser: 1 | CodePrintList: 562628 | strCodeParent:  | strCodeMain: 61954
2025-02-27 23:12:10,064 [11] INFO  EgsReport.xrReports - strID: 4285210 | strFilter3: Code = 61954 AND CodeListeParent IS NULL AND CodeListeMain = 61954
2025-02-27 23:12:32,166 [11] INFO  CalcmenuAPI.CalcmenuAPI.PrinterController - FolderPath: C:\Data\COOP\RecipeStandardPrint\Export_133851427129922153.pdf
2025-02-27 23:12:32,166 [11] INFO  CalcmenuAPI.CalcmenuAPI.PrinterController - FolderURL: http://localhost:6735//Export_133851427129922153.pdf
2025-02-27 23:52:58,645 [28] INFO  CalcmenuAPI.CalcmenuAPI.PrinterController - standardPrinting started
2025-02-27 23:53:01,039 [28] INFO  EgsReport.clsReport - CreateReport_Test
2025-02-27 23:53:01,040 [28] INFO  EgsReport.clsReport - 1
2025-02-27 23:53:01,234 [28] INFO  EgsReport.clsReport - 2
2025-02-27 23:53:18,585 [28] INFO  EgsReport.xrReports - StrCode: 61954 | CodeUser: 1 | CodePrintList: 562628 | strCodeParent:  | strCodeMain: 61954
2025-02-27 23:53:18,586 [28] INFO  EgsReport.xrReports - strID: 4285210 | strFilter3: Code = 61954 AND CodeListeParent IS NULL AND CodeListeMain = 61954
2025-02-27 23:53:29,218 [28] INFO  CalcmenuAPI.CalcmenuAPI.PrinterController - Unable to cast object of type 'System.String' to type 'System.IFormatProvider'.
2025-02-27 23:54:54,225 [133] INFO  CalcmenuAPI.CalcmenuAPI.PrinterController - standardPrinting started
2025-02-27 23:54:55,732 [133] INFO  EgsReport.clsReport - CreateReport_Test
2025-02-27 23:54:55,732 [133] INFO  EgsReport.clsReport - 1
2025-02-27 23:54:55,921 [133] INFO  EgsReport.clsReport - 2
2025-02-27 23:55:13,146 [133] INFO  EgsReport.xrReports - StrCode: 61954 | CodeUser: 1 | CodePrintList: 562628 | strCodeParent:  | strCodeMain: 61954
2025-02-27 23:55:13,146 [133] INFO  EgsReport.xrReports - strID: 4285210 | strFilter3: Code = 61954 AND CodeListeParent IS NULL AND CodeListeMain = 61954
2025-02-27 23:55:20,815 [133] INFO  CalcmenuAPI.CalcmenuAPI.PrinterController - FolderPath: C:\Data\COOP\RecipeStandardPrint\Export_133851452957326015.pdf
2025-02-27 23:55:20,815 [133] INFO  CalcmenuAPI.CalcmenuAPI.PrinterController - FolderURL: http://localhost:6735//Export_133851452957326015.pdf
2025-02-27 23:55:36,764 [28] INFO  CalcmenuAPI.CalcmenuAPI.PrinterController - standardPrinting started
2025-02-27 23:55:37,198 [28] INFO  EgsReport.clsReport - CreateReport_Test
2025-02-27 23:55:37,198 [28] INFO  EgsReport.clsReport - 1
2025-02-27 23:55:37,386 [28] INFO  EgsReport.clsReport - 2
2025-02-27 23:55:55,661 [28] INFO  EgsReport.xrReports - StrCode: 61954 | CodeUser: 1 | CodePrintList: 562628 | strCodeParent:  | strCodeMain: 61954
2025-02-27 23:55:55,662 [28] INFO  EgsReport.xrReports - strID: 4285210 | strFilter3: Code = 61954 AND CodeListeParent IS NULL AND CodeListeMain = 61954
2025-02-27 23:55:59,553 [28] INFO  CalcmenuAPI.CalcmenuAPI.PrinterController - FolderPath: C:\Data\COOP\RecipeStandardPrint\Export_133851453371986213.pdf
2025-02-27 23:55:59,554 [28] INFO  CalcmenuAPI.CalcmenuAPI.PrinterController - FolderURL: http://localhost:6735//Export_133851453371986213.pdf
2025-02-27 23:57:25,366 [28] INFO  CalcmenuAPI.CalcmenuAPI.PrinterController - standardPrinting started
2025-02-27 23:57:25,661 [28] INFO  EgsReport.clsReport - CreateReport_Test
2025-02-27 23:57:25,661 [28] INFO  EgsReport.clsReport - 1
2025-02-27 23:57:25,846 [28] INFO  EgsReport.clsReport - 2
2025-02-27 23:57:44,478 [28] INFO  EgsReport.xrReports - StrCode: 61954 | CodeUser: 1 | CodePrintList: 562628 | strCodeParent:  | strCodeMain: 61954
2025-02-27 23:57:44,478 [28] INFO  EgsReport.xrReports - strID: 4285210 | strFilter3: Code = 61954 AND CodeListeParent IS NULL AND CodeListeMain = 61954
2025-02-27 23:57:47,035 [28] INFO  CalcmenuAPI.CalcmenuAPI.PrinterController - FolderPath: C:\Data\COOP\RecipeStandardPrint\Export_133851454456611349.pdf
2025-02-27 23:57:47,036 [28] INFO  CalcmenuAPI.CalcmenuAPI.PrinterController - FolderURL: http://localhost:6735//Export_133851454456611349.pdf
