2025-10-20 10:52:13,837 [1] INFO  CalcmenuAPI.Global_asax - CalcmenuAPI was started
2025-10-20 10:52:16,225 [6] INFO  CalcmenuAPI.CalcmenuAPI.PrinterController - standardPrinting started
2025-10-20 10:52:18,837 [6] INFO  CalcmenuAPI.CalcmenuAPI.PrinterController - Generated connection string: Data Source=139.135.145.139,1501;Initial Catalog=CMC_CRRSionQA;Integrated Security=False;User ID=egs.seiko;Password=**** for CodeUser: 63893
2025-10-20 10:52:18,838 [6] INFO  CalcmenuAPI.CalcmenuAPI.PrinterController - Debug is enabled using: Data source=WIN-38C5VTGNK0C\SQLEXPRESS2019;Initial Catalog=CMC_CRRSionQA;User ID=egs.seiko;Password=IuDYGlh10p9$QWTs9^iD for CodeUser: 63893
2025-10-20 10:52:24,446 [6] INFO  EgsReport.clsReport - CreateReport_CMC
2025-10-20 10:53:58,511 [6] INFO  EgsReport.xrReports - StrCode: 180257 | CodeUser: 1 | CodePrintList: 88 | strCodeParent:  | strCodeMain: 180257
2025-10-20 10:53:58,512 [6] INFO  EgsReport.xrReports - strID: 725 | strFilter3: Code = 180257 AND CodeListeParent IS NULL AND CodeListeMain = 180257
2025-10-20 10:53:59,266 [6] INFO  EgsReport.StandardDetail - PRINT PICTURE 
2025-10-20 10:53:59,266 [6] INFO  EgsReport.StandardDetail - PRINT PICTURE C:\Data\COOP\RecipeStandardPrint\PicNormal\
2025-10-20 10:54:01,874 [6] INFO  CalcmenuAPI.CalcmenuAPI.PrinterController - FolderPath: C:\Data\COOP\RecipeStandardPrint\Export_134054023444263637.pdf
2025-10-20 10:54:01,875 [6] INFO  CalcmenuAPI.CalcmenuAPI.PrinterController - FolderURL: http://localhost:6735//Export_134054023444263637.pdf
2025-10-20 10:55:13,092 [6] INFO  CalcmenuAPI.CalcmenuAPI.PrinterController - standardPrinting started
2025-10-20 10:55:13,506 [6] INFO  CalcmenuAPI.CalcmenuAPI.PrinterController - Generated connection string: Data Source=139.135.145.139,1501;Initial Catalog=CMC_2025;Integrated Security=False;User ID=egs.seiko;Password=**** for CodeUser: 64039
2025-10-20 10:55:13,507 [6] INFO  CalcmenuAPI.CalcmenuAPI.PrinterController - Debug is enabled using: Data source=WIN-38C5VTGNK0C\SQLEXPRESS2019;Initial Catalog=CMC_CRRSionQA;User ID=egs.seiko;Password=IuDYGlh10p9$QWTs9^iD for CodeUser: 64039
2025-10-20 10:55:13,694 [6] INFO  EgsReport.clsReport - CreateReport_CMC
2025-10-20 10:55:21,577 [6] INFO  CalcmenuAPI.CalcmenuAPI.PrinterController - Cannot find table 1.
2025-10-20 10:55:52,211 [19] INFO  CalcmenuAPI.Global_asax - CalcmenuAPI was started
2025-10-20 10:55:52,983 [6] INFO  CalcmenuAPI.CalcmenuAPI.PrinterController - standardPrinting started
2025-10-20 10:55:55,221 [6] INFO  CalcmenuAPI.CalcmenuAPI.PrinterController - Generated connection string: Data Source=139.135.145.139,1501;Initial Catalog=CMC_2025;Integrated Security=False;User ID=egs.seiko;Password=**** for CodeUser: 64039
2025-10-20 10:56:10,615 [6] INFO  CalcmenuAPI.CalcmenuAPI.PrinterController - A network-related or instance-specific error occurred while establishing a connection to SQL Server. The server was not found or was not accessible. Verify that the instance name is correct and that SQL Server is configured to allow remote connections. (provider: TCP Provider, error: 0 - The wait operation timed out.)
2025-10-20 10:57:46,800 [24] INFO  CalcmenuAPI.Global_asax - CalcmenuAPI was started
2025-10-20 10:57:47,492 [5] INFO  CalcmenuAPI.CalcmenuAPI.PrinterController - standardPrinting started
2025-10-20 10:58:13,320 [5] INFO  CalcmenuAPI.CalcmenuAPI.PrinterController - Generated connection string: Data Source=139.135.145.139,1501;Initial Catalog=CMC_2025;Integrated Security=False;User ID=egs.seiko;Password=**** for CodeUser: 64039
2025-10-20 10:58:18,874 [5] INFO  CalcmenuAPI.CalcmenuAPI.PrinterController - Debug is enabled using: Data source=WIN-38C5VTGNK0C\SQLEXPRESS2019;Initial Catalog=CMC_CRRSionQA;User ID=egs.seiko;Password=IuDYGlh10p9$QWTs9^iD for CodeUser: 64039
2025-10-20 10:58:19,586 [5] INFO  EgsReport.clsReport - CreateReport_CMC
2025-10-20 10:58:19,588 [5] INFO  CalcmenuAPI.CalcmenuAPI.PrinterController - Cannot find table 1.
2025-10-20 10:59:10,511 [6] INFO  CalcmenuAPI.Global_asax - CalcmenuAPI was started
2025-10-20 10:59:11,946 [5] INFO  CalcmenuAPI.CalcmenuAPI.PrinterController - standardPrinting started
2025-10-20 10:59:16,687 [5] INFO  CalcmenuAPI.CalcmenuAPI.PrinterController - Generated connection string: Data Source=139.135.145.139,1501;Initial Catalog=CMC_2025;Integrated Security=False;User ID=egs.seiko;Password=**** for CodeUser: 64039
2025-10-20 10:59:16,688 [5] INFO  CalcmenuAPI.CalcmenuAPI.PrinterController - Debug is enabled using: Data source=WIN-38C5VTGNK0C\SQLEXPRESS2019;Initial Catalog=CMC_2025;User ID=egs.seiko;Password=IuDYGlh10p9$QWTs9^iD for CodeUser: 64039
2025-10-20 10:59:17,431 [5] INFO  EgsReport.clsReport - CreateReport_CMC
2025-10-20 11:00:06,304 [5] INFO  EgsReport.xrReports - StrCode: 112874 | CodeUser: 1 | CodePrintList: 185 | strCodeParent:  | strCodeMain: 112874
2025-10-20 11:00:06,305 [5] INFO  EgsReport.xrReports - strID: 1379 | strFilter3: Code = 112874 AND CodeListeParent IS NULL AND CodeListeMain = 112874
2025-10-20 11:00:08,787 [5] INFO  CalcmenuAPI.CalcmenuAPI.PrinterController - FolderPath: C:\Data\COOP\RecipeStandardPrint\Export_134054027574162028.pdf
2025-10-20 11:00:08,788 [5] INFO  CalcmenuAPI.CalcmenuAPI.PrinterController - FolderURL: http://localhost:6735//Export_134054027574162028.pdf
