2025-10-01 17:51:20,808 [1] INFO  CalcmenuAPI.Global_asax - CalcmenuAPI was started
2025-10-01 17:51:21,711 [5] INFO  CalcmenuAPI.CalcmenuAPI.PrinterController - standardPrinting started
2025-10-01 17:51:51,880 [5] ERROR CalcmenuAPI.CalcmenuAPI.PrinterController - GetUserConnectionString: Unexpected error occurred
System.Data.SqlClient.SqlException (0x80131904): @CodeUser is not a parameter for procedure Kiosk_API_Get_UserByUserCode.
   at System.Data.SqlClient.SqlConnection.OnError(SqlException exception, Boolean breakConnection, Action`1 wrapCloseInAction)
   at System.Data.SqlClient.SqlInternalConnection.OnError(SqlException exception, Boolean breakConnection, Action`1 wrapCloseInAction)
   at System.Data.SqlClient.TdsParser.ThrowExceptionAndWarning(TdsParserStateObject stateObj, Boolean callerHasConnectionLock, Boolean asyncClose)
   at System.Data.SqlClient.TdsParser.TryRun(RunBehavior runBehavior, SqlCommand cmdHandler, SqlDataReader dataStream, BulkCopySimpleResultSet bulkCopyHandler, TdsParserStateObject stateObj, Boolean& dataReady)
   at System.Data.SqlClient.SqlDataReader.TryConsumeMetaData()
   at System.Data.SqlClient.SqlDataReader.get_MetaData()
   at System.Data.SqlClient.SqlCommand.FinishExecuteReader(SqlDataReader ds, RunBehavior runBehavior, String resetOptionsString, Boolean isInternal, Boolean forDescribeParameterEncryption, Boolean shouldCacheForAlwaysEncrypted)
   at System.Data.SqlClient.SqlCommand.RunExecuteReaderTds(CommandBehavior cmdBehavior, RunBehavior runBehavior, Boolean returnStream, Boolean async, Int32 timeout, Task& task, Boolean asyncWrite, Boolean inRetry, SqlDataReader ds, Boolean describeParameterEncryptionRequest)
   at System.Data.SqlClient.SqlCommand.RunExecuteReader(CommandBehavior cmdBehavior, RunBehavior runBehavior, Boolean returnStream, String method, TaskCompletionSource`1 completion, Int32 timeout, Task& task, Boolean& usedCache, Boolean asyncWrite, Boolean inRetry)
   at System.Data.SqlClient.SqlCommand.RunExecuteReader(CommandBehavior cmdBehavior, RunBehavior runBehavior, Boolean returnStream, String method)
   at System.Data.SqlClient.SqlCommand.ExecuteReader(CommandBehavior behavior, String method)
   at System.Data.SqlClient.SqlCommand.ExecuteDbDataReader(CommandBehavior behavior)
   at System.Data.Common.DbCommand.System.Data.IDbCommand.ExecuteReader(CommandBehavior behavior)
   at System.Data.Common.DbDataAdapter.FillInternal(DataSet dataset, DataTable[] datatables, Int32 startRecord, Int32 maxRecords, String srcTable, IDbCommand command, CommandBehavior behavior)
   at System.Data.Common.DbDataAdapter.Fill(DataSet dataSet, Int32 startRecord, Int32 maxRecords, String srcTable, IDbCommand command, CommandBehavior behavior)
   at System.Data.Common.DbDataAdapter.Fill(DataSet dataSet)
   at CalcmenuAPI.CalcmenuAPI.PrinterController.GetUserConnectionString(Int32 CodeUser)
ClientConnectionId:ceaa2cc0-5c57-4cd9-97a7-5791ebf1393c
Error Number:8145,State:1,Class:16
2025-10-01 17:58:28,294 [1] INFO  CalcmenuAPI.Global_asax - CalcmenuAPI was started
2025-10-01 17:58:29,373 [8] INFO  CalcmenuAPI.CalcmenuAPI.PrinterController - standardPrinting started
2025-10-01 17:58:33,620 [8] ERROR CalcmenuAPI.CalcmenuAPI.PrinterController - GetUserConnectionString: Unexpected error occurred
System.InvalidOperationException: No connection data returned for the specified user.
   at CalcmenuAPI.CalcmenuAPI.PrinterController.GetUserConnectionString(Int32 CodeUser) in C:\TFS Projects\CalcmenuAPI-v7.0.48_COOP_Gastro_CMC\Controllers\PrinterController.vb:line 542
2025-10-01 17:59:17,648 [8] INFO  CalcmenuAPI.CalcmenuAPI.PrinterController - No connection data returned for the specified user.
2025-10-01 17:59:21,536 [8] INFO  CalcmenuAPI.CalcmenuAPI.PrinterController - standardPrinting started
2025-10-01 18:08:02,168 [8] ERROR CalcmenuAPI.CalcmenuAPI.PrinterController - GetUserConnectionString: Unexpected error occurred
System.InvalidOperationException: No connection data returned for the specified user.
   at CalcmenuAPI.CalcmenuAPI.PrinterController.GetUserConnectionString(Int32 CodeUser) in C:\TFS Projects\CalcmenuAPI-v7.0.48_COOP_Gastro_CMC\Controllers\PrinterController.vb:line 542
2025-10-01 18:08:02,169 [8] INFO  CalcmenuAPI.CalcmenuAPI.PrinterController - No connection data returned for the specified user.
2025-10-01 18:08:37,084 [19] INFO  CalcmenuAPI.CalcmenuAPI.PrinterController - standardPrinting started
2025-10-01 18:08:37,438 [19] ERROR CalcmenuAPI.CalcmenuAPI.PrinterController - GetUserConnectionString: Unexpected error occurred
System.ArgumentException: Column 'DataSource' does not belong to table Table1.
   at System.Data.DataRow.GetDataColumn(String columnName)
   at System.Data.DataRow.get_Item(String columnName)
   at CalcmenuAPI.CalcmenuAPI.PrinterController.GetUserConnectionString(Int32 CodeUser) in C:\TFS Projects\CalcmenuAPI-v7.0.48_COOP_Gastro_CMC\Controllers\PrinterController.vb:line 548
2025-10-01 18:08:37,442 [19] INFO  CalcmenuAPI.CalcmenuAPI.PrinterController - Column 'DataSource' does not belong to table Table1.
2025-10-01 18:10:31,434 [10] INFO  CalcmenuAPI.CalcmenuAPI.PrinterController - standardPrinting started
2025-10-01 18:10:45,317 [10] ERROR CalcmenuAPI.CalcmenuAPI.PrinterController - GetUserConnectionString: Unexpected error occurred
System.ArgumentException: Column 'DataSource' does not belong to table Table1.
   at System.Data.DataRow.GetDataColumn(String columnName)
   at System.Data.DataRow.get_Item(String columnName)
   at CalcmenuAPI.CalcmenuAPI.PrinterController.GetUserConnectionString(Int32 CodeUser) in C:\TFS Projects\CalcmenuAPI-v7.0.48_COOP_Gastro_CMC\Controllers\PrinterController.vb:line 548
2025-10-01 18:10:46,988 [10] INFO  CalcmenuAPI.CalcmenuAPI.PrinterController - Column 'DataSource' does not belong to table Table1.
2025-10-01 18:12:49,383 [10] INFO  CalcmenuAPI.CalcmenuAPI.PrinterController - standardPrinting started
2025-10-01 18:12:55,362 [10] INFO  CalcmenuAPI.CalcmenuAPI.PrinterController - Ambiguous column name 'codeTrans'.
Ambiguous column name 'codeTrans'.
Ambiguous column name 'codeTrans'.
Ambiguous column name 'codeTrans'.
Ambiguous column name 'codeTrans'.
2025-10-01 18:13:08,584 [10] INFO  CalcmenuAPI.CalcmenuAPI.PrinterController - standardPrinting started
2025-10-01 18:14:30,010 [10] INFO  CalcmenuAPI.CalcmenuAPI.PrinterController - Ambiguous column name 'codeTrans'.
Ambiguous column name 'codeTrans'.
Ambiguous column name 'codeTrans'.
Ambiguous column name 'codeTrans'.
Ambiguous column name 'codeTrans'.
2025-10-01 18:14:46,713 [10] INFO  CalcmenuAPI.CalcmenuAPI.PrinterController - standardPrinting started
2025-10-01 18:18:00,985 [10] INFO  CalcmenuAPI.CalcmenuAPI.PrinterController - A network-related or instance-specific error occurred while establishing a connection to SQL Server. The server was not found or was not accessible. Verify that the instance name is correct and that SQL Server is configured to allow remote connections. (provider: TCP Provider, error: 0 - The wait operation timed out.)
2025-10-01 18:19:32,534 [47] INFO  CalcmenuAPI.CalcmenuAPI.PrinterController - standardPrinting started
2025-10-01 18:20:49,750 [47] INFO  CalcmenuAPI.CalcmenuAPI.PrinterController - A network-related or instance-specific error occurred while establishing a connection to SQL Server. The server was not found or was not accessible. Verify that the instance name is correct and that SQL Server is configured to allow remote connections. (provider: TCP Provider, error: 0 - The wait operation timed out.)
